-- The C compiler identification is GNU 11.3.0
-- The CXX compiler identification is GNU 11.3.0
-- Detecting C compiler ABI info
-- Detecting C compiler ABI info - done
-- Check for working C compiler: /usr/bin/cc - skipped
-- Detecting C compile features
-- Detecting C compile features - done
-- Detecting CXX compiler ABI info
-- Detecting CXX compiler ABI info - done
-- Check for working CXX compiler: /usr/bin/c++ - skipped
-- Detecting CXX compile features
-- Detecting CXX compile features - done
-- Found ament_cmake: 1.3.3 (/opt/ros/humble/share/ament_cmake/cmake)
-- Found Python3: /usr/bin/python3.10 (found version "3.10.6") found components: Interpreter 
-- Found rclcpp: 16.0.3 (/opt/ros/humble/share/rclcpp/cmake)
-- Found rosidl_generator_c: 3.1.4 (/opt/ros/humble/share/rosidl_generator_c/cmake)
-- Found rosidl_adapter: 3.1.4 (/opt/ros/humble/share/rosidl_adapter/cmake)
-- Found rosidl_generator_cpp: 3.1.4 (/opt/ros/humble/share/rosidl_generator_cpp/cmake)
-- Using all available rosidl_typesupport_c: rosidl_typesupport_fastrtps_c;rosidl_typesupport_introspection_c
-- Using all available rosidl_typesupport_cpp: rosidl_typesupport_fastrtps_cpp;rosidl_typesupport_introspection_cpp
-- Found rmw_implementation_cmake: 6.1.1 (/opt/ros/humble/share/rmw_implementation_cmake/cmake)
-- Found rmw_fastrtps_cpp: 6.2.2 (/opt/ros/humble/share/rmw_fastrtps_cpp/cmake)
-- Found OpenSSL: /usr/lib/x86_64-linux-gnu/libcrypto.so (found version "3.0.2")  
-- Found FastRTPS: /opt/ros/humble/include  
-- Using RMW implementation 'rmw_fastrtps_cpp' as default
-- Looking for pthread.h
-- Looking for pthread.h - found
-- Performing Test CMAKE_HAVE_LIBC_PTHREAD
-- Performing Test CMAKE_HAVE_LIBC_PTHREAD - Success
-- Found Threads: TRUE  
-- Found sensor_msgs: 4.2.3 (/opt/ros/humble/share/sensor_msgs/cmake)
-- Found std_srvs: 4.2.3 (/opt/ros/humble/share/std_srvs/cmake)
-- Configuring done
-- Generating done
-- Build files have been written to: /home/mert/gokhan_cloudy/src/build/sllidar_ros2
[ 71%] [32mBuilding CXX object CMakeFiles/sllidar_node.dir/sdk/src/sl_tcp_channel.cpp.o[0m
[ 71%] [32mBuilding CXX object CMakeFiles/sllidar_node.dir/sdk/src/sl_lidar_driver.cpp.o[0m
[ 71%] [32mBuilding CXX object CMakeFiles/sllidar_node.dir/sdk/src/rplidar_driver.cpp.o[0m
[ 71%] [32mBuilding CXX object CMakeFiles/sllidar_node.dir/sdk/src/arch/linux/net_serial.cpp.o[0m
[ 71%] [32mBuilding CXX object CMakeFiles/sllidar_node.dir/sdk/src/sl_crc.cpp.o[0m
[ 71%] [32mBuilding CXX object CMakeFiles/sllidar_node.dir/sdk/src/hal/thread.cpp.o[0m
[ 71%] [32mBuilding CXX object CMakeFiles/sllidar_node.dir/src/sllidar_node.cpp.o[0m
[ 78%] [32mBuilding CXX object CMakeFiles/sllidar_client.dir/src/sllidar_client.cpp.o[0m
[ 78%] [32mBuilding CXX object CMakeFiles/sllidar_node.dir/sdk/src/arch/linux/net_socket.cpp.o[0m
[ 71%] [32mBuilding CXX object CMakeFiles/sllidar_node.dir/sdk/src/arch/linux/timer.cpp.o[0m
[ 71%] [32mBuilding CXX object CMakeFiles/sllidar_node.dir/sdk/src/sl_serial_channel.cpp.o[0m
[ 85%] [32mBuilding CXX object CMakeFiles/sllidar_node.dir/sdk/src/sl_udp_channel.cpp.o[0m
[ 92%] [32m[1mLinking CXX executable sllidar_node[0m
[ 92%] Built target sllidar_node
[100%] [32m[1mLinking CXX executable sllidar_client[0m
[100%] Built target sllidar_client
-- Install configuration: ""
-- Installing: /home/mert/gokhan_cloudy/src/install/sllidar_ros2/share/sllidar_ros2/launch
-- Installing: /home/mert/gokhan_cloudy/src/install/sllidar_ros2/share/sllidar_ros2/launch/view_sllidar_t1_launch.py
-- Installing: /home/mert/gokhan_cloudy/src/install/sllidar_ros2/share/sllidar_ros2/launch/view_sllidar_launch.py
-- Installing: /home/mert/gokhan_cloudy/src/install/sllidar_ros2/share/sllidar_ros2/launch/sllidar_s1_tcp_launch.py
-- Installing: /home/mert/gokhan_cloudy/src/install/sllidar_ros2/share/sllidar_ros2/launch/view_sllidar_s1_tcp_launch.py
-- Installing: /home/mert/gokhan_cloudy/src/install/sllidar_ros2/share/sllidar_ros2/launch/sllidar_t1_launch.py
-- Installing: /home/mert/gokhan_cloudy/src/install/sllidar_ros2/share/sllidar_ros2/launch/sllidar_launch.py
-- Installing: /home/mert/gokhan_cloudy/src/install/sllidar_ros2/share/sllidar_ros2/launch/view_sllidar_a3_launch.py
-- Installing: /home/mert/gokhan_cloudy/src/install/sllidar_ros2/share/sllidar_ros2/launch/view_sllidar_s2_launch.py
-- Installing: /home/mert/gokhan_cloudy/src/install/sllidar_ros2/share/sllidar_ros2/launch/sllidar_s1_launch.py
-- Installing: /home/mert/gokhan_cloudy/src/install/sllidar_ros2/share/sllidar_ros2/launch/sllidar_a3_launch.py
-- Installing: /home/mert/gokhan_cloudy/src/install/sllidar_ros2/share/sllidar_ros2/launch/sllidar_s2e_launch.py
-- Installing: /home/mert/gokhan_cloudy/src/install/sllidar_ros2/share/sllidar_ros2/launch/sllidar_s2_launch.py
-- Installing: /home/mert/gokhan_cloudy/src/install/sllidar_ros2/share/sllidar_ros2/launch/view_sllidar_s2e_launch.py
-- Installing: /home/mert/gokhan_cloudy/src/install/sllidar_ros2/share/sllidar_ros2/launch/view_sllidar_s1_launch.py
-- Installing: /home/mert/gokhan_cloudy/src/install/sllidar_ros2/share/sllidar_ros2/rviz
-- Installing: /home/mert/gokhan_cloudy/src/install/sllidar_ros2/share/sllidar_ros2/rviz/sllidar_ros2.rviz
-- Installing: /home/mert/gokhan_cloudy/src/install/sllidar_ros2/lib/sllidar_ros2/sllidar_node
-- Set runtime path of "/home/mert/gokhan_cloudy/src/install/sllidar_ros2/lib/sllidar_ros2/sllidar_node" to ""
-- Installing: /home/mert/gokhan_cloudy/src/install/sllidar_ros2/lib/sllidar_ros2/sllidar_client
-- Set runtime path of "/home/mert/gokhan_cloudy/src/install/sllidar_ros2/lib/sllidar_ros2/sllidar_client" to ""
-- Installing: /home/mert/gokhan_cloudy/src/install/sllidar_ros2/share/ament_index/resource_index/package_run_dependencies/sllidar_ros2
-- Installing: /home/mert/gokhan_cloudy/src/install/sllidar_ros2/share/ament_index/resource_index/parent_prefix_path/sllidar_ros2
-- Installing: /home/mert/gokhan_cloudy/src/install/sllidar_ros2/share/sllidar_ros2/environment/ament_prefix_path.sh
-- Installing: /home/mert/gokhan_cloudy/src/install/sllidar_ros2/share/sllidar_ros2/environment/ament_prefix_path.dsv
-- Installing: /home/mert/gokhan_cloudy/src/install/sllidar_ros2/share/sllidar_ros2/environment/path.sh
-- Installing: /home/mert/gokhan_cloudy/src/install/sllidar_ros2/share/sllidar_ros2/environment/path.dsv
-- Installing: /home/mert/gokhan_cloudy/src/install/sllidar_ros2/share/sllidar_ros2/local_setup.bash
-- Installing: /home/mert/gokhan_cloudy/src/install/sllidar_ros2/share/sllidar_ros2/local_setup.sh
-- Installing: /home/mert/gokhan_cloudy/src/install/sllidar_ros2/share/sllidar_ros2/local_setup.zsh
-- Installing: /home/mert/gokhan_cloudy/src/install/sllidar_ros2/share/sllidar_ros2/local_setup.dsv
-- Installing: /home/mert/gokhan_cloudy/src/install/sllidar_ros2/share/sllidar_ros2/package.dsv
-- Installing: /home/mert/gokhan_cloudy/src/install/sllidar_ros2/share/ament_index/resource_index/packages/sllidar_ros2
-- Installing: /home/mert/gokhan_cloudy/src/install/sllidar_ros2/share/sllidar_ros2/cmake/ament_cmake_export_dependencies-extras.cmake
-- Installing: /home/mert/gokhan_cloudy/src/install/sllidar_ros2/share/sllidar_ros2/cmake/ament_cmake_export_include_directories-extras.cmake
-- Installing: /home/mert/gokhan_cloudy/src/install/sllidar_ros2/share/sllidar_ros2/cmake/sllidar_ros2Config.cmake
-- Installing: /home/mert/gokhan_cloudy/src/install/sllidar_ros2/share/sllidar_ros2/cmake/sllidar_ros2Config-version.cmake
-- Installing: /home/mert/gokhan_cloudy/src/install/sllidar_ros2/share/sllidar_ros2/package.xml
