[0.035s] Invoking command in '/home/mert/gokhan_cloudy/src/build/robolaunch_cloudy_description': CMAKE_PREFIX_PATH=${CMAKE_PREFIX_PATH}:/home/mert/gokhan_cloudy/src/install/mecanum_control:/home/mert/gokhan_cloudy/install/mecanum_control:/opt/ros/humble /usr/bin/cmake --build /home/mert/gokhan_cloudy/src/build/robolaunch_cloudy_description -- -j16 -l16
[0.306s] Invoked command in '/home/mert/gokhan_cloudy/src/build/robolaunch_cloudy_description' returned '0': CMAKE_PREFIX_PATH=${CMAKE_PREFIX_PATH}:/home/mert/gokhan_cloudy/src/install/mecanum_control:/home/mert/gokhan_cloudy/install/mecanum_control:/opt/ros/humble /usr/bin/cmake --build /home/mert/gokhan_cloudy/src/build/robolaunch_cloudy_description -- -j16 -l16
[0.330s] Invoking command in '/home/mert/gokhan_cloudy/src/build/robolaunch_cloudy_description': CMAKE_PREFIX_PATH=${CMAKE_PREFIX_PATH}:/home/mert/gokhan_cloudy/src/install/mecanum_control:/home/mert/gokhan_cloudy/install/mecanum_control:/opt/ros/humble /usr/bin/cmake --install /home/mert/gokhan_cloudy/src/build/robolaunch_cloudy_description
[0.334s] -- Install configuration: ""
[0.334s] -- Up-to-date: /home/mert/gokhan_cloudy/src/install/robolaunch_cloudy_description/share/robolaunch_cloudy_description/config
[0.334s] -- Up-to-date: /home/mert/gokhan_cloudy/src/install/robolaunch_cloudy_description/share/robolaunch_cloudy_description/config/diffbot.rviz
[0.335s] -- Up-to-date: /home/mert/gokhan_cloudy/src/install/robolaunch_cloudy_description/share/robolaunch_cloudy_description/ros2_control
[0.335s] -- Up-to-date: /home/mert/gokhan_cloudy/src/install/robolaunch_cloudy_description/share/robolaunch_cloudy_description/ros2_control/diffbot_system.ros2_control.xacro
[0.339s] -- Up-to-date: /home/mert/gokhan_cloudy/src/install/robolaunch_cloudy_description/share/robolaunch_cloudy_description/urdf
[0.339s] -- Up-to-date: /home/mert/gokhan_cloudy/src/install/robolaunch_cloudy_description/share/robolaunch_cloudy_description/urdf/diffbot_system.urdf.xacro
[0.339s] -- Up-to-date: /home/mert/gokhan_cloudy/src/install/robolaunch_cloudy_description/share/robolaunch_cloudy_description/urdf/inertial_macros.xacro
[0.339s] -- Up-to-date: /home/mert/gokhan_cloudy/src/install/robolaunch_cloudy_description/share/robolaunch_cloudy_description/urdf/omni_drive.urdf.xacro
[0.339s] -- Up-to-date: /home/mert/gokhan_cloudy/src/install/robolaunch_cloudy_description/share/robolaunch_cloudy_description/urdf/meshes
[0.339s] -- Up-to-date: /home/mert/gokhan_cloudy/src/install/robolaunch_cloudy_description/share/robolaunch_cloudy_description/urdf/meshes/wheel_v2.stl
[0.340s] -- Up-to-date: /home/mert/gokhan_cloudy/src/install/robolaunch_cloudy_description/share/robolaunch_cloudy_description/urdf/meshes/wheel.stl
[0.340s] -- Up-to-date: /home/mert/gokhan_cloudy/src/install/robolaunch_cloudy_description/share/robolaunch_cloudy_description/urdf/meshes/body.stl
[0.341s] -- Up-to-date: /home/mert/gokhan_cloudy/src/install/robolaunch_cloudy_description/share/robolaunch_cloudy_description/urdf/meshes/arcelik
[0.341s] -- Up-to-date: /home/mert/gokhan_cloudy/src/install/robolaunch_cloudy_description/share/robolaunch_cloudy_description/urdf/meshes/arcelik/UstPlaka.stl
[0.341s] -- Up-to-date: /home/mert/gokhan_cloudy/src/install/robolaunch_cloudy_description/share/robolaunch_cloudy_description/urdf/meshes/arcelik/son_rigs.stl
[0.341s] -- Up-to-date: /home/mert/gokhan_cloudy/src/install/robolaunch_cloudy_description/share/robolaunch_cloudy_description/urdf/meshes/arcelik/Intel_realsense.stl
[0.341s] -- Up-to-date: /home/mert/gokhan_cloudy/src/install/robolaunch_cloudy_description/share/robolaunch_cloudy_description/urdf/meshes/arcelik/UstPlaka2.stl
[0.341s] -- Up-to-date: /home/mert/gokhan_cloudy/src/install/robolaunch_cloudy_description/share/robolaunch_cloudy_description/urdf/meshes/arcelik/chassis_red.stl
[0.341s] -- Up-to-date: /home/mert/gokhan_cloudy/src/install/robolaunch_cloudy_description/share/robolaunch_cloudy_description/urdf/meshes/arcelik/suspention_son.dae
[0.341s] -- Up-to-date: /home/mert/gokhan_cloudy/src/install/robolaunch_cloudy_description/share/robolaunch_cloudy_description/urdf/meshes/arcelik/teker_cw.dae
[0.341s] -- Up-to-date: /home/mert/gokhan_cloudy/src/install/robolaunch_cloudy_description/share/robolaunch_cloudy_description/urdf/meshes/arcelik/suspention_son (1).dae
[0.341s] -- Up-to-date: /home/mert/gokhan_cloudy/src/install/robolaunch_cloudy_description/share/robolaunch_cloudy_description/urdf/meshes/arcelik/lidar.stl
[0.341s] -- Up-to-date: /home/mert/gokhan_cloudy/src/install/robolaunch_cloudy_description/share/robolaunch_cloudy_description/urdf/meshes/body_v2.stl
[0.342s] -- Up-to-date: /home/mert/gokhan_cloudy/src/install/robolaunch_cloudy_description/share/robolaunch_cloudy_description/urdf/meshes/realsense.stl
[0.342s] -- Up-to-date: /home/mert/gokhan_cloudy/src/install/robolaunch_cloudy_description/share/robolaunch_cloudy_description/urdf/meshes/lidar.stl
[0.342s] -- Up-to-date: /home/mert/gokhan_cloudy/src/install/robolaunch_cloudy_description/share/robolaunch_cloudy_description/urdf/robots
[0.342s] -- Up-to-date: /home/mert/gokhan_cloudy/src/install/robolaunch_cloudy_description/share/robolaunch_cloudy_description/urdf/robots/cloudy_v2_properties.urdf.xacro
[0.343s] -- Up-to-date: /home/mert/gokhan_cloudy/src/install/robolaunch_cloudy_description/share/robolaunch_cloudy_description/urdf/robots/cloudy_v1_core.xacro
[0.343s] -- Up-to-date: /home/mert/gokhan_cloudy/src/install/robolaunch_cloudy_description/share/robolaunch_cloudy_description/urdf/robots/cloudy_v1_properties.urdf.xacro
[0.344s] -- Up-to-date: /home/mert/gokhan_cloudy/src/install/robolaunch_cloudy_description/share/robolaunch_cloudy_description/urdf/robots/cloudy_v2.urdf.xacro
[0.344s] -- Up-to-date: /home/mert/gokhan_cloudy/src/install/robolaunch_cloudy_description/share/robolaunch_cloudy_description/urdf/robots/arcelik
[0.344s] -- Up-to-date: /home/mert/gokhan_cloudy/src/install/robolaunch_cloudy_description/share/robolaunch_cloudy_description/urdf/robots/arcelik/base.urdf.xacro
[0.344s] -- Up-to-date: /home/mert/gokhan_cloudy/src/install/robolaunch_cloudy_description/share/robolaunch_cloudy_description/urdf/robots/arcelik/mecanum.urdf.xacro
[0.344s] -- Up-to-date: /home/mert/gokhan_cloudy/src/install/robolaunch_cloudy_description/share/robolaunch_cloudy_description/urdf/robots/arcelik/mecanum_properties.urdf.xacro
[0.344s] -- Up-to-date: /home/mert/gokhan_cloudy/src/install/robolaunch_cloudy_description/share/robolaunch_cloudy_description/urdf/robots/arcelik/caster_wheel.urdf.xacro
[0.344s] -- Up-to-date: /home/mert/gokhan_cloudy/src/install/robolaunch_cloudy_description/share/robolaunch_cloudy_description/urdf/robots/arcelik/mecanum_wheel.urdf.xacro
[0.344s] -- Up-to-date: /home/mert/gokhan_cloudy/src/install/robolaunch_cloudy_description/share/robolaunch_cloudy_description/urdf/robots/arcelik/wheel.urdf.xacro
[0.344s] -- Up-to-date: /home/mert/gokhan_cloudy/src/install/robolaunch_cloudy_description/share/robolaunch_cloudy_description/urdf/robots/arcelik/mecanum_wheel2.urdf.xacro
[0.344s] -- Up-to-date: /home/mert/gokhan_cloudy/src/install/robolaunch_cloudy_description/share/robolaunch_cloudy_description/urdf/robots/arcelik/suspention.urdf.xacro
[0.344s] -- Up-to-date: /home/mert/gokhan_cloudy/src/install/robolaunch_cloudy_description/share/robolaunch_cloudy_description/urdf/robots/cloudy_v1.urdf.xacro
[0.344s] -- Up-to-date: /home/mert/gokhan_cloudy/src/install/robolaunch_cloudy_description/share/robolaunch_cloudy_description/urdf/robots/cloudy_v2_core.xacro
[0.344s] -- Up-to-date: /home/mert/gokhan_cloudy/src/install/robolaunch_cloudy_description/share/robolaunch_cloudy_description/urdf/diffbot.urdf.xacro
[0.345s] -- Up-to-date: /home/mert/gokhan_cloudy/src/install/robolaunch_cloudy_description/share/robolaunch_cloudy_description/urdf/gazebo_control.xacro
[0.345s] -- Up-to-date: /home/mert/gokhan_cloudy/src/install/robolaunch_cloudy_description/share/robolaunch_cloudy_description/sensors
[0.345s] -- Up-to-date: /home/mert/gokhan_cloudy/src/install/robolaunch_cloudy_description/share/robolaunch_cloudy_description/sensors/depth_sensor.urdf.xacro
[0.346s] -- Up-to-date: /home/mert/gokhan_cloudy/src/install/robolaunch_cloudy_description/share/robolaunch_cloudy_description/sensors/generic_laser.urdf.xacro
[0.346s] -- Up-to-date: /home/mert/gokhan_cloudy/src/install/robolaunch_cloudy_description/share/robolaunch_cloudy_description/sensors/imu.urdf.xacro
[0.346s] -- Up-to-date: /home/mert/gokhan_cloudy/src/install/robolaunch_cloudy_description/share/robolaunch_cloudy_description/sensors/laser.urdf.xacro
[0.346s] -- Up-to-date: /home/mert/gokhan_cloudy/src/install/robolaunch_cloudy_description/share/robolaunch_cloudy_description/launch
[0.346s] -- Up-to-date: /home/mert/gokhan_cloudy/src/install/robolaunch_cloudy_description/share/robolaunch_cloudy_description/launch/arcelik_description.launch.py
[0.346s] -- Up-to-date: /home/mert/gokhan_cloudy/src/install/robolaunch_cloudy_description/share/robolaunch_cloudy_description/launch/description.launch.py
[0.347s] -- Up-to-date: /home/mert/gokhan_cloudy/src/install/robolaunch_cloudy_description/share/ament_index/resource_index/package_run_dependencies/robolaunch_cloudy_description
[0.347s] -- Up-to-date: /home/mert/gokhan_cloudy/src/install/robolaunch_cloudy_description/share/ament_index/resource_index/parent_prefix_path/robolaunch_cloudy_description
[0.347s] -- Up-to-date: /home/mert/gokhan_cloudy/src/install/robolaunch_cloudy_description/share/robolaunch_cloudy_description/environment/ament_prefix_path.sh
[0.347s] -- Up-to-date: /home/mert/gokhan_cloudy/src/install/robolaunch_cloudy_description/share/robolaunch_cloudy_description/environment/ament_prefix_path.dsv
[0.347s] -- Up-to-date: /home/mert/gokhan_cloudy/src/install/robolaunch_cloudy_description/share/robolaunch_cloudy_description/environment/path.sh
[0.347s] -- Up-to-date: /home/mert/gokhan_cloudy/src/install/robolaunch_cloudy_description/share/robolaunch_cloudy_description/environment/path.dsv
[0.347s] -- Up-to-date: /home/mert/gokhan_cloudy/src/install/robolaunch_cloudy_description/share/robolaunch_cloudy_description/local_setup.bash
[0.347s] -- Up-to-date: /home/mert/gokhan_cloudy/src/install/robolaunch_cloudy_description/share/robolaunch_cloudy_description/local_setup.sh
[0.347s] -- Up-to-date: /home/mert/gokhan_cloudy/src/install/robolaunch_cloudy_description/share/robolaunch_cloudy_description/local_setup.zsh
[0.347s] -- Up-to-date: /home/mert/gokhan_cloudy/src/install/robolaunch_cloudy_description/share/robolaunch_cloudy_description/local_setup.dsv
[0.347s] -- Installing: /home/mert/gokhan_cloudy/src/install/robolaunch_cloudy_description/share/robolaunch_cloudy_description/package.dsv
[0.347s] -- Up-to-date: /home/mert/gokhan_cloudy/src/install/robolaunch_cloudy_description/share/ament_index/resource_index/packages/robolaunch_cloudy_description
[0.348s] -- Up-to-date: /home/mert/gokhan_cloudy/src/install/robolaunch_cloudy_description/share/robolaunch_cloudy_description/cmake/robolaunch_cloudy_descriptionConfig.cmake
[0.348s] -- Up-to-date: /home/mert/gokhan_cloudy/src/install/robolaunch_cloudy_description/share/robolaunch_cloudy_description/cmake/robolaunch_cloudy_descriptionConfig-version.cmake
[0.348s] -- Up-to-date: /home/mert/gokhan_cloudy/src/install/robolaunch_cloudy_description/share/robolaunch_cloudy_description/package.xml
[0.365s] Invoked command in '/home/mert/gokhan_cloudy/src/build/robolaunch_cloudy_description' returned '0': CMAKE_PREFIX_PATH=${CMAKE_PREFIX_PATH}:/home/mert/gokhan_cloudy/src/install/mecanum_control:/home/mert/gokhan_cloudy/install/mecanum_control:/opt/ros/humble /usr/bin/cmake --install /home/mert/gokhan_cloudy/src/build/robolaunch_cloudy_description
