[0.016s] Invoking command in '/home/mert/cloudy_ws/src/build/robolaunch_cloudy_description': CMAKE_PREFIX_PATH=${CMAKE_PREFIX_PATH}:/opt/ros/humble /usr/bin/cmake /home/mert/cloudy_ws/src/robolaunch_cloudy_description -DCMAKE_INSTALL_PREFIX=/home/mert/cloudy_ws/src/install/robolaunch_cloudy_description
[0.075s] -- The C compiler identification is GNU 11.3.0
[0.112s] -- The CXX compiler identification is GNU 11.3.0
[0.119s] -- Detecting C compiler ABI info
[0.162s] -- Detecting C compiler ABI info - done
[0.167s] -- Check for working C compiler: /usr/bin/cc - skipped
[0.167s] -- Detecting C compile features
[0.168s] -- Detecting C compile features - done
[0.170s] -- Detecting CXX compiler ABI info
[0.220s] -- Detecting CXX compiler ABI info - done
[0.225s] -- Check for working CXX compiler: /usr/bin/c++ - skipped
[0.225s] -- Detecting CXX compile features
[0.225s] -- Detecting CXX compile features - done
[0.229s] -- Found ament_cmake: 1.3.3 (/opt/ros/humble/share/ament_cmake/cmake)
[0.354s] -- Found Python3: /usr/bin/python3.10 (found version "3.10.6") found components: Interpreter 
[0.467s] -- Configuring done
[0.469s] -- Generating done
[0.470s] -- Build files have been written to: /home/mert/cloudy_ws/src/build/robolaunch_cloudy_description
[0.473s] Invoked command in '/home/mert/cloudy_ws/src/build/robolaunch_cloudy_description' returned '0': CMAKE_PREFIX_PATH=${CMAKE_PREFIX_PATH}:/opt/ros/humble /usr/bin/cmake /home/mert/cloudy_ws/src/robolaunch_cloudy_description -DCMAKE_INSTALL_PREFIX=/home/mert/cloudy_ws/src/install/robolaunch_cloudy_description
[0.474s] Invoking command in '/home/mert/cloudy_ws/src/build/robolaunch_cloudy_description': CMAKE_PREFIX_PATH=${CMAKE_PREFIX_PATH}:/opt/ros/humble /usr/bin/cmake --build /home/mert/cloudy_ws/src/build/robolaunch_cloudy_description -- -j16 -l16
[0.498s] Invoked command in '/home/mert/cloudy_ws/src/build/robolaunch_cloudy_description' returned '0': CMAKE_PREFIX_PATH=${CMAKE_PREFIX_PATH}:/opt/ros/humble /usr/bin/cmake --build /home/mert/cloudy_ws/src/build/robolaunch_cloudy_description -- -j16 -l16
[0.514s] Invoking command in '/home/mert/cloudy_ws/src/build/robolaunch_cloudy_description': CMAKE_PREFIX_PATH=${CMAKE_PREFIX_PATH}:/opt/ros/humble /usr/bin/cmake --install /home/mert/cloudy_ws/src/build/robolaunch_cloudy_description
[0.517s] -- Install configuration: ""
[0.518s] -- Installing: /home/mert/cloudy_ws/src/install/robolaunch_cloudy_description/share/robolaunch_cloudy_description/config
[0.518s] -- Installing: /home/mert/cloudy_ws/src/install/robolaunch_cloudy_description/share/robolaunch_cloudy_description/config/diffbot.rviz
[0.518s] -- Installing: /home/mert/cloudy_ws/src/install/robolaunch_cloudy_description/share/robolaunch_cloudy_description/ros2_control
[0.518s] -- Installing: /home/mert/cloudy_ws/src/install/robolaunch_cloudy_description/share/robolaunch_cloudy_description/ros2_control/diffbot_system.ros2_control.xacro
[0.518s] -- Installing: /home/mert/cloudy_ws/src/install/robolaunch_cloudy_description/share/robolaunch_cloudy_description/urdf
[0.518s] -- Installing: /home/mert/cloudy_ws/src/install/robolaunch_cloudy_description/share/robolaunch_cloudy_description/urdf/diffbot_system.urdf.xacro
[0.518s] -- Installing: /home/mert/cloudy_ws/src/install/robolaunch_cloudy_description/share/robolaunch_cloudy_description/urdf/inertial_macros.xacro
[0.518s] -- Installing: /home/mert/cloudy_ws/src/install/robolaunch_cloudy_description/share/robolaunch_cloudy_description/urdf/omni_drive.urdf.xacro
[0.519s] -- Installing: /home/mert/cloudy_ws/src/install/robolaunch_cloudy_description/share/robolaunch_cloudy_description/urdf/meshes
[0.519s] -- Installing: /home/mert/cloudy_ws/src/install/robolaunch_cloudy_description/share/robolaunch_cloudy_description/urdf/meshes/wheel_v2.stl
[0.519s] -- Installing: /home/mert/cloudy_ws/src/install/robolaunch_cloudy_description/share/robolaunch_cloudy_description/urdf/meshes/wheel.stl
[0.521s] -- Installing: /home/mert/cloudy_ws/src/install/robolaunch_cloudy_description/share/robolaunch_cloudy_description/urdf/meshes/body.stl
[0.521s] -- Installing: /home/mert/cloudy_ws/src/install/robolaunch_cloudy_description/share/robolaunch_cloudy_description/urdf/meshes/arcelik
[0.522s] -- Installing: /home/mert/cloudy_ws/src/install/robolaunch_cloudy_description/share/robolaunch_cloudy_description/urdf/meshes/arcelik/UstPlaka.stl
[0.523s] -- Installing: /home/mert/cloudy_ws/src/install/robolaunch_cloudy_description/share/robolaunch_cloudy_description/urdf/meshes/arcelik/son_rigs.stl
[0.525s] -- Installing: /home/mert/cloudy_ws/src/install/robolaunch_cloudy_description/share/robolaunch_cloudy_description/urdf/meshes/arcelik/Intel_realsense.stl
[0.525s] -- Installing: /home/mert/cloudy_ws/src/install/robolaunch_cloudy_description/share/robolaunch_cloudy_description/urdf/meshes/arcelik/UstPlaka2.stl
[0.526s] -- Installing: /home/mert/cloudy_ws/src/install/robolaunch_cloudy_description/share/robolaunch_cloudy_description/urdf/meshes/arcelik/chassis_red.stl
[0.528s] -- Installing: /home/mert/cloudy_ws/src/install/robolaunch_cloudy_description/share/robolaunch_cloudy_description/urdf/meshes/arcelik/suspention_son.dae
[0.531s] -- Installing: /home/mert/cloudy_ws/src/install/robolaunch_cloudy_description/share/robolaunch_cloudy_description/urdf/meshes/arcelik/teker_cw.dae
[0.536s] -- Installing: /home/mert/cloudy_ws/src/install/robolaunch_cloudy_description/share/robolaunch_cloudy_description/urdf/meshes/arcelik/suspention_son (1).dae
[0.539s] -- Installing: /home/mert/cloudy_ws/src/install/robolaunch_cloudy_description/share/robolaunch_cloudy_description/urdf/meshes/arcelik/lidar.stl
[0.540s] -- Installing: /home/mert/cloudy_ws/src/install/robolaunch_cloudy_description/share/robolaunch_cloudy_description/urdf/meshes/body_v2.stl
[0.540s] -- Installing: /home/mert/cloudy_ws/src/install/robolaunch_cloudy_description/share/robolaunch_cloudy_description/urdf/meshes/realsense.stl
[0.541s] -- Installing: /home/mert/cloudy_ws/src/install/robolaunch_cloudy_description/share/robolaunch_cloudy_description/urdf/meshes/lidar.stl
[0.542s] -- Installing: /home/mert/cloudy_ws/src/install/robolaunch_cloudy_description/share/robolaunch_cloudy_description/urdf/robots
[0.542s] -- Installing: /home/mert/cloudy_ws/src/install/robolaunch_cloudy_description/share/robolaunch_cloudy_description/urdf/robots/cloudy_v2_properties.urdf.xacro
[0.542s] -- Installing: /home/mert/cloudy_ws/src/install/robolaunch_cloudy_description/share/robolaunch_cloudy_description/urdf/robots/cloudy_v1_core.xacro
[0.542s] -- Installing: /home/mert/cloudy_ws/src/install/robolaunch_cloudy_description/share/robolaunch_cloudy_description/urdf/robots/cloudy_v1_properties.urdf.xacro
[0.542s] -- Installing: /home/mert/cloudy_ws/src/install/robolaunch_cloudy_description/share/robolaunch_cloudy_description/urdf/robots/cloudy_v2.urdf.xacro
[0.542s] -- Installing: /home/mert/cloudy_ws/src/install/robolaunch_cloudy_description/share/robolaunch_cloudy_description/urdf/robots/arcelik
[0.542s] -- Installing: /home/mert/cloudy_ws/src/install/robolaunch_cloudy_description/share/robolaunch_cloudy_description/urdf/robots/arcelik/base.urdf.xacro
[0.542s] -- Installing: /home/mert/cloudy_ws/src/install/robolaunch_cloudy_description/share/robolaunch_cloudy_description/urdf/robots/arcelik/mecanum.urdf.xacro
[0.543s] -- Installing: /home/mert/cloudy_ws/src/install/robolaunch_cloudy_description/share/robolaunch_cloudy_description/urdf/robots/arcelik/mecanum_properties.urdf.xacro
[0.543s] -- Installing: /home/mert/cloudy_ws/src/install/robolaunch_cloudy_description/share/robolaunch_cloudy_description/urdf/robots/arcelik/caster_wheel.urdf.xacro
[0.543s] -- Installing: /home/mert/cloudy_ws/src/install/robolaunch_cloudy_description/share/robolaunch_cloudy_description/urdf/robots/arcelik/mecanum_wheel.urdf.xacro
[0.544s] -- Installing: /home/mert/cloudy_ws/src/install/robolaunch_cloudy_description/share/robolaunch_cloudy_description/urdf/robots/arcelik/wheel.urdf.xacro
[0.544s] -- Installing: /home/mert/cloudy_ws/src/install/robolaunch_cloudy_description/share/robolaunch_cloudy_description/urdf/robots/arcelik/mecanum_wheel2.urdf.xacro
[0.544s] -- Installing: /home/mert/cloudy_ws/src/install/robolaunch_cloudy_description/share/robolaunch_cloudy_description/urdf/robots/arcelik/suspention.urdf.xacro
[0.544s] -- Installing: /home/mert/cloudy_ws/src/install/robolaunch_cloudy_description/share/robolaunch_cloudy_description/urdf/robots/cloudy_v1.urdf.xacro
[0.544s] -- Installing: /home/mert/cloudy_ws/src/install/robolaunch_cloudy_description/share/robolaunch_cloudy_description/urdf/robots/cloudy_v2_core.xacro
[0.544s] -- Installing: /home/mert/cloudy_ws/src/install/robolaunch_cloudy_description/share/robolaunch_cloudy_description/urdf/diffbot.urdf.xacro
[0.544s] -- Installing: /home/mert/cloudy_ws/src/install/robolaunch_cloudy_description/share/robolaunch_cloudy_description/urdf/gazebo_control.xacro
[0.544s] -- Installing: /home/mert/cloudy_ws/src/install/robolaunch_cloudy_description/share/robolaunch_cloudy_description/sensors
[0.545s] -- Installing: /home/mert/cloudy_ws/src/install/robolaunch_cloudy_description/share/robolaunch_cloudy_description/sensors/depth_sensor.urdf.xacro
[0.545s] -- Installing: /home/mert/cloudy_ws/src/install/robolaunch_cloudy_description/share/robolaunch_cloudy_description/sensors/generic_laser.urdf.xacro
[0.545s] -- Installing: /home/mert/cloudy_ws/src/install/robolaunch_cloudy_description/share/robolaunch_cloudy_description/sensors/imu.urdf.xacro
[0.545s] -- Installing: /home/mert/cloudy_ws/src/install/robolaunch_cloudy_description/share/robolaunch_cloudy_description/sensors/laser.urdf.xacro
[0.545s] -- Installing: /home/mert/cloudy_ws/src/install/robolaunch_cloudy_description/share/robolaunch_cloudy_description/launch
[0.545s] -- Installing: /home/mert/cloudy_ws/src/install/robolaunch_cloudy_description/share/robolaunch_cloudy_description/launch/description.launch.py
[0.545s] -- Installing: /home/mert/cloudy_ws/src/install/robolaunch_cloudy_description/share/ament_index/resource_index/package_run_dependencies/robolaunch_cloudy_description
[0.546s] -- Installing: /home/mert/cloudy_ws/src/install/robolaunch_cloudy_description/share/ament_index/resource_index/parent_prefix_path/robolaunch_cloudy_description
[0.546s] -- Installing: /home/mert/cloudy_ws/src/install/robolaunch_cloudy_description/share/robolaunch_cloudy_description/environment/ament_prefix_path.sh
[0.546s] -- Installing: /home/mert/cloudy_ws/src/install/robolaunch_cloudy_description/share/robolaunch_cloudy_description/environment/ament_prefix_path.dsv
[0.546s] -- Installing: /home/mert/cloudy_ws/src/install/robolaunch_cloudy_description/share/robolaunch_cloudy_description/environment/path.sh
[0.546s] -- Installing: /home/mert/cloudy_ws/src/install/robolaunch_cloudy_description/share/robolaunch_cloudy_description/environment/path.dsv
[0.546s] -- Installing: /home/mert/cloudy_ws/src/install/robolaunch_cloudy_description/share/robolaunch_cloudy_description/local_setup.bash
[0.546s] -- Installing: /home/mert/cloudy_ws/src/install/robolaunch_cloudy_description/share/robolaunch_cloudy_description/local_setup.sh
[0.546s] -- Installing: /home/mert/cloudy_ws/src/install/robolaunch_cloudy_description/share/robolaunch_cloudy_description/local_setup.zsh
[0.546s] -- Installing: /home/mert/cloudy_ws/src/install/robolaunch_cloudy_description/share/robolaunch_cloudy_description/local_setup.dsv
[0.547s] -- Installing: /home/mert/cloudy_ws/src/install/robolaunch_cloudy_description/share/robolaunch_cloudy_description/package.dsv
[0.547s] -- Installing: /home/mert/cloudy_ws/src/install/robolaunch_cloudy_description/share/ament_index/resource_index/packages/robolaunch_cloudy_description
[0.547s] -- Installing: /home/mert/cloudy_ws/src/install/robolaunch_cloudy_description/share/robolaunch_cloudy_description/cmake/robolaunch_cloudy_descriptionConfig.cmake
[0.547s] -- Installing: /home/mert/cloudy_ws/src/install/robolaunch_cloudy_description/share/robolaunch_cloudy_description/cmake/robolaunch_cloudy_descriptionConfig-version.cmake
[0.547s] -- Installing: /home/mert/cloudy_ws/src/install/robolaunch_cloudy_description/share/robolaunch_cloudy_description/package.xml
[0.558s] Invoked command in '/home/mert/cloudy_ws/src/build/robolaunch_cloudy_description' returned '0': CMAKE_PREFIX_PATH=${CMAKE_PREFIX_PATH}:/opt/ros/humble /usr/bin/cmake --install /home/mert/cloudy_ws/src/build/robolaunch_cloudy_description
