-- Install configuration: ""
-- Up-to-date: /home/mert/gokhan_cloudy/src/install/robolaunch_cloudy_description/share/robolaunch_cloudy_description/config
-- Up-to-date: /home/mert/gokhan_cloudy/src/install/robolaunch_cloudy_description/share/robolaunch_cloudy_description/config/diffbot.rviz
-- Up-to-date: /home/mert/gokhan_cloudy/src/install/robolaunch_cloudy_description/share/robolaunch_cloudy_description/ros2_control
-- Up-to-date: /home/mert/gokhan_cloudy/src/install/robolaunch_cloudy_description/share/robolaunch_cloudy_description/ros2_control/diffbot_system.ros2_control.xacro
-- Up-to-date: /home/mert/gokhan_cloudy/src/install/robolaunch_cloudy_description/share/robolaunch_cloudy_description/urdf
-- Up-to-date: /home/mert/gokhan_cloudy/src/install/robolaunch_cloudy_description/share/robolaunch_cloudy_description/urdf/diffbot_system.urdf.xacro
-- Up-to-date: /home/mert/gokhan_cloudy/src/install/robolaunch_cloudy_description/share/robolaunch_cloudy_description/urdf/inertial_macros.xacro
-- Up-to-date: /home/mert/gokhan_cloudy/src/install/robolaunch_cloudy_description/share/robolaunch_cloudy_description/urdf/omni_drive.urdf.xacro
-- Up-to-date: /home/mert/gokhan_cloudy/src/install/robolaunch_cloudy_description/share/robolaunch_cloudy_description/urdf/meshes
-- Up-to-date: /home/mert/gokhan_cloudy/src/install/robolaunch_cloudy_description/share/robolaunch_cloudy_description/urdf/meshes/wheel_v2.stl
-- Up-to-date: /home/mert/gokhan_cloudy/src/install/robolaunch_cloudy_description/share/robolaunch_cloudy_description/urdf/meshes/wheel.stl
-- Up-to-date: /home/mert/gokhan_cloudy/src/install/robolaunch_cloudy_description/share/robolaunch_cloudy_description/urdf/meshes/body.stl
-- Up-to-date: /home/mert/gokhan_cloudy/src/install/robolaunch_cloudy_description/share/robolaunch_cloudy_description/urdf/meshes/arcelik
-- Up-to-date: /home/mert/gokhan_cloudy/src/install/robolaunch_cloudy_description/share/robolaunch_cloudy_description/urdf/meshes/arcelik/UstPlaka.stl
-- Up-to-date: /home/mert/gokhan_cloudy/src/install/robolaunch_cloudy_description/share/robolaunch_cloudy_description/urdf/meshes/arcelik/son_rigs.stl
-- Up-to-date: /home/mert/gokhan_cloudy/src/install/robolaunch_cloudy_description/share/robolaunch_cloudy_description/urdf/meshes/arcelik/Intel_realsense.stl
-- Up-to-date: /home/mert/gokhan_cloudy/src/install/robolaunch_cloudy_description/share/robolaunch_cloudy_description/urdf/meshes/arcelik/UstPlaka2.stl
-- Up-to-date: /home/mert/gokhan_cloudy/src/install/robolaunch_cloudy_description/share/robolaunch_cloudy_description/urdf/meshes/arcelik/chassis_red.stl
-- Up-to-date: /home/mert/gokhan_cloudy/src/install/robolaunch_cloudy_description/share/robolaunch_cloudy_description/urdf/meshes/arcelik/suspention_son.dae
-- Up-to-date: /home/mert/gokhan_cloudy/src/install/robolaunch_cloudy_description/share/robolaunch_cloudy_description/urdf/meshes/arcelik/teker_cw.dae
-- Up-to-date: /home/mert/gokhan_cloudy/src/install/robolaunch_cloudy_description/share/robolaunch_cloudy_description/urdf/meshes/arcelik/suspention_son (1).dae
-- Up-to-date: /home/mert/gokhan_cloudy/src/install/robolaunch_cloudy_description/share/robolaunch_cloudy_description/urdf/meshes/arcelik/lidar.stl
-- Up-to-date: /home/mert/gokhan_cloudy/src/install/robolaunch_cloudy_description/share/robolaunch_cloudy_description/urdf/meshes/body_v2.stl
-- Up-to-date: /home/mert/gokhan_cloudy/src/install/robolaunch_cloudy_description/share/robolaunch_cloudy_description/urdf/meshes/realsense.stl
-- Up-to-date: /home/mert/gokhan_cloudy/src/install/robolaunch_cloudy_description/share/robolaunch_cloudy_description/urdf/meshes/lidar.stl
-- Up-to-date: /home/mert/gokhan_cloudy/src/install/robolaunch_cloudy_description/share/robolaunch_cloudy_description/urdf/robots
-- Up-to-date: /home/mert/gokhan_cloudy/src/install/robolaunch_cloudy_description/share/robolaunch_cloudy_description/urdf/robots/cloudy_v2_properties.urdf.xacro
-- Up-to-date: /home/mert/gokhan_cloudy/src/install/robolaunch_cloudy_description/share/robolaunch_cloudy_description/urdf/robots/cloudy_v1_core.xacro
-- Up-to-date: /home/mert/gokhan_cloudy/src/install/robolaunch_cloudy_description/share/robolaunch_cloudy_description/urdf/robots/cloudy_v1_properties.urdf.xacro
-- Up-to-date: /home/mert/gokhan_cloudy/src/install/robolaunch_cloudy_description/share/robolaunch_cloudy_description/urdf/robots/cloudy_v2.urdf.xacro
-- Up-to-date: /home/mert/gokhan_cloudy/src/install/robolaunch_cloudy_description/share/robolaunch_cloudy_description/urdf/robots/arcelik
-- Up-to-date: /home/mert/gokhan_cloudy/src/install/robolaunch_cloudy_description/share/robolaunch_cloudy_description/urdf/robots/arcelik/base.urdf.xacro
-- Up-to-date: /home/mert/gokhan_cloudy/src/install/robolaunch_cloudy_description/share/robolaunch_cloudy_description/urdf/robots/arcelik/mecanum.urdf.xacro
-- Up-to-date: /home/mert/gokhan_cloudy/src/install/robolaunch_cloudy_description/share/robolaunch_cloudy_description/urdf/robots/arcelik/mecanum_properties.urdf.xacro
-- Up-to-date: /home/mert/gokhan_cloudy/src/install/robolaunch_cloudy_description/share/robolaunch_cloudy_description/urdf/robots/arcelik/caster_wheel.urdf.xacro
-- Up-to-date: /home/mert/gokhan_cloudy/src/install/robolaunch_cloudy_description/share/robolaunch_cloudy_description/urdf/robots/arcelik/mecanum_wheel.urdf.xacro
-- Up-to-date: /home/mert/gokhan_cloudy/src/install/robolaunch_cloudy_description/share/robolaunch_cloudy_description/urdf/robots/arcelik/wheel.urdf.xacro
-- Up-to-date: /home/mert/gokhan_cloudy/src/install/robolaunch_cloudy_description/share/robolaunch_cloudy_description/urdf/robots/arcelik/mecanum_wheel2.urdf.xacro
-- Up-to-date: /home/mert/gokhan_cloudy/src/install/robolaunch_cloudy_description/share/robolaunch_cloudy_description/urdf/robots/arcelik/suspention.urdf.xacro
-- Up-to-date: /home/mert/gokhan_cloudy/src/install/robolaunch_cloudy_description/share/robolaunch_cloudy_description/urdf/robots/cloudy_v1.urdf.xacro
-- Up-to-date: /home/mert/gokhan_cloudy/src/install/robolaunch_cloudy_description/share/robolaunch_cloudy_description/urdf/robots/cloudy_v2_core.xacro
-- Up-to-date: /home/mert/gokhan_cloudy/src/install/robolaunch_cloudy_description/share/robolaunch_cloudy_description/urdf/diffbot.urdf.xacro
-- Up-to-date: /home/mert/gokhan_cloudy/src/install/robolaunch_cloudy_description/share/robolaunch_cloudy_description/urdf/gazebo_control.xacro
-- Up-to-date: /home/mert/gokhan_cloudy/src/install/robolaunch_cloudy_description/share/robolaunch_cloudy_description/sensors
-- Up-to-date: /home/mert/gokhan_cloudy/src/install/robolaunch_cloudy_description/share/robolaunch_cloudy_description/sensors/depth_sensor.urdf.xacro
-- Up-to-date: /home/mert/gokhan_cloudy/src/install/robolaunch_cloudy_description/share/robolaunch_cloudy_description/sensors/generic_laser.urdf.xacro
-- Up-to-date: /home/mert/gokhan_cloudy/src/install/robolaunch_cloudy_description/share/robolaunch_cloudy_description/sensors/imu.urdf.xacro
-- Up-to-date: /home/mert/gokhan_cloudy/src/install/robolaunch_cloudy_description/share/robolaunch_cloudy_description/sensors/laser.urdf.xacro
-- Up-to-date: /home/mert/gokhan_cloudy/src/install/robolaunch_cloudy_description/share/robolaunch_cloudy_description/launch
-- Up-to-date: /home/mert/gokhan_cloudy/src/install/robolaunch_cloudy_description/share/robolaunch_cloudy_description/launch/arcelik_description.launch.py
-- Up-to-date: /home/mert/gokhan_cloudy/src/install/robolaunch_cloudy_description/share/robolaunch_cloudy_description/launch/description.launch.py
-- Up-to-date: /home/mert/gokhan_cloudy/src/install/robolaunch_cloudy_description/share/ament_index/resource_index/package_run_dependencies/robolaunch_cloudy_description
-- Up-to-date: /home/mert/gokhan_cloudy/src/install/robolaunch_cloudy_description/share/ament_index/resource_index/parent_prefix_path/robolaunch_cloudy_description
-- Up-to-date: /home/mert/gokhan_cloudy/src/install/robolaunch_cloudy_description/share/robolaunch_cloudy_description/environment/ament_prefix_path.sh
-- Up-to-date: /home/mert/gokhan_cloudy/src/install/robolaunch_cloudy_description/share/robolaunch_cloudy_description/environment/ament_prefix_path.dsv
-- Up-to-date: /home/mert/gokhan_cloudy/src/install/robolaunch_cloudy_description/share/robolaunch_cloudy_description/environment/path.sh
-- Up-to-date: /home/mert/gokhan_cloudy/src/install/robolaunch_cloudy_description/share/robolaunch_cloudy_description/environment/path.dsv
-- Up-to-date: /home/mert/gokhan_cloudy/src/install/robolaunch_cloudy_description/share/robolaunch_cloudy_description/local_setup.bash
-- Up-to-date: /home/mert/gokhan_cloudy/src/install/robolaunch_cloudy_description/share/robolaunch_cloudy_description/local_setup.sh
-- Up-to-date: /home/mert/gokhan_cloudy/src/install/robolaunch_cloudy_description/share/robolaunch_cloudy_description/local_setup.zsh
-- Up-to-date: /home/mert/gokhan_cloudy/src/install/robolaunch_cloudy_description/share/robolaunch_cloudy_description/local_setup.dsv
-- Up-to-date: /home/mert/gokhan_cloudy/src/install/robolaunch_cloudy_description/share/robolaunch_cloudy_description/package.dsv
-- Up-to-date: /home/mert/gokhan_cloudy/src/install/robolaunch_cloudy_description/share/ament_index/resource_index/packages/robolaunch_cloudy_description
-- Up-to-date: /home/mert/gokhan_cloudy/src/install/robolaunch_cloudy_description/share/robolaunch_cloudy_description/cmake/robolaunch_cloudy_descriptionConfig.cmake
-- Up-to-date: /home/mert/gokhan_cloudy/src/install/robolaunch_cloudy_description/share/robolaunch_cloudy_description/cmake/robolaunch_cloudy_descriptionConfig-version.cmake
-- Up-to-date: /home/mert/gokhan_cloudy/src/install/robolaunch_cloudy_description/share/robolaunch_cloudy_description/package.xml
