[0.193s] DEBUG:colcon:Command line arguments: ['/usr/bin/colcon', 'build']
[0.193s] DEBUG:colcon:Parsed command line arguments: Namespace(log_base=None, log_level=None, verb_name='build', build_base='build', install_base='install', merge_install=False, symlink_install=False, test_result_base=None, continue_on_error=False, executor='parallel', parallel_workers=16, event_handlers=None, ignore_user_meta=False, metas=['./colcon.meta'], base_paths=['.'], packages_ignore=None, packages_ignore_regex=None, paths=None, packages_up_to=None, packages_up_to_regex=None, packages_above=None, packages_above_and_dependencies=None, packages_above_depth=None, packages_select_by_dep=None, packages_skip_by_dep=None, packages_skip_up_to=None, packages_select_build_failed=False, packages_skip_build_finished=False, packages_select_test_failures=False, packages_skip_test_passed=False, packages_select=None, packages_skip=None, packages_select_regex=None, packages_skip_regex=None, packages_start=None, packages_end=None, allow_overriding=[], cmake_args=None, cmake_target=None, cmake_target_skip_unavailable=False, cmake_clean_cache=False, cmake_clean_first=False, cmake_force_configure=False, ament_cmake_args=None, catkin_cmake_args=None, catkin_skip_building_tests=False, verb_parser=<colcon_defaults.argument_parser.defaults.DefaultArgumentsDecorator object at 0x7f8189d4cd30>, verb_extension=<colcon_core.verb.build.BuildVerb object at 0x7f818a6d5870>, main=<bound method BuildVerb.main of <colcon_core.verb.build.BuildVerb object at 0x7f818a6d5870>>)
[0.211s] Level 1:colcon.colcon_core.package_discovery:discover_packages(colcon_meta) check parameters
[0.212s] Level 1:colcon.colcon_core.package_discovery:discover_packages(recursive) check parameters
[0.212s] Level 1:colcon.colcon_core.package_discovery:discover_packages(ignore) check parameters
[0.212s] Level 1:colcon.colcon_core.package_discovery:discover_packages(path) check parameters
[0.212s] Level 1:colcon.colcon_core.package_discovery:discover_packages(colcon_meta) discover
[0.212s] Level 1:colcon.colcon_core.package_discovery:discover_packages(recursive) discover
[0.212s] INFO:colcon.colcon_core.package_discovery:Crawling recursively for packages in '/home/mert/cloudy_ws/src'
[0.212s] Level 1:colcon.colcon_core.package_identification:_identify(.) by extensions ['ignore', 'ignore_ament_install']
[0.212s] Level 1:colcon.colcon_core.package_identification:_identify(.) by extension 'ignore'
[0.212s] Level 1:colcon.colcon_core.package_identification:_identify(.) by extension 'ignore_ament_install'
[0.212s] Level 1:colcon.colcon_core.package_identification:_identify(.) by extensions ['colcon_pkg']
[0.212s] Level 1:colcon.colcon_core.package_identification:_identify(.) by extension 'colcon_pkg'
[0.212s] Level 1:colcon.colcon_core.package_identification:_identify(.) by extensions ['colcon_meta']
[0.212s] Level 1:colcon.colcon_core.package_identification:_identify(.) by extension 'colcon_meta'
[0.212s] Level 1:colcon.colcon_core.package_identification:_identify(.) by extensions ['ros']
[0.212s] Level 1:colcon.colcon_core.package_identification:_identify(.) by extension 'ros'
[0.219s] Level 1:colcon.colcon_core.package_identification:_identify(.) by extensions ['cmake', 'python']
[0.219s] Level 1:colcon.colcon_core.package_identification:_identify(.) by extension 'cmake'
[0.219s] Level 1:colcon.colcon_core.package_identification:_identify(.) by extension 'python'
[0.219s] Level 1:colcon.colcon_core.package_identification:_identify(.) by extensions ['python_setup_py']
[0.219s] Level 1:colcon.colcon_core.package_identification:_identify(.) by extension 'python_setup_py'
[0.219s] Level 1:colcon.colcon_core.package_identification:_identify(build) by extensions ['ignore', 'ignore_ament_install']
[0.219s] Level 1:colcon.colcon_core.package_identification:_identify(build) by extension 'ignore'
[0.219s] Level 1:colcon.colcon_core.package_identification:_identify(build) ignored
[0.219s] Level 1:colcon.colcon_core.package_identification:_identify(docs) by extensions ['ignore', 'ignore_ament_install']
[0.219s] Level 1:colcon.colcon_core.package_identification:_identify(docs) by extension 'ignore'
[0.219s] Level 1:colcon.colcon_core.package_identification:_identify(docs) by extension 'ignore_ament_install'
[0.220s] Level 1:colcon.colcon_core.package_identification:_identify(docs) by extensions ['colcon_pkg']
[0.220s] Level 1:colcon.colcon_core.package_identification:_identify(docs) by extension 'colcon_pkg'
[0.220s] Level 1:colcon.colcon_core.package_identification:_identify(docs) by extensions ['colcon_meta']
[0.220s] Level 1:colcon.colcon_core.package_identification:_identify(docs) by extension 'colcon_meta'
[0.220s] Level 1:colcon.colcon_core.package_identification:_identify(docs) by extensions ['ros']
[0.220s] Level 1:colcon.colcon_core.package_identification:_identify(docs) by extension 'ros'
[0.220s] Level 1:colcon.colcon_core.package_identification:_identify(docs) by extensions ['cmake', 'python']
[0.220s] Level 1:colcon.colcon_core.package_identification:_identify(docs) by extension 'cmake'
[0.220s] Level 1:colcon.colcon_core.package_identification:_identify(docs) by extension 'python'
[0.220s] Level 1:colcon.colcon_core.package_identification:_identify(docs) by extensions ['python_setup_py']
[0.220s] Level 1:colcon.colcon_core.package_identification:_identify(docs) by extension 'python_setup_py'
[0.220s] Level 1:colcon.colcon_core.package_identification:_identify(install) by extensions ['ignore', 'ignore_ament_install']
[0.220s] Level 1:colcon.colcon_core.package_identification:_identify(install) by extension 'ignore'
[0.220s] Level 1:colcon.colcon_core.package_identification:_identify(install) ignored
[0.220s] Level 1:colcon.colcon_core.package_identification:_identify(log) by extensions ['ignore', 'ignore_ament_install']
[0.220s] Level 1:colcon.colcon_core.package_identification:_identify(log) by extension 'ignore'
[0.220s] Level 1:colcon.colcon_core.package_identification:_identify(log) ignored
[0.220s] Level 1:colcon.colcon_core.package_identification:_identify(rf2o_laser_odometry) by extensions ['ignore', 'ignore_ament_install']
[0.220s] Level 1:colcon.colcon_core.package_identification:_identify(rf2o_laser_odometry) by extension 'ignore'
[0.220s] Level 1:colcon.colcon_core.package_identification:_identify(rf2o_laser_odometry) by extension 'ignore_ament_install'
[0.220s] Level 1:colcon.colcon_core.package_identification:_identify(rf2o_laser_odometry) by extensions ['colcon_pkg']
[0.220s] Level 1:colcon.colcon_core.package_identification:_identify(rf2o_laser_odometry) by extension 'colcon_pkg'
[0.220s] Level 1:colcon.colcon_core.package_identification:_identify(rf2o_laser_odometry) by extensions ['colcon_meta']
[0.220s] Level 1:colcon.colcon_core.package_identification:_identify(rf2o_laser_odometry) by extension 'colcon_meta'
[0.220s] Level 1:colcon.colcon_core.package_identification:_identify(rf2o_laser_odometry) by extensions ['ros']
[0.220s] Level 1:colcon.colcon_core.package_identification:_identify(rf2o_laser_odometry) by extension 'ros'
[0.222s] DEBUG:colcon.colcon_core.package_identification:Package 'rf2o_laser_odometry' with type 'ros.ament_cmake' and name 'rf2o_laser_odometry'
[0.222s] Level 1:colcon.colcon_core.package_identification:_identify(robolaunch_cloudy_bringup) by extensions ['ignore', 'ignore_ament_install']
[0.222s] Level 1:colcon.colcon_core.package_identification:_identify(robolaunch_cloudy_bringup) by extension 'ignore'
[0.222s] Level 1:colcon.colcon_core.package_identification:_identify(robolaunch_cloudy_bringup) by extension 'ignore_ament_install'
[0.222s] Level 1:colcon.colcon_core.package_identification:_identify(robolaunch_cloudy_bringup) by extensions ['colcon_pkg']
[0.222s] Level 1:colcon.colcon_core.package_identification:_identify(robolaunch_cloudy_bringup) by extension 'colcon_pkg'
[0.222s] Level 1:colcon.colcon_core.package_identification:_identify(robolaunch_cloudy_bringup) by extensions ['colcon_meta']
[0.222s] Level 1:colcon.colcon_core.package_identification:_identify(robolaunch_cloudy_bringup) by extension 'colcon_meta'
[0.222s] Level 1:colcon.colcon_core.package_identification:_identify(robolaunch_cloudy_bringup) by extensions ['ros']
[0.222s] Level 1:colcon.colcon_core.package_identification:_identify(robolaunch_cloudy_bringup) by extension 'ros'
[0.223s] DEBUG:colcon.colcon_core.package_identification:Package 'robolaunch_cloudy_bringup' with type 'ros.ament_cmake' and name 'robolaunch_cloudy_bringup'
[0.223s] Level 1:colcon.colcon_core.package_identification:_identify(robolaunch_cloudy_description) by extensions ['ignore', 'ignore_ament_install']
[0.223s] Level 1:colcon.colcon_core.package_identification:_identify(robolaunch_cloudy_description) by extension 'ignore'
[0.223s] Level 1:colcon.colcon_core.package_identification:_identify(robolaunch_cloudy_description) by extension 'ignore_ament_install'
[0.223s] Level 1:colcon.colcon_core.package_identification:_identify(robolaunch_cloudy_description) by extensions ['colcon_pkg']
[0.223s] Level 1:colcon.colcon_core.package_identification:_identify(robolaunch_cloudy_description) by extension 'colcon_pkg'
[0.223s] Level 1:colcon.colcon_core.package_identification:_identify(robolaunch_cloudy_description) by extensions ['colcon_meta']
[0.223s] Level 1:colcon.colcon_core.package_identification:_identify(robolaunch_cloudy_description) by extension 'colcon_meta'
[0.223s] Level 1:colcon.colcon_core.package_identification:_identify(robolaunch_cloudy_description) by extensions ['ros']
[0.223s] Level 1:colcon.colcon_core.package_identification:_identify(robolaunch_cloudy_description) by extension 'ros'
[0.224s] DEBUG:colcon.colcon_core.package_identification:Package 'robolaunch_cloudy_description' with type 'ros.ament_cmake' and name 'robolaunch_cloudy_description'
[0.224s] Level 1:colcon.colcon_core.package_identification:_identify(robolaunch_cloudy_hardware) by extensions ['ignore', 'ignore_ament_install']
[0.224s] Level 1:colcon.colcon_core.package_identification:_identify(robolaunch_cloudy_hardware) by extension 'ignore'
[0.224s] Level 1:colcon.colcon_core.package_identification:_identify(robolaunch_cloudy_hardware) by extension 'ignore_ament_install'
[0.224s] Level 1:colcon.colcon_core.package_identification:_identify(robolaunch_cloudy_hardware) by extensions ['colcon_pkg']
[0.224s] Level 1:colcon.colcon_core.package_identification:_identify(robolaunch_cloudy_hardware) by extension 'colcon_pkg'
[0.224s] Level 1:colcon.colcon_core.package_identification:_identify(robolaunch_cloudy_hardware) by extensions ['colcon_meta']
[0.224s] Level 1:colcon.colcon_core.package_identification:_identify(robolaunch_cloudy_hardware) by extension 'colcon_meta'
[0.224s] Level 1:colcon.colcon_core.package_identification:_identify(robolaunch_cloudy_hardware) by extensions ['ros']
[0.224s] Level 1:colcon.colcon_core.package_identification:_identify(robolaunch_cloudy_hardware) by extension 'ros'
[0.224s] DEBUG:colcon.colcon_core.package_identification:Package 'robolaunch_cloudy_hardware' with type 'ros.ament_cmake' and name 'robolaunch_cloudy_hardware'
[0.224s] Level 1:colcon.colcon_core.package_identification:_identify(robolaunch_cloudy_navigation) by extensions ['ignore', 'ignore_ament_install']
[0.225s] Level 1:colcon.colcon_core.package_identification:_identify(robolaunch_cloudy_navigation) by extension 'ignore'
[0.225s] Level 1:colcon.colcon_core.package_identification:_identify(robolaunch_cloudy_navigation) by extension 'ignore_ament_install'
[0.225s] Level 1:colcon.colcon_core.package_identification:_identify(robolaunch_cloudy_navigation) by extensions ['colcon_pkg']
[0.225s] Level 1:colcon.colcon_core.package_identification:_identify(robolaunch_cloudy_navigation) by extension 'colcon_pkg'
[0.225s] Level 1:colcon.colcon_core.package_identification:_identify(robolaunch_cloudy_navigation) by extensions ['colcon_meta']
[0.225s] Level 1:colcon.colcon_core.package_identification:_identify(robolaunch_cloudy_navigation) by extension 'colcon_meta'
[0.225s] Level 1:colcon.colcon_core.package_identification:_identify(robolaunch_cloudy_navigation) by extensions ['ros']
[0.225s] Level 1:colcon.colcon_core.package_identification:_identify(robolaunch_cloudy_navigation) by extension 'ros'
[0.226s] DEBUG:colcon.colcon_core.package_identification:Package 'robolaunch_cloudy_navigation' with type 'ros.ament_cmake' and name 'robolaunch_cloudy_navigation'
[0.226s] Level 1:colcon.colcon_core.package_identification:_identify(robolaunch_cloudy_simulator) by extensions ['ignore', 'ignore_ament_install']
[0.226s] Level 1:colcon.colcon_core.package_identification:_identify(robolaunch_cloudy_simulator) by extension 'ignore'
[0.226s] Level 1:colcon.colcon_core.package_identification:_identify(robolaunch_cloudy_simulator) by extension 'ignore_ament_install'
[0.226s] Level 1:colcon.colcon_core.package_identification:_identify(robolaunch_cloudy_simulator) by extensions ['colcon_pkg']
[0.226s] Level 1:colcon.colcon_core.package_identification:_identify(robolaunch_cloudy_simulator) by extension 'colcon_pkg'
[0.226s] Level 1:colcon.colcon_core.package_identification:_identify(robolaunch_cloudy_simulator) by extensions ['colcon_meta']
[0.226s] Level 1:colcon.colcon_core.package_identification:_identify(robolaunch_cloudy_simulator) by extension 'colcon_meta'
[0.226s] Level 1:colcon.colcon_core.package_identification:_identify(robolaunch_cloudy_simulator) by extensions ['ros']
[0.226s] Level 1:colcon.colcon_core.package_identification:_identify(robolaunch_cloudy_simulator) by extension 'ros'
[0.227s] DEBUG:colcon.colcon_core.package_identification:Package 'robolaunch_cloudy_simulator' with type 'ros.ament_cmake' and name 'robolaunch_cloudy_simulator'
[0.227s] Level 1:colcon.colcon_core.package_discovery:discover_packages(recursive) using defaults
[0.227s] Level 1:colcon.colcon_core.package_discovery:discover_packages(ignore) discover
[0.227s] Level 1:colcon.colcon_core.package_discovery:discover_packages(ignore) using defaults
[0.227s] Level 1:colcon.colcon_core.package_discovery:discover_packages(path) discover
[0.227s] Level 1:colcon.colcon_core.package_discovery:discover_packages(path) using defaults
[0.241s] Level 1:colcon.colcon_core.package_discovery:discover_packages(prefix_path) check parameters
[0.241s] Level 1:colcon.colcon_core.package_discovery:discover_packages(prefix_path) discover
[0.243s] DEBUG:colcon.colcon_installed_package_information.package_discovery:Found 6 installed packages in /home/mert/cloudy_ws/install
[0.244s] DEBUG:colcon.colcon_installed_package_information.package_discovery:Found 368 installed packages in /opt/ros/humble
[0.246s] Level 1:colcon.colcon_core.package_discovery:discover_packages(prefix_path) using defaults
[0.292s] Level 5:colcon.colcon_core.verb:set package 'rf2o_laser_odometry' build argument 'cmake_args' from command line to 'None'
[0.292s] Level 5:colcon.colcon_core.verb:set package 'rf2o_laser_odometry' build argument 'cmake_target' from command line to 'None'
[0.292s] Level 5:colcon.colcon_core.verb:set package 'rf2o_laser_odometry' build argument 'cmake_target_skip_unavailable' from command line to 'False'
[0.292s] Level 5:colcon.colcon_core.verb:set package 'rf2o_laser_odometry' build argument 'cmake_clean_cache' from command line to 'False'
[0.292s] Level 5:colcon.colcon_core.verb:set package 'rf2o_laser_odometry' build argument 'cmake_clean_first' from command line to 'False'
[0.292s] Level 5:colcon.colcon_core.verb:set package 'rf2o_laser_odometry' build argument 'cmake_force_configure' from command line to 'False'
[0.292s] Level 5:colcon.colcon_core.verb:set package 'rf2o_laser_odometry' build argument 'ament_cmake_args' from command line to 'None'
[0.292s] Level 5:colcon.colcon_core.verb:set package 'rf2o_laser_odometry' build argument 'catkin_cmake_args' from command line to 'None'
[0.292s] Level 5:colcon.colcon_core.verb:set package 'rf2o_laser_odometry' build argument 'catkin_skip_building_tests' from command line to 'False'
[0.292s] DEBUG:colcon.colcon_core.verb:Building package 'rf2o_laser_odometry' with the following arguments: {'ament_cmake_args': None, 'build_base': '/home/mert/cloudy_ws/src/build/rf2o_laser_odometry', 'catkin_cmake_args': None, 'catkin_skip_building_tests': False, 'cmake_args': None, 'cmake_clean_cache': False, 'cmake_clean_first': False, 'cmake_force_configure': False, 'cmake_target': None, 'cmake_target_skip_unavailable': False, 'install_base': '/home/mert/cloudy_ws/src/install/rf2o_laser_odometry', 'merge_install': False, 'path': '/home/mert/cloudy_ws/src/rf2o_laser_odometry', 'symlink_install': False, 'test_result_base': None}
[0.293s] Level 5:colcon.colcon_core.verb:set package 'robolaunch_cloudy_description' build argument 'cmake_args' from command line to 'None'
[0.293s] Level 5:colcon.colcon_core.verb:set package 'robolaunch_cloudy_description' build argument 'cmake_target' from command line to 'None'
[0.293s] Level 5:colcon.colcon_core.verb:set package 'robolaunch_cloudy_description' build argument 'cmake_target_skip_unavailable' from command line to 'False'
[0.293s] Level 5:colcon.colcon_core.verb:set package 'robolaunch_cloudy_description' build argument 'cmake_clean_cache' from command line to 'False'
[0.293s] Level 5:colcon.colcon_core.verb:set package 'robolaunch_cloudy_description' build argument 'cmake_clean_first' from command line to 'False'
[0.293s] Level 5:colcon.colcon_core.verb:set package 'robolaunch_cloudy_description' build argument 'cmake_force_configure' from command line to 'False'
[0.293s] Level 5:colcon.colcon_core.verb:set package 'robolaunch_cloudy_description' build argument 'ament_cmake_args' from command line to 'None'
[0.293s] Level 5:colcon.colcon_core.verb:set package 'robolaunch_cloudy_description' build argument 'catkin_cmake_args' from command line to 'None'
[0.293s] Level 5:colcon.colcon_core.verb:set package 'robolaunch_cloudy_description' build argument 'catkin_skip_building_tests' from command line to 'False'
[0.293s] DEBUG:colcon.colcon_core.verb:Building package 'robolaunch_cloudy_description' with the following arguments: {'ament_cmake_args': None, 'build_base': '/home/mert/cloudy_ws/src/build/robolaunch_cloudy_description', 'catkin_cmake_args': None, 'catkin_skip_building_tests': False, 'cmake_args': None, 'cmake_clean_cache': False, 'cmake_clean_first': False, 'cmake_force_configure': False, 'cmake_target': None, 'cmake_target_skip_unavailable': False, 'install_base': '/home/mert/cloudy_ws/src/install/robolaunch_cloudy_description', 'merge_install': False, 'path': '/home/mert/cloudy_ws/src/robolaunch_cloudy_description', 'symlink_install': False, 'test_result_base': None}
[0.293s] Level 5:colcon.colcon_core.verb:set package 'robolaunch_cloudy_hardware' build argument 'cmake_args' from command line to 'None'
[0.293s] Level 5:colcon.colcon_core.verb:set package 'robolaunch_cloudy_hardware' build argument 'cmake_target' from command line to 'None'
[0.293s] Level 5:colcon.colcon_core.verb:set package 'robolaunch_cloudy_hardware' build argument 'cmake_target_skip_unavailable' from command line to 'False'
[0.294s] Level 5:colcon.colcon_core.verb:set package 'robolaunch_cloudy_hardware' build argument 'cmake_clean_cache' from command line to 'False'
[0.294s] Level 5:colcon.colcon_core.verb:set package 'robolaunch_cloudy_hardware' build argument 'cmake_clean_first' from command line to 'False'
[0.294s] Level 5:colcon.colcon_core.verb:set package 'robolaunch_cloudy_hardware' build argument 'cmake_force_configure' from command line to 'False'
[0.294s] Level 5:colcon.colcon_core.verb:set package 'robolaunch_cloudy_hardware' build argument 'ament_cmake_args' from command line to 'None'
[0.294s] Level 5:colcon.colcon_core.verb:set package 'robolaunch_cloudy_hardware' build argument 'catkin_cmake_args' from command line to 'None'
[0.294s] Level 5:colcon.colcon_core.verb:set package 'robolaunch_cloudy_hardware' build argument 'catkin_skip_building_tests' from command line to 'False'
[0.294s] DEBUG:colcon.colcon_core.verb:Building package 'robolaunch_cloudy_hardware' with the following arguments: {'ament_cmake_args': None, 'build_base': '/home/mert/cloudy_ws/src/build/robolaunch_cloudy_hardware', 'catkin_cmake_args': None, 'catkin_skip_building_tests': False, 'cmake_args': None, 'cmake_clean_cache': False, 'cmake_clean_first': False, 'cmake_force_configure': False, 'cmake_target': None, 'cmake_target_skip_unavailable': False, 'install_base': '/home/mert/cloudy_ws/src/install/robolaunch_cloudy_hardware', 'merge_install': False, 'path': '/home/mert/cloudy_ws/src/robolaunch_cloudy_hardware', 'symlink_install': False, 'test_result_base': None}
[0.294s] Level 5:colcon.colcon_core.verb:set package 'robolaunch_cloudy_simulator' build argument 'cmake_args' from command line to 'None'
[0.294s] Level 5:colcon.colcon_core.verb:set package 'robolaunch_cloudy_simulator' build argument 'cmake_target' from command line to 'None'
[0.294s] Level 5:colcon.colcon_core.verb:set package 'robolaunch_cloudy_simulator' build argument 'cmake_target_skip_unavailable' from command line to 'False'
[0.294s] Level 5:colcon.colcon_core.verb:set package 'robolaunch_cloudy_simulator' build argument 'cmake_clean_cache' from command line to 'False'
[0.294s] Level 5:colcon.colcon_core.verb:set package 'robolaunch_cloudy_simulator' build argument 'cmake_clean_first' from command line to 'False'
[0.294s] Level 5:colcon.colcon_core.verb:set package 'robolaunch_cloudy_simulator' build argument 'cmake_force_configure' from command line to 'False'
[0.294s] Level 5:colcon.colcon_core.verb:set package 'robolaunch_cloudy_simulator' build argument 'ament_cmake_args' from command line to 'None'
[0.294s] Level 5:colcon.colcon_core.verb:set package 'robolaunch_cloudy_simulator' build argument 'catkin_cmake_args' from command line to 'None'
[0.294s] Level 5:colcon.colcon_core.verb:set package 'robolaunch_cloudy_simulator' build argument 'catkin_skip_building_tests' from command line to 'False'
[0.294s] DEBUG:colcon.colcon_core.verb:Building package 'robolaunch_cloudy_simulator' with the following arguments: {'ament_cmake_args': None, 'build_base': '/home/mert/cloudy_ws/src/build/robolaunch_cloudy_simulator', 'catkin_cmake_args': None, 'catkin_skip_building_tests': False, 'cmake_args': None, 'cmake_clean_cache': False, 'cmake_clean_first': False, 'cmake_force_configure': False, 'cmake_target': None, 'cmake_target_skip_unavailable': False, 'install_base': '/home/mert/cloudy_ws/src/install/robolaunch_cloudy_simulator', 'merge_install': False, 'path': '/home/mert/cloudy_ws/src/robolaunch_cloudy_simulator', 'symlink_install': False, 'test_result_base': None}
[0.295s] Level 5:colcon.colcon_core.verb:set package 'robolaunch_cloudy_bringup' build argument 'cmake_args' from command line to 'None'
[0.295s] Level 5:colcon.colcon_core.verb:set package 'robolaunch_cloudy_bringup' build argument 'cmake_target' from command line to 'None'
[0.295s] Level 5:colcon.colcon_core.verb:set package 'robolaunch_cloudy_bringup' build argument 'cmake_target_skip_unavailable' from command line to 'False'
[0.295s] Level 5:colcon.colcon_core.verb:set package 'robolaunch_cloudy_bringup' build argument 'cmake_clean_cache' from command line to 'False'
[0.295s] Level 5:colcon.colcon_core.verb:set package 'robolaunch_cloudy_bringup' build argument 'cmake_clean_first' from command line to 'False'
[0.295s] Level 5:colcon.colcon_core.verb:set package 'robolaunch_cloudy_bringup' build argument 'cmake_force_configure' from command line to 'False'
[0.295s] Level 5:colcon.colcon_core.verb:set package 'robolaunch_cloudy_bringup' build argument 'ament_cmake_args' from command line to 'None'
[0.295s] Level 5:colcon.colcon_core.verb:set package 'robolaunch_cloudy_bringup' build argument 'catkin_cmake_args' from command line to 'None'
[0.295s] Level 5:colcon.colcon_core.verb:set package 'robolaunch_cloudy_bringup' build argument 'catkin_skip_building_tests' from command line to 'False'
[0.295s] DEBUG:colcon.colcon_core.verb:Building package 'robolaunch_cloudy_bringup' with the following arguments: {'ament_cmake_args': None, 'build_base': '/home/mert/cloudy_ws/src/build/robolaunch_cloudy_bringup', 'catkin_cmake_args': None, 'catkin_skip_building_tests': False, 'cmake_args': None, 'cmake_clean_cache': False, 'cmake_clean_first': False, 'cmake_force_configure': False, 'cmake_target': None, 'cmake_target_skip_unavailable': False, 'install_base': '/home/mert/cloudy_ws/src/install/robolaunch_cloudy_bringup', 'merge_install': False, 'path': '/home/mert/cloudy_ws/src/robolaunch_cloudy_bringup', 'symlink_install': False, 'test_result_base': None}
[0.296s] Level 5:colcon.colcon_core.verb:set package 'robolaunch_cloudy_navigation' build argument 'cmake_args' from command line to 'None'
[0.296s] Level 5:colcon.colcon_core.verb:set package 'robolaunch_cloudy_navigation' build argument 'cmake_target' from command line to 'None'
[0.296s] Level 5:colcon.colcon_core.verb:set package 'robolaunch_cloudy_navigation' build argument 'cmake_target_skip_unavailable' from command line to 'False'
[0.296s] Level 5:colcon.colcon_core.verb:set package 'robolaunch_cloudy_navigation' build argument 'cmake_clean_cache' from command line to 'False'
[0.296s] Level 5:colcon.colcon_core.verb:set package 'robolaunch_cloudy_navigation' build argument 'cmake_clean_first' from command line to 'False'
[0.296s] Level 5:colcon.colcon_core.verb:set package 'robolaunch_cloudy_navigation' build argument 'cmake_force_configure' from command line to 'False'
[0.296s] Level 5:colcon.colcon_core.verb:set package 'robolaunch_cloudy_navigation' build argument 'ament_cmake_args' from command line to 'None'
[0.296s] Level 5:colcon.colcon_core.verb:set package 'robolaunch_cloudy_navigation' build argument 'catkin_cmake_args' from command line to 'None'
[0.296s] Level 5:colcon.colcon_core.verb:set package 'robolaunch_cloudy_navigation' build argument 'catkin_skip_building_tests' from command line to 'False'
[0.296s] DEBUG:colcon.colcon_core.verb:Building package 'robolaunch_cloudy_navigation' with the following arguments: {'ament_cmake_args': None, 'build_base': '/home/mert/cloudy_ws/src/build/robolaunch_cloudy_navigation', 'catkin_cmake_args': None, 'catkin_skip_building_tests': False, 'cmake_args': None, 'cmake_clean_cache': False, 'cmake_clean_first': False, 'cmake_force_configure': False, 'cmake_target': None, 'cmake_target_skip_unavailable': False, 'install_base': '/home/mert/cloudy_ws/src/install/robolaunch_cloudy_navigation', 'merge_install': False, 'path': '/home/mert/cloudy_ws/src/robolaunch_cloudy_navigation', 'symlink_install': False, 'test_result_base': None}
[0.296s] INFO:colcon.colcon_core.executor:Executing jobs using 'parallel' executor
[0.299s] DEBUG:colcon.colcon_parallel_executor.executor.parallel:run_until_complete
[0.299s] INFO:colcon.colcon_ros.task.ament_cmake.build:Building ROS package in '/home/mert/cloudy_ws/src/rf2o_laser_odometry' with build type 'ament_cmake'
[0.299s] INFO:colcon.colcon_cmake.task.cmake.build:Building CMake package in '/home/mert/cloudy_ws/src/rf2o_laser_odometry'
[0.302s] INFO:colcon.colcon_core.plugin_system:Skipping extension 'colcon_core.shell.bat': Not used on non-Windows systems
[0.302s] INFO:colcon.colcon_core.shell:Skip shell extension 'powershell' for command environment: Not usable outside of PowerShell
[0.302s] DEBUG:colcon.colcon_core.shell:Skip shell extension 'dsv' for command environment
[0.305s] INFO:colcon.colcon_ros.task.ament_cmake.build:Building ROS package in '/home/mert/cloudy_ws/src/robolaunch_cloudy_description' with build type 'ament_cmake'
[0.305s] INFO:colcon.colcon_cmake.task.cmake.build:Building CMake package in '/home/mert/cloudy_ws/src/robolaunch_cloudy_description'
[0.306s] INFO:colcon.colcon_core.shell:Skip shell extension 'powershell' for command environment: Not usable outside of PowerShell
[0.306s] DEBUG:colcon.colcon_core.shell:Skip shell extension 'dsv' for command environment
[0.309s] INFO:colcon.colcon_ros.task.ament_cmake.build:Building ROS package in '/home/mert/cloudy_ws/src/robolaunch_cloudy_hardware' with build type 'ament_cmake'
[0.309s] INFO:colcon.colcon_cmake.task.cmake.build:Building CMake package in '/home/mert/cloudy_ws/src/robolaunch_cloudy_hardware'
[0.310s] INFO:colcon.colcon_core.shell:Skip shell extension 'powershell' for command environment: Not usable outside of PowerShell
[0.310s] DEBUG:colcon.colcon_core.shell:Skip shell extension 'dsv' for command environment
[0.313s] INFO:colcon.colcon_ros.task.ament_cmake.build:Building ROS package in '/home/mert/cloudy_ws/src/robolaunch_cloudy_simulator' with build type 'ament_cmake'
[0.313s] INFO:colcon.colcon_cmake.task.cmake.build:Building CMake package in '/home/mert/cloudy_ws/src/robolaunch_cloudy_simulator'
[0.314s] INFO:colcon.colcon_core.shell:Skip shell extension 'powershell' for command environment: Not usable outside of PowerShell
[0.314s] DEBUG:colcon.colcon_core.shell:Skip shell extension 'dsv' for command environment
[0.320s] DEBUG:colcon.colcon_core.event_handler.log_command:Invoking command in '/home/mert/cloudy_ws/src/build/rf2o_laser_odometry': CMAKE_PREFIX_PATH=${CMAKE_PREFIX_PATH}:/opt/ros/humble /usr/bin/cmake /home/mert/cloudy_ws/src/rf2o_laser_odometry -DCMAKE_INSTALL_PREFIX=/home/mert/cloudy_ws/src/install/rf2o_laser_odometry
[0.322s] DEBUG:colcon.colcon_core.event_handler.log_command:Invoking command in '/home/mert/cloudy_ws/src/build/robolaunch_cloudy_description': CMAKE_PREFIX_PATH=${CMAKE_PREFIX_PATH}:/opt/ros/humble /usr/bin/cmake /home/mert/cloudy_ws/src/robolaunch_cloudy_description -DCMAKE_INSTALL_PREFIX=/home/mert/cloudy_ws/src/install/robolaunch_cloudy_description
[0.323s] DEBUG:colcon.colcon_core.event_handler.log_command:Invoking command in '/home/mert/cloudy_ws/src/build/robolaunch_cloudy_hardware': CMAKE_PREFIX_PATH=${CMAKE_PREFIX_PATH}:/opt/ros/humble /usr/bin/cmake /home/mert/cloudy_ws/src/robolaunch_cloudy_hardware -DCMAKE_INSTALL_PREFIX=/home/mert/cloudy_ws/src/install/robolaunch_cloudy_hardware
[0.325s] DEBUG:colcon.colcon_core.event_handler.log_command:Invoking command in '/home/mert/cloudy_ws/src/build/robolaunch_cloudy_simulator': CMAKE_PREFIX_PATH=${CMAKE_PREFIX_PATH}:/opt/ros/humble /usr/bin/cmake /home/mert/cloudy_ws/src/robolaunch_cloudy_simulator -DCMAKE_INSTALL_PREFIX=/home/mert/cloudy_ws/src/install/robolaunch_cloudy_simulator
[0.779s] DEBUG:colcon.colcon_core.event_handler.log_command:Invoked command in '/home/mert/cloudy_ws/src/build/robolaunch_cloudy_description' returned '0': CMAKE_PREFIX_PATH=${CMAKE_PREFIX_PATH}:/opt/ros/humble /usr/bin/cmake /home/mert/cloudy_ws/src/robolaunch_cloudy_description -DCMAKE_INSTALL_PREFIX=/home/mert/cloudy_ws/src/install/robolaunch_cloudy_description
[0.781s] DEBUG:colcon.colcon_core.event_handler.log_command:Invoking command in '/home/mert/cloudy_ws/src/build/robolaunch_cloudy_description': CMAKE_PREFIX_PATH=${CMAKE_PREFIX_PATH}:/opt/ros/humble /usr/bin/cmake --build /home/mert/cloudy_ws/src/build/robolaunch_cloudy_description -- -j16 -l16
[0.802s] DEBUG:colcon.colcon_core.event_handler.log_command:Invoked command in '/home/mert/cloudy_ws/src/build/robolaunch_cloudy_simulator' returned '0': CMAKE_PREFIX_PATH=${CMAKE_PREFIX_PATH}:/opt/ros/humble /usr/bin/cmake /home/mert/cloudy_ws/src/robolaunch_cloudy_simulator -DCMAKE_INSTALL_PREFIX=/home/mert/cloudy_ws/src/install/robolaunch_cloudy_simulator
[0.803s] DEBUG:colcon.colcon_core.event_handler.log_command:Invoking command in '/home/mert/cloudy_ws/src/build/robolaunch_cloudy_simulator': CMAKE_PREFIX_PATH=${CMAKE_PREFIX_PATH}:/opt/ros/humble /usr/bin/cmake --build /home/mert/cloudy_ws/src/build/robolaunch_cloudy_simulator -- -j16 -l16
[0.804s] DEBUG:colcon.colcon_core.event_handler.log_command:Invoked command in '/home/mert/cloudy_ws/src/build/robolaunch_cloudy_description' returned '0': CMAKE_PREFIX_PATH=${CMAKE_PREFIX_PATH}:/opt/ros/humble /usr/bin/cmake --build /home/mert/cloudy_ws/src/build/robolaunch_cloudy_description -- -j16 -l16
[0.821s] DEBUG:colcon.colcon_core.event_handler.log_command:Invoking command in '/home/mert/cloudy_ws/src/build/robolaunch_cloudy_description': CMAKE_PREFIX_PATH=${CMAKE_PREFIX_PATH}:/opt/ros/humble /usr/bin/cmake --install /home/mert/cloudy_ws/src/build/robolaunch_cloudy_description
[0.826s] DEBUG:colcon.colcon_core.event_handler.log_command:Invoked command in '/home/mert/cloudy_ws/src/build/robolaunch_cloudy_simulator' returned '0': CMAKE_PREFIX_PATH=${CMAKE_PREFIX_PATH}:/opt/ros/humble /usr/bin/cmake --build /home/mert/cloudy_ws/src/build/robolaunch_cloudy_simulator -- -j16 -l16
[0.839s] DEBUG:colcon.colcon_core.event_handler.log_command:Invoking command in '/home/mert/cloudy_ws/src/build/robolaunch_cloudy_simulator': CMAKE_PREFIX_PATH=${CMAKE_PREFIX_PATH}:/opt/ros/humble /usr/bin/cmake --install /home/mert/cloudy_ws/src/build/robolaunch_cloudy_simulator
[0.847s] Level 1:colcon.colcon_core.environment:create_environment_scripts_only(robolaunch_cloudy_simulator)
[0.848s] DEBUG:colcon.colcon_core.event_handler.log_command:Invoked command in '/home/mert/cloudy_ws/src/build/robolaunch_cloudy_simulator' returned '0': CMAKE_PREFIX_PATH=${CMAKE_PREFIX_PATH}:/opt/ros/humble /usr/bin/cmake --install /home/mert/cloudy_ws/src/build/robolaunch_cloudy_simulator
[0.854s] Level 1:colcon.colcon_core.environment:checking '/home/mert/cloudy_ws/src/install/robolaunch_cloudy_simulator' for CMake module files
[0.854s] Level 1:colcon.colcon_core.environment:checking '/home/mert/cloudy_ws/src/install/robolaunch_cloudy_simulator' for CMake config files
[0.855s] Level 1:colcon.colcon_core.shell:create_environment_hook('robolaunch_cloudy_simulator', 'cmake_prefix_path')
[0.856s] INFO:colcon.colcon_core.shell:Creating environment hook '/home/mert/cloudy_ws/src/install/robolaunch_cloudy_simulator/share/robolaunch_cloudy_simulator/hook/cmake_prefix_path.ps1'
[0.856s] INFO:colcon.colcon_core.shell:Creating environment descriptor '/home/mert/cloudy_ws/src/install/robolaunch_cloudy_simulator/share/robolaunch_cloudy_simulator/hook/cmake_prefix_path.dsv'
[0.857s] INFO:colcon.colcon_core.shell:Creating environment hook '/home/mert/cloudy_ws/src/install/robolaunch_cloudy_simulator/share/robolaunch_cloudy_simulator/hook/cmake_prefix_path.sh'
[0.857s] Level 1:colcon.colcon_core.environment:checking '/home/mert/cloudy_ws/src/install/robolaunch_cloudy_simulator/bin'
[0.857s] Level 1:colcon.colcon_core.environment:checking '/home/mert/cloudy_ws/src/install/robolaunch_cloudy_simulator/lib/pkgconfig/robolaunch_cloudy_simulator.pc'
[0.858s] Level 1:colcon.colcon_core.environment:checking '/home/mert/cloudy_ws/src/install/robolaunch_cloudy_simulator/lib/python3.10/site-packages'
[0.858s] Level 1:colcon.colcon_core.environment:checking '/home/mert/cloudy_ws/src/install/robolaunch_cloudy_simulator/bin'
[0.859s] INFO:colcon.colcon_core.shell:Creating package script '/home/mert/cloudy_ws/src/install/robolaunch_cloudy_simulator/share/robolaunch_cloudy_simulator/package.ps1'
[0.859s] INFO:colcon.colcon_core.shell:Creating package descriptor '/home/mert/cloudy_ws/src/install/robolaunch_cloudy_simulator/share/robolaunch_cloudy_simulator/package.dsv'
[0.860s] INFO:colcon.colcon_core.shell:Creating package script '/home/mert/cloudy_ws/src/install/robolaunch_cloudy_simulator/share/robolaunch_cloudy_simulator/package.sh'
[0.860s] INFO:colcon.colcon_core.shell:Creating package script '/home/mert/cloudy_ws/src/install/robolaunch_cloudy_simulator/share/robolaunch_cloudy_simulator/package.bash'
[0.861s] INFO:colcon.colcon_core.shell:Creating package script '/home/mert/cloudy_ws/src/install/robolaunch_cloudy_simulator/share/robolaunch_cloudy_simulator/package.zsh'
[0.861s] Level 1:colcon.colcon_core.environment:create_file_with_runtime_dependencies(/home/mert/cloudy_ws/src/install/robolaunch_cloudy_simulator/share/colcon-core/packages/robolaunch_cloudy_simulator)
[0.862s] Level 1:colcon.colcon_core.environment:create_environment_scripts_only(robolaunch_cloudy_description)
[0.864s] Level 1:colcon.colcon_core.environment:checking '/home/mert/cloudy_ws/src/install/robolaunch_cloudy_description' for CMake module files
[0.864s] DEBUG:colcon.colcon_core.event_handler.log_command:Invoked command in '/home/mert/cloudy_ws/src/build/robolaunch_cloudy_description' returned '0': CMAKE_PREFIX_PATH=${CMAKE_PREFIX_PATH}:/opt/ros/humble /usr/bin/cmake --install /home/mert/cloudy_ws/src/build/robolaunch_cloudy_description
[0.864s] Level 1:colcon.colcon_core.environment:checking '/home/mert/cloudy_ws/src/install/robolaunch_cloudy_description' for CMake config files
[0.865s] Level 1:colcon.colcon_core.shell:create_environment_hook('robolaunch_cloudy_description', 'cmake_prefix_path')
[0.866s] INFO:colcon.colcon_core.shell:Creating environment hook '/home/mert/cloudy_ws/src/install/robolaunch_cloudy_description/share/robolaunch_cloudy_description/hook/cmake_prefix_path.ps1'
[0.866s] INFO:colcon.colcon_core.shell:Creating environment descriptor '/home/mert/cloudy_ws/src/install/robolaunch_cloudy_description/share/robolaunch_cloudy_description/hook/cmake_prefix_path.dsv'
[0.866s] INFO:colcon.colcon_core.shell:Creating environment hook '/home/mert/cloudy_ws/src/install/robolaunch_cloudy_description/share/robolaunch_cloudy_description/hook/cmake_prefix_path.sh'
[0.866s] Level 1:colcon.colcon_core.environment:checking '/home/mert/cloudy_ws/src/install/robolaunch_cloudy_description/bin'
[0.867s] Level 1:colcon.colcon_core.environment:checking '/home/mert/cloudy_ws/src/install/robolaunch_cloudy_description/lib/pkgconfig/robolaunch_cloudy_description.pc'
[0.867s] Level 1:colcon.colcon_core.environment:checking '/home/mert/cloudy_ws/src/install/robolaunch_cloudy_description/lib/python3.10/site-packages'
[0.867s] Level 1:colcon.colcon_core.environment:checking '/home/mert/cloudy_ws/src/install/robolaunch_cloudy_description/bin'
[0.868s] INFO:colcon.colcon_core.shell:Creating package script '/home/mert/cloudy_ws/src/install/robolaunch_cloudy_description/share/robolaunch_cloudy_description/package.ps1'
[0.869s] INFO:colcon.colcon_core.shell:Creating package descriptor '/home/mert/cloudy_ws/src/install/robolaunch_cloudy_description/share/robolaunch_cloudy_description/package.dsv'
[0.869s] INFO:colcon.colcon_core.shell:Creating package script '/home/mert/cloudy_ws/src/install/robolaunch_cloudy_description/share/robolaunch_cloudy_description/package.sh'
[0.869s] INFO:colcon.colcon_core.shell:Creating package script '/home/mert/cloudy_ws/src/install/robolaunch_cloudy_description/share/robolaunch_cloudy_description/package.bash'
[0.869s] INFO:colcon.colcon_core.shell:Creating package script '/home/mert/cloudy_ws/src/install/robolaunch_cloudy_description/share/robolaunch_cloudy_description/package.zsh'
[0.870s] Level 1:colcon.colcon_core.environment:create_file_with_runtime_dependencies(/home/mert/cloudy_ws/src/install/robolaunch_cloudy_description/share/colcon-core/packages/robolaunch_cloudy_description)
[0.874s] Level 1:colcon.colcon_core.environment:create_environment_scripts_only(robolaunch_cloudy_simulator)
[0.876s] Level 1:colcon.colcon_core.environment:checking '/home/mert/cloudy_ws/src/install/robolaunch_cloudy_simulator' for CMake module files
[0.877s] Level 1:colcon.colcon_core.environment:checking '/home/mert/cloudy_ws/src/install/robolaunch_cloudy_simulator' for CMake config files
[0.877s] Level 1:colcon.colcon_core.shell:create_environment_hook('robolaunch_cloudy_simulator', 'cmake_prefix_path')
[0.878s] INFO:colcon.colcon_core.shell:Creating environment hook '/home/mert/cloudy_ws/src/install/robolaunch_cloudy_simulator/share/robolaunch_cloudy_simulator/hook/cmake_prefix_path.ps1'
[0.878s] INFO:colcon.colcon_core.shell:Creating environment descriptor '/home/mert/cloudy_ws/src/install/robolaunch_cloudy_simulator/share/robolaunch_cloudy_simulator/hook/cmake_prefix_path.dsv'
[0.878s] INFO:colcon.colcon_core.shell:Creating environment hook '/home/mert/cloudy_ws/src/install/robolaunch_cloudy_simulator/share/robolaunch_cloudy_simulator/hook/cmake_prefix_path.sh'
[0.878s] Level 1:colcon.colcon_core.environment:checking '/home/mert/cloudy_ws/src/install/robolaunch_cloudy_simulator/bin'
[0.878s] Level 1:colcon.colcon_core.environment:checking '/home/mert/cloudy_ws/src/install/robolaunch_cloudy_simulator/lib/pkgconfig/robolaunch_cloudy_simulator.pc'
[0.879s] Level 1:colcon.colcon_core.environment:checking '/home/mert/cloudy_ws/src/install/robolaunch_cloudy_simulator/lib/python3.10/site-packages'
[0.879s] Level 1:colcon.colcon_core.environment:checking '/home/mert/cloudy_ws/src/install/robolaunch_cloudy_simulator/bin'
[0.880s] INFO:colcon.colcon_core.shell:Creating package script '/home/mert/cloudy_ws/src/install/robolaunch_cloudy_simulator/share/robolaunch_cloudy_simulator/package.ps1'
[0.880s] INFO:colcon.colcon_core.shell:Creating package descriptor '/home/mert/cloudy_ws/src/install/robolaunch_cloudy_simulator/share/robolaunch_cloudy_simulator/package.dsv'
[0.880s] INFO:colcon.colcon_core.shell:Creating package script '/home/mert/cloudy_ws/src/install/robolaunch_cloudy_simulator/share/robolaunch_cloudy_simulator/package.sh'
[0.880s] INFO:colcon.colcon_core.shell:Creating package script '/home/mert/cloudy_ws/src/install/robolaunch_cloudy_simulator/share/robolaunch_cloudy_simulator/package.bash'
[0.881s] INFO:colcon.colcon_core.shell:Creating package script '/home/mert/cloudy_ws/src/install/robolaunch_cloudy_simulator/share/robolaunch_cloudy_simulator/package.zsh'
[0.881s] Level 1:colcon.colcon_core.environment:create_file_with_runtime_dependencies(/home/mert/cloudy_ws/src/install/robolaunch_cloudy_simulator/share/colcon-core/packages/robolaunch_cloudy_simulator)
[0.883s] Level 1:colcon.colcon_core.environment:create_environment_scripts_only(robolaunch_cloudy_description)
[0.884s] Level 1:colcon.colcon_core.environment:checking '/home/mert/cloudy_ws/src/install/robolaunch_cloudy_description' for CMake module files
[0.884s] Level 1:colcon.colcon_core.environment:checking '/home/mert/cloudy_ws/src/install/robolaunch_cloudy_description' for CMake config files
[0.884s] Level 1:colcon.colcon_core.shell:create_environment_hook('robolaunch_cloudy_description', 'cmake_prefix_path')
[0.885s] INFO:colcon.colcon_core.shell:Creating environment hook '/home/mert/cloudy_ws/src/install/robolaunch_cloudy_description/share/robolaunch_cloudy_description/hook/cmake_prefix_path.ps1'
[0.885s] INFO:colcon.colcon_core.shell:Creating environment descriptor '/home/mert/cloudy_ws/src/install/robolaunch_cloudy_description/share/robolaunch_cloudy_description/hook/cmake_prefix_path.dsv'
[0.886s] INFO:colcon.colcon_core.shell:Creating environment hook '/home/mert/cloudy_ws/src/install/robolaunch_cloudy_description/share/robolaunch_cloudy_description/hook/cmake_prefix_path.sh'
[0.886s] Level 1:colcon.colcon_core.environment:checking '/home/mert/cloudy_ws/src/install/robolaunch_cloudy_description/bin'
[0.886s] Level 1:colcon.colcon_core.environment:checking '/home/mert/cloudy_ws/src/install/robolaunch_cloudy_description/lib/pkgconfig/robolaunch_cloudy_description.pc'
[0.886s] Level 1:colcon.colcon_core.environment:checking '/home/mert/cloudy_ws/src/install/robolaunch_cloudy_description/lib/python3.10/site-packages'
[0.886s] Level 1:colcon.colcon_core.environment:checking '/home/mert/cloudy_ws/src/install/robolaunch_cloudy_description/bin'
[0.887s] INFO:colcon.colcon_core.shell:Creating package script '/home/mert/cloudy_ws/src/install/robolaunch_cloudy_description/share/robolaunch_cloudy_description/package.ps1'
[0.887s] INFO:colcon.colcon_core.shell:Creating package descriptor '/home/mert/cloudy_ws/src/install/robolaunch_cloudy_description/share/robolaunch_cloudy_description/package.dsv'
[0.888s] INFO:colcon.colcon_core.shell:Creating package script '/home/mert/cloudy_ws/src/install/robolaunch_cloudy_description/share/robolaunch_cloudy_description/package.sh'
[0.888s] INFO:colcon.colcon_core.shell:Creating package script '/home/mert/cloudy_ws/src/install/robolaunch_cloudy_description/share/robolaunch_cloudy_description/package.bash'
[0.888s] INFO:colcon.colcon_core.shell:Creating package script '/home/mert/cloudy_ws/src/install/robolaunch_cloudy_description/share/robolaunch_cloudy_description/package.zsh'
[0.888s] Level 1:colcon.colcon_core.environment:create_file_with_runtime_dependencies(/home/mert/cloudy_ws/src/install/robolaunch_cloudy_description/share/colcon-core/packages/robolaunch_cloudy_description)
[1.708s] DEBUG:colcon.colcon_core.event_handler.log_command:Invoked command in '/home/mert/cloudy_ws/src/build/rf2o_laser_odometry' returned '0': CMAKE_PREFIX_PATH=${CMAKE_PREFIX_PATH}:/opt/ros/humble /usr/bin/cmake /home/mert/cloudy_ws/src/rf2o_laser_odometry -DCMAKE_INSTALL_PREFIX=/home/mert/cloudy_ws/src/install/rf2o_laser_odometry
[1.709s] DEBUG:colcon.colcon_core.event_handler.log_command:Invoking command in '/home/mert/cloudy_ws/src/build/rf2o_laser_odometry': CMAKE_PREFIX_PATH=${CMAKE_PREFIX_PATH}:/opt/ros/humble /usr/bin/cmake --build /home/mert/cloudy_ws/src/build/rf2o_laser_odometry -- -j16 -l16
[1.953s] DEBUG:colcon.colcon_core.event_handler.log_command:Invoked command in '/home/mert/cloudy_ws/src/build/robolaunch_cloudy_hardware' returned '0': CMAKE_PREFIX_PATH=${CMAKE_PREFIX_PATH}:/opt/ros/humble /usr/bin/cmake /home/mert/cloudy_ws/src/robolaunch_cloudy_hardware -DCMAKE_INSTALL_PREFIX=/home/mert/cloudy_ws/src/install/robolaunch_cloudy_hardware
[1.954s] DEBUG:colcon.colcon_core.event_handler.log_command:Invoking command in '/home/mert/cloudy_ws/src/build/robolaunch_cloudy_hardware': CMAKE_PREFIX_PATH=${CMAKE_PREFIX_PATH}:/opt/ros/humble /usr/bin/cmake --build /home/mert/cloudy_ws/src/build/robolaunch_cloudy_hardware -- -j16 -l16
[5.737s] DEBUG:colcon.colcon_core.event_handler.log_command:Invoked command in '/home/mert/cloudy_ws/src/build/robolaunch_cloudy_hardware' returned '0': CMAKE_PREFIX_PATH=${CMAKE_PREFIX_PATH}:/opt/ros/humble /usr/bin/cmake --build /home/mert/cloudy_ws/src/build/robolaunch_cloudy_hardware -- -j16 -l16
[5.752s] DEBUG:colcon.colcon_core.event_handler.log_command:Invoking command in '/home/mert/cloudy_ws/src/build/robolaunch_cloudy_hardware': CMAKE_PREFIX_PATH=${CMAKE_PREFIX_PATH}:/opt/ros/humble /usr/bin/cmake --install /home/mert/cloudy_ws/src/build/robolaunch_cloudy_hardware
[5.761s] Level 1:colcon.colcon_core.environment:create_environment_scripts_only(robolaunch_cloudy_hardware)
[5.763s] Level 1:colcon.colcon_core.environment:checking '/home/mert/cloudy_ws/src/install/robolaunch_cloudy_hardware' for CMake module files
[5.763s] DEBUG:colcon.colcon_core.event_handler.log_command:Invoked command in '/home/mert/cloudy_ws/src/build/robolaunch_cloudy_hardware' returned '0': CMAKE_PREFIX_PATH=${CMAKE_PREFIX_PATH}:/opt/ros/humble /usr/bin/cmake --install /home/mert/cloudy_ws/src/build/robolaunch_cloudy_hardware
[5.764s] Level 1:colcon.colcon_core.environment:checking '/home/mert/cloudy_ws/src/install/robolaunch_cloudy_hardware' for CMake config files
[5.764s] Level 1:colcon.colcon_core.shell:create_environment_hook('robolaunch_cloudy_hardware', 'cmake_prefix_path')
[5.765s] INFO:colcon.colcon_core.shell:Creating environment hook '/home/mert/cloudy_ws/src/install/robolaunch_cloudy_hardware/share/robolaunch_cloudy_hardware/hook/cmake_prefix_path.ps1'
[5.765s] INFO:colcon.colcon_core.shell:Creating environment descriptor '/home/mert/cloudy_ws/src/install/robolaunch_cloudy_hardware/share/robolaunch_cloudy_hardware/hook/cmake_prefix_path.dsv'
[5.765s] INFO:colcon.colcon_core.shell:Creating environment hook '/home/mert/cloudy_ws/src/install/robolaunch_cloudy_hardware/share/robolaunch_cloudy_hardware/hook/cmake_prefix_path.sh'
[5.765s] Level 1:colcon.colcon_core.environment:checking '/home/mert/cloudy_ws/src/install/robolaunch_cloudy_hardware/lib'
[5.766s] Level 1:colcon.colcon_core.shell:create_environment_hook('robolaunch_cloudy_hardware', 'ld_library_path_lib')
[5.766s] INFO:colcon.colcon_core.shell:Creating environment hook '/home/mert/cloudy_ws/src/install/robolaunch_cloudy_hardware/share/robolaunch_cloudy_hardware/hook/ld_library_path_lib.ps1'
[5.767s] INFO:colcon.colcon_core.shell:Creating environment descriptor '/home/mert/cloudy_ws/src/install/robolaunch_cloudy_hardware/share/robolaunch_cloudy_hardware/hook/ld_library_path_lib.dsv'
[5.767s] INFO:colcon.colcon_core.shell:Creating environment hook '/home/mert/cloudy_ws/src/install/robolaunch_cloudy_hardware/share/robolaunch_cloudy_hardware/hook/ld_library_path_lib.sh'
[5.767s] Level 1:colcon.colcon_core.environment:checking '/home/mert/cloudy_ws/src/install/robolaunch_cloudy_hardware/bin'
[5.767s] Level 1:colcon.colcon_core.environment:checking '/home/mert/cloudy_ws/src/install/robolaunch_cloudy_hardware/lib/pkgconfig/robolaunch_cloudy_hardware.pc'
[5.767s] Level 1:colcon.colcon_core.environment:checking '/home/mert/cloudy_ws/src/install/robolaunch_cloudy_hardware/lib/python3.10/site-packages'
[5.767s] Level 1:colcon.colcon_core.environment:checking '/home/mert/cloudy_ws/src/install/robolaunch_cloudy_hardware/bin'
[5.768s] INFO:colcon.colcon_core.shell:Creating package script '/home/mert/cloudy_ws/src/install/robolaunch_cloudy_hardware/share/robolaunch_cloudy_hardware/package.ps1'
[5.769s] INFO:colcon.colcon_core.shell:Creating package descriptor '/home/mert/cloudy_ws/src/install/robolaunch_cloudy_hardware/share/robolaunch_cloudy_hardware/package.dsv'
[5.769s] INFO:colcon.colcon_core.shell:Creating package script '/home/mert/cloudy_ws/src/install/robolaunch_cloudy_hardware/share/robolaunch_cloudy_hardware/package.sh'
[5.769s] INFO:colcon.colcon_core.shell:Creating package script '/home/mert/cloudy_ws/src/install/robolaunch_cloudy_hardware/share/robolaunch_cloudy_hardware/package.bash'
[5.769s] INFO:colcon.colcon_core.shell:Creating package script '/home/mert/cloudy_ws/src/install/robolaunch_cloudy_hardware/share/robolaunch_cloudy_hardware/package.zsh'
[5.769s] Level 1:colcon.colcon_core.environment:create_file_with_runtime_dependencies(/home/mert/cloudy_ws/src/install/robolaunch_cloudy_hardware/share/colcon-core/packages/robolaunch_cloudy_hardware)
[5.784s] Level 1:colcon.colcon_core.environment:create_environment_scripts_only(robolaunch_cloudy_hardware)
[5.785s] Level 1:colcon.colcon_core.environment:checking '/home/mert/cloudy_ws/src/install/robolaunch_cloudy_hardware' for CMake module files
[5.785s] Level 1:colcon.colcon_core.environment:checking '/home/mert/cloudy_ws/src/install/robolaunch_cloudy_hardware' for CMake config files
[5.785s] Level 1:colcon.colcon_core.shell:create_environment_hook('robolaunch_cloudy_hardware', 'cmake_prefix_path')
[5.786s] INFO:colcon.colcon_core.shell:Creating environment hook '/home/mert/cloudy_ws/src/install/robolaunch_cloudy_hardware/share/robolaunch_cloudy_hardware/hook/cmake_prefix_path.ps1'
[5.786s] INFO:colcon.colcon_core.shell:Creating environment descriptor '/home/mert/cloudy_ws/src/install/robolaunch_cloudy_hardware/share/robolaunch_cloudy_hardware/hook/cmake_prefix_path.dsv'
[5.787s] INFO:colcon.colcon_core.shell:Creating environment hook '/home/mert/cloudy_ws/src/install/robolaunch_cloudy_hardware/share/robolaunch_cloudy_hardware/hook/cmake_prefix_path.sh'
[5.787s] Level 1:colcon.colcon_core.environment:checking '/home/mert/cloudy_ws/src/install/robolaunch_cloudy_hardware/lib'
[5.787s] Level 1:colcon.colcon_core.shell:create_environment_hook('robolaunch_cloudy_hardware', 'ld_library_path_lib')
[5.788s] INFO:colcon.colcon_core.shell:Creating environment hook '/home/mert/cloudy_ws/src/install/robolaunch_cloudy_hardware/share/robolaunch_cloudy_hardware/hook/ld_library_path_lib.ps1'
[5.788s] INFO:colcon.colcon_core.shell:Creating environment descriptor '/home/mert/cloudy_ws/src/install/robolaunch_cloudy_hardware/share/robolaunch_cloudy_hardware/hook/ld_library_path_lib.dsv'
[5.789s] INFO:colcon.colcon_core.shell:Creating environment hook '/home/mert/cloudy_ws/src/install/robolaunch_cloudy_hardware/share/robolaunch_cloudy_hardware/hook/ld_library_path_lib.sh'
[5.789s] Level 1:colcon.colcon_core.environment:checking '/home/mert/cloudy_ws/src/install/robolaunch_cloudy_hardware/bin'
[5.789s] Level 1:colcon.colcon_core.environment:checking '/home/mert/cloudy_ws/src/install/robolaunch_cloudy_hardware/lib/pkgconfig/robolaunch_cloudy_hardware.pc'
[5.789s] Level 1:colcon.colcon_core.environment:checking '/home/mert/cloudy_ws/src/install/robolaunch_cloudy_hardware/lib/python3.10/site-packages'
[5.789s] Level 1:colcon.colcon_core.environment:checking '/home/mert/cloudy_ws/src/install/robolaunch_cloudy_hardware/bin'
[5.790s] INFO:colcon.colcon_core.shell:Creating package script '/home/mert/cloudy_ws/src/install/robolaunch_cloudy_hardware/share/robolaunch_cloudy_hardware/package.ps1'
[5.790s] INFO:colcon.colcon_core.shell:Creating package descriptor '/home/mert/cloudy_ws/src/install/robolaunch_cloudy_hardware/share/robolaunch_cloudy_hardware/package.dsv'
[5.791s] INFO:colcon.colcon_core.shell:Creating package script '/home/mert/cloudy_ws/src/install/robolaunch_cloudy_hardware/share/robolaunch_cloudy_hardware/package.sh'
[5.791s] INFO:colcon.colcon_core.shell:Creating package script '/home/mert/cloudy_ws/src/install/robolaunch_cloudy_hardware/share/robolaunch_cloudy_hardware/package.bash'
[5.791s] INFO:colcon.colcon_core.shell:Creating package script '/home/mert/cloudy_ws/src/install/robolaunch_cloudy_hardware/share/robolaunch_cloudy_hardware/package.zsh'
[5.792s] Level 1:colcon.colcon_core.environment:create_file_with_runtime_dependencies(/home/mert/cloudy_ws/src/install/robolaunch_cloudy_hardware/share/colcon-core/packages/robolaunch_cloudy_hardware)
[5.792s] INFO:colcon.colcon_ros.task.ament_cmake.build:Building ROS package in '/home/mert/cloudy_ws/src/robolaunch_cloudy_bringup' with build type 'ament_cmake'
[5.792s] INFO:colcon.colcon_cmake.task.cmake.build:Building CMake package in '/home/mert/cloudy_ws/src/robolaunch_cloudy_bringup'
[5.793s] INFO:colcon.colcon_core.shell:Skip shell extension 'powershell' for command environment: Not usable outside of PowerShell
[5.793s] DEBUG:colcon.colcon_core.shell:Skip shell extension 'dsv' for command environment
[5.801s] DEBUG:colcon.colcon_core.event_handler.log_command:Invoking command in '/home/mert/cloudy_ws/src/build/robolaunch_cloudy_bringup': AMENT_PREFIX_PATH=/home/mert/cloudy_ws/src/install/robolaunch_cloudy_hardware:/home/mert/cloudy_ws/src/install/robolaunch_cloudy_description:${AMENT_PREFIX_PATH} CMAKE_PREFIX_PATH=/home/mert/cloudy_ws/src/install/robolaunch_cloudy_hardware:/home/mert/cloudy_ws/src/install/robolaunch_cloudy_description:/home/mert/cloudy_ws/install/robolaunch_cloudy_simulator:/home/mert/cloudy_ws/install/robolaunch_cloudy_navigation:/home/mert/cloudy_ws/install/robolaunch_cloudy_bringup:/home/mert/cloudy_ws/install/robolaunch_cloudy_hardware:/home/mert/cloudy_ws/install/robolaunch_cloudy_description:/home/mert/cloudy_ws/install/rf2o_laser_odometry:/opt/ros/humble LD_LIBRARY_PATH=/home/mert/cloudy_ws/src/install/robolaunch_cloudy_hardware/lib:${LD_LIBRARY_PATH} /usr/bin/cmake /home/mert/cloudy_ws/src/robolaunch_cloudy_bringup -DCMAKE_INSTALL_PREFIX=/home/mert/cloudy_ws/src/install/robolaunch_cloudy_bringup
[6.211s] DEBUG:colcon.colcon_core.event_handler.log_command:Invoked command in '/home/mert/cloudy_ws/src/build/robolaunch_cloudy_bringup' returned '0': AMENT_PREFIX_PATH=/home/mert/cloudy_ws/src/install/robolaunch_cloudy_hardware:/home/mert/cloudy_ws/src/install/robolaunch_cloudy_description:${AMENT_PREFIX_PATH} CMAKE_PREFIX_PATH=/home/mert/cloudy_ws/src/install/robolaunch_cloudy_hardware:/home/mert/cloudy_ws/src/install/robolaunch_cloudy_description:/home/mert/cloudy_ws/install/robolaunch_cloudy_simulator:/home/mert/cloudy_ws/install/robolaunch_cloudy_navigation:/home/mert/cloudy_ws/install/robolaunch_cloudy_bringup:/home/mert/cloudy_ws/install/robolaunch_cloudy_hardware:/home/mert/cloudy_ws/install/robolaunch_cloudy_description:/home/mert/cloudy_ws/install/rf2o_laser_odometry:/opt/ros/humble LD_LIBRARY_PATH=/home/mert/cloudy_ws/src/install/robolaunch_cloudy_hardware/lib:${LD_LIBRARY_PATH} /usr/bin/cmake /home/mert/cloudy_ws/src/robolaunch_cloudy_bringup -DCMAKE_INSTALL_PREFIX=/home/mert/cloudy_ws/src/install/robolaunch_cloudy_bringup
[6.212s] DEBUG:colcon.colcon_core.event_handler.log_command:Invoking command in '/home/mert/cloudy_ws/src/build/robolaunch_cloudy_bringup': AMENT_PREFIX_PATH=/home/mert/cloudy_ws/src/install/robolaunch_cloudy_hardware:/home/mert/cloudy_ws/src/install/robolaunch_cloudy_description:${AMENT_PREFIX_PATH} CMAKE_PREFIX_PATH=/home/mert/cloudy_ws/src/install/robolaunch_cloudy_hardware:/home/mert/cloudy_ws/src/install/robolaunch_cloudy_description:/home/mert/cloudy_ws/install/robolaunch_cloudy_simulator:/home/mert/cloudy_ws/install/robolaunch_cloudy_navigation:/home/mert/cloudy_ws/install/robolaunch_cloudy_bringup:/home/mert/cloudy_ws/install/robolaunch_cloudy_hardware:/home/mert/cloudy_ws/install/robolaunch_cloudy_description:/home/mert/cloudy_ws/install/rf2o_laser_odometry:/opt/ros/humble LD_LIBRARY_PATH=/home/mert/cloudy_ws/src/install/robolaunch_cloudy_hardware/lib:${LD_LIBRARY_PATH} /usr/bin/cmake --build /home/mert/cloudy_ws/src/build/robolaunch_cloudy_bringup -- -j16 -l16
[6.235s] DEBUG:colcon.colcon_core.event_handler.log_command:Invoked command in '/home/mert/cloudy_ws/src/build/robolaunch_cloudy_bringup' returned '0': AMENT_PREFIX_PATH=/home/mert/cloudy_ws/src/install/robolaunch_cloudy_hardware:/home/mert/cloudy_ws/src/install/robolaunch_cloudy_description:${AMENT_PREFIX_PATH} CMAKE_PREFIX_PATH=/home/mert/cloudy_ws/src/install/robolaunch_cloudy_hardware:/home/mert/cloudy_ws/src/install/robolaunch_cloudy_description:/home/mert/cloudy_ws/install/robolaunch_cloudy_simulator:/home/mert/cloudy_ws/install/robolaunch_cloudy_navigation:/home/mert/cloudy_ws/install/robolaunch_cloudy_bringup:/home/mert/cloudy_ws/install/robolaunch_cloudy_hardware:/home/mert/cloudy_ws/install/robolaunch_cloudy_description:/home/mert/cloudy_ws/install/rf2o_laser_odometry:/opt/ros/humble LD_LIBRARY_PATH=/home/mert/cloudy_ws/src/install/robolaunch_cloudy_hardware/lib:${LD_LIBRARY_PATH} /usr/bin/cmake --build /home/mert/cloudy_ws/src/build/robolaunch_cloudy_bringup -- -j16 -l16
[6.248s] DEBUG:colcon.colcon_core.event_handler.log_command:Invoking command in '/home/mert/cloudy_ws/src/build/robolaunch_cloudy_bringup': AMENT_PREFIX_PATH=/home/mert/cloudy_ws/src/install/robolaunch_cloudy_hardware:/home/mert/cloudy_ws/src/install/robolaunch_cloudy_description:${AMENT_PREFIX_PATH} CMAKE_PREFIX_PATH=/home/mert/cloudy_ws/src/install/robolaunch_cloudy_hardware:/home/mert/cloudy_ws/src/install/robolaunch_cloudy_description:/home/mert/cloudy_ws/install/robolaunch_cloudy_simulator:/home/mert/cloudy_ws/install/robolaunch_cloudy_navigation:/home/mert/cloudy_ws/install/robolaunch_cloudy_bringup:/home/mert/cloudy_ws/install/robolaunch_cloudy_hardware:/home/mert/cloudy_ws/install/robolaunch_cloudy_description:/home/mert/cloudy_ws/install/rf2o_laser_odometry:/opt/ros/humble LD_LIBRARY_PATH=/home/mert/cloudy_ws/src/install/robolaunch_cloudy_hardware/lib:${LD_LIBRARY_PATH} /usr/bin/cmake --install /home/mert/cloudy_ws/src/build/robolaunch_cloudy_bringup
[6.254s] Level 1:colcon.colcon_core.environment:create_environment_scripts_only(robolaunch_cloudy_bringup)
[6.256s] Level 1:colcon.colcon_core.environment:checking '/home/mert/cloudy_ws/src/install/robolaunch_cloudy_bringup' for CMake module files
[6.256s] DEBUG:colcon.colcon_core.event_handler.log_command:Invoked command in '/home/mert/cloudy_ws/src/build/robolaunch_cloudy_bringup' returned '0': AMENT_PREFIX_PATH=/home/mert/cloudy_ws/src/install/robolaunch_cloudy_hardware:/home/mert/cloudy_ws/src/install/robolaunch_cloudy_description:${AMENT_PREFIX_PATH} CMAKE_PREFIX_PATH=/home/mert/cloudy_ws/src/install/robolaunch_cloudy_hardware:/home/mert/cloudy_ws/src/install/robolaunch_cloudy_description:/home/mert/cloudy_ws/install/robolaunch_cloudy_simulator:/home/mert/cloudy_ws/install/robolaunch_cloudy_navigation:/home/mert/cloudy_ws/install/robolaunch_cloudy_bringup:/home/mert/cloudy_ws/install/robolaunch_cloudy_hardware:/home/mert/cloudy_ws/install/robolaunch_cloudy_description:/home/mert/cloudy_ws/install/rf2o_laser_odometry:/opt/ros/humble LD_LIBRARY_PATH=/home/mert/cloudy_ws/src/install/robolaunch_cloudy_hardware/lib:${LD_LIBRARY_PATH} /usr/bin/cmake --install /home/mert/cloudy_ws/src/build/robolaunch_cloudy_bringup
[6.256s] Level 1:colcon.colcon_core.environment:checking '/home/mert/cloudy_ws/src/install/robolaunch_cloudy_bringup' for CMake config files
[6.257s] Level 1:colcon.colcon_core.shell:create_environment_hook('robolaunch_cloudy_bringup', 'cmake_prefix_path')
[6.257s] INFO:colcon.colcon_core.shell:Creating environment hook '/home/mert/cloudy_ws/src/install/robolaunch_cloudy_bringup/share/robolaunch_cloudy_bringup/hook/cmake_prefix_path.ps1'
[6.258s] INFO:colcon.colcon_core.shell:Creating environment descriptor '/home/mert/cloudy_ws/src/install/robolaunch_cloudy_bringup/share/robolaunch_cloudy_bringup/hook/cmake_prefix_path.dsv'
[6.258s] INFO:colcon.colcon_core.shell:Creating environment hook '/home/mert/cloudy_ws/src/install/robolaunch_cloudy_bringup/share/robolaunch_cloudy_bringup/hook/cmake_prefix_path.sh'
[6.258s] Level 1:colcon.colcon_core.environment:checking '/home/mert/cloudy_ws/src/install/robolaunch_cloudy_bringup/bin'
[6.258s] Level 1:colcon.colcon_core.environment:checking '/home/mert/cloudy_ws/src/install/robolaunch_cloudy_bringup/lib/pkgconfig/robolaunch_cloudy_bringup.pc'
[6.259s] Level 1:colcon.colcon_core.environment:checking '/home/mert/cloudy_ws/src/install/robolaunch_cloudy_bringup/lib/python3.10/site-packages'
[6.259s] Level 1:colcon.colcon_core.environment:checking '/home/mert/cloudy_ws/src/install/robolaunch_cloudy_bringup/bin'
[6.260s] INFO:colcon.colcon_core.shell:Creating package script '/home/mert/cloudy_ws/src/install/robolaunch_cloudy_bringup/share/robolaunch_cloudy_bringup/package.ps1'
[6.260s] INFO:colcon.colcon_core.shell:Creating package descriptor '/home/mert/cloudy_ws/src/install/robolaunch_cloudy_bringup/share/robolaunch_cloudy_bringup/package.dsv'
[6.260s] INFO:colcon.colcon_core.shell:Creating package script '/home/mert/cloudy_ws/src/install/robolaunch_cloudy_bringup/share/robolaunch_cloudy_bringup/package.sh'
[6.260s] INFO:colcon.colcon_core.shell:Creating package script '/home/mert/cloudy_ws/src/install/robolaunch_cloudy_bringup/share/robolaunch_cloudy_bringup/package.bash'
[6.261s] INFO:colcon.colcon_core.shell:Creating package script '/home/mert/cloudy_ws/src/install/robolaunch_cloudy_bringup/share/robolaunch_cloudy_bringup/package.zsh'
[6.261s] Level 1:colcon.colcon_core.environment:create_file_with_runtime_dependencies(/home/mert/cloudy_ws/src/install/robolaunch_cloudy_bringup/share/colcon-core/packages/robolaunch_cloudy_bringup)
[6.273s] Level 1:colcon.colcon_core.environment:create_environment_scripts_only(robolaunch_cloudy_bringup)
[6.275s] Level 1:colcon.colcon_core.environment:checking '/home/mert/cloudy_ws/src/install/robolaunch_cloudy_bringup' for CMake module files
[6.275s] Level 1:colcon.colcon_core.environment:checking '/home/mert/cloudy_ws/src/install/robolaunch_cloudy_bringup' for CMake config files
[6.275s] Level 1:colcon.colcon_core.shell:create_environment_hook('robolaunch_cloudy_bringup', 'cmake_prefix_path')
[6.276s] INFO:colcon.colcon_core.shell:Creating environment hook '/home/mert/cloudy_ws/src/install/robolaunch_cloudy_bringup/share/robolaunch_cloudy_bringup/hook/cmake_prefix_path.ps1'
[6.276s] INFO:colcon.colcon_core.shell:Creating environment descriptor '/home/mert/cloudy_ws/src/install/robolaunch_cloudy_bringup/share/robolaunch_cloudy_bringup/hook/cmake_prefix_path.dsv'
[6.276s] INFO:colcon.colcon_core.shell:Creating environment hook '/home/mert/cloudy_ws/src/install/robolaunch_cloudy_bringup/share/robolaunch_cloudy_bringup/hook/cmake_prefix_path.sh'
[6.277s] Level 1:colcon.colcon_core.environment:checking '/home/mert/cloudy_ws/src/install/robolaunch_cloudy_bringup/bin'
[6.277s] Level 1:colcon.colcon_core.environment:checking '/home/mert/cloudy_ws/src/install/robolaunch_cloudy_bringup/lib/pkgconfig/robolaunch_cloudy_bringup.pc'
[6.277s] Level 1:colcon.colcon_core.environment:checking '/home/mert/cloudy_ws/src/install/robolaunch_cloudy_bringup/lib/python3.10/site-packages'
[6.277s] Level 1:colcon.colcon_core.environment:checking '/home/mert/cloudy_ws/src/install/robolaunch_cloudy_bringup/bin'
[6.278s] INFO:colcon.colcon_core.shell:Creating package script '/home/mert/cloudy_ws/src/install/robolaunch_cloudy_bringup/share/robolaunch_cloudy_bringup/package.ps1'
[6.278s] INFO:colcon.colcon_core.shell:Creating package descriptor '/home/mert/cloudy_ws/src/install/robolaunch_cloudy_bringup/share/robolaunch_cloudy_bringup/package.dsv'
[6.279s] INFO:colcon.colcon_core.shell:Creating package script '/home/mert/cloudy_ws/src/install/robolaunch_cloudy_bringup/share/robolaunch_cloudy_bringup/package.sh'
[6.279s] INFO:colcon.colcon_core.shell:Creating package script '/home/mert/cloudy_ws/src/install/robolaunch_cloudy_bringup/share/robolaunch_cloudy_bringup/package.bash'
[6.279s] INFO:colcon.colcon_core.shell:Creating package script '/home/mert/cloudy_ws/src/install/robolaunch_cloudy_bringup/share/robolaunch_cloudy_bringup/package.zsh'
[6.280s] Level 1:colcon.colcon_core.environment:create_file_with_runtime_dependencies(/home/mert/cloudy_ws/src/install/robolaunch_cloudy_bringup/share/colcon-core/packages/robolaunch_cloudy_bringup)
[18.110s] DEBUG:colcon.colcon_core.event_handler.log_command:Invoked command in '/home/mert/cloudy_ws/src/build/rf2o_laser_odometry' returned '0': CMAKE_PREFIX_PATH=${CMAKE_PREFIX_PATH}:/opt/ros/humble /usr/bin/cmake --build /home/mert/cloudy_ws/src/build/rf2o_laser_odometry -- -j16 -l16
[18.125s] DEBUG:colcon.colcon_core.event_handler.log_command:Invoking command in '/home/mert/cloudy_ws/src/build/rf2o_laser_odometry': CMAKE_PREFIX_PATH=${CMAKE_PREFIX_PATH}:/opt/ros/humble /usr/bin/cmake --install /home/mert/cloudy_ws/src/build/rf2o_laser_odometry
[18.140s] Level 1:colcon.colcon_core.environment:create_environment_scripts_only(rf2o_laser_odometry)
[18.140s] DEBUG:colcon.colcon_core.event_handler.log_command:Invoked command in '/home/mert/cloudy_ws/src/build/rf2o_laser_odometry' returned '0': CMAKE_PREFIX_PATH=${CMAKE_PREFIX_PATH}:/opt/ros/humble /usr/bin/cmake --install /home/mert/cloudy_ws/src/build/rf2o_laser_odometry
[18.142s] Level 1:colcon.colcon_core.environment:checking '/home/mert/cloudy_ws/src/install/rf2o_laser_odometry' for CMake module files
[18.142s] Level 1:colcon.colcon_core.environment:checking '/home/mert/cloudy_ws/src/install/rf2o_laser_odometry' for CMake config files
[18.142s] Level 1:colcon.colcon_core.shell:create_environment_hook('rf2o_laser_odometry', 'cmake_prefix_path')
[18.143s] INFO:colcon.colcon_core.shell:Creating environment hook '/home/mert/cloudy_ws/src/install/rf2o_laser_odometry/share/rf2o_laser_odometry/hook/cmake_prefix_path.ps1'
[18.143s] INFO:colcon.colcon_core.shell:Creating environment descriptor '/home/mert/cloudy_ws/src/install/rf2o_laser_odometry/share/rf2o_laser_odometry/hook/cmake_prefix_path.dsv'
[18.143s] INFO:colcon.colcon_core.shell:Creating environment hook '/home/mert/cloudy_ws/src/install/rf2o_laser_odometry/share/rf2o_laser_odometry/hook/cmake_prefix_path.sh'
[18.144s] Level 1:colcon.colcon_core.environment:checking '/home/mert/cloudy_ws/src/install/rf2o_laser_odometry/lib'
[18.144s] Level 1:colcon.colcon_core.environment:checking '/home/mert/cloudy_ws/src/install/rf2o_laser_odometry/bin'
[18.144s] Level 1:colcon.colcon_core.environment:checking '/home/mert/cloudy_ws/src/install/rf2o_laser_odometry/lib/pkgconfig/rf2o_laser_odometry.pc'
[18.144s] Level 1:colcon.colcon_core.environment:checking '/home/mert/cloudy_ws/src/install/rf2o_laser_odometry/lib/python3.10/site-packages'
[18.144s] Level 1:colcon.colcon_core.environment:checking '/home/mert/cloudy_ws/src/install/rf2o_laser_odometry/bin'
[18.145s] INFO:colcon.colcon_core.shell:Creating package script '/home/mert/cloudy_ws/src/install/rf2o_laser_odometry/share/rf2o_laser_odometry/package.ps1'
[18.145s] INFO:colcon.colcon_core.shell:Creating package descriptor '/home/mert/cloudy_ws/src/install/rf2o_laser_odometry/share/rf2o_laser_odometry/package.dsv'
[18.145s] INFO:colcon.colcon_core.shell:Creating package script '/home/mert/cloudy_ws/src/install/rf2o_laser_odometry/share/rf2o_laser_odometry/package.sh'
[18.145s] INFO:colcon.colcon_core.shell:Creating package script '/home/mert/cloudy_ws/src/install/rf2o_laser_odometry/share/rf2o_laser_odometry/package.bash'
[18.146s] INFO:colcon.colcon_core.shell:Creating package script '/home/mert/cloudy_ws/src/install/rf2o_laser_odometry/share/rf2o_laser_odometry/package.zsh'
[18.146s] Level 1:colcon.colcon_core.environment:create_file_with_runtime_dependencies(/home/mert/cloudy_ws/src/install/rf2o_laser_odometry/share/colcon-core/packages/rf2o_laser_odometry)
[18.161s] Level 1:colcon.colcon_core.environment:create_environment_scripts_only(rf2o_laser_odometry)
[18.162s] Level 1:colcon.colcon_core.environment:checking '/home/mert/cloudy_ws/src/install/rf2o_laser_odometry' for CMake module files
[18.162s] Level 1:colcon.colcon_core.environment:checking '/home/mert/cloudy_ws/src/install/rf2o_laser_odometry' for CMake config files
[18.162s] Level 1:colcon.colcon_core.shell:create_environment_hook('rf2o_laser_odometry', 'cmake_prefix_path')
[18.163s] INFO:colcon.colcon_core.shell:Creating environment hook '/home/mert/cloudy_ws/src/install/rf2o_laser_odometry/share/rf2o_laser_odometry/hook/cmake_prefix_path.ps1'
[18.163s] INFO:colcon.colcon_core.shell:Creating environment descriptor '/home/mert/cloudy_ws/src/install/rf2o_laser_odometry/share/rf2o_laser_odometry/hook/cmake_prefix_path.dsv'
[18.163s] INFO:colcon.colcon_core.shell:Creating environment hook '/home/mert/cloudy_ws/src/install/rf2o_laser_odometry/share/rf2o_laser_odometry/hook/cmake_prefix_path.sh'
[18.164s] Level 1:colcon.colcon_core.environment:checking '/home/mert/cloudy_ws/src/install/rf2o_laser_odometry/lib'
[18.164s] Level 1:colcon.colcon_core.environment:checking '/home/mert/cloudy_ws/src/install/rf2o_laser_odometry/bin'
[18.164s] Level 1:colcon.colcon_core.environment:checking '/home/mert/cloudy_ws/src/install/rf2o_laser_odometry/lib/pkgconfig/rf2o_laser_odometry.pc'
[18.164s] Level 1:colcon.colcon_core.environment:checking '/home/mert/cloudy_ws/src/install/rf2o_laser_odometry/lib/python3.10/site-packages'
[18.164s] Level 1:colcon.colcon_core.environment:checking '/home/mert/cloudy_ws/src/install/rf2o_laser_odometry/bin'
[18.165s] INFO:colcon.colcon_core.shell:Creating package script '/home/mert/cloudy_ws/src/install/rf2o_laser_odometry/share/rf2o_laser_odometry/package.ps1'
[18.165s] INFO:colcon.colcon_core.shell:Creating package descriptor '/home/mert/cloudy_ws/src/install/rf2o_laser_odometry/share/rf2o_laser_odometry/package.dsv'
[18.166s] INFO:colcon.colcon_core.shell:Creating package script '/home/mert/cloudy_ws/src/install/rf2o_laser_odometry/share/rf2o_laser_odometry/package.sh'
[18.166s] INFO:colcon.colcon_core.shell:Creating package script '/home/mert/cloudy_ws/src/install/rf2o_laser_odometry/share/rf2o_laser_odometry/package.bash'
[18.166s] INFO:colcon.colcon_core.shell:Creating package script '/home/mert/cloudy_ws/src/install/rf2o_laser_odometry/share/rf2o_laser_odometry/package.zsh'
[18.166s] Level 1:colcon.colcon_core.environment:create_file_with_runtime_dependencies(/home/mert/cloudy_ws/src/install/rf2o_laser_odometry/share/colcon-core/packages/rf2o_laser_odometry)
[18.166s] INFO:colcon.colcon_ros.task.ament_cmake.build:Building ROS package in '/home/mert/cloudy_ws/src/robolaunch_cloudy_navigation' with build type 'ament_cmake'
[18.167s] INFO:colcon.colcon_cmake.task.cmake.build:Building CMake package in '/home/mert/cloudy_ws/src/robolaunch_cloudy_navigation'
[18.167s] INFO:colcon.colcon_core.shell:Skip shell extension 'powershell' for command environment: Not usable outside of PowerShell
[18.167s] DEBUG:colcon.colcon_core.shell:Skip shell extension 'dsv' for command environment
[18.173s] DEBUG:colcon.colcon_core.event_handler.log_command:Invoking command in '/home/mert/cloudy_ws/src/build/robolaunch_cloudy_navigation': AMENT_PREFIX_PATH=/home/mert/cloudy_ws/src/install/rf2o_laser_odometry:${AMENT_PREFIX_PATH} CMAKE_PREFIX_PATH=/home/mert/cloudy_ws/src/install/rf2o_laser_odometry:/home/mert/cloudy_ws/install/robolaunch_cloudy_simulator:/home/mert/cloudy_ws/install/robolaunch_cloudy_navigation:/home/mert/cloudy_ws/install/robolaunch_cloudy_bringup:/home/mert/cloudy_ws/install/robolaunch_cloudy_hardware:/home/mert/cloudy_ws/install/robolaunch_cloudy_description:/home/mert/cloudy_ws/install/rf2o_laser_odometry:/opt/ros/humble /usr/bin/cmake /home/mert/cloudy_ws/src/robolaunch_cloudy_navigation -DCMAKE_INSTALL_PREFIX=/home/mert/cloudy_ws/src/install/robolaunch_cloudy_navigation
[19.151s] DEBUG:colcon.colcon_core.event_handler.log_command:Invoked command in '/home/mert/cloudy_ws/src/build/robolaunch_cloudy_navigation' returned '0': AMENT_PREFIX_PATH=/home/mert/cloudy_ws/src/install/rf2o_laser_odometry:${AMENT_PREFIX_PATH} CMAKE_PREFIX_PATH=/home/mert/cloudy_ws/src/install/rf2o_laser_odometry:/home/mert/cloudy_ws/install/robolaunch_cloudy_simulator:/home/mert/cloudy_ws/install/robolaunch_cloudy_navigation:/home/mert/cloudy_ws/install/robolaunch_cloudy_bringup:/home/mert/cloudy_ws/install/robolaunch_cloudy_hardware:/home/mert/cloudy_ws/install/robolaunch_cloudy_description:/home/mert/cloudy_ws/install/rf2o_laser_odometry:/opt/ros/humble /usr/bin/cmake /home/mert/cloudy_ws/src/robolaunch_cloudy_navigation -DCMAKE_INSTALL_PREFIX=/home/mert/cloudy_ws/src/install/robolaunch_cloudy_navigation
[19.152s] DEBUG:colcon.colcon_core.event_handler.log_command:Invoking command in '/home/mert/cloudy_ws/src/build/robolaunch_cloudy_navigation': AMENT_PREFIX_PATH=/home/mert/cloudy_ws/src/install/rf2o_laser_odometry:${AMENT_PREFIX_PATH} CMAKE_PREFIX_PATH=/home/mert/cloudy_ws/src/install/rf2o_laser_odometry:/home/mert/cloudy_ws/install/robolaunch_cloudy_simulator:/home/mert/cloudy_ws/install/robolaunch_cloudy_navigation:/home/mert/cloudy_ws/install/robolaunch_cloudy_bringup:/home/mert/cloudy_ws/install/robolaunch_cloudy_hardware:/home/mert/cloudy_ws/install/robolaunch_cloudy_description:/home/mert/cloudy_ws/install/rf2o_laser_odometry:/opt/ros/humble /usr/bin/cmake --build /home/mert/cloudy_ws/src/build/robolaunch_cloudy_navigation -- -j16 -l16
[19.399s] DEBUG:colcon.colcon_core.event_handler.log_command:Invoked command in '/home/mert/cloudy_ws/src/build/robolaunch_cloudy_navigation' returned '0': AMENT_PREFIX_PATH=/home/mert/cloudy_ws/src/install/rf2o_laser_odometry:${AMENT_PREFIX_PATH} CMAKE_PREFIX_PATH=/home/mert/cloudy_ws/src/install/rf2o_laser_odometry:/home/mert/cloudy_ws/install/robolaunch_cloudy_simulator:/home/mert/cloudy_ws/install/robolaunch_cloudy_navigation:/home/mert/cloudy_ws/install/robolaunch_cloudy_bringup:/home/mert/cloudy_ws/install/robolaunch_cloudy_hardware:/home/mert/cloudy_ws/install/robolaunch_cloudy_description:/home/mert/cloudy_ws/install/rf2o_laser_odometry:/opt/ros/humble /usr/bin/cmake --build /home/mert/cloudy_ws/src/build/robolaunch_cloudy_navigation -- -j16 -l16
[19.413s] DEBUG:colcon.colcon_core.event_handler.log_command:Invoking command in '/home/mert/cloudy_ws/src/build/robolaunch_cloudy_navigation': AMENT_PREFIX_PATH=/home/mert/cloudy_ws/src/install/rf2o_laser_odometry:${AMENT_PREFIX_PATH} CMAKE_PREFIX_PATH=/home/mert/cloudy_ws/src/install/rf2o_laser_odometry:/home/mert/cloudy_ws/install/robolaunch_cloudy_simulator:/home/mert/cloudy_ws/install/robolaunch_cloudy_navigation:/home/mert/cloudy_ws/install/robolaunch_cloudy_bringup:/home/mert/cloudy_ws/install/robolaunch_cloudy_hardware:/home/mert/cloudy_ws/install/robolaunch_cloudy_description:/home/mert/cloudy_ws/install/rf2o_laser_odometry:/opt/ros/humble /usr/bin/cmake --install /home/mert/cloudy_ws/src/build/robolaunch_cloudy_navigation
[19.450s] Level 1:colcon.colcon_core.environment:create_environment_scripts_only(robolaunch_cloudy_navigation)
[19.452s] Level 1:colcon.colcon_core.environment:checking '/home/mert/cloudy_ws/src/install/robolaunch_cloudy_navigation' for CMake module files
[19.452s] DEBUG:colcon.colcon_core.event_handler.log_command:Invoked command in '/home/mert/cloudy_ws/src/build/robolaunch_cloudy_navigation' returned '0': AMENT_PREFIX_PATH=/home/mert/cloudy_ws/src/install/rf2o_laser_odometry:${AMENT_PREFIX_PATH} CMAKE_PREFIX_PATH=/home/mert/cloudy_ws/src/install/rf2o_laser_odometry:/home/mert/cloudy_ws/install/robolaunch_cloudy_simulator:/home/mert/cloudy_ws/install/robolaunch_cloudy_navigation:/home/mert/cloudy_ws/install/robolaunch_cloudy_bringup:/home/mert/cloudy_ws/install/robolaunch_cloudy_hardware:/home/mert/cloudy_ws/install/robolaunch_cloudy_description:/home/mert/cloudy_ws/install/rf2o_laser_odometry:/opt/ros/humble /usr/bin/cmake --install /home/mert/cloudy_ws/src/build/robolaunch_cloudy_navigation
[19.453s] Level 1:colcon.colcon_core.environment:checking '/home/mert/cloudy_ws/src/install/robolaunch_cloudy_navigation' for CMake config files
[19.453s] Level 1:colcon.colcon_core.shell:create_environment_hook('robolaunch_cloudy_navigation', 'cmake_prefix_path')
[19.454s] INFO:colcon.colcon_core.shell:Creating environment hook '/home/mert/cloudy_ws/src/install/robolaunch_cloudy_navigation/share/robolaunch_cloudy_navigation/hook/cmake_prefix_path.ps1'
[19.454s] INFO:colcon.colcon_core.shell:Creating environment descriptor '/home/mert/cloudy_ws/src/install/robolaunch_cloudy_navigation/share/robolaunch_cloudy_navigation/hook/cmake_prefix_path.dsv'
[19.454s] INFO:colcon.colcon_core.shell:Creating environment hook '/home/mert/cloudy_ws/src/install/robolaunch_cloudy_navigation/share/robolaunch_cloudy_navigation/hook/cmake_prefix_path.sh'
[19.455s] Level 1:colcon.colcon_core.environment:checking '/home/mert/cloudy_ws/src/install/robolaunch_cloudy_navigation/lib'
[19.455s] Level 1:colcon.colcon_core.environment:checking '/home/mert/cloudy_ws/src/install/robolaunch_cloudy_navigation/bin'
[19.455s] Level 1:colcon.colcon_core.environment:checking '/home/mert/cloudy_ws/src/install/robolaunch_cloudy_navigation/lib/pkgconfig/robolaunch_cloudy_navigation.pc'
[19.455s] Level 1:colcon.colcon_core.environment:checking '/home/mert/cloudy_ws/src/install/robolaunch_cloudy_navigation/lib/python3.10/site-packages'
[19.455s] Level 1:colcon.colcon_core.environment:checking '/home/mert/cloudy_ws/src/install/robolaunch_cloudy_navigation/bin'
[19.456s] INFO:colcon.colcon_core.shell:Creating package script '/home/mert/cloudy_ws/src/install/robolaunch_cloudy_navigation/share/robolaunch_cloudy_navigation/package.ps1'
[19.457s] INFO:colcon.colcon_core.shell:Creating package descriptor '/home/mert/cloudy_ws/src/install/robolaunch_cloudy_navigation/share/robolaunch_cloudy_navigation/package.dsv'
[19.457s] INFO:colcon.colcon_core.shell:Creating package script '/home/mert/cloudy_ws/src/install/robolaunch_cloudy_navigation/share/robolaunch_cloudy_navigation/package.sh'
[19.457s] INFO:colcon.colcon_core.shell:Creating package script '/home/mert/cloudy_ws/src/install/robolaunch_cloudy_navigation/share/robolaunch_cloudy_navigation/package.bash'
[19.457s] INFO:colcon.colcon_core.shell:Creating package script '/home/mert/cloudy_ws/src/install/robolaunch_cloudy_navigation/share/robolaunch_cloudy_navigation/package.zsh'
[19.457s] Level 1:colcon.colcon_core.environment:create_file_with_runtime_dependencies(/home/mert/cloudy_ws/src/install/robolaunch_cloudy_navigation/share/colcon-core/packages/robolaunch_cloudy_navigation)
[19.471s] Level 1:colcon.colcon_core.environment:create_environment_scripts_only(robolaunch_cloudy_navigation)
[19.473s] Level 1:colcon.colcon_core.environment:checking '/home/mert/cloudy_ws/src/install/robolaunch_cloudy_navigation' for CMake module files
[19.473s] Level 1:colcon.colcon_core.environment:checking '/home/mert/cloudy_ws/src/install/robolaunch_cloudy_navigation' for CMake config files
[19.473s] Level 1:colcon.colcon_core.shell:create_environment_hook('robolaunch_cloudy_navigation', 'cmake_prefix_path')
[19.474s] INFO:colcon.colcon_core.shell:Creating environment hook '/home/mert/cloudy_ws/src/install/robolaunch_cloudy_navigation/share/robolaunch_cloudy_navigation/hook/cmake_prefix_path.ps1'
[19.474s] INFO:colcon.colcon_core.shell:Creating environment descriptor '/home/mert/cloudy_ws/src/install/robolaunch_cloudy_navigation/share/robolaunch_cloudy_navigation/hook/cmake_prefix_path.dsv'
[19.475s] INFO:colcon.colcon_core.shell:Creating environment hook '/home/mert/cloudy_ws/src/install/robolaunch_cloudy_navigation/share/robolaunch_cloudy_navigation/hook/cmake_prefix_path.sh'
[19.475s] Level 1:colcon.colcon_core.environment:checking '/home/mert/cloudy_ws/src/install/robolaunch_cloudy_navigation/lib'
[19.475s] Level 1:colcon.colcon_core.environment:checking '/home/mert/cloudy_ws/src/install/robolaunch_cloudy_navigation/bin'
[19.475s] Level 1:colcon.colcon_core.environment:checking '/home/mert/cloudy_ws/src/install/robolaunch_cloudy_navigation/lib/pkgconfig/robolaunch_cloudy_navigation.pc'
[19.475s] Level 1:colcon.colcon_core.environment:checking '/home/mert/cloudy_ws/src/install/robolaunch_cloudy_navigation/lib/python3.10/site-packages'
[19.475s] Level 1:colcon.colcon_core.environment:checking '/home/mert/cloudy_ws/src/install/robolaunch_cloudy_navigation/bin'
[19.476s] INFO:colcon.colcon_core.shell:Creating package script '/home/mert/cloudy_ws/src/install/robolaunch_cloudy_navigation/share/robolaunch_cloudy_navigation/package.ps1'
[19.477s] INFO:colcon.colcon_core.shell:Creating package descriptor '/home/mert/cloudy_ws/src/install/robolaunch_cloudy_navigation/share/robolaunch_cloudy_navigation/package.dsv'
[19.477s] INFO:colcon.colcon_core.shell:Creating package script '/home/mert/cloudy_ws/src/install/robolaunch_cloudy_navigation/share/robolaunch_cloudy_navigation/package.sh'
[19.477s] INFO:colcon.colcon_core.shell:Creating package script '/home/mert/cloudy_ws/src/install/robolaunch_cloudy_navigation/share/robolaunch_cloudy_navigation/package.bash'
[19.477s] INFO:colcon.colcon_core.shell:Creating package script '/home/mert/cloudy_ws/src/install/robolaunch_cloudy_navigation/share/robolaunch_cloudy_navigation/package.zsh'
[19.478s] Level 1:colcon.colcon_core.environment:create_file_with_runtime_dependencies(/home/mert/cloudy_ws/src/install/robolaunch_cloudy_navigation/share/colcon-core/packages/robolaunch_cloudy_navigation)
[19.478s] DEBUG:colcon.colcon_parallel_executor.executor.parallel:closing loop
[19.478s] DEBUG:colcon.colcon_parallel_executor.executor.parallel:loop closed
[19.478s] DEBUG:colcon.colcon_parallel_executor.executor.parallel:run_until_complete finished with '0'
[19.478s] DEBUG:colcon.colcon_core.event_reactor:joining thread
[19.483s] INFO:colcon.colcon_core.plugin_system:Skipping extension 'colcon_notification.desktop_notification.terminal_notifier': Not used on non-Darwin systems
[19.483s] INFO:colcon.colcon_core.plugin_system:Skipping extension 'colcon_notification.desktop_notification.win32': Not used on non-Windows systems
[19.483s] INFO:colcon.colcon_notification.desktop_notification:Sending desktop notification using 'notify2'
[19.492s] DEBUG:colcon.colcon_core.event_reactor:joined thread
[19.493s] INFO:colcon.colcon_core.shell:Creating prefix script '/home/mert/cloudy_ws/src/install/local_setup.ps1'
[19.494s] INFO:colcon.colcon_core.shell:Creating prefix util module '/home/mert/cloudy_ws/src/install/_local_setup_util_ps1.py'
[19.495s] INFO:colcon.colcon_core.shell:Creating prefix chain script '/home/mert/cloudy_ws/src/install/setup.ps1'
[19.496s] INFO:colcon.colcon_core.shell:Creating prefix script '/home/mert/cloudy_ws/src/install/local_setup.sh'
[19.496s] INFO:colcon.colcon_core.shell:Creating prefix util module '/home/mert/cloudy_ws/src/install/_local_setup_util_sh.py'
[19.497s] INFO:colcon.colcon_core.shell:Creating prefix chain script '/home/mert/cloudy_ws/src/install/setup.sh'
[19.498s] INFO:colcon.colcon_core.shell:Creating prefix script '/home/mert/cloudy_ws/src/install/local_setup.bash'
[19.498s] INFO:colcon.colcon_core.shell:Creating prefix chain script '/home/mert/cloudy_ws/src/install/setup.bash'
[19.499s] INFO:colcon.colcon_core.shell:Creating prefix script '/home/mert/cloudy_ws/src/install/local_setup.zsh'
[19.499s] INFO:colcon.colcon_core.shell:Creating prefix chain script '/home/mert/cloudy_ws/src/install/setup.zsh'
