-- Install configuration: ""
-- Up-to-date: /home/mert/gokhan_cloudy/src/install/robolaunch_cloudy_simulator/share/robolaunch_cloudy_simulator/description
-- Up-to-date: /home/mert/gokhan_cloudy/src/install/robolaunch_cloudy_simulator/share/robolaunch_cloudy_simulator/description/inertial_macros.xacro
-- Up-to-date: /home/mert/gokhan_cloudy/src/install/robolaunch_cloudy_simulator/share/robolaunch_cloudy_simulator/launch
-- Up-to-date: /home/mert/gokhan_cloudy/src/install/robolaunch_cloudy_simulator/share/robolaunch_cloudy_simulator/launch/gazebo.launch.py
-- Up-to-date: /home/mert/gokhan_cloudy/src/install/robolaunch_cloudy_simulator/share/robolaunch_cloudy_simulator/worlds
-- Up-to-date: /home/mert/gokhan_cloudy/src/install/robolaunch_cloudy_simulator/share/robolaunch_cloudy_simulator/worlds/playground.world
-- Up-to-date: /home/mert/gokhan_cloudy/src/install/robolaunch_cloudy_simulator/share/robolaunch_cloudy_simulator/worlds/empty.world
-- Up-to-date: /home/mert/gokhan_cloudy/src/install/robolaunch_cloudy_simulator/share/robolaunch_cloudy_simulator/worlds/industrial-warehouse.sdf
-- Up-to-date: /home/mert/gokhan_cloudy/src/install/robolaunch_cloudy_simulator/share/ament_index/resource_index/package_run_dependencies/robolaunch_cloudy_simulator
-- Up-to-date: /home/mert/gokhan_cloudy/src/install/robolaunch_cloudy_simulator/share/ament_index/resource_index/parent_prefix_path/robolaunch_cloudy_simulator
-- Up-to-date: /home/mert/gokhan_cloudy/src/install/robolaunch_cloudy_simulator/share/robolaunch_cloudy_simulator/environment/ament_prefix_path.sh
-- Up-to-date: /home/mert/gokhan_cloudy/src/install/robolaunch_cloudy_simulator/share/robolaunch_cloudy_simulator/environment/ament_prefix_path.dsv
-- Up-to-date: /home/mert/gokhan_cloudy/src/install/robolaunch_cloudy_simulator/share/robolaunch_cloudy_simulator/environment/path.sh
-- Up-to-date: /home/mert/gokhan_cloudy/src/install/robolaunch_cloudy_simulator/share/robolaunch_cloudy_simulator/environment/path.dsv
-- Up-to-date: /home/mert/gokhan_cloudy/src/install/robolaunch_cloudy_simulator/share/robolaunch_cloudy_simulator/local_setup.bash
-- Up-to-date: /home/mert/gokhan_cloudy/src/install/robolaunch_cloudy_simulator/share/robolaunch_cloudy_simulator/local_setup.sh
-- Up-to-date: /home/mert/gokhan_cloudy/src/install/robolaunch_cloudy_simulator/share/robolaunch_cloudy_simulator/local_setup.zsh
-- Up-to-date: /home/mert/gokhan_cloudy/src/install/robolaunch_cloudy_simulator/share/robolaunch_cloudy_simulator/local_setup.dsv
-- Installing: /home/mert/gokhan_cloudy/src/install/robolaunch_cloudy_simulator/share/robolaunch_cloudy_simulator/package.dsv
-- Up-to-date: /home/mert/gokhan_cloudy/src/install/robolaunch_cloudy_simulator/share/ament_index/resource_index/packages/robolaunch_cloudy_simulator
-- Up-to-date: /home/mert/gokhan_cloudy/src/install/robolaunch_cloudy_simulator/share/robolaunch_cloudy_simulator/cmake/robolaunch_cloudy_simulatorConfig.cmake
-- Up-to-date: /home/mert/gokhan_cloudy/src/install/robolaunch_cloudy_simulator/share/robolaunch_cloudy_simulator/cmake/robolaunch_cloudy_simulatorConfig-version.cmake
-- Up-to-date: /home/mert/gokhan_cloudy/src/install/robolaunch_cloudy_simulator/share/robolaunch_cloudy_simulator/package.xml
