-- The C compiler identification is GNU 11.3.0
-- The CXX compiler identification is GNU 11.3.0
-- Detecting C compiler ABI info
-- Detecting C compiler ABI info - done
-- Check for working C compiler: /usr/bin/cc - skipped
-- Detecting C compile features
-- Detecting C compile features - done
-- Detecting CXX compiler ABI info
-- Detecting CXX compiler ABI info - done
-- Check for working CXX compiler: /usr/bin/c++ - skipped
-- Detecting CXX compile features
-- Detecting CXX compile features - done
-- Found ament_cmake: 1.3.3 (/opt/ros/humble/share/ament_cmake/cmake)
-- Found Python3: /usr/bin/python3.10 (found version "3.10.6") found components: Interpreter 
-- Found controller_interface: 2.18.0 (/opt/ros/humble/share/controller_interface/cmake)
-- Found rosidl_generator_c: 3.1.4 (/opt/ros/humble/share/rosidl_generator_c/cmake)
-- Found rosidl_adapter: 3.1.4 (/opt/ros/humble/share/rosidl_adapter/cmake)
-- Found rosidl_generator_cpp: 3.1.4 (/opt/ros/humble/share/rosidl_generator_cpp/cmake)
-- Using all available rosidl_typesupport_c: rosidl_typesupport_fastrtps_c;rosidl_typesupport_introspection_c
-- Using all available rosidl_typesupport_cpp: rosidl_typesupport_fastrtps_cpp;rosidl_typesupport_introspection_cpp
-- Found rmw_implementation_cmake: 6.1.1 (/opt/ros/humble/share/rmw_implementation_cmake/cmake)
-- Found rmw_fastrtps_cpp: 6.2.2 (/opt/ros/humble/share/rmw_fastrtps_cpp/cmake)
-- Found OpenSSL: /usr/lib/x86_64-linux-gnu/libcrypto.so (found version "3.0.2")  
-- Found FastRTPS: /opt/ros/humble/include  
-- Using RMW implementation 'rmw_fastrtps_cpp' as default
-- Looking for pthread.h
-- Looking for pthread.h - found
-- Performing Test CMAKE_HAVE_LIBC_PTHREAD
-- Performing Test CMAKE_HAVE_LIBC_PTHREAD - Success
-- Found Threads: TRUE  
-- Found ament_cmake_gtest: 1.3.3 (/opt/ros/humble/share/ament_cmake_gtest/cmake)
-- Configuring done
-- Generating done
-- Build files have been written to: /home/mert/cloudy_ws/src/build/robolaunch_cloudy_hardware
[ 50%] [32mBuilding CXX object CMakeFiles/robolaunch_cloudy_hardware.dir/src/diffbot_system.cpp.o[0m
[01m[K/home/mert/cloudy_ws/src/robolaunch_cloudy_hardware/src/diffbot_system.cpp:[m[K In member function ‘[01m[Kvirtual hardware_interface::return_type robolaunch_cloudy_hardware::DiffBotSystemHardware::read(const rclcpp::Time&, const rclcpp::Duration&)[m[K’:
[01m[K/home/mert/cloudy_ws/src/robolaunch_cloudy_hardware/src/diffbot_system.cpp:178:81:[m[K [01;35m[Kwarning: [m[Kunused parameter ‘[01m[Ktime[m[K’ [[01;35m[K]8;;https://gcc.gnu.org/onlinedocs/gcc/Warning-Options.html#index-Wunused-parameter-Wunused-parameter]8;;[m[K]
  178 | hardware_interface::return_type DiffBotSystemHardware::read([01;35m[Kconst rclcpp::Time& time[m[K, const rclcpp::Duration& duration)
      |                                                             [01;35m[K~~~~~~~~~~~~~~~~~~~~^~~~[m[K
[100%] [32m[1mLinking CXX shared library librobolaunch_cloudy_hardware.so[0m
[100%] Built target robolaunch_cloudy_hardware
-- Install configuration: ""
-- Installing: /home/mert/cloudy_ws/src/install/robolaunch_cloudy_hardware/share/robolaunch_cloudy_hardware/robolaunch_cloudy_hardware.xml
-- Installing: /home/mert/cloudy_ws/src/install/robolaunch_cloudy_hardware/lib/librobolaunch_cloudy_hardware.so
-- Set runtime path of "/home/mert/cloudy_ws/src/install/robolaunch_cloudy_hardware/lib/librobolaunch_cloudy_hardware.so" to ""
-- Installing: /home/mert/cloudy_ws/src/install/robolaunch_cloudy_hardware/include
-- Installing: /home/mert/cloudy_ws/src/install/robolaunch_cloudy_hardware/include/robolaunch_cloudy_hardware
-- Installing: /home/mert/cloudy_ws/src/install/robolaunch_cloudy_hardware/include/robolaunch_cloudy_hardware/diffbot_system.hpp
-- Installing: /home/mert/cloudy_ws/src/install/robolaunch_cloudy_hardware/include/robolaunch_cloudy_hardware/visibility_control.h
-- Installing: /home/mert/cloudy_ws/src/install/robolaunch_cloudy_hardware/share/robolaunch_cloudy_hardware/environment/library_path.sh
-- Installing: /home/mert/cloudy_ws/src/install/robolaunch_cloudy_hardware/share/robolaunch_cloudy_hardware/environment/library_path.dsv
-- Installing: /home/mert/cloudy_ws/src/install/robolaunch_cloudy_hardware/share/ament_index/resource_index/package_run_dependencies/robolaunch_cloudy_hardware
-- Installing: /home/mert/cloudy_ws/src/install/robolaunch_cloudy_hardware/share/ament_index/resource_index/parent_prefix_path/robolaunch_cloudy_hardware
-- Installing: /home/mert/cloudy_ws/src/install/robolaunch_cloudy_hardware/share/robolaunch_cloudy_hardware/environment/ament_prefix_path.sh
-- Installing: /home/mert/cloudy_ws/src/install/robolaunch_cloudy_hardware/share/robolaunch_cloudy_hardware/environment/ament_prefix_path.dsv
-- Installing: /home/mert/cloudy_ws/src/install/robolaunch_cloudy_hardware/share/robolaunch_cloudy_hardware/environment/path.sh
-- Installing: /home/mert/cloudy_ws/src/install/robolaunch_cloudy_hardware/share/robolaunch_cloudy_hardware/environment/path.dsv
-- Installing: /home/mert/cloudy_ws/src/install/robolaunch_cloudy_hardware/share/robolaunch_cloudy_hardware/local_setup.bash
-- Installing: /home/mert/cloudy_ws/src/install/robolaunch_cloudy_hardware/share/robolaunch_cloudy_hardware/local_setup.sh
-- Installing: /home/mert/cloudy_ws/src/install/robolaunch_cloudy_hardware/share/robolaunch_cloudy_hardware/local_setup.zsh
-- Installing: /home/mert/cloudy_ws/src/install/robolaunch_cloudy_hardware/share/robolaunch_cloudy_hardware/local_setup.dsv
-- Installing: /home/mert/cloudy_ws/src/install/robolaunch_cloudy_hardware/share/robolaunch_cloudy_hardware/package.dsv
-- Installing: /home/mert/cloudy_ws/src/install/robolaunch_cloudy_hardware/share/ament_index/resource_index/packages/robolaunch_cloudy_hardware
-- Installing: /home/mert/cloudy_ws/src/install/robolaunch_cloudy_hardware/share/ament_index/resource_index/hardware_interface__pluginlib__plugin/robolaunch_cloudy_hardware
-- Installing: /home/mert/cloudy_ws/src/install/robolaunch_cloudy_hardware/share/robolaunch_cloudy_hardware/cmake/ament_cmake_export_include_directories-extras.cmake
-- Installing: /home/mert/cloudy_ws/src/install/robolaunch_cloudy_hardware/share/robolaunch_cloudy_hardware/cmake/ament_cmake_export_libraries-extras.cmake
-- Installing: /home/mert/cloudy_ws/src/install/robolaunch_cloudy_hardware/share/robolaunch_cloudy_hardware/cmake/ament_cmake_export_dependencies-extras.cmake
-- Installing: /home/mert/cloudy_ws/src/install/robolaunch_cloudy_hardware/share/robolaunch_cloudy_hardware/cmake/robolaunch_cloudy_hardwareConfig.cmake
-- Installing: /home/mert/cloudy_ws/src/install/robolaunch_cloudy_hardware/share/robolaunch_cloudy_hardware/cmake/robolaunch_cloudy_hardwareConfig-version.cmake
-- Installing: /home/mert/cloudy_ws/src/install/robolaunch_cloudy_hardware/share/robolaunch_cloudy_hardware/package.xml
