[0.013s] Invoking command in '/home/mert/cloudy_ws/src/build/robolaunch_cloudy_hardware': CMAKE_PREFIX_PATH=${CMAKE_PREFIX_PATH}:/opt/ros/humble /usr/bin/cmake /home/mert/cloudy_ws/src/robolaunch_cloudy_hardware -DCMAKE_INSTALL_PREFIX=/home/mert/cloudy_ws/src/install/robolaunch_cloudy_hardware
[0.071s] -- The C compiler identification is GNU 11.3.0
[0.109s] -- The CXX compiler identification is GNU 11.3.0
[0.115s] -- Detecting C compiler ABI info
[0.158s] -- Detecting C compiler ABI info - done
[0.163s] -- Check for working C compiler: /usr/bin/cc - skipped
[0.163s] -- Detecting C compile features
[0.164s] -- Detecting C compile features - done
[0.166s] -- Detecting CXX compiler ABI info
[0.216s] -- Detecting CXX compiler ABI info - done
[0.221s] -- Check for working CXX compiler: /usr/bin/c++ - skipped
[0.221s] -- Detecting CXX compile features
[0.221s] -- Detecting CXX compile features - done
[0.226s] -- Found ament_cmake: 1.3.3 (/opt/ros/humble/share/ament_cmake/cmake)
[0.351s] -- Found Python3: /usr/bin/python3.10 (found version "3.10.6") found components: Interpreter 
[0.419s] -- Found controller_interface: 2.18.0 (/opt/ros/humble/share/controller_interface/cmake)
[0.460s] -- Found rosidl_generator_c: 3.1.4 (/opt/ros/humble/share/rosidl_generator_c/cmake)
[0.465s] -- Found rosidl_adapter: 3.1.4 (/opt/ros/humble/share/rosidl_adapter/cmake)
[0.473s] -- Found rosidl_generator_cpp: 3.1.4 (/opt/ros/humble/share/rosidl_generator_cpp/cmake)
[0.486s] -- Using all available rosidl_typesupport_c: rosidl_typesupport_fastrtps_c;rosidl_typesupport_introspection_c
[0.503s] -- Using all available rosidl_typesupport_cpp: rosidl_typesupport_fastrtps_cpp;rosidl_typesupport_introspection_cpp
[1.002s] -- Found rmw_implementation_cmake: 6.1.1 (/opt/ros/humble/share/rmw_implementation_cmake/cmake)
[1.004s] -- Found rmw_fastrtps_cpp: 6.2.2 (/opt/ros/humble/share/rmw_fastrtps_cpp/cmake)
[1.066s] -- Found OpenSSL: /usr/lib/x86_64-linux-gnu/libcrypto.so (found version "3.0.2")  
[1.084s] -- Found FastRTPS: /opt/ros/humble/include  
[1.117s] -- Using RMW implementation 'rmw_fastrtps_cpp' as default
[1.123s] -- Looking for pthread.h
[1.166s] -- Looking for pthread.h - found
[1.166s] -- Performing Test CMAKE_HAVE_LIBC_PTHREAD
[1.208s] -- Performing Test CMAKE_HAVE_LIBC_PTHREAD - Success
[1.208s] -- Found Threads: TRUE  
[1.566s] -- Found ament_cmake_gtest: 1.3.3 (/opt/ros/humble/share/ament_cmake_gtest/cmake)
[1.616s] -- Configuring done
[1.632s] -- Generating done
[1.633s] -- Build files have been written to: /home/mert/cloudy_ws/src/build/robolaunch_cloudy_hardware
[1.642s] Invoked command in '/home/mert/cloudy_ws/src/build/robolaunch_cloudy_hardware' returned '0': CMAKE_PREFIX_PATH=${CMAKE_PREFIX_PATH}:/opt/ros/humble /usr/bin/cmake /home/mert/cloudy_ws/src/robolaunch_cloudy_hardware -DCMAKE_INSTALL_PREFIX=/home/mert/cloudy_ws/src/install/robolaunch_cloudy_hardware
[1.644s] Invoking command in '/home/mert/cloudy_ws/src/build/robolaunch_cloudy_hardware': CMAKE_PREFIX_PATH=${CMAKE_PREFIX_PATH}:/opt/ros/humble /usr/bin/cmake --build /home/mert/cloudy_ws/src/build/robolaunch_cloudy_hardware -- -j16 -l16
[1.675s] [ 50%] [32mBuilding CXX object CMakeFiles/robolaunch_cloudy_hardware.dir/src/diffbot_system.cpp.o[0m
[3.409s] [01m[K/home/mert/cloudy_ws/src/robolaunch_cloudy_hardware/src/diffbot_system.cpp:[m[K In member function ‘[01m[Kvirtual hardware_interface::return_type robolaunch_cloudy_hardware::DiffBotSystemHardware::read(const rclcpp::Time&, const rclcpp::Duration&)[m[K’:
[3.409s] [01m[K/home/mert/cloudy_ws/src/robolaunch_cloudy_hardware/src/diffbot_system.cpp:178:81:[m[K [01;35m[Kwarning: [m[Kunused parameter ‘[01m[Ktime[m[K’ [[01;35m[K]8;;https://gcc.gnu.org/onlinedocs/gcc/Warning-Options.html#index-Wunused-parameter-Wunused-parameter]8;;[m[K]
[3.409s]   178 | hardware_interface::return_type DiffBotSystemHardware::read([01;35m[Kconst rclcpp::Time& time[m[K, const rclcpp::Duration& duration)
[3.409s]       |                                                             [01;35m[K~~~~~~~~~~~~~~~~~~~~^~~~[m[K
[5.214s] [100%] [32m[1mLinking CXX shared library librobolaunch_cloudy_hardware.so[0m
[5.416s] [100%] Built target robolaunch_cloudy_hardware
[5.427s] Invoked command in '/home/mert/cloudy_ws/src/build/robolaunch_cloudy_hardware' returned '0': CMAKE_PREFIX_PATH=${CMAKE_PREFIX_PATH}:/opt/ros/humble /usr/bin/cmake --build /home/mert/cloudy_ws/src/build/robolaunch_cloudy_hardware -- -j16 -l16
[5.442s] Invoking command in '/home/mert/cloudy_ws/src/build/robolaunch_cloudy_hardware': CMAKE_PREFIX_PATH=${CMAKE_PREFIX_PATH}:/opt/ros/humble /usr/bin/cmake --install /home/mert/cloudy_ws/src/build/robolaunch_cloudy_hardware
[5.446s] -- Install configuration: ""
[5.446s] -- Installing: /home/mert/cloudy_ws/src/install/robolaunch_cloudy_hardware/share/robolaunch_cloudy_hardware/robolaunch_cloudy_hardware.xml
[5.447s] -- Installing: /home/mert/cloudy_ws/src/install/robolaunch_cloudy_hardware/lib/librobolaunch_cloudy_hardware.so
[5.448s] -- Set runtime path of "/home/mert/cloudy_ws/src/install/robolaunch_cloudy_hardware/lib/librobolaunch_cloudy_hardware.so" to ""
[5.449s] -- Installing: /home/mert/cloudy_ws/src/install/robolaunch_cloudy_hardware/include
[5.449s] -- Installing: /home/mert/cloudy_ws/src/install/robolaunch_cloudy_hardware/include/robolaunch_cloudy_hardware
[5.449s] -- Installing: /home/mert/cloudy_ws/src/install/robolaunch_cloudy_hardware/include/robolaunch_cloudy_hardware/diffbot_system.hpp
[5.449s] -- Installing: /home/mert/cloudy_ws/src/install/robolaunch_cloudy_hardware/include/robolaunch_cloudy_hardware/visibility_control.h
[5.449s] -- Installing: /home/mert/cloudy_ws/src/install/robolaunch_cloudy_hardware/share/robolaunch_cloudy_hardware/environment/library_path.sh
[5.449s] -- Installing: /home/mert/cloudy_ws/src/install/robolaunch_cloudy_hardware/share/robolaunch_cloudy_hardware/environment/library_path.dsv
[5.449s] -- Installing: /home/mert/cloudy_ws/src/install/robolaunch_cloudy_hardware/share/ament_index/resource_index/package_run_dependencies/robolaunch_cloudy_hardware
[5.449s] -- Installing: /home/mert/cloudy_ws/src/install/robolaunch_cloudy_hardware/share/ament_index/resource_index/parent_prefix_path/robolaunch_cloudy_hardware
[5.449s] -- Installing: /home/mert/cloudy_ws/src/install/robolaunch_cloudy_hardware/share/robolaunch_cloudy_hardware/environment/ament_prefix_path.sh
[5.449s] -- Installing: /home/mert/cloudy_ws/src/install/robolaunch_cloudy_hardware/share/robolaunch_cloudy_hardware/environment/ament_prefix_path.dsv
[5.449s] -- Installing: /home/mert/cloudy_ws/src/install/robolaunch_cloudy_hardware/share/robolaunch_cloudy_hardware/environment/path.sh
[5.449s] -- Installing: /home/mert/cloudy_ws/src/install/robolaunch_cloudy_hardware/share/robolaunch_cloudy_hardware/environment/path.dsv
[5.449s] -- Installing: /home/mert/cloudy_ws/src/install/robolaunch_cloudy_hardware/share/robolaunch_cloudy_hardware/local_setup.bash
[5.449s] -- Installing: /home/mert/cloudy_ws/src/install/robolaunch_cloudy_hardware/share/robolaunch_cloudy_hardware/local_setup.sh
[5.450s] -- Installing: /home/mert/cloudy_ws/src/install/robolaunch_cloudy_hardware/share/robolaunch_cloudy_hardware/local_setup.zsh
[5.450s] -- Installing: /home/mert/cloudy_ws/src/install/robolaunch_cloudy_hardware/share/robolaunch_cloudy_hardware/local_setup.dsv
[5.450s] -- Installing: /home/mert/cloudy_ws/src/install/robolaunch_cloudy_hardware/share/robolaunch_cloudy_hardware/package.dsv
[5.450s] -- Installing: /home/mert/cloudy_ws/src/install/robolaunch_cloudy_hardware/share/ament_index/resource_index/packages/robolaunch_cloudy_hardware
[5.450s] -- Installing: /home/mert/cloudy_ws/src/install/robolaunch_cloudy_hardware/share/ament_index/resource_index/hardware_interface__pluginlib__plugin/robolaunch_cloudy_hardware
[5.450s] -- Installing: /home/mert/cloudy_ws/src/install/robolaunch_cloudy_hardware/share/robolaunch_cloudy_hardware/cmake/ament_cmake_export_include_directories-extras.cmake
[5.450s] -- Installing: /home/mert/cloudy_ws/src/install/robolaunch_cloudy_hardware/share/robolaunch_cloudy_hardware/cmake/ament_cmake_export_libraries-extras.cmake
[5.450s] -- Installing: /home/mert/cloudy_ws/src/install/robolaunch_cloudy_hardware/share/robolaunch_cloudy_hardware/cmake/ament_cmake_export_dependencies-extras.cmake
[5.450s] -- Installing: /home/mert/cloudy_ws/src/install/robolaunch_cloudy_hardware/share/robolaunch_cloudy_hardware/cmake/robolaunch_cloudy_hardwareConfig.cmake
[5.450s] -- Installing: /home/mert/cloudy_ws/src/install/robolaunch_cloudy_hardware/share/robolaunch_cloudy_hardware/cmake/robolaunch_cloudy_hardwareConfig-version.cmake
[5.450s] -- Installing: /home/mert/cloudy_ws/src/install/robolaunch_cloudy_hardware/share/robolaunch_cloudy_hardware/package.xml
[5.452s] Invoked command in '/home/mert/cloudy_ws/src/build/robolaunch_cloudy_hardware' returned '0': CMAKE_PREFIX_PATH=${CMAKE_PREFIX_PATH}:/opt/ros/humble /usr/bin/cmake --install /home/mert/cloudy_ws/src/build/robolaunch_cloudy_hardware
