[0.032s] Invoking command in '/home/mert/gokhan_cloudy/src/build/rf2o_laser_odometry': CMAKE_PREFIX_PATH=${CMAKE_PREFIX_PATH}:/home/mert/gokhan_cloudy/install/mecanum_control:/opt/ros/humble /usr/bin/cmake /home/mert/gokhan_cloudy/src/rf2o_laser_odometry -DCMAKE_INSTALL_PREFIX=/home/mert/gokhan_cloudy/src/install/rf2o_laser_odometry
[0.267s] -- The C compiler identification is GNU 11.3.0
[0.267s] -- The CXX compiler identification is GNU 11.3.0
[0.267s] -- Detecting C compiler ABI info
[0.268s] -- Detecting C compiler ABI info - done
[0.268s] -- Check for working C compiler: /usr/bin/cc - skipped
[0.268s] -- Detecting C compile features
[0.268s] -- Detecting C compile features - done
[0.268s] -- Detecting CXX compiler ABI info
[0.268s] -- Detecting CXX compiler ABI info - done
[0.268s] -- Check for working CXX compiler: /usr/bin/c++ - skipped
[0.268s] -- Detecting CXX compile features
[0.268s] -- Detecting CXX compile features - done
[0.268s] -- Found ament_cmake: 1.3.3 (/opt/ros/humble/share/ament_cmake/cmake)
[0.361s] -- Found Python3: /usr/bin/python3.10 (found version "3.10.6") found components: Interpreter 
[0.443s] -- Found rclcpp: 16.0.3 (/opt/ros/humble/share/rclcpp/cmake)
[0.484s] -- Found rosidl_generator_c: 3.1.4 (/opt/ros/humble/share/rosidl_generator_c/cmake)
[0.489s] -- Found rosidl_adapter: 3.1.4 (/opt/ros/humble/share/rosidl_adapter/cmake)
[0.496s] -- Found rosidl_generator_cpp: 3.1.4 (/opt/ros/humble/share/rosidl_generator_cpp/cmake)
[0.507s] -- Using all available rosidl_typesupport_c: rosidl_typesupport_fastrtps_c;rosidl_typesupport_introspection_c
[0.523s] -- Using all available rosidl_typesupport_cpp: rosidl_typesupport_fastrtps_cpp;rosidl_typesupport_introspection_cpp
[0.580s] -- Found rmw_implementation_cmake: 6.1.1 (/opt/ros/humble/share/rmw_implementation_cmake/cmake)
[0.582s] -- Found rmw_fastrtps_cpp: 6.2.2 (/opt/ros/humble/share/rmw_fastrtps_cpp/cmake)
[0.651s] -- Found OpenSSL: /usr/lib/x86_64-linux-gnu/libcrypto.so (found version "3.0.2")  
[0.672s] -- Found FastRTPS: /opt/ros/humble/include  
[0.707s] -- Using RMW implementation 'rmw_fastrtps_cpp' as default
[0.715s] -- Looking for pthread.h
[0.760s] -- Looking for pthread.h - found
[0.760s] -- Performing Test CMAKE_HAVE_LIBC_PTHREAD
[0.804s] -- Performing Test CMAKE_HAVE_LIBC_PTHREAD - Success
[0.804s] -- Found Threads: TRUE  
[0.925s] -- Found geometry_msgs: 4.2.3 (/opt/ros/humble/share/geometry_msgs/cmake)
[0.957s] -- Found tf2_geometry_msgs: 0.25.2 (/opt/ros/humble/share/tf2_geometry_msgs/cmake)
[0.970s] -- Found eigen3_cmake_module: 0.1.1 (/opt/ros/humble/share/eigen3_cmake_module/cmake)
[0.971s] -- Found Eigen3: TRUE (found version "3.4.0") 
[0.971s] -- Ensuring Eigen3 include directory is part of orocos-kdl CMake target
[1.269s] -- Found sensor_msgs: 4.2.3 (/opt/ros/humble/share/sensor_msgs/cmake)
[1.334s] -- Found nav_msgs: 4.2.3 (/opt/ros/humble/share/nav_msgs/cmake)
[1.411s] -- Found Boost: /usr/lib/x86_64-linux-gnu/cmake/Boost-1.74.0/BoostConfig.cmake (found version "1.74.0")  
[1.507s] -- Configuring done
[1.535s] -- Generating done
[1.539s] -- Build files have been written to: /home/mert/gokhan_cloudy/src/build/rf2o_laser_odometry
[1.569s] Invoked command in '/home/mert/gokhan_cloudy/src/build/rf2o_laser_odometry' returned '0': CMAKE_PREFIX_PATH=${CMAKE_PREFIX_PATH}:/home/mert/gokhan_cloudy/install/mecanum_control:/opt/ros/humble /usr/bin/cmake /home/mert/gokhan_cloudy/src/rf2o_laser_odometry -DCMAKE_INSTALL_PREFIX=/home/mert/gokhan_cloudy/src/install/rf2o_laser_odometry
[1.570s] Invoking command in '/home/mert/gokhan_cloudy/src/build/rf2o_laser_odometry': CMAKE_PREFIX_PATH=${CMAKE_PREFIX_PATH}:/home/mert/gokhan_cloudy/install/mecanum_control:/opt/ros/humble /usr/bin/cmake --build /home/mert/gokhan_cloudy/src/build/rf2o_laser_odometry -- -j16 -l16
[1.630s] [ 20%] [32mBuilding CXX object CMakeFiles/rf2o_laser_odometry_node.dir/src/CLaserOdometry2DNode.cpp.o[0m
[1.637s] [ 40%] [32mBuilding CXX object CMakeFiles/rf2o_laser_odometry.dir/src/CLaserOdometry2D.cpp.o[0m
[1.640s] [ 60%] [32mBuilding CXX object CMakeFiles/rf2o_laser_odometry_node.dir/src/CLaserOdometry2D.cpp.o[0m
[17.618s] [ 80%] [32m[1mLinking CXX static library librf2o_laser_odometry.a[0m
[17.788s] [ 80%] Built target rf2o_laser_odometry
[17.982s] [100%] [32m[1mLinking CXX executable rf2o_laser_odometry_node[0m
[18.707s] [100%] Built target rf2o_laser_odometry_node
[18.718s] Invoked command in '/home/mert/gokhan_cloudy/src/build/rf2o_laser_odometry' returned '0': CMAKE_PREFIX_PATH=${CMAKE_PREFIX_PATH}:/home/mert/gokhan_cloudy/install/mecanum_control:/opt/ros/humble /usr/bin/cmake --build /home/mert/gokhan_cloudy/src/build/rf2o_laser_odometry -- -j16 -l16
[18.736s] Invoking command in '/home/mert/gokhan_cloudy/src/build/rf2o_laser_odometry': CMAKE_PREFIX_PATH=${CMAKE_PREFIX_PATH}:/home/mert/gokhan_cloudy/install/mecanum_control:/opt/ros/humble /usr/bin/cmake --install /home/mert/gokhan_cloudy/src/build/rf2o_laser_odometry
[18.740s] -- Install configuration: ""
[18.740s] -- Installing: /home/mert/gokhan_cloudy/src/install/rf2o_laser_odometry/lib/rf2o_laser_odometry/rf2o_laser_odometry_node
[18.748s] -- Set runtime path of "/home/mert/gokhan_cloudy/src/install/rf2o_laser_odometry/lib/rf2o_laser_odometry/rf2o_laser_odometry_node" to ""
[18.748s] -- Installing: /home/mert/gokhan_cloudy/src/install/rf2o_laser_odometry/share/rf2o_laser_odometry/launch
[18.748s] -- Installing: /home/mert/gokhan_cloudy/src/install/rf2o_laser_odometry/share/rf2o_laser_odometry/launch/rf2o_laser_odometry.launch.py
[18.748s] -- Installing: /home/mert/gokhan_cloudy/src/install/rf2o_laser_odometry/share/ament_index/resource_index/package_run_dependencies/rf2o_laser_odometry
[18.748s] -- Installing: /home/mert/gokhan_cloudy/src/install/rf2o_laser_odometry/share/ament_index/resource_index/parent_prefix_path/rf2o_laser_odometry
[18.748s] -- Installing: /home/mert/gokhan_cloudy/src/install/rf2o_laser_odometry/share/rf2o_laser_odometry/environment/ament_prefix_path.sh
[18.748s] -- Installing: /home/mert/gokhan_cloudy/src/install/rf2o_laser_odometry/share/rf2o_laser_odometry/environment/ament_prefix_path.dsv
[18.748s] -- Installing: /home/mert/gokhan_cloudy/src/install/rf2o_laser_odometry/share/rf2o_laser_odometry/environment/path.sh
[18.749s] -- Installing: /home/mert/gokhan_cloudy/src/install/rf2o_laser_odometry/share/rf2o_laser_odometry/environment/path.dsv
[18.749s] -- Installing: /home/mert/gokhan_cloudy/src/install/rf2o_laser_odometry/share/rf2o_laser_odometry/local_setup.bash
[18.749s] -- Installing: /home/mert/gokhan_cloudy/src/install/rf2o_laser_odometry/share/rf2o_laser_odometry/local_setup.sh
[18.749s] -- Installing: /home/mert/gokhan_cloudy/src/install/rf2o_laser_odometry/share/rf2o_laser_odometry/local_setup.zsh
[18.749s] -- Installing: /home/mert/gokhan_cloudy/src/install/rf2o_laser_odometry/share/rf2o_laser_odometry/local_setup.dsv
[18.749s] -- Installing: /home/mert/gokhan_cloudy/src/install/rf2o_laser_odometry/share/rf2o_laser_odometry/package.dsv
[18.749s] -- Installing: /home/mert/gokhan_cloudy/src/install/rf2o_laser_odometry/share/ament_index/resource_index/packages/rf2o_laser_odometry
[18.749s] -- Installing: /home/mert/gokhan_cloudy/src/install/rf2o_laser_odometry/share/rf2o_laser_odometry/cmake/rf2o_laser_odometryConfig.cmake
[18.749s] -- Installing: /home/mert/gokhan_cloudy/src/install/rf2o_laser_odometry/share/rf2o_laser_odometry/cmake/rf2o_laser_odometryConfig-version.cmake
[18.749s] -- Installing: /home/mert/gokhan_cloudy/src/install/rf2o_laser_odometry/share/rf2o_laser_odometry/package.xml
[18.750s] Invoked command in '/home/mert/gokhan_cloudy/src/build/rf2o_laser_odometry' returned '0': CMAKE_PREFIX_PATH=${CMAKE_PREFIX_PATH}:/home/mert/gokhan_cloudy/install/mecanum_control:/opt/ros/humble /usr/bin/cmake --install /home/mert/gokhan_cloudy/src/build/rf2o_laser_odometry
