-- Install configuration: ""
-- Up-to-date: /home/mert/gokhan_cloudy/src/install/robolaunch_cloudy_bringup/share/robolaunch_cloudy_bringup/config
-- Up-to-date: /home/mert/gokhan_cloudy/src/install/robolaunch_cloudy_bringup/share/robolaunch_cloudy_bringup/config/diffbot_diff_drive_controller.yaml
-- Up-to-date: /home/mert/gokhan_cloudy/src/install/robolaunch_cloudy_bringup/share/robolaunch_cloudy_bringup/launch
-- Up-to-date: /home/mert/gokhan_cloudy/src/install/robolaunch_cloudy_bringup/share/robolaunch_cloudy_bringup/launch/diffbot_system.launch.py
-- Up-to-date: /home/mert/gokhan_cloudy/src/install/robolaunch_cloudy_bringup/share/robolaunch_cloudy_bringup/launch/view_robot.launch.py
-- Up-to-date: /home/mert/gokhan_cloudy/src/install/robolaunch_cloudy_bringup/share/ament_index/resource_index/package_run_dependencies/robolaunch_cloudy_bringup
-- Up-to-date: /home/mert/gokhan_cloudy/src/install/robolaunch_cloudy_bringup/share/ament_index/resource_index/parent_prefix_path/robolaunch_cloudy_bringup
-- Up-to-date: /home/mert/gokhan_cloudy/src/install/robolaunch_cloudy_bringup/share/robolaunch_cloudy_bringup/environment/ament_prefix_path.sh
-- Up-to-date: /home/mert/gokhan_cloudy/src/install/robolaunch_cloudy_bringup/share/robolaunch_cloudy_bringup/environment/ament_prefix_path.dsv
-- Up-to-date: /home/mert/gokhan_cloudy/src/install/robolaunch_cloudy_bringup/share/robolaunch_cloudy_bringup/environment/path.sh
-- Up-to-date: /home/mert/gokhan_cloudy/src/install/robolaunch_cloudy_bringup/share/robolaunch_cloudy_bringup/environment/path.dsv
-- Up-to-date: /home/mert/gokhan_cloudy/src/install/robolaunch_cloudy_bringup/share/robolaunch_cloudy_bringup/local_setup.bash
-- Up-to-date: /home/mert/gokhan_cloudy/src/install/robolaunch_cloudy_bringup/share/robolaunch_cloudy_bringup/local_setup.sh
-- Up-to-date: /home/mert/gokhan_cloudy/src/install/robolaunch_cloudy_bringup/share/robolaunch_cloudy_bringup/local_setup.zsh
-- Up-to-date: /home/mert/gokhan_cloudy/src/install/robolaunch_cloudy_bringup/share/robolaunch_cloudy_bringup/local_setup.dsv
-- Installing: /home/mert/gokhan_cloudy/src/install/robolaunch_cloudy_bringup/share/robolaunch_cloudy_bringup/package.dsv
-- Up-to-date: /home/mert/gokhan_cloudy/src/install/robolaunch_cloudy_bringup/share/ament_index/resource_index/packages/robolaunch_cloudy_bringup
-- Up-to-date: /home/mert/gokhan_cloudy/src/install/robolaunch_cloudy_bringup/share/robolaunch_cloudy_bringup/cmake/robolaunch_cloudy_bringupConfig.cmake
-- Up-to-date: /home/mert/gokhan_cloudy/src/install/robolaunch_cloudy_bringup/share/robolaunch_cloudy_bringup/cmake/robolaunch_cloudy_bringupConfig-version.cmake
-- Up-to-date: /home/mert/gokhan_cloudy/src/install/robolaunch_cloudy_bringup/share/robolaunch_cloudy_bringup/package.xml
