[0.009s] Invoking command in '/home/mert/gokhan_cloudy/src/build/robolaunch_cloudy_bringup': AMENT_PREFIX_PATH=/home/mert/gokhan_cloudy/src/install/robolaunch_cloudy_hardware:/home/mert/gokhan_cloudy/src/install/robolaunch_cloudy_description:${AMENT_PREFIX_PATH} CMAKE_PREFIX_PATH=/home/mert/gokhan_cloudy/src/install/robolaunch_cloudy_hardware:/home/mert/gokhan_cloudy/src/install/robolaunch_cloudy_description:/home/mert/gokhan_cloudy/install/sllidar_ros2:/home/mert/gokhan_cloudy/install/robolaunch_cloudy_simulator:/home/mert/gokhan_cloudy/install/robolaunch_cloudy_navigation:/home/mert/gokhan_cloudy/install/robolaunch_cloudy_bringup:/home/mert/gokhan_cloudy/install/robolaunch_cloudy_hardware:/home/mert/gokhan_cloudy/install/robolaunch_cloudy_description:/home/mert/gokhan_cloudy/install/rf2o_laser_odometry:/home/mert/gokhan_cloudy/install/mecanum_control:/opt/ros/humble LD_LIBRARY_PATH=/home/mert/gokhan_cloudy/src/install/robolaunch_cloudy_hardware/lib:${LD_LIBRARY_PATH} /usr/bin/cmake /home/mert/gokhan_cloudy/src/robolaunch_cloudy_bringup -DCMAKE_INSTALL_PREFIX=/home/mert/gokhan_cloudy/src/install/robolaunch_cloudy_bringup
[0.045s] -- The C compiler identification is GNU 11.3.0
[0.083s] -- The CXX compiler identification is GNU 11.3.0
[0.088s] -- Detecting C compiler ABI info
[0.133s] -- Detecting C compiler ABI info - done
[0.138s] -- Check for working C compiler: /usr/bin/cc - skipped
[0.139s] -- Detecting C compile features
[0.139s] -- Detecting C compile features - done
[0.141s] -- Detecting CXX compiler ABI info
[0.195s] -- Detecting CXX compiler ABI info - done
[0.202s] -- Check for working CXX compiler: /usr/bin/c++ - skipped
[0.202s] -- Detecting CXX compile features
[0.202s] -- Detecting CXX compile features - done
[0.205s] -- Found ament_cmake: 1.3.3 (/opt/ros/humble/share/ament_cmake/cmake)
[0.332s] -- Found Python3: /usr/bin/python3.10 (found version "3.10.6") found components: Interpreter 
[0.453s] -- Configuring done
[0.454s] -- Generating done
[0.455s] -- Build files have been written to: /home/mert/gokhan_cloudy/src/build/robolaunch_cloudy_bringup
[0.458s] Invoked command in '/home/mert/gokhan_cloudy/src/build/robolaunch_cloudy_bringup' returned '0': AMENT_PREFIX_PATH=/home/mert/gokhan_cloudy/src/install/robolaunch_cloudy_hardware:/home/mert/gokhan_cloudy/src/install/robolaunch_cloudy_description:${AMENT_PREFIX_PATH} CMAKE_PREFIX_PATH=/home/mert/gokhan_cloudy/src/install/robolaunch_cloudy_hardware:/home/mert/gokhan_cloudy/src/install/robolaunch_cloudy_description:/home/mert/gokhan_cloudy/install/sllidar_ros2:/home/mert/gokhan_cloudy/install/robolaunch_cloudy_simulator:/home/mert/gokhan_cloudy/install/robolaunch_cloudy_navigation:/home/mert/gokhan_cloudy/install/robolaunch_cloudy_bringup:/home/mert/gokhan_cloudy/install/robolaunch_cloudy_hardware:/home/mert/gokhan_cloudy/install/robolaunch_cloudy_description:/home/mert/gokhan_cloudy/install/rf2o_laser_odometry:/home/mert/gokhan_cloudy/install/mecanum_control:/opt/ros/humble LD_LIBRARY_PATH=/home/mert/gokhan_cloudy/src/install/robolaunch_cloudy_hardware/lib:${LD_LIBRARY_PATH} /usr/bin/cmake /home/mert/gokhan_cloudy/src/robolaunch_cloudy_bringup -DCMAKE_INSTALL_PREFIX=/home/mert/gokhan_cloudy/src/install/robolaunch_cloudy_bringup
[0.460s] Invoking command in '/home/mert/gokhan_cloudy/src/build/robolaunch_cloudy_bringup': AMENT_PREFIX_PATH=/home/mert/gokhan_cloudy/src/install/robolaunch_cloudy_hardware:/home/mert/gokhan_cloudy/src/install/robolaunch_cloudy_description:${AMENT_PREFIX_PATH} CMAKE_PREFIX_PATH=/home/mert/gokhan_cloudy/src/install/robolaunch_cloudy_hardware:/home/mert/gokhan_cloudy/src/install/robolaunch_cloudy_description:/home/mert/gokhan_cloudy/install/sllidar_ros2:/home/mert/gokhan_cloudy/install/robolaunch_cloudy_simulator:/home/mert/gokhan_cloudy/install/robolaunch_cloudy_navigation:/home/mert/gokhan_cloudy/install/robolaunch_cloudy_bringup:/home/mert/gokhan_cloudy/install/robolaunch_cloudy_hardware:/home/mert/gokhan_cloudy/install/robolaunch_cloudy_description:/home/mert/gokhan_cloudy/install/rf2o_laser_odometry:/home/mert/gokhan_cloudy/install/mecanum_control:/opt/ros/humble LD_LIBRARY_PATH=/home/mert/gokhan_cloudy/src/install/robolaunch_cloudy_hardware/lib:${LD_LIBRARY_PATH} /usr/bin/cmake --build /home/mert/gokhan_cloudy/src/build/robolaunch_cloudy_bringup -- -j16 -l16
[0.487s] Invoked command in '/home/mert/gokhan_cloudy/src/build/robolaunch_cloudy_bringup' returned '0': AMENT_PREFIX_PATH=/home/mert/gokhan_cloudy/src/install/robolaunch_cloudy_hardware:/home/mert/gokhan_cloudy/src/install/robolaunch_cloudy_description:${AMENT_PREFIX_PATH} CMAKE_PREFIX_PATH=/home/mert/gokhan_cloudy/src/install/robolaunch_cloudy_hardware:/home/mert/gokhan_cloudy/src/install/robolaunch_cloudy_description:/home/mert/gokhan_cloudy/install/sllidar_ros2:/home/mert/gokhan_cloudy/install/robolaunch_cloudy_simulator:/home/mert/gokhan_cloudy/install/robolaunch_cloudy_navigation:/home/mert/gokhan_cloudy/install/robolaunch_cloudy_bringup:/home/mert/gokhan_cloudy/install/robolaunch_cloudy_hardware:/home/mert/gokhan_cloudy/install/robolaunch_cloudy_description:/home/mert/gokhan_cloudy/install/rf2o_laser_odometry:/home/mert/gokhan_cloudy/install/mecanum_control:/opt/ros/humble LD_LIBRARY_PATH=/home/mert/gokhan_cloudy/src/install/robolaunch_cloudy_hardware/lib:${LD_LIBRARY_PATH} /usr/bin/cmake --build /home/mert/gokhan_cloudy/src/build/robolaunch_cloudy_bringup -- -j16 -l16
[0.502s] Invoking command in '/home/mert/gokhan_cloudy/src/build/robolaunch_cloudy_bringup': AMENT_PREFIX_PATH=/home/mert/gokhan_cloudy/src/install/robolaunch_cloudy_hardware:/home/mert/gokhan_cloudy/src/install/robolaunch_cloudy_description:${AMENT_PREFIX_PATH} CMAKE_PREFIX_PATH=/home/mert/gokhan_cloudy/src/install/robolaunch_cloudy_hardware:/home/mert/gokhan_cloudy/src/install/robolaunch_cloudy_description:/home/mert/gokhan_cloudy/install/sllidar_ros2:/home/mert/gokhan_cloudy/install/robolaunch_cloudy_simulator:/home/mert/gokhan_cloudy/install/robolaunch_cloudy_navigation:/home/mert/gokhan_cloudy/install/robolaunch_cloudy_bringup:/home/mert/gokhan_cloudy/install/robolaunch_cloudy_hardware:/home/mert/gokhan_cloudy/install/robolaunch_cloudy_description:/home/mert/gokhan_cloudy/install/rf2o_laser_odometry:/home/mert/gokhan_cloudy/install/mecanum_control:/opt/ros/humble LD_LIBRARY_PATH=/home/mert/gokhan_cloudy/src/install/robolaunch_cloudy_hardware/lib:${LD_LIBRARY_PATH} /usr/bin/cmake --install /home/mert/gokhan_cloudy/src/build/robolaunch_cloudy_bringup
[0.507s] -- Install configuration: ""
[0.507s] -- Installing: /home/mert/gokhan_cloudy/src/install/robolaunch_cloudy_bringup/share/robolaunch_cloudy_bringup/config
[0.507s] -- Installing: /home/mert/gokhan_cloudy/src/install/robolaunch_cloudy_bringup/share/robolaunch_cloudy_bringup/config/diffbot_diff_drive_controller.yaml
[0.507s] -- Installing: /home/mert/gokhan_cloudy/src/install/robolaunch_cloudy_bringup/share/robolaunch_cloudy_bringup/launch
[0.507s] -- Installing: /home/mert/gokhan_cloudy/src/install/robolaunch_cloudy_bringup/share/robolaunch_cloudy_bringup/launch/diffbot_system.launch.py
[0.507s] -- Installing: /home/mert/gokhan_cloudy/src/install/robolaunch_cloudy_bringup/share/robolaunch_cloudy_bringup/launch/view_robot.launch.py
[0.507s] -- Installing: /home/mert/gokhan_cloudy/src/install/robolaunch_cloudy_bringup/share/ament_index/resource_index/package_run_dependencies/robolaunch_cloudy_bringup
[0.508s] -- Installing: /home/mert/gokhan_cloudy/src/install/robolaunch_cloudy_bringup/share/ament_index/resource_index/parent_prefix_path/robolaunch_cloudy_bringup
[0.508s] -- Installing: /home/mert/gokhan_cloudy/src/install/robolaunch_cloudy_bringup/share/robolaunch_cloudy_bringup/environment/ament_prefix_path.sh
[0.508s] -- Installing: /home/mert/gokhan_cloudy/src/install/robolaunch_cloudy_bringup/share/robolaunch_cloudy_bringup/environment/ament_prefix_path.dsv
[0.508s] -- Installing: /home/mert/gokhan_cloudy/src/install/robolaunch_cloudy_bringup/share/robolaunch_cloudy_bringup/environment/path.sh
[0.508s] -- Installing: /home/mert/gokhan_cloudy/src/install/robolaunch_cloudy_bringup/share/robolaunch_cloudy_bringup/environment/path.dsv
[0.508s] -- Installing: /home/mert/gokhan_cloudy/src/install/robolaunch_cloudy_bringup/share/robolaunch_cloudy_bringup/local_setup.bash
[0.508s] -- Installing: /home/mert/gokhan_cloudy/src/install/robolaunch_cloudy_bringup/share/robolaunch_cloudy_bringup/local_setup.sh
[0.508s] -- Installing: /home/mert/gokhan_cloudy/src/install/robolaunch_cloudy_bringup/share/robolaunch_cloudy_bringup/local_setup.zsh
[0.508s] -- Installing: /home/mert/gokhan_cloudy/src/install/robolaunch_cloudy_bringup/share/robolaunch_cloudy_bringup/local_setup.dsv
[0.508s] -- Installing: /home/mert/gokhan_cloudy/src/install/robolaunch_cloudy_bringup/share/robolaunch_cloudy_bringup/package.dsv
[0.509s] -- Installing: /home/mert/gokhan_cloudy/src/install/robolaunch_cloudy_bringup/share/ament_index/resource_index/packages/robolaunch_cloudy_bringup
[0.509s] -- Installing: /home/mert/gokhan_cloudy/src/install/robolaunch_cloudy_bringup/share/robolaunch_cloudy_bringup/cmake/robolaunch_cloudy_bringupConfig.cmake
[0.509s] -- Installing: /home/mert/gokhan_cloudy/src/install/robolaunch_cloudy_bringup/share/robolaunch_cloudy_bringup/cmake/robolaunch_cloudy_bringupConfig-version.cmake
[0.509s] -- Installing: /home/mert/gokhan_cloudy/src/install/robolaunch_cloudy_bringup/share/robolaunch_cloudy_bringup/package.xml
[0.510s] Invoked command in '/home/mert/gokhan_cloudy/src/build/robolaunch_cloudy_bringup' returned '0': AMENT_PREFIX_PATH=/home/mert/gokhan_cloudy/src/install/robolaunch_cloudy_hardware:/home/mert/gokhan_cloudy/src/install/robolaunch_cloudy_description:${AMENT_PREFIX_PATH} CMAKE_PREFIX_PATH=/home/mert/gokhan_cloudy/src/install/robolaunch_cloudy_hardware:/home/mert/gokhan_cloudy/src/install/robolaunch_cloudy_description:/home/mert/gokhan_cloudy/install/sllidar_ros2:/home/mert/gokhan_cloudy/install/robolaunch_cloudy_simulator:/home/mert/gokhan_cloudy/install/robolaunch_cloudy_navigation:/home/mert/gokhan_cloudy/install/robolaunch_cloudy_bringup:/home/mert/gokhan_cloudy/install/robolaunch_cloudy_hardware:/home/mert/gokhan_cloudy/install/robolaunch_cloudy_description:/home/mert/gokhan_cloudy/install/rf2o_laser_odometry:/home/mert/gokhan_cloudy/install/mecanum_control:/opt/ros/humble LD_LIBRARY_PATH=/home/mert/gokhan_cloudy/src/install/robolaunch_cloudy_hardware/lib:${LD_LIBRARY_PATH} /usr/bin/cmake --install /home/mert/gokhan_cloudy/src/build/robolaunch_cloudy_bringup
