[0.325s] Invoking command in '/home/samet/develop/cloudy_ws/src/cloudy/build/robolaunch_cloudy_simulator': CMAKE_PREFIX_PATH=${CMAKE_PREFIX_PATH}:/home/samet/develop/cloudy_ws/install/robolaunch_cloudy_bringup:/home/samet/develop/cloudy_ws/install/mecanum_control:/opt/ros/humble /usr/bin/cmake /home/samet/develop/cloudy_ws/src/cloudy/robolaunch_cloudy_simulator -DAMENT_CMAKE_SYMLINK_INSTALL=1 -DCMAKE_INSTALL_PREFIX=/home/samet/develop/cloudy_ws/src/cloudy/install/robolaunch_cloudy_simulator
[0.374s] -- The C compiler identification is GNU 11.3.0
[0.443s] -- The CXX compiler identification is GNU 11.3.0
[0.454s] -- Detecting C compiler ABI info
[0.526s] -- Detecting C compiler ABI info - done
[0.537s] -- Check for working C compiler: /usr/bin/cc - skipped
[0.538s] -- Detecting C compile features
[0.538s] -- Detecting C compile features - done
[0.544s] -- Detecting CXX compiler ABI info
[0.646s] -- Detecting CXX compiler ABI info - done
[0.657s] -- Check for working CXX compiler: /usr/bin/c++ - skipped
[0.657s] -- Detecting CXX compile features
[0.657s] -- Detecting CXX compile features - done
[0.660s] -- Found ament_cmake: 1.3.3 (/opt/ros/humble/share/ament_cmake/cmake)
[0.875s] -- Found Python3: /usr/bin/python3.10 (found version "3.10.6") found components: Interpreter 
[0.950s] -- Override CMake install command with custom implementation using symlinks instead of copying resources
[0.982s] -- Found ament_lint_auto: 0.12.4 (/opt/ros/humble/share/ament_lint_auto/cmake)
[1.081s] -- Added test 'copyright' to check source files copyright and LICENSE
[1.083s] -- Added test 'flake8' to check Python code syntax and style conventions
[1.084s] -- Added test 'lint_cmake' to check CMake code style
[1.085s] -- Added test 'pep257' to check Python code against some of the docstring style conventions in PEP 257
[1.086s] -- Added test 'xmllint' to check XML markup files
[1.088s] -- Configuring done
[1.092s] -- Generating done
[1.093s] -- Build files have been written to: /home/samet/develop/cloudy_ws/src/cloudy/build/robolaunch_cloudy_simulator
[1.102s] Invoked command in '/home/samet/develop/cloudy_ws/src/cloudy/build/robolaunch_cloudy_simulator' returned '0': CMAKE_PREFIX_PATH=${CMAKE_PREFIX_PATH}:/home/samet/develop/cloudy_ws/install/robolaunch_cloudy_bringup:/home/samet/develop/cloudy_ws/install/mecanum_control:/opt/ros/humble /usr/bin/cmake /home/samet/develop/cloudy_ws/src/cloudy/robolaunch_cloudy_simulator -DAMENT_CMAKE_SYMLINK_INSTALL=1 -DCMAKE_INSTALL_PREFIX=/home/samet/develop/cloudy_ws/src/cloudy/install/robolaunch_cloudy_simulator
[1.103s] Invoking command in '/home/samet/develop/cloudy_ws/src/cloudy/build/robolaunch_cloudy_simulator': CMAKE_PREFIX_PATH=${CMAKE_PREFIX_PATH}:/home/samet/develop/cloudy_ws/install/robolaunch_cloudy_bringup:/home/samet/develop/cloudy_ws/install/mecanum_control:/opt/ros/humble /usr/bin/cmake --build /home/samet/develop/cloudy_ws/src/cloudy/build/robolaunch_cloudy_simulator -- -j12 -l12
[1.138s] Invoked command in '/home/samet/develop/cloudy_ws/src/cloudy/build/robolaunch_cloudy_simulator' returned '0': CMAKE_PREFIX_PATH=${CMAKE_PREFIX_PATH}:/home/samet/develop/cloudy_ws/install/robolaunch_cloudy_bringup:/home/samet/develop/cloudy_ws/install/mecanum_control:/opt/ros/humble /usr/bin/cmake --build /home/samet/develop/cloudy_ws/src/cloudy/build/robolaunch_cloudy_simulator -- -j12 -l12
[1.160s] Invoking command in '/home/samet/develop/cloudy_ws/src/cloudy/build/robolaunch_cloudy_simulator': CMAKE_PREFIX_PATH=${CMAKE_PREFIX_PATH}:/home/samet/develop/cloudy_ws/install/robolaunch_cloudy_bringup:/home/samet/develop/cloudy_ws/install/mecanum_control:/opt/ros/humble /usr/bin/cmake --install /home/samet/develop/cloudy_ws/src/cloudy/build/robolaunch_cloudy_simulator
[1.166s] -- Install configuration: ""
[1.166s] -- Execute custom install script
[1.166s] -- Symlinking: /home/samet/develop/cloudy_ws/src/cloudy/install/robolaunch_cloudy_simulator/share/robolaunch_cloudy_simulator/description/inertial_macros.xacro
[1.177s] -- Symlinking: /home/samet/develop/cloudy_ws/src/cloudy/install/robolaunch_cloudy_simulator/share/robolaunch_cloudy_simulator/launch/gazebo.launch.py
[1.187s] -- Symlinking: /home/samet/develop/cloudy_ws/src/cloudy/install/robolaunch_cloudy_simulator/share/robolaunch_cloudy_simulator/worlds/arcelik_warehouse/.vscode/c_cpp_properties.json
[1.197s] -- Symlinking: /home/samet/develop/cloudy_ws/src/cloudy/install/robolaunch_cloudy_simulator/share/robolaunch_cloudy_simulator/worlds/arcelik_warehouse/.vscode/settings.json
[1.207s] -- Symlinking: /home/samet/develop/cloudy_ws/src/cloudy/install/robolaunch_cloudy_simulator/share/robolaunch_cloudy_simulator/worlds/arcelik_warehouse/barcode.png
[1.217s] -- Symlinking: /home/samet/develop/cloudy_ws/src/cloudy/install/robolaunch_cloudy_simulator/share/robolaunch_cloudy_simulator/worlds/arcelik_warehouse/cardboard.jpg
[1.228s] -- Symlinking: /home/samet/develop/cloudy_ws/src/cloudy/install/robolaunch_cloudy_simulator/share/robolaunch_cloudy_simulator/worlds/arcelik_warehouse/env_counter.world
[1.238s] -- Symlinking: /home/samet/develop/cloudy_ws/src/cloudy/install/robolaunch_cloudy_simulator/share/robolaunch_cloudy_simulator/worlds/arcelik_warehouse/machine_sonn.dae
[1.247s] -- Symlinking: /home/samet/develop/cloudy_ws/src/cloudy/install/robolaunch_cloudy_simulator/share/robolaunch_cloudy_simulator/worlds/arcelik_warehouse/model.config
[1.257s] -- Symlinking: /home/samet/develop/cloudy_ws/src/cloudy/install/robolaunch_cloudy_simulator/share/robolaunch_cloudy_simulator/worlds/arcelik_warehouse/model.sdf
[1.266s] -- Symlinking: /home/samet/develop/cloudy_ws/src/cloudy/install/robolaunch_cloudy_simulator/share/robolaunch_cloudy_simulator/worlds/arcelik_warehouse/my_world.world
[1.276s] -- Symlinking: /home/samet/develop/cloudy_ws/src/cloudy/install/robolaunch_cloudy_simulator/share/robolaunch_cloudy_simulator/worlds/empty.world
[1.286s] -- Symlinking: /home/samet/develop/cloudy_ws/src/cloudy/install/robolaunch_cloudy_simulator/share/robolaunch_cloudy_simulator/worlds/industrial-warehouse.sdf
[1.298s] -- Symlinking: /home/samet/develop/cloudy_ws/src/cloudy/install/robolaunch_cloudy_simulator/share/robolaunch_cloudy_simulator/worlds/playground.world
[1.307s] -- Symlinking: /home/samet/develop/cloudy_ws/src/cloudy/install/robolaunch_cloudy_simulator/share/ament_index/resource_index/package_run_dependencies/robolaunch_cloudy_simulator
[1.317s] -- Symlinking: /home/samet/develop/cloudy_ws/src/cloudy/install/robolaunch_cloudy_simulator/share/ament_index/resource_index/parent_prefix_path/robolaunch_cloudy_simulator
[1.326s] -- Symlinking: /home/samet/develop/cloudy_ws/src/cloudy/install/robolaunch_cloudy_simulator/share/robolaunch_cloudy_simulator/environment/ament_prefix_path.sh
[1.335s] -- Symlinking: /home/samet/develop/cloudy_ws/src/cloudy/install/robolaunch_cloudy_simulator/share/robolaunch_cloudy_simulator/environment/ament_prefix_path.dsv
[1.343s] -- Symlinking: /home/samet/develop/cloudy_ws/src/cloudy/install/robolaunch_cloudy_simulator/share/robolaunch_cloudy_simulator/environment/path.sh
[1.353s] -- Symlinking: /home/samet/develop/cloudy_ws/src/cloudy/install/robolaunch_cloudy_simulator/share/robolaunch_cloudy_simulator/environment/path.dsv
[1.364s] -- Symlinking: /home/samet/develop/cloudy_ws/src/cloudy/install/robolaunch_cloudy_simulator/share/robolaunch_cloudy_simulator/local_setup.bash
[1.375s] -- Symlinking: /home/samet/develop/cloudy_ws/src/cloudy/install/robolaunch_cloudy_simulator/share/robolaunch_cloudy_simulator/local_setup.sh
[1.384s] -- Symlinking: /home/samet/develop/cloudy_ws/src/cloudy/install/robolaunch_cloudy_simulator/share/robolaunch_cloudy_simulator/local_setup.zsh
[1.393s] -- Symlinking: /home/samet/develop/cloudy_ws/src/cloudy/install/robolaunch_cloudy_simulator/share/robolaunch_cloudy_simulator/local_setup.dsv
[1.403s] -- Symlinking: /home/samet/develop/cloudy_ws/src/cloudy/install/robolaunch_cloudy_simulator/share/robolaunch_cloudy_simulator/package.dsv
[1.413s] -- Symlinking: /home/samet/develop/cloudy_ws/src/cloudy/install/robolaunch_cloudy_simulator/share/ament_index/resource_index/packages/robolaunch_cloudy_simulator
[1.422s] -- Symlinking: /home/samet/develop/cloudy_ws/src/cloudy/install/robolaunch_cloudy_simulator/share/robolaunch_cloudy_simulator/cmake/robolaunch_cloudy_simulatorConfig.cmake
[1.432s] -- Symlinking: /home/samet/develop/cloudy_ws/src/cloudy/install/robolaunch_cloudy_simulator/share/robolaunch_cloudy_simulator/cmake/robolaunch_cloudy_simulatorConfig-version.cmake
[1.443s] -- Symlinking: /home/samet/develop/cloudy_ws/src/cloudy/install/robolaunch_cloudy_simulator/share/robolaunch_cloudy_simulator/package.xml
[1.452s] Invoked command in '/home/samet/develop/cloudy_ws/src/cloudy/build/robolaunch_cloudy_simulator' returned '0': CMAKE_PREFIX_PATH=${CMAKE_PREFIX_PATH}:/home/samet/develop/cloudy_ws/install/robolaunch_cloudy_bringup:/home/samet/develop/cloudy_ws/install/mecanum_control:/opt/ros/humble /usr/bin/cmake --install /home/samet/develop/cloudy_ws/src/cloudy/build/robolaunch_cloudy_simulator
