[0.016s] Invoking command in '/home/mert/cloudy_ws/src/build/rf2o_laser_odometry': CMAKE_PREFIX_PATH=${CMAKE_PREFIX_PATH}:/opt/ros/humble /usr/bin/cmake /home/mert/cloudy_ws/src/rf2o_laser_odometry -DCMAKE_INSTALL_PREFIX=/home/mert/cloudy_ws/src/install/rf2o_laser_odometry
[0.070s] -- The C compiler identification is GNU 11.3.0
[0.108s] -- The CXX compiler identification is GNU 11.3.0
[0.112s] -- Detecting C compiler ABI info
[0.150s] -- Detecting C compiler ABI info - done
[0.155s] -- Check for working C compiler: /usr/bin/cc - skipped
[0.155s] -- Detecting C compile features
[0.156s] -- Detecting C compile features - done
[0.158s] -- Detecting CXX compiler ABI info
[0.208s] -- Detecting CXX compiler ABI info - done
[0.217s] -- Check for working CXX compiler: /usr/bin/c++ - skipped
[0.217s] -- Detecting CXX compile features
[0.218s] -- Detecting CXX compile features - done
[0.220s] -- Found ament_cmake: 1.3.3 (/opt/ros/humble/share/ament_cmake/cmake)
[0.343s] -- Found Python3: /usr/bin/python3.10 (found version "3.10.6") found components: Interpreter 
[0.406s] -- Found rclcpp: 16.0.2 (/opt/ros/humble/share/rclcpp/cmake)
[0.442s] -- Found rosidl_generator_c: 3.1.4 (/opt/ros/humble/share/rosidl_generator_c/cmake)
[0.446s] -- Found rosidl_adapter: 3.1.4 (/opt/ros/humble/share/rosidl_adapter/cmake)
[0.453s] -- Found rosidl_generator_cpp: 3.1.4 (/opt/ros/humble/share/rosidl_generator_cpp/cmake)
[0.463s] -- Using all available rosidl_typesupport_c: rosidl_typesupport_fastrtps_c;rosidl_typesupport_introspection_c
[0.479s] -- Using all available rosidl_typesupport_cpp: rosidl_typesupport_fastrtps_cpp;rosidl_typesupport_introspection_cpp
[0.535s] -- Found rmw_implementation_cmake: 6.1.1 (/opt/ros/humble/share/rmw_implementation_cmake/cmake)
[0.536s] -- Found rmw_fastrtps_cpp: 6.2.2 (/opt/ros/humble/share/rmw_fastrtps_cpp/cmake)
[0.600s] -- Found OpenSSL: /usr/lib/x86_64-linux-gnu/libcrypto.so (found version "3.0.2")  
[0.619s] -- Found FastRTPS: /opt/ros/humble/include  
[0.652s] -- Using RMW implementation 'rmw_fastrtps_cpp' as default
[0.659s] -- Looking for pthread.h
[0.701s] -- Looking for pthread.h - found
[0.702s] -- Performing Test CMAKE_HAVE_LIBC_PTHREAD
[0.747s] -- Performing Test CMAKE_HAVE_LIBC_PTHREAD - Success
[0.748s] -- Found Threads: TRUE  
[0.861s] -- Found geometry_msgs: 4.2.2 (/opt/ros/humble/share/geometry_msgs/cmake)
[0.892s] -- Found tf2_geometry_msgs: 0.25.1 (/opt/ros/humble/share/tf2_geometry_msgs/cmake)
[0.903s] -- Found eigen3_cmake_module: 0.1.1 (/opt/ros/humble/share/eigen3_cmake_module/cmake)
[0.904s] -- Found Eigen3: TRUE (found version "3.4.0") 
[0.904s] -- Ensuring Eigen3 include directory is part of orocos-kdl CMake target
[1.170s] -- Found sensor_msgs: 4.2.2 (/opt/ros/humble/share/sensor_msgs/cmake)
[1.231s] -- Found nav_msgs: 4.2.2 (/opt/ros/humble/share/nav_msgs/cmake)
[1.296s] -- Found Boost: /usr/lib/x86_64-linux-gnu/cmake/Boost-1.74.0/BoostConfig.cmake (found version "1.74.0")  
[1.354s] -- Configuring done
[1.364s] -- Generating done
[1.365s] -- Build files have been written to: /home/mert/cloudy_ws/src/build/rf2o_laser_odometry
[1.373s] Invoked command in '/home/mert/cloudy_ws/src/build/rf2o_laser_odometry' returned '0': CMAKE_PREFIX_PATH=${CMAKE_PREFIX_PATH}:/opt/ros/humble /usr/bin/cmake /home/mert/cloudy_ws/src/rf2o_laser_odometry -DCMAKE_INSTALL_PREFIX=/home/mert/cloudy_ws/src/install/rf2o_laser_odometry
[1.374s] Invoking command in '/home/mert/cloudy_ws/src/build/rf2o_laser_odometry': CMAKE_PREFIX_PATH=${CMAKE_PREFIX_PATH}:/opt/ros/humble /usr/bin/cmake --build /home/mert/cloudy_ws/src/build/rf2o_laser_odometry -- -j16 -l16
[1.403s] [ 40%] [32mBuilding CXX object CMakeFiles/rf2o_laser_odometry_node.dir/src/CLaserOdometry2DNode.cpp.o[0m
[1.403s] [ 40%] [32mBuilding CXX object CMakeFiles/rf2o_laser_odometry.dir/src/CLaserOdometry2D.cpp.o[0m
[1.403s] [ 60%] [32mBuilding CXX object CMakeFiles/rf2o_laser_odometry_node.dir/src/CLaserOdometry2D.cpp.o[0m
[16.499s] [ 80%] [32m[1mLinking CXX static library librf2o_laser_odometry.a[0m
[16.675s] [ 80%] Built target rf2o_laser_odometry
[17.956s] [100%] [32m[1mLinking CXX executable rf2o_laser_odometry_node[0m
[18.733s] [100%] Built target rf2o_laser_odometry_node
[18.745s] Invoked command in '/home/mert/cloudy_ws/src/build/rf2o_laser_odometry' returned '0': CMAKE_PREFIX_PATH=${CMAKE_PREFIX_PATH}:/opt/ros/humble /usr/bin/cmake --build /home/mert/cloudy_ws/src/build/rf2o_laser_odometry -- -j16 -l16
[18.764s] Invoking command in '/home/mert/cloudy_ws/src/build/rf2o_laser_odometry': CMAKE_PREFIX_PATH=${CMAKE_PREFIX_PATH}:/opt/ros/humble /usr/bin/cmake --install /home/mert/cloudy_ws/src/build/rf2o_laser_odometry
[18.770s] -- Install configuration: ""
[18.770s] -- Installing: /home/mert/cloudy_ws/src/install/rf2o_laser_odometry/lib/rf2o_laser_odometry/rf2o_laser_odometry_node
[18.780s] -- Set runtime path of "/home/mert/cloudy_ws/src/install/rf2o_laser_odometry/lib/rf2o_laser_odometry/rf2o_laser_odometry_node" to ""
[18.780s] -- Installing: /home/mert/cloudy_ws/src/install/rf2o_laser_odometry/share/rf2o_laser_odometry/launch
[18.780s] -- Installing: /home/mert/cloudy_ws/src/install/rf2o_laser_odometry/share/rf2o_laser_odometry/launch/rf2o_laser_odometry.launch.py
[18.780s] -- Installing: /home/mert/cloudy_ws/src/install/rf2o_laser_odometry/share/ament_index/resource_index/package_run_dependencies/rf2o_laser_odometry
[18.780s] -- Installing: /home/mert/cloudy_ws/src/install/rf2o_laser_odometry/share/ament_index/resource_index/parent_prefix_path/rf2o_laser_odometry
[18.780s] -- Installing: /home/mert/cloudy_ws/src/install/rf2o_laser_odometry/share/rf2o_laser_odometry/environment/ament_prefix_path.sh
[18.780s] -- Installing: /home/mert/cloudy_ws/src/install/rf2o_laser_odometry/share/rf2o_laser_odometry/environment/ament_prefix_path.dsv
[18.780s] -- Installing: /home/mert/cloudy_ws/src/install/rf2o_laser_odometry/share/rf2o_laser_odometry/environment/path.sh
[18.780s] -- Installing: /home/mert/cloudy_ws/src/install/rf2o_laser_odometry/share/rf2o_laser_odometry/environment/path.dsv
[18.780s] -- Installing: /home/mert/cloudy_ws/src/install/rf2o_laser_odometry/share/rf2o_laser_odometry/local_setup.bash
[18.781s] -- Installing: /home/mert/cloudy_ws/src/install/rf2o_laser_odometry/share/rf2o_laser_odometry/local_setup.sh
[18.781s] -- Installing: /home/mert/cloudy_ws/src/install/rf2o_laser_odometry/share/rf2o_laser_odometry/local_setup.zsh
[18.781s] -- Installing: /home/mert/cloudy_ws/src/install/rf2o_laser_odometry/share/rf2o_laser_odometry/local_setup.dsv
[18.781s] -- Installing: /home/mert/cloudy_ws/src/install/rf2o_laser_odometry/share/rf2o_laser_odometry/package.dsv
[18.781s] -- Installing: /home/mert/cloudy_ws/src/install/rf2o_laser_odometry/share/ament_index/resource_index/packages/rf2o_laser_odometry
[18.781s] -- Installing: /home/mert/cloudy_ws/src/install/rf2o_laser_odometry/share/rf2o_laser_odometry/cmake/rf2o_laser_odometryConfig.cmake
[18.781s] -- Installing: /home/mert/cloudy_ws/src/install/rf2o_laser_odometry/share/rf2o_laser_odometry/cmake/rf2o_laser_odometryConfig-version.cmake
[18.781s] -- Installing: /home/mert/cloudy_ws/src/install/rf2o_laser_odometry/share/rf2o_laser_odometry/package.xml
[18.783s] Invoked command in '/home/mert/cloudy_ws/src/build/rf2o_laser_odometry' returned '0': CMAKE_PREFIX_PATH=${CMAKE_PREFIX_PATH}:/opt/ros/humble /usr/bin/cmake --install /home/mert/cloudy_ws/src/build/rf2o_laser_odometry
