[0.601s] Invoking command in '/home/mert/gokhan_cloudy/src/mecanum_control': PYTHONPATH=/home/mert/gokhan_cloudy/src/build/mecanum_control/prefix_override:/home/mert/gokhan_cloudy/src/install/mecanum_control/lib/python3.10/site-packages:${PYTHONPATH} /usr/bin/python3 setup.py egg_info --egg-base ../build/mecanum_control build --build-base /home/mert/gokhan_cloudy/src/build/mecanum_control/build install --record /home/mert/gokhan_cloudy/src/build/mecanum_control/install.log --install-scripts $base/lib/mecanum_control --single-version-externally-managed
[0.804s] /usr/lib/python3/dist-packages/setuptools/dist.py:723: UserWarning: Usage of dash-separated 'script-dir' will not be supported in future versions. Please use the underscore name 'script_dir' instead
[0.804s]   warnings.warn(
[0.813s] running egg_info
[0.813s] creating ../build/mecanum_control/mecanum_control.egg-info
[0.813s] writing ../build/mecanum_control/mecanum_control.egg-info/PKG-INFO
[0.813s] writing dependency_links to ../build/mecanum_control/mecanum_control.egg-info/dependency_links.txt
[0.813s] writing entry points to ../build/mecanum_control/mecanum_control.egg-info/entry_points.txt
[0.813s] writing requirements to ../build/mecanum_control/mecanum_control.egg-info/requires.txt
[0.813s] writing top-level names to ../build/mecanum_control/mecanum_control.egg-info/top_level.txt
[0.813s] writing manifest file '../build/mecanum_control/mecanum_control.egg-info/SOURCES.txt'
[0.813s] reading manifest file '../build/mecanum_control/mecanum_control.egg-info/SOURCES.txt'
[0.814s] writing manifest file '../build/mecanum_control/mecanum_control.egg-info/SOURCES.txt'
[0.814s] running build
[0.814s] running build_py
[0.814s] creating /home/mert/gokhan_cloudy/src/build/mecanum_control/build
[0.814s] creating /home/mert/gokhan_cloudy/src/build/mecanum_control/build/lib
[0.814s] creating /home/mert/gokhan_cloudy/src/build/mecanum_control/build/lib/mecanum_control
[0.814s] copying mecanum_control/mecanum_control.py -> /home/mert/gokhan_cloudy/src/build/mecanum_control/build/lib/mecanum_control
[0.814s] copying mecanum_control/serial_com.py -> /home/mert/gokhan_cloudy/src/build/mecanum_control/build/lib/mecanum_control
[0.814s] copying mecanum_control/__init__.py -> /home/mert/gokhan_cloudy/src/build/mecanum_control/build/lib/mecanum_control
[0.815s] creating /home/mert/gokhan_cloudy/src/build/mecanum_control/build/lib/mecanum_control/MecanumControllib
[0.815s] copying mecanum_control/MecanumControllib/__init__.py -> /home/mert/gokhan_cloudy/src/build/mecanum_control/build/lib/mecanum_control/MecanumControllib
[0.815s] copying mecanum_control/MecanumControllib/MecanumControllib.py -> /home/mert/gokhan_cloudy/src/build/mecanum_control/build/lib/mecanum_control/MecanumControllib
[0.815s] running install
[0.815s] /usr/lib/python3/dist-packages/setuptools/command/install.py:34: SetuptoolsDeprecationWarning: setup.py install is deprecated. Use build and pip and other standards-based tools.
[0.815s]   warnings.warn(
[0.815s] running install_lib
[0.815s] creating /home/mert/gokhan_cloudy/src/install/mecanum_control/lib/python3.10/site-packages/mecanum_control
[0.815s] creating /home/mert/gokhan_cloudy/src/install/mecanum_control/lib/python3.10/site-packages/mecanum_control/MecanumControllib
[0.815s] copying /home/mert/gokhan_cloudy/src/build/mecanum_control/build/lib/mecanum_control/MecanumControllib/__init__.py -> /home/mert/gokhan_cloudy/src/install/mecanum_control/lib/python3.10/site-packages/mecanum_control/MecanumControllib
[0.816s] copying /home/mert/gokhan_cloudy/src/build/mecanum_control/build/lib/mecanum_control/MecanumControllib/MecanumControllib.py -> /home/mert/gokhan_cloudy/src/install/mecanum_control/lib/python3.10/site-packages/mecanum_control/MecanumControllib
[0.816s] copying /home/mert/gokhan_cloudy/src/build/mecanum_control/build/lib/mecanum_control/mecanum_control.py -> /home/mert/gokhan_cloudy/src/install/mecanum_control/lib/python3.10/site-packages/mecanum_control
[0.816s] copying /home/mert/gokhan_cloudy/src/build/mecanum_control/build/lib/mecanum_control/serial_com.py -> /home/mert/gokhan_cloudy/src/install/mecanum_control/lib/python3.10/site-packages/mecanum_control
[0.816s] copying /home/mert/gokhan_cloudy/src/build/mecanum_control/build/lib/mecanum_control/__init__.py -> /home/mert/gokhan_cloudy/src/install/mecanum_control/lib/python3.10/site-packages/mecanum_control
[0.816s] byte-compiling /home/mert/gokhan_cloudy/src/install/mecanum_control/lib/python3.10/site-packages/mecanum_control/MecanumControllib/__init__.py to __init__.cpython-310.pyc
[0.816s] byte-compiling /home/mert/gokhan_cloudy/src/install/mecanum_control/lib/python3.10/site-packages/mecanum_control/MecanumControllib/MecanumControllib.py to MecanumControllib.cpython-310.pyc
[0.816s] byte-compiling /home/mert/gokhan_cloudy/src/install/mecanum_control/lib/python3.10/site-packages/mecanum_control/mecanum_control.py to mecanum_control.cpython-310.pyc
[0.817s] byte-compiling /home/mert/gokhan_cloudy/src/install/mecanum_control/lib/python3.10/site-packages/mecanum_control/serial_com.py to serial_com.cpython-310.pyc
[0.817s] byte-compiling /home/mert/gokhan_cloudy/src/install/mecanum_control/lib/python3.10/site-packages/mecanum_control/__init__.py to __init__.cpython-310.pyc
[0.818s] running install_data
[0.818s] creating /home/mert/gokhan_cloudy/src/install/mecanum_control/share/ament_index
[0.818s] creating /home/mert/gokhan_cloudy/src/install/mecanum_control/share/ament_index/resource_index
[0.818s] creating /home/mert/gokhan_cloudy/src/install/mecanum_control/share/ament_index/resource_index/packages
[0.818s] copying resource/mecanum_control -> /home/mert/gokhan_cloudy/src/install/mecanum_control/share/ament_index/resource_index/packages
[0.819s] copying package.xml -> /home/mert/gokhan_cloudy/src/install/mecanum_control/share/mecanum_control
[0.819s] running install_egg_info
[0.819s] Copying ../build/mecanum_control/mecanum_control.egg-info to /home/mert/gokhan_cloudy/src/install/mecanum_control/lib/python3.10/site-packages/mecanum_control-0.0.0-py3.10.egg-info
[0.820s] running install_scripts
[0.834s] Installing mecanum_control script to /home/mert/gokhan_cloudy/src/install/mecanum_control/lib/mecanum_control
[0.834s] Installing serial_com script to /home/mert/gokhan_cloudy/src/install/mecanum_control/lib/mecanum_control
[0.834s] writing list of installed files to '/home/mert/gokhan_cloudy/src/build/mecanum_control/install.log'
[0.855s] Invoked command in '/home/mert/gokhan_cloudy/src/mecanum_control' returned '0': PYTHONPATH=/home/mert/gokhan_cloudy/src/build/mecanum_control/prefix_override:/home/mert/gokhan_cloudy/src/install/mecanum_control/lib/python3.10/site-packages:${PYTHONPATH} /usr/bin/python3 setup.py egg_info --egg-base ../build/mecanum_control build --build-base /home/mert/gokhan_cloudy/src/build/mecanum_control/build install --record /home/mert/gokhan_cloudy/src/build/mecanum_control/install.log --install-scripts $base/lib/mecanum_control --single-version-externally-managed
