[100%] Built target robolaunch_cloudy_hardware
-- Install configuration: ""
-- Up-to-date: /home/mert/gokhan_cloudy/src/install/robolaunch_cloudy_hardware/share/robolaunch_cloudy_hardware/robolaunch_cloudy_hardware.xml
-- Up-to-date: /home/mert/gokhan_cloudy/src/install/robolaunch_cloudy_hardware/lib/librobolaunch_cloudy_hardware.so
-- Up-to-date: /home/mert/gokhan_cloudy/src/install/robolaunch_cloudy_hardware/include
-- Up-to-date: /home/mert/gokhan_cloudy/src/install/robolaunch_cloudy_hardware/include/robolaunch_cloudy_hardware
-- Up-to-date: /home/mert/gokhan_cloudy/src/install/robolaunch_cloudy_hardware/include/robolaunch_cloudy_hardware/diffbot_system.hpp
-- Up-to-date: /home/mert/gokhan_cloudy/src/install/robolaunch_cloudy_hardware/include/robolaunch_cloudy_hardware/visibility_control.h
-- Up-to-date: /home/mert/gokhan_cloudy/src/install/robolaunch_cloudy_hardware/share/robolaunch_cloudy_hardware/environment/library_path.sh
-- Up-to-date: /home/mert/gokhan_cloudy/src/install/robolaunch_cloudy_hardware/share/robolaunch_cloudy_hardware/environment/library_path.dsv
-- Up-to-date: /home/mert/gokhan_cloudy/src/install/robolaunch_cloudy_hardware/share/ament_index/resource_index/package_run_dependencies/robolaunch_cloudy_hardware
-- Up-to-date: /home/mert/gokhan_cloudy/src/install/robolaunch_cloudy_hardware/share/ament_index/resource_index/parent_prefix_path/robolaunch_cloudy_hardware
-- Up-to-date: /home/mert/gokhan_cloudy/src/install/robolaunch_cloudy_hardware/share/robolaunch_cloudy_hardware/environment/ament_prefix_path.sh
-- Up-to-date: /home/mert/gokhan_cloudy/src/install/robolaunch_cloudy_hardware/share/robolaunch_cloudy_hardware/environment/ament_prefix_path.dsv
-- Up-to-date: /home/mert/gokhan_cloudy/src/install/robolaunch_cloudy_hardware/share/robolaunch_cloudy_hardware/environment/path.sh
-- Up-to-date: /home/mert/gokhan_cloudy/src/install/robolaunch_cloudy_hardware/share/robolaunch_cloudy_hardware/environment/path.dsv
-- Up-to-date: /home/mert/gokhan_cloudy/src/install/robolaunch_cloudy_hardware/share/robolaunch_cloudy_hardware/local_setup.bash
-- Up-to-date: /home/mert/gokhan_cloudy/src/install/robolaunch_cloudy_hardware/share/robolaunch_cloudy_hardware/local_setup.sh
-- Up-to-date: /home/mert/gokhan_cloudy/src/install/robolaunch_cloudy_hardware/share/robolaunch_cloudy_hardware/local_setup.zsh
-- Up-to-date: /home/mert/gokhan_cloudy/src/install/robolaunch_cloudy_hardware/share/robolaunch_cloudy_hardware/local_setup.dsv
-- Installing: /home/mert/gokhan_cloudy/src/install/robolaunch_cloudy_hardware/share/robolaunch_cloudy_hardware/package.dsv
-- Up-to-date: /home/mert/gokhan_cloudy/src/install/robolaunch_cloudy_hardware/share/ament_index/resource_index/packages/robolaunch_cloudy_hardware
-- Up-to-date: /home/mert/gokhan_cloudy/src/install/robolaunch_cloudy_hardware/share/ament_index/resource_index/hardware_interface__pluginlib__plugin/robolaunch_cloudy_hardware
-- Up-to-date: /home/mert/gokhan_cloudy/src/install/robolaunch_cloudy_hardware/share/robolaunch_cloudy_hardware/cmake/ament_cmake_export_include_directories-extras.cmake
-- Up-to-date: /home/mert/gokhan_cloudy/src/install/robolaunch_cloudy_hardware/share/robolaunch_cloudy_hardware/cmake/ament_cmake_export_libraries-extras.cmake
-- Up-to-date: /home/mert/gokhan_cloudy/src/install/robolaunch_cloudy_hardware/share/robolaunch_cloudy_hardware/cmake/ament_cmake_export_dependencies-extras.cmake
-- Up-to-date: /home/mert/gokhan_cloudy/src/install/robolaunch_cloudy_hardware/share/robolaunch_cloudy_hardware/cmake/robolaunch_cloudy_hardwareConfig.cmake
-- Up-to-date: /home/mert/gokhan_cloudy/src/install/robolaunch_cloudy_hardware/share/robolaunch_cloudy_hardware/cmake/robolaunch_cloudy_hardwareConfig-version.cmake
-- Up-to-date: /home/mert/gokhan_cloudy/src/install/robolaunch_cloudy_hardware/share/robolaunch_cloudy_hardware/package.xml
