[0.596s] Invoking command in '/home/mert/gokhan_cloudy/src/mecanum_control': PYTHONPATH=/home/mert/gokhan_cloudy/src/build/mecanum_control/prefix_override:/home/mert/gokhan_cloudy/src/install/mecanum_control/lib/python3.10/site-packages:${PYTHONPATH} /usr/bin/python3 setup.py egg_info --egg-base ../build/mecanum_control build --build-base /home/mert/gokhan_cloudy/src/build/mecanum_control/build install --record /home/mert/gokhan_cloudy/src/build/mecanum_control/install.log --install-scripts $base/lib/mecanum_control --single-version-externally-managed
[0.786s] /usr/lib/python3/dist-packages/setuptools/dist.py:723: UserWarning: Usage of dash-separated 'script-dir' will not be supported in future versions. Please use the underscore name 'script_dir' instead
[0.786s]   warnings.warn(
[0.793s] running egg_info
[0.793s] writing ../build/mecanum_control/mecanum_control.egg-info/PKG-INFO
[0.793s] writing dependency_links to ../build/mecanum_control/mecanum_control.egg-info/dependency_links.txt
[0.794s] writing entry points to ../build/mecanum_control/mecanum_control.egg-info/entry_points.txt
[0.794s] writing requirements to ../build/mecanum_control/mecanum_control.egg-info/requires.txt
[0.794s] writing top-level names to ../build/mecanum_control/mecanum_control.egg-info/top_level.txt
[0.795s] reading manifest file '../build/mecanum_control/mecanum_control.egg-info/SOURCES.txt'
[0.796s] writing manifest file '../build/mecanum_control/mecanum_control.egg-info/SOURCES.txt'
[0.796s] running build
[0.796s] running build_py
[0.796s] running install
[0.796s] /usr/lib/python3/dist-packages/setuptools/command/install.py:34: SetuptoolsDeprecationWarning: setup.py install is deprecated. Use build and pip and other standards-based tools.
[0.796s]   warnings.warn(
[0.796s] running install_lib
[0.797s] running install_data
[0.798s] running install_egg_info
[0.799s] removing '/home/mert/gokhan_cloudy/src/install/mecanum_control/lib/python3.10/site-packages/mecanum_control-0.0.0-py3.10.egg-info' (and everything under it)
[0.799s] Copying ../build/mecanum_control/mecanum_control.egg-info to /home/mert/gokhan_cloudy/src/install/mecanum_control/lib/python3.10/site-packages/mecanum_control-0.0.0-py3.10.egg-info
[0.800s] running install_scripts
[0.816s] Installing mecanum_control script to /home/mert/gokhan_cloudy/src/install/mecanum_control/lib/mecanum_control
[0.816s] Installing serial_com script to /home/mert/gokhan_cloudy/src/install/mecanum_control/lib/mecanum_control
[0.816s] writing list of installed files to '/home/mert/gokhan_cloudy/src/build/mecanum_control/install.log'
[0.838s] Invoked command in '/home/mert/gokhan_cloudy/src/mecanum_control' returned '0': PYTHONPATH=/home/mert/gokhan_cloudy/src/build/mecanum_control/prefix_override:/home/mert/gokhan_cloudy/src/install/mecanum_control/lib/python3.10/site-packages:${PYTHONPATH} /usr/bin/python3 setup.py egg_info --egg-base ../build/mecanum_control build --build-base /home/mert/gokhan_cloudy/src/build/mecanum_control/build install --record /home/mert/gokhan_cloudy/src/build/mecanum_control/install.log --install-scripts $base/lib/mecanum_control --single-version-externally-managed
