Built target ament_cmake_python_copy_robolaunch_cloudy_navigation
running egg_info
writing robolaunch_cloudy_navigation.egg-info/PKG-INFO
writing dependency_links to robolaunch_cloudy_navigation.egg-info/dependency_links.txt
writing top-level names to robolaunch_cloudy_navigation.egg-info/top_level.txt
reading manifest file 'robolaunch_cloudy_navigation.egg-info/SOURCES.txt'
writing manifest file 'robolaunch_cloudy_navigation.egg-info/SOURCES.txt'
Built target ament_cmake_python_build_robolaunch_cloudy_navigation_egg
-- Install configuration: ""
-- Up-to-date: /home/mert/gokhan_cloudy/src/install/robolaunch_cloudy_navigation/share/robolaunch_cloudy_navigation/environment/pythonpath.sh
-- Up-to-date: /home/mert/gokhan_cloudy/src/install/robolaunch_cloudy_navigation/share/robolaunch_cloudy_navigation/environment/pythonpath.dsv
-- Up-to-date: /home/mert/gokhan_cloudy/src/install/robolaunch_cloudy_navigation/local/lib/python3.10/dist-packages/robolaunch_cloudy_navigation-0.0.0-py3.10.egg-info
-- Installing: /home/mert/gokhan_cloudy/src/install/robolaunch_cloudy_navigation/local/lib/python3.10/dist-packages/robolaunch_cloudy_navigation-0.0.0-py3.10.egg-info/dependency_links.txt
-- Installing: /home/mert/gokhan_cloudy/src/install/robolaunch_cloudy_navigation/local/lib/python3.10/dist-packages/robolaunch_cloudy_navigation-0.0.0-py3.10.egg-info/top_level.txt
-- Installing: /home/mert/gokhan_cloudy/src/install/robolaunch_cloudy_navigation/local/lib/python3.10/dist-packages/robolaunch_cloudy_navigation-0.0.0-py3.10.egg-info/PKG-INFO
-- Installing: /home/mert/gokhan_cloudy/src/install/robolaunch_cloudy_navigation/local/lib/python3.10/dist-packages/robolaunch_cloudy_navigation-0.0.0-py3.10.egg-info/SOURCES.txt
-- Up-to-date: /home/mert/gokhan_cloudy/src/install/robolaunch_cloudy_navigation/local/lib/python3.10/dist-packages/robolaunch_cloudy_navigation
-- Up-to-date: /home/mert/gokhan_cloudy/src/install/robolaunch_cloudy_navigation/local/lib/python3.10/dist-packages/robolaunch_cloudy_navigation/scripts
-- Up-to-date: /home/mert/gokhan_cloudy/src/install/robolaunch_cloudy_navigation/local/lib/python3.10/dist-packages/robolaunch_cloudy_navigation/scripts/dummy.py
-- Up-to-date: /home/mert/gokhan_cloudy/src/install/robolaunch_cloudy_navigation/local/lib/python3.10/dist-packages/robolaunch_cloudy_navigation/scripts/way_points_web(backup).py
-- Up-to-date: /home/mert/gokhan_cloudy/src/install/robolaunch_cloudy_navigation/local/lib/python3.10/dist-packages/robolaunch_cloudy_navigation/scripts/joint_state_publisher.py
-- Up-to-date: /home/mert/gokhan_cloudy/src/install/robolaunch_cloudy_navigation/local/lib/python3.10/dist-packages/robolaunch_cloudy_navigation/scripts/odom_tf_publisher.py
-- Up-to-date: /home/mert/gokhan_cloudy/src/install/robolaunch_cloudy_navigation/local/lib/python3.10/dist-packages/robolaunch_cloudy_navigation/scripts/waypoints_commander.py
-- Up-to-date: /home/mert/gokhan_cloudy/src/install/robolaunch_cloudy_navigation/local/lib/python3.10/dist-packages/robolaunch_cloudy_navigation/scripts/way_points.py
-- Installing: /home/mert/gokhan_cloudy/src/install/robolaunch_cloudy_navigation/local/lib/python3.10/dist-packages/robolaunch_cloudy_navigation/scripts/way_points_web.py
-- Up-to-date: /home/mert/gokhan_cloudy/src/install/robolaunch_cloudy_navigation/local/lib/python3.10/dist-packages/robolaunch_cloudy_navigation/scripts/dynamic_tf_broadcaster.py
-- Up-to-date: /home/mert/gokhan_cloudy/src/install/robolaunch_cloudy_navigation/local/lib/python3.10/dist-packages/robolaunch_cloudy_navigation/scripts/temp.py
-- Up-to-date: /home/mert/gokhan_cloudy/src/install/robolaunch_cloudy_navigation/local/lib/python3.10/dist-packages/robolaunch_cloudy_navigation/__init__.py
Listing '/home/mert/gokhan_cloudy/src/install/robolaunch_cloudy_navigation/local/lib/python3.10/dist-packages/robolaunch_cloudy_navigation'...
Listing '/home/mert/gokhan_cloudy/src/install/robolaunch_cloudy_navigation/local/lib/python3.10/dist-packages/robolaunch_cloudy_navigation/scripts'...
Compiling '/home/mert/gokhan_cloudy/src/install/robolaunch_cloudy_navigation/local/lib/python3.10/dist-packages/robolaunch_cloudy_navigation/scripts/way_points_web.py'...
-- Up-to-date: /home/mert/gokhan_cloudy/src/install/robolaunch_cloudy_navigation/lib/robolaunch_cloudy_navigation/dynamic_tf_broadcaster.py
-- Up-to-date: /home/mert/gokhan_cloudy/src/install/robolaunch_cloudy_navigation/lib/robolaunch_cloudy_navigation/way_points.py
-- Installing: /home/mert/gokhan_cloudy/src/install/robolaunch_cloudy_navigation/lib/robolaunch_cloudy_navigation/way_points_web.py
-- Up-to-date: /home/mert/gokhan_cloudy/src/install/robolaunch_cloudy_navigation/lib/robolaunch_cloudy_navigation/waypoints_commander.py
-- Up-to-date: /home/mert/gokhan_cloudy/src/install/robolaunch_cloudy_navigation/share/robolaunch_cloudy_navigation/launch
-- Up-to-date: /home/mert/gokhan_cloudy/src/install/robolaunch_cloudy_navigation/share/robolaunch_cloudy_navigation/launch/arcelik_nav.launch.py
-- Up-to-date: /home/mert/gokhan_cloudy/src/install/robolaunch_cloudy_navigation/share/robolaunch_cloudy_navigation/launch/cloudy_slam.launch.py
-- Up-to-date: /home/mert/gokhan_cloudy/src/install/robolaunch_cloudy_navigation/share/robolaunch_cloudy_navigation/launch/cartographer.launch.py
-- Up-to-date: /home/mert/gokhan_cloudy/src/install/robolaunch_cloudy_navigation/share/robolaunch_cloudy_navigation/launch/arcelik.launch.py
-- Up-to-date: /home/mert/gokhan_cloudy/src/install/robolaunch_cloudy_navigation/share/robolaunch_cloudy_navigation/launch/cloudy_nav.launch.py
-- Up-to-date: /home/mert/gokhan_cloudy/src/install/robolaunch_cloudy_navigation/share/robolaunch_cloudy_navigation/launch/ekf.launch.py
-- Up-to-date: /home/mert/gokhan_cloudy/src/install/robolaunch_cloudy_navigation/share/robolaunch_cloudy_navigation/launch/launch_all.launch.py
-- Up-to-date: /home/mert/gokhan_cloudy/src/install/robolaunch_cloudy_navigation/share/robolaunch_cloudy_navigation/launch/arcelik_slam.launch.py
-- Up-to-date: /home/mert/gokhan_cloudy/src/install/robolaunch_cloudy_navigation/share/robolaunch_cloudy_navigation/rviz
-- Up-to-date: /home/mert/gokhan_cloudy/src/install/robolaunch_cloudy_navigation/share/robolaunch_cloudy_navigation/rviz/slam.rviz
-- Up-to-date: /home/mert/gokhan_cloudy/src/install/robolaunch_cloudy_navigation/share/robolaunch_cloudy_navigation/rviz/nav.rviz
-- Up-to-date: /home/mert/gokhan_cloudy/src/install/robolaunch_cloudy_navigation/share/robolaunch_cloudy_navigation/rviz/cartographer.rviz
-- Up-to-date: /home/mert/gokhan_cloudy/src/install/robolaunch_cloudy_navigation/share/robolaunch_cloudy_navigation/config
-- Up-to-date: /home/mert/gokhan_cloudy/src/install/robolaunch_cloudy_navigation/share/robolaunch_cloudy_navigation/config/sim_ekf.yaml
-- Up-to-date: /home/mert/gokhan_cloudy/src/install/robolaunch_cloudy_navigation/share/robolaunch_cloudy_navigation/config/arcelik_ekf.yaml
-- Up-to-date: /home/mert/gokhan_cloudy/src/install/robolaunch_cloudy_navigation/share/robolaunch_cloudy_navigation/config/ekf.yaml
-- Up-to-date: /home/mert/gokhan_cloudy/src/install/robolaunch_cloudy_navigation/share/robolaunch_cloudy_navigation/config/box_filter.yaml
-- Up-to-date: /home/mert/gokhan_cloudy/src/install/robolaunch_cloudy_navigation/share/robolaunch_cloudy_navigation/config/sim_navigation.yaml
-- Up-to-date: /home/mert/gokhan_cloudy/src/install/robolaunch_cloudy_navigation/share/robolaunch_cloudy_navigation/config/cartographer.lua
-- Up-to-date: /home/mert/gokhan_cloudy/src/install/robolaunch_cloudy_navigation/share/robolaunch_cloudy_navigation/config/sim_slam.yaml
-- Up-to-date: /home/mert/gokhan_cloudy/src/install/robolaunch_cloudy_navigation/share/robolaunch_cloudy_navigation/config/slam.yaml
-- Up-to-date: /home/mert/gokhan_cloudy/src/install/robolaunch_cloudy_navigation/share/robolaunch_cloudy_navigation/config/range_filter.yaml
-- Up-to-date: /home/mert/gokhan_cloudy/src/install/robolaunch_cloudy_navigation/share/robolaunch_cloudy_navigation/config/navigation.yaml
-- Up-to-date: /home/mert/gokhan_cloudy/src/install/robolaunch_cloudy_navigation/share/robolaunch_cloudy_navigation/map
-- Up-to-date: /home/mert/gokhan_cloudy/src/install/robolaunch_cloudy_navigation/share/robolaunch_cloudy_navigation/map/play_ground.yaml
-- Up-to-date: /home/mert/gokhan_cloudy/src/install/robolaunch_cloudy_navigation/share/robolaunch_cloudy_navigation/map/ofice.pgm
-- Up-to-date: /home/mert/gokhan_cloudy/src/install/robolaunch_cloudy_navigation/share/robolaunch_cloudy_navigation/map/ofice.data
-- Up-to-date: /home/mert/gokhan_cloudy/src/install/robolaunch_cloudy_navigation/share/robolaunch_cloudy_navigation/map/ofice.posegraph
-- Up-to-date: /home/mert/gokhan_cloudy/src/install/robolaunch_cloudy_navigation/share/robolaunch_cloudy_navigation/map/ofice.yaml
-- Up-to-date: /home/mert/gokhan_cloudy/src/install/robolaunch_cloudy_navigation/share/robolaunch_cloudy_navigation/launch/sim_launch_all.launch.py
-- Up-to-date: /home/mert/gokhan_cloudy/src/install/robolaunch_cloudy_navigation/share/robolaunch_cloudy_navigation/launch/sim_nav.launch.py
-- Up-to-date: /home/mert/gokhan_cloudy/src/install/robolaunch_cloudy_navigation/share/robolaunch_cloudy_navigation/launch/sim_slam.launch.py
-- Up-to-date: /home/mert/gokhan_cloudy/src/install/robolaunch_cloudy_navigation/share/robolaunch_cloudy_navigation/launch/cloud.launch.py
-- Up-to-date: /home/mert/gokhan_cloudy/src/install/robolaunch_cloudy_navigation/share/robolaunch_cloudy_navigation/launch/galactic_container.launch.py
-- Up-to-date: /home/mert/gokhan_cloudy/src/install/robolaunch_cloudy_navigation/share/robolaunch_cloudy_navigation/launch/robot.launch.py
-- Up-to-date: /home/mert/gokhan_cloudy/src/install/robolaunch_cloudy_navigation/share/ament_index/resource_index/package_run_dependencies/robolaunch_cloudy_navigation
-- Up-to-date: /home/mert/gokhan_cloudy/src/install/robolaunch_cloudy_navigation/share/ament_index/resource_index/parent_prefix_path/robolaunch_cloudy_navigation
-- Up-to-date: /home/mert/gokhan_cloudy/src/install/robolaunch_cloudy_navigation/share/robolaunch_cloudy_navigation/environment/ament_prefix_path.sh
-- Up-to-date: /home/mert/gokhan_cloudy/src/install/robolaunch_cloudy_navigation/share/robolaunch_cloudy_navigation/environment/ament_prefix_path.dsv
-- Up-to-date: /home/mert/gokhan_cloudy/src/install/robolaunch_cloudy_navigation/share/robolaunch_cloudy_navigation/environment/path.sh
-- Up-to-date: /home/mert/gokhan_cloudy/src/install/robolaunch_cloudy_navigation/share/robolaunch_cloudy_navigation/environment/path.dsv
-- Up-to-date: /home/mert/gokhan_cloudy/src/install/robolaunch_cloudy_navigation/share/robolaunch_cloudy_navigation/local_setup.bash
-- Up-to-date: /home/mert/gokhan_cloudy/src/install/robolaunch_cloudy_navigation/share/robolaunch_cloudy_navigation/local_setup.sh
-- Up-to-date: /home/mert/gokhan_cloudy/src/install/robolaunch_cloudy_navigation/share/robolaunch_cloudy_navigation/local_setup.zsh
-- Up-to-date: /home/mert/gokhan_cloudy/src/install/robolaunch_cloudy_navigation/share/robolaunch_cloudy_navigation/local_setup.dsv
-- Up-to-date: /home/mert/gokhan_cloudy/src/install/robolaunch_cloudy_navigation/share/robolaunch_cloudy_navigation/package.dsv
-- Up-to-date: /home/mert/gokhan_cloudy/src/install/robolaunch_cloudy_navigation/share/ament_index/resource_index/packages/robolaunch_cloudy_navigation
-- Up-to-date: /home/mert/gokhan_cloudy/src/install/robolaunch_cloudy_navigation/share/robolaunch_cloudy_navigation/cmake/robolaunch_cloudy_navigationConfig.cmake
-- Up-to-date: /home/mert/gokhan_cloudy/src/install/robolaunch_cloudy_navigation/share/robolaunch_cloudy_navigation/cmake/robolaunch_cloudy_navigationConfig-version.cmake
-- Up-to-date: /home/mert/gokhan_cloudy/src/install/robolaunch_cloudy_navigation/share/robolaunch_cloudy_navigation/package.xml
