[0.032s] Invoking command in '/home/mert/gokhan_cloudy/src/build/robolaunch_cloudy_hardware': CMAKE_PREFIX_PATH=${CMAKE_PREFIX_PATH}:/home/mert/gokhan_cloudy/src/install/mecanum_control:/home/mert/gokhan_cloudy/install/mecanum_control:/opt/ros/humble /usr/bin/cmake --build /home/mert/gokhan_cloudy/src/build/robolaunch_cloudy_hardware -- -j16 -l16
[0.255s] [100%] Built target robolaunch_cloudy_hardware
[0.259s] Invoked command in '/home/mert/gokhan_cloudy/src/build/robolaunch_cloudy_hardware' returned '0': CMAKE_PREFIX_PATH=${CMAKE_PREFIX_PATH}:/home/mert/gokhan_cloudy/src/install/mecanum_control:/home/mert/gokhan_cloudy/install/mecanum_control:/opt/ros/humble /usr/bin/cmake --build /home/mert/gokhan_cloudy/src/build/robolaunch_cloudy_hardware -- -j16 -l16
[0.288s] Invoking command in '/home/mert/gokhan_cloudy/src/build/robolaunch_cloudy_hardware': CMAKE_PREFIX_PATH=${CMAKE_PREFIX_PATH}:/home/mert/gokhan_cloudy/src/install/mecanum_control:/home/mert/gokhan_cloudy/install/mecanum_control:/opt/ros/humble /usr/bin/cmake --install /home/mert/gokhan_cloudy/src/build/robolaunch_cloudy_hardware
[0.297s] -- Install configuration: ""
[0.297s] -- Up-to-date: /home/mert/gokhan_cloudy/src/install/robolaunch_cloudy_hardware/share/robolaunch_cloudy_hardware/robolaunch_cloudy_hardware.xml
[0.297s] -- Up-to-date: /home/mert/gokhan_cloudy/src/install/robolaunch_cloudy_hardware/lib/librobolaunch_cloudy_hardware.so
[0.303s] -- Up-to-date: /home/mert/gokhan_cloudy/src/install/robolaunch_cloudy_hardware/include
[0.305s] -- Up-to-date: /home/mert/gokhan_cloudy/src/install/robolaunch_cloudy_hardware/include/robolaunch_cloudy_hardware
[0.309s] -- Up-to-date: /home/mert/gokhan_cloudy/src/install/robolaunch_cloudy_hardware/include/robolaunch_cloudy_hardware/diffbot_system.hpp
[0.309s] -- Up-to-date: /home/mert/gokhan_cloudy/src/install/robolaunch_cloudy_hardware/include/robolaunch_cloudy_hardware/visibility_control.h
[0.310s] -- Up-to-date: /home/mert/gokhan_cloudy/src/install/robolaunch_cloudy_hardware/share/robolaunch_cloudy_hardware/environment/library_path.sh
[0.310s] -- Up-to-date: /home/mert/gokhan_cloudy/src/install/robolaunch_cloudy_hardware/share/robolaunch_cloudy_hardware/environment/library_path.dsv
[0.310s] -- Up-to-date: /home/mert/gokhan_cloudy/src/install/robolaunch_cloudy_hardware/share/ament_index/resource_index/package_run_dependencies/robolaunch_cloudy_hardware
[0.310s] -- Up-to-date: /home/mert/gokhan_cloudy/src/install/robolaunch_cloudy_hardware/share/ament_index/resource_index/parent_prefix_path/robolaunch_cloudy_hardware
[0.310s] -- Up-to-date: /home/mert/gokhan_cloudy/src/install/robolaunch_cloudy_hardware/share/robolaunch_cloudy_hardware/environment/ament_prefix_path.sh
[0.310s] -- Up-to-date: /home/mert/gokhan_cloudy/src/install/robolaunch_cloudy_hardware/share/robolaunch_cloudy_hardware/environment/ament_prefix_path.dsv
[0.310s] -- Up-to-date: /home/mert/gokhan_cloudy/src/install/robolaunch_cloudy_hardware/share/robolaunch_cloudy_hardware/environment/path.sh
[0.310s] -- Up-to-date: /home/mert/gokhan_cloudy/src/install/robolaunch_cloudy_hardware/share/robolaunch_cloudy_hardware/environment/path.dsv
[0.310s] -- Up-to-date: /home/mert/gokhan_cloudy/src/install/robolaunch_cloudy_hardware/share/robolaunch_cloudy_hardware/local_setup.bash
[0.310s] -- Up-to-date: /home/mert/gokhan_cloudy/src/install/robolaunch_cloudy_hardware/share/robolaunch_cloudy_hardware/local_setup.sh
[0.310s] -- Up-to-date: /home/mert/gokhan_cloudy/src/install/robolaunch_cloudy_hardware/share/robolaunch_cloudy_hardware/local_setup.zsh
[0.310s] -- Up-to-date: /home/mert/gokhan_cloudy/src/install/robolaunch_cloudy_hardware/share/robolaunch_cloudy_hardware/local_setup.dsv
[0.310s] -- Installing: /home/mert/gokhan_cloudy/src/install/robolaunch_cloudy_hardware/share/robolaunch_cloudy_hardware/package.dsv
[0.310s] -- Up-to-date: /home/mert/gokhan_cloudy/src/install/robolaunch_cloudy_hardware/share/ament_index/resource_index/packages/robolaunch_cloudy_hardware
[0.311s] -- Up-to-date: /home/mert/gokhan_cloudy/src/install/robolaunch_cloudy_hardware/share/ament_index/resource_index/hardware_interface__pluginlib__plugin/robolaunch_cloudy_hardware
[0.311s] -- Up-to-date: /home/mert/gokhan_cloudy/src/install/robolaunch_cloudy_hardware/share/robolaunch_cloudy_hardware/cmake/ament_cmake_export_include_directories-extras.cmake
[0.312s] -- Up-to-date: /home/mert/gokhan_cloudy/src/install/robolaunch_cloudy_hardware/share/robolaunch_cloudy_hardware/cmake/ament_cmake_export_libraries-extras.cmake
[0.312s] -- Up-to-date: /home/mert/gokhan_cloudy/src/install/robolaunch_cloudy_hardware/share/robolaunch_cloudy_hardware/cmake/ament_cmake_export_dependencies-extras.cmake
[0.312s] -- Up-to-date: /home/mert/gokhan_cloudy/src/install/robolaunch_cloudy_hardware/share/robolaunch_cloudy_hardware/cmake/robolaunch_cloudy_hardwareConfig.cmake
[0.312s] -- Up-to-date: /home/mert/gokhan_cloudy/src/install/robolaunch_cloudy_hardware/share/robolaunch_cloudy_hardware/cmake/robolaunch_cloudy_hardwareConfig-version.cmake
[0.312s] -- Up-to-date: /home/mert/gokhan_cloudy/src/install/robolaunch_cloudy_hardware/share/robolaunch_cloudy_hardware/package.xml
[0.326s] Invoked command in '/home/mert/gokhan_cloudy/src/build/robolaunch_cloudy_hardware' returned '0': CMAKE_PREFIX_PATH=${CMAKE_PREFIX_PATH}:/home/mert/gokhan_cloudy/src/install/mecanum_control:/home/mert/gokhan_cloudy/install/mecanum_control:/opt/ros/humble /usr/bin/cmake --install /home/mert/gokhan_cloudy/src/build/robolaunch_cloudy_hardware
