[0.012s] Invoking command in '/home/samet/develop/cloudy_ws/src/cloudy/build/robolaunch_cloudy_bringup': AMENT_PREFIX_PATH=/home/samet/develop/cloudy_ws/src/cloudy/install/robolaunch_cloudy_hardware:/home/samet/develop/cloudy_ws/src/cloudy/install/robolaunch_cloudy_description:${AMENT_PREFIX_PATH} CMAKE_PREFIX_PATH=/home/samet/develop/cloudy_ws/src/cloudy/install/robolaunch_cloudy_hardware:/home/samet/develop/cloudy_ws/src/cloudy/install/robolaunch_cloudy_description:/home/samet/develop/cloudy_ws/install/sllidar_ros2:/home/samet/develop/cloudy_ws/install/robolaunch_cloudy_simulator:/home/samet/develop/cloudy_ws/install/robolaunch_cloudy_navigation:/home/samet/develop/cloudy_ws/install/robolaunch_cloudy_hardware:/home/samet/develop/cloudy_ws/install/robolaunch_cloudy_description:/home/samet/develop/cloudy_ws/install/rf2o_laser_odometry:/home/samet/develop/cloudy_ws/install/robolaunch_cloudy_bringup:/home/samet/develop/cloudy_ws/install/mecanum_control:/opt/ros/humble LD_LIBRARY_PATH=/home/samet/develop/cloudy_ws/src/cloudy/install/robolaunch_cloudy_hardware/lib:${LD_LIBRARY_PATH} /usr/bin/cmake /home/samet/develop/cloudy_ws/src/cloudy/robolaunch_cloudy_bringup -DAMENT_CMAKE_SYMLINK_INSTALL=1 -DCMAKE_INSTALL_PREFIX=/home/samet/develop/cloudy_ws/src/cloudy/install/robolaunch_cloudy_bringup
[0.059s] -- The C compiler identification is GNU 11.3.0
[0.106s] -- The CXX compiler identification is GNU 11.3.0
[0.115s] -- Detecting C compiler ABI info
[0.171s] -- Detecting C compiler ABI info - done
[0.183s] -- Check for working C compiler: /usr/bin/cc - skipped
[0.183s] -- Detecting C compile features
[0.184s] -- Detecting C compile features - done
[0.188s] -- Detecting CXX compiler ABI info
[0.255s] -- Detecting CXX compiler ABI info - done
[0.262s] -- Check for working CXX compiler: /usr/bin/c++ - skipped
[0.262s] -- Detecting CXX compile features
[0.263s] -- Detecting CXX compile features - done
[0.265s] -- Found ament_cmake: 1.3.3 (/opt/ros/humble/share/ament_cmake/cmake)
[0.431s] -- Found Python3: /usr/bin/python3.10 (found version "3.10.6") found components: Interpreter 
[0.491s] -- Override CMake install command with custom implementation using symlinks instead of copying resources
[0.608s] -- Configuring done
[0.612s] -- Generating done
[0.613s] -- Build files have been written to: /home/samet/develop/cloudy_ws/src/cloudy/build/robolaunch_cloudy_bringup
[0.618s] Invoked command in '/home/samet/develop/cloudy_ws/src/cloudy/build/robolaunch_cloudy_bringup' returned '0': AMENT_PREFIX_PATH=/home/samet/develop/cloudy_ws/src/cloudy/install/robolaunch_cloudy_hardware:/home/samet/develop/cloudy_ws/src/cloudy/install/robolaunch_cloudy_description:${AMENT_PREFIX_PATH} CMAKE_PREFIX_PATH=/home/samet/develop/cloudy_ws/src/cloudy/install/robolaunch_cloudy_hardware:/home/samet/develop/cloudy_ws/src/cloudy/install/robolaunch_cloudy_description:/home/samet/develop/cloudy_ws/install/sllidar_ros2:/home/samet/develop/cloudy_ws/install/robolaunch_cloudy_simulator:/home/samet/develop/cloudy_ws/install/robolaunch_cloudy_navigation:/home/samet/develop/cloudy_ws/install/robolaunch_cloudy_hardware:/home/samet/develop/cloudy_ws/install/robolaunch_cloudy_description:/home/samet/develop/cloudy_ws/install/rf2o_laser_odometry:/home/samet/develop/cloudy_ws/install/robolaunch_cloudy_bringup:/home/samet/develop/cloudy_ws/install/mecanum_control:/opt/ros/humble LD_LIBRARY_PATH=/home/samet/develop/cloudy_ws/src/cloudy/install/robolaunch_cloudy_hardware/lib:${LD_LIBRARY_PATH} /usr/bin/cmake /home/samet/develop/cloudy_ws/src/cloudy/robolaunch_cloudy_bringup -DAMENT_CMAKE_SYMLINK_INSTALL=1 -DCMAKE_INSTALL_PREFIX=/home/samet/develop/cloudy_ws/src/cloudy/install/robolaunch_cloudy_bringup
[0.619s] Invoking command in '/home/samet/develop/cloudy_ws/src/cloudy/build/robolaunch_cloudy_bringup': AMENT_PREFIX_PATH=/home/samet/develop/cloudy_ws/src/cloudy/install/robolaunch_cloudy_hardware:/home/samet/develop/cloudy_ws/src/cloudy/install/robolaunch_cloudy_description:${AMENT_PREFIX_PATH} CMAKE_PREFIX_PATH=/home/samet/develop/cloudy_ws/src/cloudy/install/robolaunch_cloudy_hardware:/home/samet/develop/cloudy_ws/src/cloudy/install/robolaunch_cloudy_description:/home/samet/develop/cloudy_ws/install/sllidar_ros2:/home/samet/develop/cloudy_ws/install/robolaunch_cloudy_simulator:/home/samet/develop/cloudy_ws/install/robolaunch_cloudy_navigation:/home/samet/develop/cloudy_ws/install/robolaunch_cloudy_hardware:/home/samet/develop/cloudy_ws/install/robolaunch_cloudy_description:/home/samet/develop/cloudy_ws/install/rf2o_laser_odometry:/home/samet/develop/cloudy_ws/install/robolaunch_cloudy_bringup:/home/samet/develop/cloudy_ws/install/mecanum_control:/opt/ros/humble LD_LIBRARY_PATH=/home/samet/develop/cloudy_ws/src/cloudy/install/robolaunch_cloudy_hardware/lib:${LD_LIBRARY_PATH} /usr/bin/cmake --build /home/samet/develop/cloudy_ws/src/cloudy/build/robolaunch_cloudy_bringup -- -j12 -l12
[0.650s] Invoked command in '/home/samet/develop/cloudy_ws/src/cloudy/build/robolaunch_cloudy_bringup' returned '0': AMENT_PREFIX_PATH=/home/samet/develop/cloudy_ws/src/cloudy/install/robolaunch_cloudy_hardware:/home/samet/develop/cloudy_ws/src/cloudy/install/robolaunch_cloudy_description:${AMENT_PREFIX_PATH} CMAKE_PREFIX_PATH=/home/samet/develop/cloudy_ws/src/cloudy/install/robolaunch_cloudy_hardware:/home/samet/develop/cloudy_ws/src/cloudy/install/robolaunch_cloudy_description:/home/samet/develop/cloudy_ws/install/sllidar_ros2:/home/samet/develop/cloudy_ws/install/robolaunch_cloudy_simulator:/home/samet/develop/cloudy_ws/install/robolaunch_cloudy_navigation:/home/samet/develop/cloudy_ws/install/robolaunch_cloudy_hardware:/home/samet/develop/cloudy_ws/install/robolaunch_cloudy_description:/home/samet/develop/cloudy_ws/install/rf2o_laser_odometry:/home/samet/develop/cloudy_ws/install/robolaunch_cloudy_bringup:/home/samet/develop/cloudy_ws/install/mecanum_control:/opt/ros/humble LD_LIBRARY_PATH=/home/samet/develop/cloudy_ws/src/cloudy/install/robolaunch_cloudy_hardware/lib:${LD_LIBRARY_PATH} /usr/bin/cmake --build /home/samet/develop/cloudy_ws/src/cloudy/build/robolaunch_cloudy_bringup -- -j12 -l12
[0.667s] Invoking command in '/home/samet/develop/cloudy_ws/src/cloudy/build/robolaunch_cloudy_bringup': AMENT_PREFIX_PATH=/home/samet/develop/cloudy_ws/src/cloudy/install/robolaunch_cloudy_hardware:/home/samet/develop/cloudy_ws/src/cloudy/install/robolaunch_cloudy_description:${AMENT_PREFIX_PATH} CMAKE_PREFIX_PATH=/home/samet/develop/cloudy_ws/src/cloudy/install/robolaunch_cloudy_hardware:/home/samet/develop/cloudy_ws/src/cloudy/install/robolaunch_cloudy_description:/home/samet/develop/cloudy_ws/install/sllidar_ros2:/home/samet/develop/cloudy_ws/install/robolaunch_cloudy_simulator:/home/samet/develop/cloudy_ws/install/robolaunch_cloudy_navigation:/home/samet/develop/cloudy_ws/install/robolaunch_cloudy_hardware:/home/samet/develop/cloudy_ws/install/robolaunch_cloudy_description:/home/samet/develop/cloudy_ws/install/rf2o_laser_odometry:/home/samet/develop/cloudy_ws/install/robolaunch_cloudy_bringup:/home/samet/develop/cloudy_ws/install/mecanum_control:/opt/ros/humble LD_LIBRARY_PATH=/home/samet/develop/cloudy_ws/src/cloudy/install/robolaunch_cloudy_hardware/lib:${LD_LIBRARY_PATH} /usr/bin/cmake --install /home/samet/develop/cloudy_ws/src/cloudy/build/robolaunch_cloudy_bringup
[0.674s] -- Install configuration: ""
[0.674s] -- Execute custom install script
[0.675s] -- Symlinking: /home/samet/develop/cloudy_ws/src/cloudy/install/robolaunch_cloudy_bringup/share/robolaunch_cloudy_bringup/config/diffbot_diff_drive_controller.yaml
[0.682s] -- Symlinking: /home/samet/develop/cloudy_ws/src/cloudy/install/robolaunch_cloudy_bringup/share/robolaunch_cloudy_bringup/launch/diffbot_system.launch.py
[0.689s] -- Symlinking: /home/samet/develop/cloudy_ws/src/cloudy/install/robolaunch_cloudy_bringup/share/robolaunch_cloudy_bringup/launch/view_robot.launch.py
[0.697s] -- Symlinking: /home/samet/develop/cloudy_ws/src/cloudy/install/robolaunch_cloudy_bringup/share/ament_index/resource_index/package_run_dependencies/robolaunch_cloudy_bringup
[0.704s] -- Symlinking: /home/samet/develop/cloudy_ws/src/cloudy/install/robolaunch_cloudy_bringup/share/ament_index/resource_index/parent_prefix_path/robolaunch_cloudy_bringup
[0.712s] -- Symlinking: /home/samet/develop/cloudy_ws/src/cloudy/install/robolaunch_cloudy_bringup/share/robolaunch_cloudy_bringup/environment/ament_prefix_path.sh
[0.719s] -- Symlinking: /home/samet/develop/cloudy_ws/src/cloudy/install/robolaunch_cloudy_bringup/share/robolaunch_cloudy_bringup/environment/ament_prefix_path.dsv
[0.726s] -- Symlinking: /home/samet/develop/cloudy_ws/src/cloudy/install/robolaunch_cloudy_bringup/share/robolaunch_cloudy_bringup/environment/path.sh
[0.733s] -- Symlinking: /home/samet/develop/cloudy_ws/src/cloudy/install/robolaunch_cloudy_bringup/share/robolaunch_cloudy_bringup/environment/path.dsv
[0.740s] -- Symlinking: /home/samet/develop/cloudy_ws/src/cloudy/install/robolaunch_cloudy_bringup/share/robolaunch_cloudy_bringup/local_setup.bash
[0.747s] -- Symlinking: /home/samet/develop/cloudy_ws/src/cloudy/install/robolaunch_cloudy_bringup/share/robolaunch_cloudy_bringup/local_setup.sh
[0.754s] -- Symlinking: /home/samet/develop/cloudy_ws/src/cloudy/install/robolaunch_cloudy_bringup/share/robolaunch_cloudy_bringup/local_setup.zsh
[0.761s] -- Symlinking: /home/samet/develop/cloudy_ws/src/cloudy/install/robolaunch_cloudy_bringup/share/robolaunch_cloudy_bringup/local_setup.dsv
[0.769s] -- Symlinking: /home/samet/develop/cloudy_ws/src/cloudy/install/robolaunch_cloudy_bringup/share/robolaunch_cloudy_bringup/package.dsv
[0.776s] -- Symlinking: /home/samet/develop/cloudy_ws/src/cloudy/install/robolaunch_cloudy_bringup/share/ament_index/resource_index/packages/robolaunch_cloudy_bringup
[0.783s] -- Symlinking: /home/samet/develop/cloudy_ws/src/cloudy/install/robolaunch_cloudy_bringup/share/robolaunch_cloudy_bringup/cmake/robolaunch_cloudy_bringupConfig.cmake
[0.790s] -- Symlinking: /home/samet/develop/cloudy_ws/src/cloudy/install/robolaunch_cloudy_bringup/share/robolaunch_cloudy_bringup/cmake/robolaunch_cloudy_bringupConfig-version.cmake
[0.797s] -- Symlinking: /home/samet/develop/cloudy_ws/src/cloudy/install/robolaunch_cloudy_bringup/share/robolaunch_cloudy_bringup/package.xml
[0.810s] Invoked command in '/home/samet/develop/cloudy_ws/src/cloudy/build/robolaunch_cloudy_bringup' returned '0': AMENT_PREFIX_PATH=/home/samet/develop/cloudy_ws/src/cloudy/install/robolaunch_cloudy_hardware:/home/samet/develop/cloudy_ws/src/cloudy/install/robolaunch_cloudy_description:${AMENT_PREFIX_PATH} CMAKE_PREFIX_PATH=/home/samet/develop/cloudy_ws/src/cloudy/install/robolaunch_cloudy_hardware:/home/samet/develop/cloudy_ws/src/cloudy/install/robolaunch_cloudy_description:/home/samet/develop/cloudy_ws/install/sllidar_ros2:/home/samet/develop/cloudy_ws/install/robolaunch_cloudy_simulator:/home/samet/develop/cloudy_ws/install/robolaunch_cloudy_navigation:/home/samet/develop/cloudy_ws/install/robolaunch_cloudy_hardware:/home/samet/develop/cloudy_ws/install/robolaunch_cloudy_description:/home/samet/develop/cloudy_ws/install/rf2o_laser_odometry:/home/samet/develop/cloudy_ws/install/robolaunch_cloudy_bringup:/home/samet/develop/cloudy_ws/install/mecanum_control:/opt/ros/humble LD_LIBRARY_PATH=/home/samet/develop/cloudy_ws/src/cloudy/install/robolaunch_cloudy_hardware/lib:${LD_LIBRARY_PATH} /usr/bin/cmake --install /home/samet/develop/cloudy_ws/src/cloudy/build/robolaunch_cloudy_bringup
