-- The C compiler identification is GNU 11.3.0
-- The CXX compiler identification is GNU 11.3.0
-- Detecting C compiler ABI info
-- Detecting C compiler ABI info - done
-- Check for working C compiler: /usr/bin/cc - skipped
-- Detecting C compile features
-- Detecting C compile features - done
-- Detecting CXX compiler ABI info
-- Detecting CXX compiler ABI info - done
-- Check for working CXX compiler: /usr/bin/c++ - skipped
-- Detecting CXX compile features
-- Detecting CXX compile features - done
-- Found ament_cmake: 1.3.3 (/opt/ros/humble/share/ament_cmake/cmake)
-- Found Python3: /usr/bin/python3.10 (found version "3.10.6") found components: Interpreter 
-- Override CMake install command with custom implementation using symlinks instead of copying resources
-- Looking for pthread.h
-- Looking for pthread.h - found
-- Performing Test CMAKE_HAVE_LIBC_PTHREAD
-- Performing Test CMAKE_HAVE_LIBC_PTHREAD - Success
-- Found Threads: TRUE  
-- Found rclcpp: 16.0.2 (/opt/ros/humble/share/rclcpp/cmake)
-- Found rosidl_generator_c: 3.1.4 (/opt/ros/humble/share/rosidl_generator_c/cmake)
-- Found rosidl_adapter: 3.1.4 (/opt/ros/humble/share/rosidl_adapter/cmake)
-- Found rosidl_generator_cpp: 3.1.4 (/opt/ros/humble/share/rosidl_generator_cpp/cmake)
-- Using all available rosidl_typesupport_c: rosidl_typesupport_fastrtps_c;rosidl_typesupport_introspection_c
-- Using all available rosidl_typesupport_cpp: rosidl_typesupport_fastrtps_cpp;rosidl_typesupport_introspection_cpp
-- Found rmw_implementation_cmake: 6.1.1 (/opt/ros/humble/share/rmw_implementation_cmake/cmake)
-- Found rmw_fastrtps_cpp: 6.2.2 (/opt/ros/humble/share/rmw_fastrtps_cpp/cmake)
-- Found OpenSSL: /usr/lib/x86_64-linux-gnu/libcrypto.so (found version "3.0.2")  
-- Found FastRTPS: /opt/ros/humble/include  
-- Using RMW implementation 'rmw_fastrtps_cpp' as default
-- Found rclpy: 3.3.5 (/opt/ros/humble/share/rclpy/cmake)
-- Found geometry_msgs: 4.2.2 (/opt/ros/humble/share/geometry_msgs/cmake)
-- Found sensor_msgs: 4.2.2 (/opt/ros/humble/share/sensor_msgs/cmake)
-- Configuring done
-- Generating done
-- Build files have been written to: /home/samet/develop/cloudy_ws/src/cloudy/build/robolaunch_cloudy_navigation
Built target ament_cmake_python_symlink_robolaunch_cloudy_navigation
running egg_info
creating robolaunch_cloudy_navigation.egg-info
writing robolaunch_cloudy_navigation.egg-info/PKG-INFO
writing dependency_links to robolaunch_cloudy_navigation.egg-info/dependency_links.txt
writing top-level names to robolaunch_cloudy_navigation.egg-info/top_level.txt
writing manifest file 'robolaunch_cloudy_navigation.egg-info/SOURCES.txt'
reading manifest file 'robolaunch_cloudy_navigation.egg-info/SOURCES.txt'
writing manifest file 'robolaunch_cloudy_navigation.egg-info/SOURCES.txt'
Built target ament_cmake_python_build_robolaunch_cloudy_navigation_egg
-- Install configuration: ""
-- Execute custom install script
-- Symlinking: /home/samet/develop/cloudy_ws/src/cloudy/install/robolaunch_cloudy_navigation/share/robolaunch_cloudy_navigation/environment/pythonpath.sh
-- Symlinking: /home/samet/develop/cloudy_ws/src/cloudy/install/robolaunch_cloudy_navigation/share/robolaunch_cloudy_navigation/environment/pythonpath.dsv
-- Symlinking: /home/samet/develop/cloudy_ws/src/cloudy/install/robolaunch_cloudy_navigation/local/lib/python3.10/dist-packages/robolaunch_cloudy_navigation-0.0.0-py3.10.egg-info/PKG-INFO
-- Symlinking: /home/samet/develop/cloudy_ws/src/cloudy/install/robolaunch_cloudy_navigation/local/lib/python3.10/dist-packages/robolaunch_cloudy_navigation-0.0.0-py3.10.egg-info/SOURCES.txt
-- Symlinking: /home/samet/develop/cloudy_ws/src/cloudy/install/robolaunch_cloudy_navigation/local/lib/python3.10/dist-packages/robolaunch_cloudy_navigation-0.0.0-py3.10.egg-info/dependency_links.txt
-- Symlinking: /home/samet/develop/cloudy_ws/src/cloudy/install/robolaunch_cloudy_navigation/local/lib/python3.10/dist-packages/robolaunch_cloudy_navigation-0.0.0-py3.10.egg-info/top_level.txt
-- Symlinking: /home/samet/develop/cloudy_ws/src/cloudy/install/robolaunch_cloudy_navigation/local/lib/python3.10/dist-packages/robolaunch_cloudy_navigation/__init__.py
-- Symlinking: /home/samet/develop/cloudy_ws/src/cloudy/install/robolaunch_cloudy_navigation/local/lib/python3.10/dist-packages/robolaunch_cloudy_navigation/scripts/dynamic_tf_broadcaster.py
-- Symlinking: /home/samet/develop/cloudy_ws/src/cloudy/install/robolaunch_cloudy_navigation/local/lib/python3.10/dist-packages/robolaunch_cloudy_navigation/scripts/joint_state_publisher.py
-- Symlinking: /home/samet/develop/cloudy_ws/src/cloudy/install/robolaunch_cloudy_navigation/local/lib/python3.10/dist-packages/robolaunch_cloudy_navigation/scripts/odom_tf_publisher.py
-- Symlinking: /home/samet/develop/cloudy_ws/src/cloudy/install/robolaunch_cloudy_navigation/local/lib/python3.10/dist-packages/robolaunch_cloudy_navigation/scripts/temp.py
-- Symlinking: /home/samet/develop/cloudy_ws/src/cloudy/install/robolaunch_cloudy_navigation/local/lib/python3.10/dist-packages/robolaunch_cloudy_navigation/scripts/way_points.py
-- Symlinking: /home/samet/develop/cloudy_ws/src/cloudy/install/robolaunch_cloudy_navigation/local/lib/python3.10/dist-packages/robolaunch_cloudy_navigation/scripts/way_points_web.py
-- Symlinking: /home/samet/develop/cloudy_ws/src/cloudy/install/robolaunch_cloudy_navigation/local/lib/python3.10/dist-packages/robolaunch_cloudy_navigation/scripts/waypoints_commander.py
-- Symlinking: /home/samet/develop/cloudy_ws/src/cloudy/install/robolaunch_cloudy_navigation/lib/robolaunch_cloudy_navigation/dynamic_tf_broadcaster.py
-- Symlinking: /home/samet/develop/cloudy_ws/src/cloudy/install/robolaunch_cloudy_navigation/lib/robolaunch_cloudy_navigation/way_points.py
-- Symlinking: /home/samet/develop/cloudy_ws/src/cloudy/install/robolaunch_cloudy_navigation/lib/robolaunch_cloudy_navigation/way_points_web.py
-- Symlinking: /home/samet/develop/cloudy_ws/src/cloudy/install/robolaunch_cloudy_navigation/lib/robolaunch_cloudy_navigation/waypoints_commander.py
-- Symlinking: /home/samet/develop/cloudy_ws/src/cloudy/install/robolaunch_cloudy_navigation/share/robolaunch_cloudy_navigation/launch/arcelik.launch.py
-- Symlinking: /home/samet/develop/cloudy_ws/src/cloudy/install/robolaunch_cloudy_navigation/share/robolaunch_cloudy_navigation/launch/arcelik_nav.launch.py
-- Symlinking: /home/samet/develop/cloudy_ws/src/cloudy/install/robolaunch_cloudy_navigation/share/robolaunch_cloudy_navigation/launch/arcelik_slam.launch.py
-- Symlinking: /home/samet/develop/cloudy_ws/src/cloudy/install/robolaunch_cloudy_navigation/share/robolaunch_cloudy_navigation/launch/cartographer.launch.py
-- Symlinking: /home/samet/develop/cloudy_ws/src/cloudy/install/robolaunch_cloudy_navigation/share/robolaunch_cloudy_navigation/launch/cloudy_nav.launch.py
-- Symlinking: /home/samet/develop/cloudy_ws/src/cloudy/install/robolaunch_cloudy_navigation/share/robolaunch_cloudy_navigation/launch/cloudy_slam.launch.py
-- Symlinking: /home/samet/develop/cloudy_ws/src/cloudy/install/robolaunch_cloudy_navigation/share/robolaunch_cloudy_navigation/launch/ekf.launch.py
-- Symlinking: /home/samet/develop/cloudy_ws/src/cloudy/install/robolaunch_cloudy_navigation/share/robolaunch_cloudy_navigation/launch/launch_all.launch.py
-- Symlinking: /home/samet/develop/cloudy_ws/src/cloudy/install/robolaunch_cloudy_navigation/share/robolaunch_cloudy_navigation/rviz/cartographer.rviz
-- Symlinking: /home/samet/develop/cloudy_ws/src/cloudy/install/robolaunch_cloudy_navigation/share/robolaunch_cloudy_navigation/rviz/nav.rviz
-- Symlinking: /home/samet/develop/cloudy_ws/src/cloudy/install/robolaunch_cloudy_navigation/share/robolaunch_cloudy_navigation/rviz/slam.rviz
-- Symlinking: /home/samet/develop/cloudy_ws/src/cloudy/install/robolaunch_cloudy_navigation/share/robolaunch_cloudy_navigation/config/arcelik_ekf.yaml
-- Symlinking: /home/samet/develop/cloudy_ws/src/cloudy/install/robolaunch_cloudy_navigation/share/robolaunch_cloudy_navigation/config/box_filter.yaml
-- Symlinking: /home/samet/develop/cloudy_ws/src/cloudy/install/robolaunch_cloudy_navigation/share/robolaunch_cloudy_navigation/config/cartographer.lua
-- Symlinking: /home/samet/develop/cloudy_ws/src/cloudy/install/robolaunch_cloudy_navigation/share/robolaunch_cloudy_navigation/config/ekf.yaml
-- Symlinking: /home/samet/develop/cloudy_ws/src/cloudy/install/robolaunch_cloudy_navigation/share/robolaunch_cloudy_navigation/config/navigation.yaml
-- Symlinking: /home/samet/develop/cloudy_ws/src/cloudy/install/robolaunch_cloudy_navigation/share/robolaunch_cloudy_navigation/config/range_filter.yaml
-- Symlinking: /home/samet/develop/cloudy_ws/src/cloudy/install/robolaunch_cloudy_navigation/share/robolaunch_cloudy_navigation/config/sim_ekf.yaml
-- Symlinking: /home/samet/develop/cloudy_ws/src/cloudy/install/robolaunch_cloudy_navigation/share/robolaunch_cloudy_navigation/config/sim_navigation.yaml
-- Symlinking: /home/samet/develop/cloudy_ws/src/cloudy/install/robolaunch_cloudy_navigation/share/robolaunch_cloudy_navigation/config/sim_slam.yaml
-- Symlinking: /home/samet/develop/cloudy_ws/src/cloudy/install/robolaunch_cloudy_navigation/share/robolaunch_cloudy_navigation/config/slam.yaml
-- Symlinking: /home/samet/develop/cloudy_ws/src/cloudy/install/robolaunch_cloudy_navigation/share/robolaunch_cloudy_navigation/map/ofice.data
-- Symlinking: /home/samet/develop/cloudy_ws/src/cloudy/install/robolaunch_cloudy_navigation/share/robolaunch_cloudy_navigation/map/ofice.pgm
-- Symlinking: /home/samet/develop/cloudy_ws/src/cloudy/install/robolaunch_cloudy_navigation/share/robolaunch_cloudy_navigation/map/ofice.posegraph
-- Symlinking: /home/samet/develop/cloudy_ws/src/cloudy/install/robolaunch_cloudy_navigation/share/robolaunch_cloudy_navigation/map/ofice.yaml
-- Symlinking: /home/samet/develop/cloudy_ws/src/cloudy/install/robolaunch_cloudy_navigation/share/robolaunch_cloudy_navigation/map/play_ground.yaml
-- Symlinking: /home/samet/develop/cloudy_ws/src/cloudy/install/robolaunch_cloudy_navigation/share/robolaunch_cloudy_navigation/launch/sim_launch_all.launch.py
-- Symlinking: /home/samet/develop/cloudy_ws/src/cloudy/install/robolaunch_cloudy_navigation/share/robolaunch_cloudy_navigation/launch/sim_nav.launch.py
-- Symlinking: /home/samet/develop/cloudy_ws/src/cloudy/install/robolaunch_cloudy_navigation/share/robolaunch_cloudy_navigation/launch/sim_slam.launch.py
-- Symlinking: /home/samet/develop/cloudy_ws/src/cloudy/install/robolaunch_cloudy_navigation/share/robolaunch_cloudy_navigation/launch/cloud.launch.py
-- Symlinking: /home/samet/develop/cloudy_ws/src/cloudy/install/robolaunch_cloudy_navigation/share/robolaunch_cloudy_navigation/launch/galactic_container.launch.py
-- Symlinking: /home/samet/develop/cloudy_ws/src/cloudy/install/robolaunch_cloudy_navigation/share/robolaunch_cloudy_navigation/launch/robot.launch.py
-- Symlinking: /home/samet/develop/cloudy_ws/src/cloudy/install/robolaunch_cloudy_navigation/share/ament_index/resource_index/package_run_dependencies/robolaunch_cloudy_navigation
-- Symlinking: /home/samet/develop/cloudy_ws/src/cloudy/install/robolaunch_cloudy_navigation/share/ament_index/resource_index/parent_prefix_path/robolaunch_cloudy_navigation
-- Symlinking: /home/samet/develop/cloudy_ws/src/cloudy/install/robolaunch_cloudy_navigation/share/robolaunch_cloudy_navigation/environment/ament_prefix_path.sh
-- Symlinking: /home/samet/develop/cloudy_ws/src/cloudy/install/robolaunch_cloudy_navigation/share/robolaunch_cloudy_navigation/environment/ament_prefix_path.dsv
-- Symlinking: /home/samet/develop/cloudy_ws/src/cloudy/install/robolaunch_cloudy_navigation/share/robolaunch_cloudy_navigation/environment/path.sh
-- Symlinking: /home/samet/develop/cloudy_ws/src/cloudy/install/robolaunch_cloudy_navigation/share/robolaunch_cloudy_navigation/environment/path.dsv
-- Symlinking: /home/samet/develop/cloudy_ws/src/cloudy/install/robolaunch_cloudy_navigation/share/robolaunch_cloudy_navigation/local_setup.bash
-- Symlinking: /home/samet/develop/cloudy_ws/src/cloudy/install/robolaunch_cloudy_navigation/share/robolaunch_cloudy_navigation/local_setup.sh
-- Symlinking: /home/samet/develop/cloudy_ws/src/cloudy/install/robolaunch_cloudy_navigation/share/robolaunch_cloudy_navigation/local_setup.zsh
-- Symlinking: /home/samet/develop/cloudy_ws/src/cloudy/install/robolaunch_cloudy_navigation/share/robolaunch_cloudy_navigation/local_setup.dsv
-- Symlinking: /home/samet/develop/cloudy_ws/src/cloudy/install/robolaunch_cloudy_navigation/share/robolaunch_cloudy_navigation/package.dsv
-- Symlinking: /home/samet/develop/cloudy_ws/src/cloudy/install/robolaunch_cloudy_navigation/share/ament_index/resource_index/packages/robolaunch_cloudy_navigation
-- Symlinking: /home/samet/develop/cloudy_ws/src/cloudy/install/robolaunch_cloudy_navigation/share/robolaunch_cloudy_navigation/cmake/robolaunch_cloudy_navigationConfig.cmake
-- Symlinking: /home/samet/develop/cloudy_ws/src/cloudy/install/robolaunch_cloudy_navigation/share/robolaunch_cloudy_navigation/cmake/robolaunch_cloudy_navigationConfig-version.cmake
-- Symlinking: /home/samet/develop/cloudy_ws/src/cloudy/install/robolaunch_cloudy_navigation/share/robolaunch_cloudy_navigation/package.xml
Listing '/home/samet/develop/cloudy_ws/src/cloudy/install/robolaunch_cloudy_navigation/local/lib/python3.10/dist-packages/robolaunch_cloudy_navigation'...
Compiling '/home/samet/develop/cloudy_ws/src/cloudy/install/robolaunch_cloudy_navigation/local/lib/python3.10/dist-packages/robolaunch_cloudy_navigation/__init__.py'...
Listing '/home/samet/develop/cloudy_ws/src/cloudy/install/robolaunch_cloudy_navigation/local/lib/python3.10/dist-packages/robolaunch_cloudy_navigation/scripts'...
Compiling '/home/samet/develop/cloudy_ws/src/cloudy/install/robolaunch_cloudy_navigation/local/lib/python3.10/dist-packages/robolaunch_cloudy_navigation/scripts/dynamic_tf_broadcaster.py'...
Compiling '/home/samet/develop/cloudy_ws/src/cloudy/install/robolaunch_cloudy_navigation/local/lib/python3.10/dist-packages/robolaunch_cloudy_navigation/scripts/joint_state_publisher.py'...
Compiling '/home/samet/develop/cloudy_ws/src/cloudy/install/robolaunch_cloudy_navigation/local/lib/python3.10/dist-packages/robolaunch_cloudy_navigation/scripts/odom_tf_publisher.py'...
Compiling '/home/samet/develop/cloudy_ws/src/cloudy/install/robolaunch_cloudy_navigation/local/lib/python3.10/dist-packages/robolaunch_cloudy_navigation/scripts/temp.py'...
Compiling '/home/samet/develop/cloudy_ws/src/cloudy/install/robolaunch_cloudy_navigation/local/lib/python3.10/dist-packages/robolaunch_cloudy_navigation/scripts/way_points.py'...
Compiling '/home/samet/develop/cloudy_ws/src/cloudy/install/robolaunch_cloudy_navigation/local/lib/python3.10/dist-packages/robolaunch_cloudy_navigation/scripts/way_points_web.py'...
Compiling '/home/samet/develop/cloudy_ws/src/cloudy/install/robolaunch_cloudy_navigation/local/lib/python3.10/dist-packages/robolaunch_cloudy_navigation/scripts/waypoints_commander.py'...
