[0.006s] Invoking command in '/home/mert/gokhan_cloudy/src/build/robolaunch_cloudy_navigation': AMENT_PREFIX_PATH=/home/mert/gokhan_cloudy/src/install/rf2o_laser_odometry:${AMENT_PREFIX_PATH} CMAKE_PREFIX_PATH=/home/mert/gokhan_cloudy/src/install/rf2o_laser_odometry:/home/mert/gokhan_cloudy/install/sllidar_ros2:/home/mert/gokhan_cloudy/install/robolaunch_cloudy_simulator:/home/mert/gokhan_cloudy/install/robolaunch_cloudy_navigation:/home/mert/gokhan_cloudy/install/robolaunch_cloudy_bringup:/home/mert/gokhan_cloudy/install/robolaunch_cloudy_hardware:/home/mert/gokhan_cloudy/install/robolaunch_cloudy_description:/home/mert/gokhan_cloudy/install/rf2o_laser_odometry:/home/mert/gokhan_cloudy/install/mecanum_control:/opt/ros/humble /usr/bin/cmake /home/mert/gokhan_cloudy/src/robolaunch_cloudy_navigation -DCMAKE_INSTALL_PREFIX=/home/mert/gokhan_cloudy/src/install/robolaunch_cloudy_navigation
[0.038s] -- The C compiler identification is GNU 11.3.0
[0.072s] -- The CXX compiler identification is GNU 11.3.0
[0.076s] -- Detecting C compiler ABI info
[0.117s] -- Detecting C compiler ABI info - done
[0.122s] -- Check for working C compiler: /usr/bin/cc - skipped
[0.122s] -- Detecting C compile features
[0.122s] -- Detecting C compile features - done
[0.124s] -- Detecting CXX compiler ABI info
[0.173s] -- Detecting CXX compiler ABI info - done
[0.178s] -- Check for working CXX compiler: /usr/bin/c++ - skipped
[0.178s] -- Detecting CXX compile features
[0.178s] -- Detecting CXX compile features - done
[0.180s] -- Found ament_cmake: 1.3.3 (/opt/ros/humble/share/ament_cmake/cmake)
[0.291s] -- Found Python3: /usr/bin/python3.10 (found version "3.10.6") found components: Interpreter 
[0.363s] -- Looking for pthread.h
[0.406s] -- Looking for pthread.h - found
[0.406s] -- Performing Test CMAKE_HAVE_LIBC_PTHREAD
[0.452s] -- Performing Test CMAKE_HAVE_LIBC_PTHREAD - Success
[0.453s] -- Found Threads: TRUE  
[0.455s] -- Found rclcpp: 16.0.3 (/opt/ros/humble/share/rclcpp/cmake)
[0.494s] -- Found rosidl_generator_c: 3.1.4 (/opt/ros/humble/share/rosidl_generator_c/cmake)
[0.499s] -- Found rosidl_adapter: 3.1.4 (/opt/ros/humble/share/rosidl_adapter/cmake)
[0.505s] -- Found rosidl_generator_cpp: 3.1.4 (/opt/ros/humble/share/rosidl_generator_cpp/cmake)
[0.516s] -- Using all available rosidl_typesupport_c: rosidl_typesupport_fastrtps_c;rosidl_typesupport_introspection_c
[0.532s] -- Using all available rosidl_typesupport_cpp: rosidl_typesupport_fastrtps_cpp;rosidl_typesupport_introspection_cpp
[0.584s] -- Found rmw_implementation_cmake: 6.1.1 (/opt/ros/humble/share/rmw_implementation_cmake/cmake)
[0.586s] -- Found rmw_fastrtps_cpp: 6.2.2 (/opt/ros/humble/share/rmw_fastrtps_cpp/cmake)
[0.649s] -- Found OpenSSL: /usr/lib/x86_64-linux-gnu/libcrypto.so (found version "3.0.2")  
[0.668s] -- Found FastRTPS: /opt/ros/humble/include  
[0.700s] -- Using RMW implementation 'rmw_fastrtps_cpp' as default
[0.818s] -- Found rclpy: 3.3.7 (/opt/ros/humble/share/rclpy/cmake)
[0.820s] -- Found geometry_msgs: 4.2.3 (/opt/ros/humble/share/geometry_msgs/cmake)
[0.851s] -- Found sensor_msgs: 4.2.3 (/opt/ros/humble/share/sensor_msgs/cmake)
[1.007s] -- Configuring done
[1.011s] -- Generating done
[1.012s] -- Build files have been written to: /home/mert/gokhan_cloudy/src/build/robolaunch_cloudy_navigation
[1.019s] Invoked command in '/home/mert/gokhan_cloudy/src/build/robolaunch_cloudy_navigation' returned '0': AMENT_PREFIX_PATH=/home/mert/gokhan_cloudy/src/install/rf2o_laser_odometry:${AMENT_PREFIX_PATH} CMAKE_PREFIX_PATH=/home/mert/gokhan_cloudy/src/install/rf2o_laser_odometry:/home/mert/gokhan_cloudy/install/sllidar_ros2:/home/mert/gokhan_cloudy/install/robolaunch_cloudy_simulator:/home/mert/gokhan_cloudy/install/robolaunch_cloudy_navigation:/home/mert/gokhan_cloudy/install/robolaunch_cloudy_bringup:/home/mert/gokhan_cloudy/install/robolaunch_cloudy_hardware:/home/mert/gokhan_cloudy/install/robolaunch_cloudy_description:/home/mert/gokhan_cloudy/install/rf2o_laser_odometry:/home/mert/gokhan_cloudy/install/mecanum_control:/opt/ros/humble /usr/bin/cmake /home/mert/gokhan_cloudy/src/robolaunch_cloudy_navigation -DCMAKE_INSTALL_PREFIX=/home/mert/gokhan_cloudy/src/install/robolaunch_cloudy_navigation
[1.020s] Invoking command in '/home/mert/gokhan_cloudy/src/build/robolaunch_cloudy_navigation': AMENT_PREFIX_PATH=/home/mert/gokhan_cloudy/src/install/rf2o_laser_odometry:${AMENT_PREFIX_PATH} CMAKE_PREFIX_PATH=/home/mert/gokhan_cloudy/src/install/rf2o_laser_odometry:/home/mert/gokhan_cloudy/install/sllidar_ros2:/home/mert/gokhan_cloudy/install/robolaunch_cloudy_simulator:/home/mert/gokhan_cloudy/install/robolaunch_cloudy_navigation:/home/mert/gokhan_cloudy/install/robolaunch_cloudy_bringup:/home/mert/gokhan_cloudy/install/robolaunch_cloudy_hardware:/home/mert/gokhan_cloudy/install/robolaunch_cloudy_description:/home/mert/gokhan_cloudy/install/rf2o_laser_odometry:/home/mert/gokhan_cloudy/install/mecanum_control:/opt/ros/humble /usr/bin/cmake --build /home/mert/gokhan_cloudy/src/build/robolaunch_cloudy_navigation -- -j16 -l16
[1.054s] Built target ament_cmake_python_copy_robolaunch_cloudy_navigation
[1.233s] running egg_info
[1.233s] creating robolaunch_cloudy_navigation.egg-info
[1.233s] writing robolaunch_cloudy_navigation.egg-info/PKG-INFO
[1.233s] writing dependency_links to robolaunch_cloudy_navigation.egg-info/dependency_links.txt
[1.234s] writing top-level names to robolaunch_cloudy_navigation.egg-info/top_level.txt
[1.234s] writing manifest file 'robolaunch_cloudy_navigation.egg-info/SOURCES.txt'
[1.235s] reading manifest file 'robolaunch_cloudy_navigation.egg-info/SOURCES.txt'
[1.236s] writing manifest file 'robolaunch_cloudy_navigation.egg-info/SOURCES.txt'
[1.252s] Built target ament_cmake_python_build_robolaunch_cloudy_navigation_egg
[1.259s] Invoked command in '/home/mert/gokhan_cloudy/src/build/robolaunch_cloudy_navigation' returned '0': AMENT_PREFIX_PATH=/home/mert/gokhan_cloudy/src/install/rf2o_laser_odometry:${AMENT_PREFIX_PATH} CMAKE_PREFIX_PATH=/home/mert/gokhan_cloudy/src/install/rf2o_laser_odometry:/home/mert/gokhan_cloudy/install/sllidar_ros2:/home/mert/gokhan_cloudy/install/robolaunch_cloudy_simulator:/home/mert/gokhan_cloudy/install/robolaunch_cloudy_navigation:/home/mert/gokhan_cloudy/install/robolaunch_cloudy_bringup:/home/mert/gokhan_cloudy/install/robolaunch_cloudy_hardware:/home/mert/gokhan_cloudy/install/robolaunch_cloudy_description:/home/mert/gokhan_cloudy/install/rf2o_laser_odometry:/home/mert/gokhan_cloudy/install/mecanum_control:/opt/ros/humble /usr/bin/cmake --build /home/mert/gokhan_cloudy/src/build/robolaunch_cloudy_navigation -- -j16 -l16
[1.272s] Invoking command in '/home/mert/gokhan_cloudy/src/build/robolaunch_cloudy_navigation': AMENT_PREFIX_PATH=/home/mert/gokhan_cloudy/src/install/rf2o_laser_odometry:${AMENT_PREFIX_PATH} CMAKE_PREFIX_PATH=/home/mert/gokhan_cloudy/src/install/rf2o_laser_odometry:/home/mert/gokhan_cloudy/install/sllidar_ros2:/home/mert/gokhan_cloudy/install/robolaunch_cloudy_simulator:/home/mert/gokhan_cloudy/install/robolaunch_cloudy_navigation:/home/mert/gokhan_cloudy/install/robolaunch_cloudy_bringup:/home/mert/gokhan_cloudy/install/robolaunch_cloudy_hardware:/home/mert/gokhan_cloudy/install/robolaunch_cloudy_description:/home/mert/gokhan_cloudy/install/rf2o_laser_odometry:/home/mert/gokhan_cloudy/install/mecanum_control:/opt/ros/humble /usr/bin/cmake --install /home/mert/gokhan_cloudy/src/build/robolaunch_cloudy_navigation
[1.276s] -- Install configuration: ""
[1.276s] -- Installing: /home/mert/gokhan_cloudy/src/install/robolaunch_cloudy_navigation/share/robolaunch_cloudy_navigation/environment/pythonpath.sh
[1.276s] -- Installing: /home/mert/gokhan_cloudy/src/install/robolaunch_cloudy_navigation/share/robolaunch_cloudy_navigation/environment/pythonpath.dsv
[1.276s] -- Installing: /home/mert/gokhan_cloudy/src/install/robolaunch_cloudy_navigation/local/lib/python3.10/dist-packages/robolaunch_cloudy_navigation-0.0.0-py3.10.egg-info
[1.276s] -- Installing: /home/mert/gokhan_cloudy/src/install/robolaunch_cloudy_navigation/local/lib/python3.10/dist-packages/robolaunch_cloudy_navigation-0.0.0-py3.10.egg-info/dependency_links.txt
[1.276s] -- Installing: /home/mert/gokhan_cloudy/src/install/robolaunch_cloudy_navigation/local/lib/python3.10/dist-packages/robolaunch_cloudy_navigation-0.0.0-py3.10.egg-info/top_level.txt
[1.277s] -- Installing: /home/mert/gokhan_cloudy/src/install/robolaunch_cloudy_navigation/local/lib/python3.10/dist-packages/robolaunch_cloudy_navigation-0.0.0-py3.10.egg-info/PKG-INFO
[1.277s] -- Installing: /home/mert/gokhan_cloudy/src/install/robolaunch_cloudy_navigation/local/lib/python3.10/dist-packages/robolaunch_cloudy_navigation-0.0.0-py3.10.egg-info/SOURCES.txt
[1.277s] -- Installing: /home/mert/gokhan_cloudy/src/install/robolaunch_cloudy_navigation/local/lib/python3.10/dist-packages/robolaunch_cloudy_navigation
[1.277s] -- Installing: /home/mert/gokhan_cloudy/src/install/robolaunch_cloudy_navigation/local/lib/python3.10/dist-packages/robolaunch_cloudy_navigation/scripts
[1.277s] -- Installing: /home/mert/gokhan_cloudy/src/install/robolaunch_cloudy_navigation/local/lib/python3.10/dist-packages/robolaunch_cloudy_navigation/scripts/dummy.py
[1.277s] -- Installing: /home/mert/gokhan_cloudy/src/install/robolaunch_cloudy_navigation/local/lib/python3.10/dist-packages/robolaunch_cloudy_navigation/scripts/way_points_web(backup).py
[1.277s] -- Installing: /home/mert/gokhan_cloudy/src/install/robolaunch_cloudy_navigation/local/lib/python3.10/dist-packages/robolaunch_cloudy_navigation/scripts/joint_state_publisher.py
[1.277s] -- Installing: /home/mert/gokhan_cloudy/src/install/robolaunch_cloudy_navigation/local/lib/python3.10/dist-packages/robolaunch_cloudy_navigation/scripts/odom_tf_publisher.py
[1.277s] -- Installing: /home/mert/gokhan_cloudy/src/install/robolaunch_cloudy_navigation/local/lib/python3.10/dist-packages/robolaunch_cloudy_navigation/scripts/waypoints_commander.py
[1.277s] -- Installing: /home/mert/gokhan_cloudy/src/install/robolaunch_cloudy_navigation/local/lib/python3.10/dist-packages/robolaunch_cloudy_navigation/scripts/way_points.py
[1.277s] -- Installing: /home/mert/gokhan_cloudy/src/install/robolaunch_cloudy_navigation/local/lib/python3.10/dist-packages/robolaunch_cloudy_navigation/scripts/way_points_web.py
[1.277s] -- Installing: /home/mert/gokhan_cloudy/src/install/robolaunch_cloudy_navigation/local/lib/python3.10/dist-packages/robolaunch_cloudy_navigation/scripts/dynamic_tf_broadcaster.py
[1.277s] -- Installing: /home/mert/gokhan_cloudy/src/install/robolaunch_cloudy_navigation/local/lib/python3.10/dist-packages/robolaunch_cloudy_navigation/scripts/temp.py
[1.277s] -- Installing: /home/mert/gokhan_cloudy/src/install/robolaunch_cloudy_navigation/local/lib/python3.10/dist-packages/robolaunch_cloudy_navigation/__init__.py
[1.302s] Listing '/home/mert/gokhan_cloudy/src/install/robolaunch_cloudy_navigation/local/lib/python3.10/dist-packages/robolaunch_cloudy_navigation'...
[1.302s] Compiling '/home/mert/gokhan_cloudy/src/install/robolaunch_cloudy_navigation/local/lib/python3.10/dist-packages/robolaunch_cloudy_navigation/__init__.py'...
[1.302s] Listing '/home/mert/gokhan_cloudy/src/install/robolaunch_cloudy_navigation/local/lib/python3.10/dist-packages/robolaunch_cloudy_navigation/scripts'...
[1.302s] Compiling '/home/mert/gokhan_cloudy/src/install/robolaunch_cloudy_navigation/local/lib/python3.10/dist-packages/robolaunch_cloudy_navigation/scripts/dummy.py'...
[1.302s] Compiling '/home/mert/gokhan_cloudy/src/install/robolaunch_cloudy_navigation/local/lib/python3.10/dist-packages/robolaunch_cloudy_navigation/scripts/dynamic_tf_broadcaster.py'...
[1.302s] Compiling '/home/mert/gokhan_cloudy/src/install/robolaunch_cloudy_navigation/local/lib/python3.10/dist-packages/robolaunch_cloudy_navigation/scripts/joint_state_publisher.py'...
[1.302s] Compiling '/home/mert/gokhan_cloudy/src/install/robolaunch_cloudy_navigation/local/lib/python3.10/dist-packages/robolaunch_cloudy_navigation/scripts/odom_tf_publisher.py'...
[1.302s] Compiling '/home/mert/gokhan_cloudy/src/install/robolaunch_cloudy_navigation/local/lib/python3.10/dist-packages/robolaunch_cloudy_navigation/scripts/temp.py'...
[1.302s] Compiling '/home/mert/gokhan_cloudy/src/install/robolaunch_cloudy_navigation/local/lib/python3.10/dist-packages/robolaunch_cloudy_navigation/scripts/way_points.py'...
[1.302s] Compiling '/home/mert/gokhan_cloudy/src/install/robolaunch_cloudy_navigation/local/lib/python3.10/dist-packages/robolaunch_cloudy_navigation/scripts/way_points_web(backup).py'...
[1.302s] Compiling '/home/mert/gokhan_cloudy/src/install/robolaunch_cloudy_navigation/local/lib/python3.10/dist-packages/robolaunch_cloudy_navigation/scripts/way_points_web.py'...
[1.302s] Compiling '/home/mert/gokhan_cloudy/src/install/robolaunch_cloudy_navigation/local/lib/python3.10/dist-packages/robolaunch_cloudy_navigation/scripts/waypoints_commander.py'...
[1.305s] -- Installing: /home/mert/gokhan_cloudy/src/install/robolaunch_cloudy_navigation/lib/robolaunch_cloudy_navigation/dynamic_tf_broadcaster.py
[1.305s] -- Installing: /home/mert/gokhan_cloudy/src/install/robolaunch_cloudy_navigation/lib/robolaunch_cloudy_navigation/way_points.py
[1.305s] -- Installing: /home/mert/gokhan_cloudy/src/install/robolaunch_cloudy_navigation/lib/robolaunch_cloudy_navigation/way_points_web.py
[1.305s] -- Installing: /home/mert/gokhan_cloudy/src/install/robolaunch_cloudy_navigation/lib/robolaunch_cloudy_navigation/waypoints_commander.py
[1.305s] -- Installing: /home/mert/gokhan_cloudy/src/install/robolaunch_cloudy_navigation/share/robolaunch_cloudy_navigation/launch
[1.305s] -- Installing: /home/mert/gokhan_cloudy/src/install/robolaunch_cloudy_navigation/share/robolaunch_cloudy_navigation/launch/arcelik_nav.launch.py
[1.305s] -- Installing: /home/mert/gokhan_cloudy/src/install/robolaunch_cloudy_navigation/share/robolaunch_cloudy_navigation/launch/cloudy_slam.launch.py
[1.305s] -- Installing: /home/mert/gokhan_cloudy/src/install/robolaunch_cloudy_navigation/share/robolaunch_cloudy_navigation/launch/cartographer.launch.py
[1.305s] -- Installing: /home/mert/gokhan_cloudy/src/install/robolaunch_cloudy_navigation/share/robolaunch_cloudy_navigation/launch/arcelik.launch.py
[1.305s] -- Installing: /home/mert/gokhan_cloudy/src/install/robolaunch_cloudy_navigation/share/robolaunch_cloudy_navigation/launch/cloudy_nav.launch.py
[1.305s] -- Installing: /home/mert/gokhan_cloudy/src/install/robolaunch_cloudy_navigation/share/robolaunch_cloudy_navigation/launch/ekf.launch.py
[1.305s] -- Installing: /home/mert/gokhan_cloudy/src/install/robolaunch_cloudy_navigation/share/robolaunch_cloudy_navigation/launch/launch_all.launch.py
[1.306s] -- Installing: /home/mert/gokhan_cloudy/src/install/robolaunch_cloudy_navigation/share/robolaunch_cloudy_navigation/launch/arcelik_slam.launch.py
[1.306s] -- Installing: /home/mert/gokhan_cloudy/src/install/robolaunch_cloudy_navigation/share/robolaunch_cloudy_navigation/rviz
[1.306s] -- Installing: /home/mert/gokhan_cloudy/src/install/robolaunch_cloudy_navigation/share/robolaunch_cloudy_navigation/rviz/slam.rviz
[1.306s] -- Installing: /home/mert/gokhan_cloudy/src/install/robolaunch_cloudy_navigation/share/robolaunch_cloudy_navigation/rviz/nav.rviz
[1.306s] -- Installing: /home/mert/gokhan_cloudy/src/install/robolaunch_cloudy_navigation/share/robolaunch_cloudy_navigation/rviz/cartographer.rviz
[1.306s] -- Installing: /home/mert/gokhan_cloudy/src/install/robolaunch_cloudy_navigation/share/robolaunch_cloudy_navigation/config
[1.306s] -- Installing: /home/mert/gokhan_cloudy/src/install/robolaunch_cloudy_navigation/share/robolaunch_cloudy_navigation/config/sim_ekf.yaml
[1.306s] -- Installing: /home/mert/gokhan_cloudy/src/install/robolaunch_cloudy_navigation/share/robolaunch_cloudy_navigation/config/arcelik_ekf.yaml
[1.306s] -- Installing: /home/mert/gokhan_cloudy/src/install/robolaunch_cloudy_navigation/share/robolaunch_cloudy_navigation/config/ekf.yaml
[1.306s] -- Installing: /home/mert/gokhan_cloudy/src/install/robolaunch_cloudy_navigation/share/robolaunch_cloudy_navigation/config/box_filter.yaml
[1.306s] -- Installing: /home/mert/gokhan_cloudy/src/install/robolaunch_cloudy_navigation/share/robolaunch_cloudy_navigation/config/sim_navigation.yaml
[1.306s] -- Installing: /home/mert/gokhan_cloudy/src/install/robolaunch_cloudy_navigation/share/robolaunch_cloudy_navigation/config/cartographer.lua
[1.306s] -- Installing: /home/mert/gokhan_cloudy/src/install/robolaunch_cloudy_navigation/share/robolaunch_cloudy_navigation/config/sim_slam.yaml
[1.306s] -- Installing: /home/mert/gokhan_cloudy/src/install/robolaunch_cloudy_navigation/share/robolaunch_cloudy_navigation/config/slam.yaml
[1.306s] -- Installing: /home/mert/gokhan_cloudy/src/install/robolaunch_cloudy_navigation/share/robolaunch_cloudy_navigation/config/range_filter.yaml
[1.306s] -- Installing: /home/mert/gokhan_cloudy/src/install/robolaunch_cloudy_navigation/share/robolaunch_cloudy_navigation/config/navigation.yaml
[1.306s] -- Installing: /home/mert/gokhan_cloudy/src/install/robolaunch_cloudy_navigation/share/robolaunch_cloudy_navigation/map
[1.306s] -- Installing: /home/mert/gokhan_cloudy/src/install/robolaunch_cloudy_navigation/share/robolaunch_cloudy_navigation/map/play_ground.yaml
[1.306s] -- Installing: /home/mert/gokhan_cloudy/src/install/robolaunch_cloudy_navigation/share/robolaunch_cloudy_navigation/map/ofice.pgm
[1.307s] -- Installing: /home/mert/gokhan_cloudy/src/install/robolaunch_cloudy_navigation/share/robolaunch_cloudy_navigation/map/ofice.data
[1.308s] -- Installing: /home/mert/gokhan_cloudy/src/install/robolaunch_cloudy_navigation/share/robolaunch_cloudy_navigation/map/ofice.posegraph
[1.316s] -- Installing: /home/mert/gokhan_cloudy/src/install/robolaunch_cloudy_navigation/share/robolaunch_cloudy_navigation/map/ofice.yaml
[1.316s] -- Installing: /home/mert/gokhan_cloudy/src/install/robolaunch_cloudy_navigation/share/robolaunch_cloudy_navigation/launch/sim_launch_all.launch.py
[1.316s] -- Installing: /home/mert/gokhan_cloudy/src/install/robolaunch_cloudy_navigation/share/robolaunch_cloudy_navigation/launch/sim_nav.launch.py
[1.316s] -- Installing: /home/mert/gokhan_cloudy/src/install/robolaunch_cloudy_navigation/share/robolaunch_cloudy_navigation/launch/sim_slam.launch.py
[1.316s] -- Installing: /home/mert/gokhan_cloudy/src/install/robolaunch_cloudy_navigation/share/robolaunch_cloudy_navigation/launch/cloud.launch.py
[1.316s] -- Installing: /home/mert/gokhan_cloudy/src/install/robolaunch_cloudy_navigation/share/robolaunch_cloudy_navigation/launch/galactic_container.launch.py
[1.316s] -- Installing: /home/mert/gokhan_cloudy/src/install/robolaunch_cloudy_navigation/share/robolaunch_cloudy_navigation/launch/robot.launch.py
[1.316s] -- Installing: /home/mert/gokhan_cloudy/src/install/robolaunch_cloudy_navigation/share/ament_index/resource_index/package_run_dependencies/robolaunch_cloudy_navigation
[1.317s] -- Installing: /home/mert/gokhan_cloudy/src/install/robolaunch_cloudy_navigation/share/ament_index/resource_index/parent_prefix_path/robolaunch_cloudy_navigation
[1.317s] -- Installing: /home/mert/gokhan_cloudy/src/install/robolaunch_cloudy_navigation/share/robolaunch_cloudy_navigation/environment/ament_prefix_path.sh
[1.317s] -- Installing: /home/mert/gokhan_cloudy/src/install/robolaunch_cloudy_navigation/share/robolaunch_cloudy_navigation/environment/ament_prefix_path.dsv
[1.317s] -- Installing: /home/mert/gokhan_cloudy/src/install/robolaunch_cloudy_navigation/share/robolaunch_cloudy_navigation/environment/path.sh
[1.317s] -- Installing: /home/mert/gokhan_cloudy/src/install/robolaunch_cloudy_navigation/share/robolaunch_cloudy_navigation/environment/path.dsv
[1.317s] -- Installing: /home/mert/gokhan_cloudy/src/install/robolaunch_cloudy_navigation/share/robolaunch_cloudy_navigation/local_setup.bash
[1.317s] -- Installing: /home/mert/gokhan_cloudy/src/install/robolaunch_cloudy_navigation/share/robolaunch_cloudy_navigation/local_setup.sh
[1.317s] -- Installing: /home/mert/gokhan_cloudy/src/install/robolaunch_cloudy_navigation/share/robolaunch_cloudy_navigation/local_setup.zsh
[1.317s] -- Installing: /home/mert/gokhan_cloudy/src/install/robolaunch_cloudy_navigation/share/robolaunch_cloudy_navigation/local_setup.dsv
[1.317s] -- Installing: /home/mert/gokhan_cloudy/src/install/robolaunch_cloudy_navigation/share/robolaunch_cloudy_navigation/package.dsv
[1.317s] -- Installing: /home/mert/gokhan_cloudy/src/install/robolaunch_cloudy_navigation/share/ament_index/resource_index/packages/robolaunch_cloudy_navigation
[1.318s] -- Installing: /home/mert/gokhan_cloudy/src/install/robolaunch_cloudy_navigation/share/robolaunch_cloudy_navigation/cmake/robolaunch_cloudy_navigationConfig.cmake
[1.318s] -- Installing: /home/mert/gokhan_cloudy/src/install/robolaunch_cloudy_navigation/share/robolaunch_cloudy_navigation/cmake/robolaunch_cloudy_navigationConfig-version.cmake
[1.318s] -- Installing: /home/mert/gokhan_cloudy/src/install/robolaunch_cloudy_navigation/share/robolaunch_cloudy_navigation/package.xml
[1.320s] Invoked command in '/home/mert/gokhan_cloudy/src/build/robolaunch_cloudy_navigation' returned '0': AMENT_PREFIX_PATH=/home/mert/gokhan_cloudy/src/install/rf2o_laser_odometry:${AMENT_PREFIX_PATH} CMAKE_PREFIX_PATH=/home/mert/gokhan_cloudy/src/install/rf2o_laser_odometry:/home/mert/gokhan_cloudy/install/sllidar_ros2:/home/mert/gokhan_cloudy/install/robolaunch_cloudy_simulator:/home/mert/gokhan_cloudy/install/robolaunch_cloudy_navigation:/home/mert/gokhan_cloudy/install/robolaunch_cloudy_bringup:/home/mert/gokhan_cloudy/install/robolaunch_cloudy_hardware:/home/mert/gokhan_cloudy/install/robolaunch_cloudy_description:/home/mert/gokhan_cloudy/install/rf2o_laser_odometry:/home/mert/gokhan_cloudy/install/mecanum_control:/opt/ros/humble /usr/bin/cmake --install /home/mert/gokhan_cloudy/src/build/robolaunch_cloudy_navigation
