[0.015s] Invoking command in '/home/mert/cloudy_ws/src/build/robolaunch_cloudy_navigation': CMAKE_PREFIX_PATH=${CMAKE_PREFIX_PATH}:/opt/ros/humble /usr/bin/cmake /home/mert/cloudy_ws/src/robolaunch_cloudy_navigation -DCMAKE_INSTALL_PREFIX=/home/mert/cloudy_ws/src/install/robolaunch_cloudy_navigation
[0.067s] -- The C compiler identification is GNU 11.3.0
[0.102s] -- The CXX compiler identification is GNU 11.3.0
[0.106s] -- Detecting C compiler ABI info
[0.147s] -- Detecting C compiler ABI info - done
[0.152s] -- Check for working C compiler: /usr/bin/cc - skipped
[0.153s] -- Detecting C compile features
[0.153s] -- Detecting C compile features - done
[0.155s] -- Detecting CXX compiler ABI info
[0.205s] -- Detecting CXX compiler ABI info - done
[0.210s] -- Check for working CXX compiler: /usr/bin/c++ - skipped
[0.210s] -- Detecting CXX compile features
[0.211s] -- Detecting CXX compile features - done
[0.213s] -- Found ament_cmake: 1.3.3 (/opt/ros/humble/share/ament_cmake/cmake)
[0.331s] -- Found Python3: /usr/bin/python3.10 (found version "3.10.6") found components: Interpreter 
[0.399s] -- Looking for pthread.h
[0.443s] -- Looking for pthread.h - found
[0.443s] -- Performing Test CMAKE_HAVE_LIBC_PTHREAD
[0.488s] -- Performing Test CMAKE_HAVE_LIBC_PTHREAD - Success
[0.489s] -- Found Threads: TRUE  
[0.490s] -- Found rclcpp: 16.0.2 (/opt/ros/humble/share/rclcpp/cmake)
[0.527s] -- Found rosidl_generator_c: 3.1.4 (/opt/ros/humble/share/rosidl_generator_c/cmake)
[0.532s] -- Found rosidl_adapter: 3.1.4 (/opt/ros/humble/share/rosidl_adapter/cmake)
[0.537s] -- Found rosidl_generator_cpp: 3.1.4 (/opt/ros/humble/share/rosidl_generator_cpp/cmake)
[0.549s] -- Using all available rosidl_typesupport_c: rosidl_typesupport_fastrtps_c;rosidl_typesupport_introspection_c
[0.565s] -- Using all available rosidl_typesupport_cpp: rosidl_typesupport_fastrtps_cpp;rosidl_typesupport_introspection_cpp
[0.614s] -- Found rmw_implementation_cmake: 6.1.1 (/opt/ros/humble/share/rmw_implementation_cmake/cmake)
[0.616s] -- Found rmw_fastrtps_cpp: 6.2.2 (/opt/ros/humble/share/rmw_fastrtps_cpp/cmake)
[0.675s] -- Found OpenSSL: /usr/lib/x86_64-linux-gnu/libcrypto.so (found version "3.0.2")  
[0.694s] -- Found FastRTPS: /opt/ros/humble/include  
[0.727s] -- Using RMW implementation 'rmw_fastrtps_cpp' as default
[0.847s] -- Found rclpy: 3.3.5 (/opt/ros/humble/share/rclpy/cmake)
[0.848s] -- Found geometry_msgs: 4.2.2 (/opt/ros/humble/share/geometry_msgs/cmake)
[0.879s] -- Found sensor_msgs: 4.2.2 (/opt/ros/humble/share/sensor_msgs/cmake)
[1.058s] -- Configuring done
[1.062s] -- Generating done
[1.063s] -- Build files have been written to: /home/mert/cloudy_ws/src/build/robolaunch_cloudy_navigation
[1.070s] Invoked command in '/home/mert/cloudy_ws/src/build/robolaunch_cloudy_navigation' returned '0': CMAKE_PREFIX_PATH=${CMAKE_PREFIX_PATH}:/opt/ros/humble /usr/bin/cmake /home/mert/cloudy_ws/src/robolaunch_cloudy_navigation -DCMAKE_INSTALL_PREFIX=/home/mert/cloudy_ws/src/install/robolaunch_cloudy_navigation
[1.071s] Invoking command in '/home/mert/cloudy_ws/src/build/robolaunch_cloudy_navigation': CMAKE_PREFIX_PATH=${CMAKE_PREFIX_PATH}:/opt/ros/humble /usr/bin/cmake --build /home/mert/cloudy_ws/src/build/robolaunch_cloudy_navigation -- -j16 -l16
[1.105s] Built target ament_cmake_python_copy_robolaunch_cloudy_navigation
[1.277s] running egg_info
[1.278s] creating robolaunch_cloudy_navigation.egg-info
[1.278s] writing robolaunch_cloudy_navigation.egg-info/PKG-INFO
[1.278s] writing dependency_links to robolaunch_cloudy_navigation.egg-info/dependency_links.txt
[1.278s] writing top-level names to robolaunch_cloudy_navigation.egg-info/top_level.txt
[1.278s] writing manifest file 'robolaunch_cloudy_navigation.egg-info/SOURCES.txt'
[1.279s] reading manifest file 'robolaunch_cloudy_navigation.egg-info/SOURCES.txt'
[1.280s] writing manifest file 'robolaunch_cloudy_navigation.egg-info/SOURCES.txt'
[1.299s] Built target ament_cmake_python_build_robolaunch_cloudy_navigation_egg
[1.305s] Invoked command in '/home/mert/cloudy_ws/src/build/robolaunch_cloudy_navigation' returned '0': CMAKE_PREFIX_PATH=${CMAKE_PREFIX_PATH}:/opt/ros/humble /usr/bin/cmake --build /home/mert/cloudy_ws/src/build/robolaunch_cloudy_navigation -- -j16 -l16
[1.319s] Invoking command in '/home/mert/cloudy_ws/src/build/robolaunch_cloudy_navigation': CMAKE_PREFIX_PATH=${CMAKE_PREFIX_PATH}:/opt/ros/humble /usr/bin/cmake --install /home/mert/cloudy_ws/src/build/robolaunch_cloudy_navigation
[1.323s] -- Install configuration: ""
[1.323s] -- Installing: /home/mert/cloudy_ws/src/install/robolaunch_cloudy_navigation/share/robolaunch_cloudy_navigation/environment/pythonpath.sh
[1.323s] -- Installing: /home/mert/cloudy_ws/src/install/robolaunch_cloudy_navigation/share/robolaunch_cloudy_navigation/environment/pythonpath.dsv
[1.324s] -- Installing: /home/mert/cloudy_ws/src/install/robolaunch_cloudy_navigation/local/lib/python3.10/dist-packages/robolaunch_cloudy_navigation-0.0.0-py3.10.egg-info
[1.324s] -- Installing: /home/mert/cloudy_ws/src/install/robolaunch_cloudy_navigation/local/lib/python3.10/dist-packages/robolaunch_cloudy_navigation-0.0.0-py3.10.egg-info/dependency_links.txt
[1.324s] -- Installing: /home/mert/cloudy_ws/src/install/robolaunch_cloudy_navigation/local/lib/python3.10/dist-packages/robolaunch_cloudy_navigation-0.0.0-py3.10.egg-info/top_level.txt
[1.324s] -- Installing: /home/mert/cloudy_ws/src/install/robolaunch_cloudy_navigation/local/lib/python3.10/dist-packages/robolaunch_cloudy_navigation-0.0.0-py3.10.egg-info/PKG-INFO
[1.324s] -- Installing: /home/mert/cloudy_ws/src/install/robolaunch_cloudy_navigation/local/lib/python3.10/dist-packages/robolaunch_cloudy_navigation-0.0.0-py3.10.egg-info/SOURCES.txt
[1.324s] -- Installing: /home/mert/cloudy_ws/src/install/robolaunch_cloudy_navigation/local/lib/python3.10/dist-packages/robolaunch_cloudy_navigation
[1.324s] -- Installing: /home/mert/cloudy_ws/src/install/robolaunch_cloudy_navigation/local/lib/python3.10/dist-packages/robolaunch_cloudy_navigation/scripts
[1.324s] -- Installing: /home/mert/cloudy_ws/src/install/robolaunch_cloudy_navigation/local/lib/python3.10/dist-packages/robolaunch_cloudy_navigation/scripts/joint_state_publisher.py
[1.324s] -- Installing: /home/mert/cloudy_ws/src/install/robolaunch_cloudy_navigation/local/lib/python3.10/dist-packages/robolaunch_cloudy_navigation/scripts/waypoints_commander.py
[1.324s] -- Installing: /home/mert/cloudy_ws/src/install/robolaunch_cloudy_navigation/local/lib/python3.10/dist-packages/robolaunch_cloudy_navigation/scripts/way_points.py
[1.324s] -- Installing: /home/mert/cloudy_ws/src/install/robolaunch_cloudy_navigation/local/lib/python3.10/dist-packages/robolaunch_cloudy_navigation/scripts/dynamic_tf_broadcaster.py
[1.324s] -- Installing: /home/mert/cloudy_ws/src/install/robolaunch_cloudy_navigation/local/lib/python3.10/dist-packages/robolaunch_cloudy_navigation/scripts/temp.py
[1.324s] -- Installing: /home/mert/cloudy_ws/src/install/robolaunch_cloudy_navigation/local/lib/python3.10/dist-packages/robolaunch_cloudy_navigation/__init__.py
[1.351s] Listing '/home/mert/cloudy_ws/src/install/robolaunch_cloudy_navigation/local/lib/python3.10/dist-packages/robolaunch_cloudy_navigation'...
[1.351s] Compiling '/home/mert/cloudy_ws/src/install/robolaunch_cloudy_navigation/local/lib/python3.10/dist-packages/robolaunch_cloudy_navigation/__init__.py'...
[1.351s] Listing '/home/mert/cloudy_ws/src/install/robolaunch_cloudy_navigation/local/lib/python3.10/dist-packages/robolaunch_cloudy_navigation/scripts'...
[1.351s] Compiling '/home/mert/cloudy_ws/src/install/robolaunch_cloudy_navigation/local/lib/python3.10/dist-packages/robolaunch_cloudy_navigation/scripts/dynamic_tf_broadcaster.py'...
[1.351s] Compiling '/home/mert/cloudy_ws/src/install/robolaunch_cloudy_navigation/local/lib/python3.10/dist-packages/robolaunch_cloudy_navigation/scripts/joint_state_publisher.py'...
[1.352s] Compiling '/home/mert/cloudy_ws/src/install/robolaunch_cloudy_navigation/local/lib/python3.10/dist-packages/robolaunch_cloudy_navigation/scripts/temp.py'...
[1.352s] Compiling '/home/mert/cloudy_ws/src/install/robolaunch_cloudy_navigation/local/lib/python3.10/dist-packages/robolaunch_cloudy_navigation/scripts/way_points.py'...
[1.352s] Compiling '/home/mert/cloudy_ws/src/install/robolaunch_cloudy_navigation/local/lib/python3.10/dist-packages/robolaunch_cloudy_navigation/scripts/waypoints_commander.py'...
[1.355s] -- Installing: /home/mert/cloudy_ws/src/install/robolaunch_cloudy_navigation/lib/robolaunch_cloudy_navigation/dynamic_tf_broadcaster.py
[1.355s] -- Installing: /home/mert/cloudy_ws/src/install/robolaunch_cloudy_navigation/lib/robolaunch_cloudy_navigation/way_points.py
[1.355s] -- Installing: /home/mert/cloudy_ws/src/install/robolaunch_cloudy_navigation/lib/robolaunch_cloudy_navigation/waypoints_commander.py
[1.355s] -- Installing: /home/mert/cloudy_ws/src/install/robolaunch_cloudy_navigation/share/robolaunch_cloudy_navigation/launch
[1.355s] -- Installing: /home/mert/cloudy_ws/src/install/robolaunch_cloudy_navigation/share/robolaunch_cloudy_navigation/launch/cloudy_slam.launch.py
[1.356s] -- Installing: /home/mert/cloudy_ws/src/install/robolaunch_cloudy_navigation/share/robolaunch_cloudy_navigation/launch/cloudy_nav.launch.py
[1.356s] -- Installing: /home/mert/cloudy_ws/src/install/robolaunch_cloudy_navigation/share/robolaunch_cloudy_navigation/launch/launch_all.launch.py
[1.356s] -- Installing: /home/mert/cloudy_ws/src/install/robolaunch_cloudy_navigation/share/robolaunch_cloudy_navigation/rviz
[1.356s] -- Installing: /home/mert/cloudy_ws/src/install/robolaunch_cloudy_navigation/share/robolaunch_cloudy_navigation/rviz/slam.rviz
[1.356s] -- Installing: /home/mert/cloudy_ws/src/install/robolaunch_cloudy_navigation/share/robolaunch_cloudy_navigation/rviz/nav.rviz
[1.356s] -- Installing: /home/mert/cloudy_ws/src/install/robolaunch_cloudy_navigation/share/robolaunch_cloudy_navigation/config
[1.356s] -- Installing: /home/mert/cloudy_ws/src/install/robolaunch_cloudy_navigation/share/robolaunch_cloudy_navigation/config/ekf.yaml
[1.356s] -- Installing: /home/mert/cloudy_ws/src/install/robolaunch_cloudy_navigation/share/robolaunch_cloudy_navigation/config/sim_navigation.yaml
[1.356s] -- Installing: /home/mert/cloudy_ws/src/install/robolaunch_cloudy_navigation/share/robolaunch_cloudy_navigation/config/sim_slam.yaml
[1.356s] -- Installing: /home/mert/cloudy_ws/src/install/robolaunch_cloudy_navigation/share/robolaunch_cloudy_navigation/config/slam.yaml
[1.356s] -- Installing: /home/mert/cloudy_ws/src/install/robolaunch_cloudy_navigation/share/robolaunch_cloudy_navigation/config/range_filter.yaml
[1.356s] -- Installing: /home/mert/cloudy_ws/src/install/robolaunch_cloudy_navigation/share/robolaunch_cloudy_navigation/config/navigation.yaml
[1.357s] -- Installing: /home/mert/cloudy_ws/src/install/robolaunch_cloudy_navigation/share/robolaunch_cloudy_navigation/map
[1.357s] -- Installing: /home/mert/cloudy_ws/src/install/robolaunch_cloudy_navigation/share/robolaunch_cloudy_navigation/map/play_ground.yaml
[1.357s] -- Installing: /home/mert/cloudy_ws/src/install/robolaunch_cloudy_navigation/share/robolaunch_cloudy_navigation/launch/sim_launch_all.launch.py
[1.357s] -- Installing: /home/mert/cloudy_ws/src/install/robolaunch_cloudy_navigation/share/robolaunch_cloudy_navigation/launch/sim_nav.launch.py
[1.357s] -- Installing: /home/mert/cloudy_ws/src/install/robolaunch_cloudy_navigation/share/robolaunch_cloudy_navigation/launch/sim_slam.launch.py
[1.357s] -- Installing: /home/mert/cloudy_ws/src/install/robolaunch_cloudy_navigation/share/robolaunch_cloudy_navigation/launch/cloud.launch.py
[1.357s] -- Installing: /home/mert/cloudy_ws/src/install/robolaunch_cloudy_navigation/share/robolaunch_cloudy_navigation/launch/galactic_container.launch.py
[1.357s] -- Installing: /home/mert/cloudy_ws/src/install/robolaunch_cloudy_navigation/share/robolaunch_cloudy_navigation/launch/robot.launch.py
[1.357s] -- Installing: /home/mert/cloudy_ws/src/install/robolaunch_cloudy_navigation/share/ament_index/resource_index/package_run_dependencies/robolaunch_cloudy_navigation
[1.357s] -- Installing: /home/mert/cloudy_ws/src/install/robolaunch_cloudy_navigation/share/ament_index/resource_index/parent_prefix_path/robolaunch_cloudy_navigation
[1.357s] -- Installing: /home/mert/cloudy_ws/src/install/robolaunch_cloudy_navigation/share/robolaunch_cloudy_navigation/environment/ament_prefix_path.sh
[1.357s] -- Installing: /home/mert/cloudy_ws/src/install/robolaunch_cloudy_navigation/share/robolaunch_cloudy_navigation/environment/ament_prefix_path.dsv
[1.357s] -- Installing: /home/mert/cloudy_ws/src/install/robolaunch_cloudy_navigation/share/robolaunch_cloudy_navigation/environment/path.sh
[1.357s] -- Installing: /home/mert/cloudy_ws/src/install/robolaunch_cloudy_navigation/share/robolaunch_cloudy_navigation/environment/path.dsv
[1.357s] -- Installing: /home/mert/cloudy_ws/src/install/robolaunch_cloudy_navigation/share/robolaunch_cloudy_navigation/local_setup.bash
[1.357s] -- Installing: /home/mert/cloudy_ws/src/install/robolaunch_cloudy_navigation/share/robolaunch_cloudy_navigation/local_setup.sh
[1.358s] -- Installing: /home/mert/cloudy_ws/src/install/robolaunch_cloudy_navigation/share/robolaunch_cloudy_navigation/local_setup.zsh
[1.358s] -- Installing: /home/mert/cloudy_ws/src/install/robolaunch_cloudy_navigation/share/robolaunch_cloudy_navigation/local_setup.dsv
[1.358s] -- Installing: /home/mert/cloudy_ws/src/install/robolaunch_cloudy_navigation/share/robolaunch_cloudy_navigation/package.dsv
[1.358s] -- Installing: /home/mert/cloudy_ws/src/install/robolaunch_cloudy_navigation/share/ament_index/resource_index/packages/robolaunch_cloudy_navigation
[1.358s] -- Installing: /home/mert/cloudy_ws/src/install/robolaunch_cloudy_navigation/share/robolaunch_cloudy_navigation/cmake/robolaunch_cloudy_navigationConfig.cmake
[1.358s] -- Installing: /home/mert/cloudy_ws/src/install/robolaunch_cloudy_navigation/share/robolaunch_cloudy_navigation/cmake/robolaunch_cloudy_navigationConfig-version.cmake
[1.358s] -- Installing: /home/mert/cloudy_ws/src/install/robolaunch_cloudy_navigation/share/robolaunch_cloudy_navigation/package.xml
[1.361s] Invoked command in '/home/mert/cloudy_ws/src/build/robolaunch_cloudy_navigation' returned '0': CMAKE_PREFIX_PATH=${CMAKE_PREFIX_PATH}:/opt/ros/humble /usr/bin/cmake --install /home/mert/cloudy_ws/src/build/robolaunch_cloudy_navigation
