[0.020s] Invoking command in '/home/mert/cloudy_ws/src/build/rf2o_laser_odometry': CMAKE_PREFIX_PATH=${CMAKE_PREFIX_PATH}:/opt/ros/humble /usr/bin/cmake /home/mert/cloudy_ws/src/rf2o_laser_odometry -DCMAKE_INSTALL_PREFIX=/home/mert/cloudy_ws/src/install/rf2o_laser_odometry
[0.081s] -- The C compiler identification is GNU 11.3.0
[0.119s] -- The CXX compiler identification is GNU 11.3.0
[0.125s] -- Detecting C compiler ABI info
[0.169s] -- Detecting C compiler ABI info - done
[0.173s] -- Check for working C compiler: /usr/bin/cc - skipped
[0.174s] -- Detecting C compile features
[0.174s] -- Detecting C compile features - done
[0.177s] -- Detecting CXX compiler ABI info
[0.226s] -- Detecting CXX compiler ABI info - done
[0.231s] -- Check for working CXX compiler: /usr/bin/c++ - skipped
[0.231s] -- Detecting CXX compile features
[0.232s] -- Detecting CXX compile features - done
[0.236s] -- Found ament_cmake: 1.3.3 (/opt/ros/humble/share/ament_cmake/cmake)
[0.363s] -- Found Python3: /usr/bin/python3.10 (found version "3.10.6") found components: Interpreter 
[0.429s] -- Found rclcpp: 16.0.2 (/opt/ros/humble/share/rclcpp/cmake)
[0.470s] -- Found rosidl_generator_c: 3.1.4 (/opt/ros/humble/share/rosidl_generator_c/cmake)
[0.475s] -- Found rosidl_adapter: 3.1.4 (/opt/ros/humble/share/rosidl_adapter/cmake)
[0.484s] -- Found rosidl_generator_cpp: 3.1.4 (/opt/ros/humble/share/rosidl_generator_cpp/cmake)
[0.496s] -- Using all available rosidl_typesupport_c: rosidl_typesupport_fastrtps_c;rosidl_typesupport_introspection_c
[0.514s] -- Using all available rosidl_typesupport_cpp: rosidl_typesupport_fastrtps_cpp;rosidl_typesupport_introspection_cpp
[0.570s] -- Found rmw_implementation_cmake: 6.1.1 (/opt/ros/humble/share/rmw_implementation_cmake/cmake)
[0.575s] -- Found rmw_fastrtps_cpp: 6.2.2 (/opt/ros/humble/share/rmw_fastrtps_cpp/cmake)
[0.641s] -- Found OpenSSL: /usr/lib/x86_64-linux-gnu/libcrypto.so (found version "3.0.2")  
[0.665s] -- Found FastRTPS: /opt/ros/humble/include  
[0.697s] -- Using RMW implementation 'rmw_fastrtps_cpp' as default
[0.707s] -- Looking for pthread.h
[0.748s] -- Looking for pthread.h - found
[0.748s] -- Performing Test CMAKE_HAVE_LIBC_PTHREAD
[0.791s] -- Performing Test CMAKE_HAVE_LIBC_PTHREAD - Success
[0.792s] -- Found Threads: TRUE  
[0.907s] -- Found geometry_msgs: 4.2.2 (/opt/ros/humble/share/geometry_msgs/cmake)
[0.937s] -- Found tf2_geometry_msgs: 0.25.1 (/opt/ros/humble/share/tf2_geometry_msgs/cmake)
[0.950s] -- Found eigen3_cmake_module: 0.1.1 (/opt/ros/humble/share/eigen3_cmake_module/cmake)
[0.951s] -- Found Eigen3: TRUE (found version "3.4.0") 
[0.951s] -- Ensuring Eigen3 include directory is part of orocos-kdl CMake target
[1.219s] -- Found sensor_msgs: 4.2.2 (/opt/ros/humble/share/sensor_msgs/cmake)
[1.278s] -- Found nav_msgs: 4.2.2 (/opt/ros/humble/share/nav_msgs/cmake)
[1.344s] -- Found Boost: /usr/lib/x86_64-linux-gnu/cmake/Boost-1.74.0/BoostConfig.cmake (found version "1.74.0")  
[1.390s] -- Configuring done
[1.400s] -- Generating done
[1.401s] -- Build files have been written to: /home/mert/cloudy_ws/src/build/rf2o_laser_odometry
[1.408s] Invoked command in '/home/mert/cloudy_ws/src/build/rf2o_laser_odometry' returned '0': CMAKE_PREFIX_PATH=${CMAKE_PREFIX_PATH}:/opt/ros/humble /usr/bin/cmake /home/mert/cloudy_ws/src/rf2o_laser_odometry -DCMAKE_INSTALL_PREFIX=/home/mert/cloudy_ws/src/install/rf2o_laser_odometry
[1.410s] Invoking command in '/home/mert/cloudy_ws/src/build/rf2o_laser_odometry': CMAKE_PREFIX_PATH=${CMAKE_PREFIX_PATH}:/opt/ros/humble /usr/bin/cmake --build /home/mert/cloudy_ws/src/build/rf2o_laser_odometry -- -j16 -l16
[1.437s] [ 60%] [32mBuilding CXX object CMakeFiles/rf2o_laser_odometry_node.dir/src/CLaserOdometry2D.cpp.o[0m
[1.437s] [ 60%] [32mBuilding CXX object CMakeFiles/rf2o_laser_odometry_node.dir/src/CLaserOdometry2DNode.cpp.o[0m
[1.437s] [ 60%] [32mBuilding CXX object CMakeFiles/rf2o_laser_odometry.dir/src/CLaserOdometry2D.cpp.o[0m
[16.978s] [ 80%] [32m[1mLinking CXX executable rf2o_laser_odometry_node[0m
[17.443s] [100%] [32m[1mLinking CXX static library librf2o_laser_odometry.a[0m
[17.623s] [100%] Built target rf2o_laser_odometry
[17.799s] [100%] Built target rf2o_laser_odometry_node
[17.810s] Invoked command in '/home/mert/cloudy_ws/src/build/rf2o_laser_odometry' returned '0': CMAKE_PREFIX_PATH=${CMAKE_PREFIX_PATH}:/opt/ros/humble /usr/bin/cmake --build /home/mert/cloudy_ws/src/build/rf2o_laser_odometry -- -j16 -l16
[17.826s] Invoking command in '/home/mert/cloudy_ws/src/build/rf2o_laser_odometry': CMAKE_PREFIX_PATH=${CMAKE_PREFIX_PATH}:/opt/ros/humble /usr/bin/cmake --install /home/mert/cloudy_ws/src/build/rf2o_laser_odometry
[17.830s] -- Install configuration: ""
[17.830s] -- Installing: /home/mert/cloudy_ws/src/install/rf2o_laser_odometry/lib/rf2o_laser_odometry/rf2o_laser_odometry_node
[17.837s] -- Set runtime path of "/home/mert/cloudy_ws/src/install/rf2o_laser_odometry/lib/rf2o_laser_odometry/rf2o_laser_odometry_node" to ""
[17.837s] -- Installing: /home/mert/cloudy_ws/src/install/rf2o_laser_odometry/share/rf2o_laser_odometry/launch
[17.837s] -- Installing: /home/mert/cloudy_ws/src/install/rf2o_laser_odometry/share/rf2o_laser_odometry/launch/rf2o_laser_odometry.launch.py
[17.837s] -- Installing: /home/mert/cloudy_ws/src/install/rf2o_laser_odometry/share/ament_index/resource_index/package_run_dependencies/rf2o_laser_odometry
[17.837s] -- Installing: /home/mert/cloudy_ws/src/install/rf2o_laser_odometry/share/ament_index/resource_index/parent_prefix_path/rf2o_laser_odometry
[17.837s] -- Installing: /home/mert/cloudy_ws/src/install/rf2o_laser_odometry/share/rf2o_laser_odometry/environment/ament_prefix_path.sh
[17.838s] -- Installing: /home/mert/cloudy_ws/src/install/rf2o_laser_odometry/share/rf2o_laser_odometry/environment/ament_prefix_path.dsv
[17.838s] -- Installing: /home/mert/cloudy_ws/src/install/rf2o_laser_odometry/share/rf2o_laser_odometry/environment/path.sh
[17.838s] -- Installing: /home/mert/cloudy_ws/src/install/rf2o_laser_odometry/share/rf2o_laser_odometry/environment/path.dsv
[17.838s] -- Installing: /home/mert/cloudy_ws/src/install/rf2o_laser_odometry/share/rf2o_laser_odometry/local_setup.bash
[17.838s] -- Installing: /home/mert/cloudy_ws/src/install/rf2o_laser_odometry/share/rf2o_laser_odometry/local_setup.sh
[17.838s] -- Installing: /home/mert/cloudy_ws/src/install/rf2o_laser_odometry/share/rf2o_laser_odometry/local_setup.zsh
[17.838s] -- Installing: /home/mert/cloudy_ws/src/install/rf2o_laser_odometry/share/rf2o_laser_odometry/local_setup.dsv
[17.839s] -- Installing: /home/mert/cloudy_ws/src/install/rf2o_laser_odometry/share/rf2o_laser_odometry/package.dsv
[17.839s] -- Installing: /home/mert/cloudy_ws/src/install/rf2o_laser_odometry/share/ament_index/resource_index/packages/rf2o_laser_odometry
[17.839s] -- Installing: /home/mert/cloudy_ws/src/install/rf2o_laser_odometry/share/rf2o_laser_odometry/cmake/rf2o_laser_odometryConfig.cmake
[17.839s] -- Installing: /home/mert/cloudy_ws/src/install/rf2o_laser_odometry/share/rf2o_laser_odometry/cmake/rf2o_laser_odometryConfig-version.cmake
[17.839s] -- Installing: /home/mert/cloudy_ws/src/install/rf2o_laser_odometry/share/rf2o_laser_odometry/package.xml
[17.840s] Invoked command in '/home/mert/cloudy_ws/src/build/rf2o_laser_odometry' returned '0': CMAKE_PREFIX_PATH=${CMAKE_PREFIX_PATH}:/opt/ros/humble /usr/bin/cmake --install /home/mert/cloudy_ws/src/build/rf2o_laser_odometry
