running egg_info
writing ../build/mecanum_control/mecanum_control.egg-info/PKG-INFO
writing dependency_links to ../build/mecanum_control/mecanum_control.egg-info/dependency_links.txt
writing entry points to ../build/mecanum_control/mecanum_control.egg-info/entry_points.txt
writing requirements to ../build/mecanum_control/mecanum_control.egg-info/requires.txt
writing top-level names to ../build/mecanum_control/mecanum_control.egg-info/top_level.txt
reading manifest file '../build/mecanum_control/mecanum_control.egg-info/SOURCES.txt'
writing manifest file '../build/mecanum_control/mecanum_control.egg-info/SOURCES.txt'
running build
running build_py
running install
running install_lib
running install_data
running install_egg_info
removing '/home/mert/gokhan_cloudy/src/install/mecanum_control/lib/python3.10/site-packages/mecanum_control-0.0.0-py3.10.egg-info' (and everything under it)
Copying ../build/mecanum_control/mecanum_control.egg-info to /home/mert/gokhan_cloudy/src/install/mecanum_control/lib/python3.10/site-packages/mecanum_control-0.0.0-py3.10.egg-info
running install_scripts
Installing mecanum_control script to /home/mert/gokhan_cloudy/src/install/mecanum_control/lib/mecanum_control
Installing serial_com script to /home/mert/gokhan_cloudy/src/install/mecanum_control/lib/mecanum_control
writing list of installed files to '/home/mert/gokhan_cloudy/src/build/mecanum_control/install.log'
