[0.026s] Invoking command in '/home/mert/gokhan_cloudy/src/build/robolaunch_cloudy_description': CMAKE_PREFIX_PATH=${CMAKE_PREFIX_PATH}:/home/mert/gokhan_cloudy/install/mecanum_control:/opt/ros/humble /usr/bin/cmake /home/mert/gokhan_cloudy/src/robolaunch_cloudy_description -DCMAKE_INSTALL_PREFIX=/home/mert/gokhan_cloudy/src/install/robolaunch_cloudy_description
[0.261s] -- The C compiler identification is GNU 11.3.0
[0.261s] -- The CXX compiler identification is GNU 11.3.0
[0.261s] -- Detecting C compiler ABI info
[0.261s] -- Detecting C compiler ABI info - done
[0.262s] -- Check for working C compiler: /usr/bin/cc - skipped
[0.262s] -- Detecting C compile features
[0.263s] -- Detecting C compile features - done
[0.263s] -- Detecting CXX compiler ABI info
[0.263s] -- Detecting CXX compiler ABI info - done
[0.263s] -- Check for working CXX compiler: /usr/bin/c++ - skipped
[0.263s] -- Detecting CXX compile features
[0.263s] -- Detecting CXX compile features - done
[0.263s] -- Found ament_cmake: 1.3.3 (/opt/ros/humble/share/ament_cmake/cmake)
[0.360s] -- Found Python3: /usr/bin/python3.10 (found version "3.10.6") found components: Interpreter 
[0.478s] -- Configuring done
[0.480s] -- Generating done
[0.481s] -- Build files have been written to: /home/mert/gokhan_cloudy/src/build/robolaunch_cloudy_description
[0.486s] Invoked command in '/home/mert/gokhan_cloudy/src/build/robolaunch_cloudy_description' returned '0': CMAKE_PREFIX_PATH=${CMAKE_PREFIX_PATH}:/home/mert/gokhan_cloudy/install/mecanum_control:/opt/ros/humble /usr/bin/cmake /home/mert/gokhan_cloudy/src/robolaunch_cloudy_description -DCMAKE_INSTALL_PREFIX=/home/mert/gokhan_cloudy/src/install/robolaunch_cloudy_description
[0.488s] Invoking command in '/home/mert/gokhan_cloudy/src/build/robolaunch_cloudy_description': CMAKE_PREFIX_PATH=${CMAKE_PREFIX_PATH}:/home/mert/gokhan_cloudy/install/mecanum_control:/opt/ros/humble /usr/bin/cmake --build /home/mert/gokhan_cloudy/src/build/robolaunch_cloudy_description -- -j16 -l16
[0.514s] Invoked command in '/home/mert/gokhan_cloudy/src/build/robolaunch_cloudy_description' returned '0': CMAKE_PREFIX_PATH=${CMAKE_PREFIX_PATH}:/home/mert/gokhan_cloudy/install/mecanum_control:/opt/ros/humble /usr/bin/cmake --build /home/mert/gokhan_cloudy/src/build/robolaunch_cloudy_description -- -j16 -l16
[0.539s] Invoking command in '/home/mert/gokhan_cloudy/src/build/robolaunch_cloudy_description': CMAKE_PREFIX_PATH=${CMAKE_PREFIX_PATH}:/home/mert/gokhan_cloudy/install/mecanum_control:/opt/ros/humble /usr/bin/cmake --install /home/mert/gokhan_cloudy/src/build/robolaunch_cloudy_description
[0.543s] -- Install configuration: ""
[0.544s] -- Installing: /home/mert/gokhan_cloudy/src/install/robolaunch_cloudy_description/share/robolaunch_cloudy_description/config
[0.544s] -- Installing: /home/mert/gokhan_cloudy/src/install/robolaunch_cloudy_description/share/robolaunch_cloudy_description/config/diffbot.rviz
[0.544s] -- Installing: /home/mert/gokhan_cloudy/src/install/robolaunch_cloudy_description/share/robolaunch_cloudy_description/ros2_control
[0.544s] -- Installing: /home/mert/gokhan_cloudy/src/install/robolaunch_cloudy_description/share/robolaunch_cloudy_description/ros2_control/diffbot_system.ros2_control.xacro
[0.544s] -- Installing: /home/mert/gokhan_cloudy/src/install/robolaunch_cloudy_description/share/robolaunch_cloudy_description/urdf
[0.544s] -- Installing: /home/mert/gokhan_cloudy/src/install/robolaunch_cloudy_description/share/robolaunch_cloudy_description/urdf/diffbot_system.urdf.xacro
[0.544s] -- Installing: /home/mert/gokhan_cloudy/src/install/robolaunch_cloudy_description/share/robolaunch_cloudy_description/urdf/inertial_macros.xacro
[0.544s] -- Installing: /home/mert/gokhan_cloudy/src/install/robolaunch_cloudy_description/share/robolaunch_cloudy_description/urdf/omni_drive.urdf.xacro
[0.544s] -- Installing: /home/mert/gokhan_cloudy/src/install/robolaunch_cloudy_description/share/robolaunch_cloudy_description/urdf/meshes
[0.544s] -- Installing: /home/mert/gokhan_cloudy/src/install/robolaunch_cloudy_description/share/robolaunch_cloudy_description/urdf/meshes/wheel_v2.stl
[0.545s] -- Installing: /home/mert/gokhan_cloudy/src/install/robolaunch_cloudy_description/share/robolaunch_cloudy_description/urdf/meshes/wheel.stl
[0.545s] -- Installing: /home/mert/gokhan_cloudy/src/install/robolaunch_cloudy_description/share/robolaunch_cloudy_description/urdf/meshes/body.stl
[0.545s] -- Installing: /home/mert/gokhan_cloudy/src/install/robolaunch_cloudy_description/share/robolaunch_cloudy_description/urdf/meshes/arcelik
[0.545s] -- Installing: /home/mert/gokhan_cloudy/src/install/robolaunch_cloudy_description/share/robolaunch_cloudy_description/urdf/meshes/arcelik/UstPlaka.stl
[0.546s] -- Installing: /home/mert/gokhan_cloudy/src/install/robolaunch_cloudy_description/share/robolaunch_cloudy_description/urdf/meshes/arcelik/son_rigs.stl
[0.547s] -- Installing: /home/mert/gokhan_cloudy/src/install/robolaunch_cloudy_description/share/robolaunch_cloudy_description/urdf/meshes/arcelik/Intel_realsense.stl
[0.547s] -- Installing: /home/mert/gokhan_cloudy/src/install/robolaunch_cloudy_description/share/robolaunch_cloudy_description/urdf/meshes/arcelik/UstPlaka2.stl
[0.548s] -- Installing: /home/mert/gokhan_cloudy/src/install/robolaunch_cloudy_description/share/robolaunch_cloudy_description/urdf/meshes/arcelik/chassis_red.stl
[0.549s] -- Installing: /home/mert/gokhan_cloudy/src/install/robolaunch_cloudy_description/share/robolaunch_cloudy_description/urdf/meshes/arcelik/suspention_son.dae
[0.551s] -- Installing: /home/mert/gokhan_cloudy/src/install/robolaunch_cloudy_description/share/robolaunch_cloudy_description/urdf/meshes/arcelik/teker_cw.dae
[0.554s] -- Installing: /home/mert/gokhan_cloudy/src/install/robolaunch_cloudy_description/share/robolaunch_cloudy_description/urdf/meshes/arcelik/suspention_son (1).dae
[0.556s] -- Installing: /home/mert/gokhan_cloudy/src/install/robolaunch_cloudy_description/share/robolaunch_cloudy_description/urdf/meshes/arcelik/lidar.stl
[0.556s] -- Installing: /home/mert/gokhan_cloudy/src/install/robolaunch_cloudy_description/share/robolaunch_cloudy_description/urdf/meshes/body_v2.stl
[0.556s] -- Installing: /home/mert/gokhan_cloudy/src/install/robolaunch_cloudy_description/share/robolaunch_cloudy_description/urdf/meshes/realsense.stl
[0.557s] -- Installing: /home/mert/gokhan_cloudy/src/install/robolaunch_cloudy_description/share/robolaunch_cloudy_description/urdf/meshes/lidar.stl
[0.557s] -- Installing: /home/mert/gokhan_cloudy/src/install/robolaunch_cloudy_description/share/robolaunch_cloudy_description/urdf/robots
[0.557s] -- Installing: /home/mert/gokhan_cloudy/src/install/robolaunch_cloudy_description/share/robolaunch_cloudy_description/urdf/robots/cloudy_v2_properties.urdf.xacro
[0.557s] -- Installing: /home/mert/gokhan_cloudy/src/install/robolaunch_cloudy_description/share/robolaunch_cloudy_description/urdf/robots/cloudy_v1_core.xacro
[0.557s] -- Installing: /home/mert/gokhan_cloudy/src/install/robolaunch_cloudy_description/share/robolaunch_cloudy_description/urdf/robots/cloudy_v1_properties.urdf.xacro
[0.557s] -- Installing: /home/mert/gokhan_cloudy/src/install/robolaunch_cloudy_description/share/robolaunch_cloudy_description/urdf/robots/cloudy_v2.urdf.xacro
[0.557s] -- Installing: /home/mert/gokhan_cloudy/src/install/robolaunch_cloudy_description/share/robolaunch_cloudy_description/urdf/robots/arcelik
[0.558s] -- Installing: /home/mert/gokhan_cloudy/src/install/robolaunch_cloudy_description/share/robolaunch_cloudy_description/urdf/robots/arcelik/base.urdf.xacro
[0.558s] -- Installing: /home/mert/gokhan_cloudy/src/install/robolaunch_cloudy_description/share/robolaunch_cloudy_description/urdf/robots/arcelik/mecanum.urdf.xacro
[0.558s] -- Installing: /home/mert/gokhan_cloudy/src/install/robolaunch_cloudy_description/share/robolaunch_cloudy_description/urdf/robots/arcelik/mecanum_properties.urdf.xacro
[0.558s] -- Installing: /home/mert/gokhan_cloudy/src/install/robolaunch_cloudy_description/share/robolaunch_cloudy_description/urdf/robots/arcelik/caster_wheel.urdf.xacro
[0.558s] -- Installing: /home/mert/gokhan_cloudy/src/install/robolaunch_cloudy_description/share/robolaunch_cloudy_description/urdf/robots/arcelik/mecanum_wheel.urdf.xacro
[0.558s] -- Installing: /home/mert/gokhan_cloudy/src/install/robolaunch_cloudy_description/share/robolaunch_cloudy_description/urdf/robots/arcelik/wheel.urdf.xacro
[0.558s] -- Installing: /home/mert/gokhan_cloudy/src/install/robolaunch_cloudy_description/share/robolaunch_cloudy_description/urdf/robots/arcelik/mecanum_wheel2.urdf.xacro
[0.558s] -- Installing: /home/mert/gokhan_cloudy/src/install/robolaunch_cloudy_description/share/robolaunch_cloudy_description/urdf/robots/arcelik/suspention.urdf.xacro
[0.558s] -- Installing: /home/mert/gokhan_cloudy/src/install/robolaunch_cloudy_description/share/robolaunch_cloudy_description/urdf/robots/cloudy_v1.urdf.xacro
[0.558s] -- Installing: /home/mert/gokhan_cloudy/src/install/robolaunch_cloudy_description/share/robolaunch_cloudy_description/urdf/robots/cloudy_v2_core.xacro
[0.558s] -- Installing: /home/mert/gokhan_cloudy/src/install/robolaunch_cloudy_description/share/robolaunch_cloudy_description/urdf/diffbot.urdf.xacro
[0.558s] -- Installing: /home/mert/gokhan_cloudy/src/install/robolaunch_cloudy_description/share/robolaunch_cloudy_description/urdf/gazebo_control.xacro
[0.559s] -- Installing: /home/mert/gokhan_cloudy/src/install/robolaunch_cloudy_description/share/robolaunch_cloudy_description/sensors
[0.559s] -- Installing: /home/mert/gokhan_cloudy/src/install/robolaunch_cloudy_description/share/robolaunch_cloudy_description/sensors/depth_sensor.urdf.xacro
[0.559s] -- Installing: /home/mert/gokhan_cloudy/src/install/robolaunch_cloudy_description/share/robolaunch_cloudy_description/sensors/generic_laser.urdf.xacro
[0.559s] -- Installing: /home/mert/gokhan_cloudy/src/install/robolaunch_cloudy_description/share/robolaunch_cloudy_description/sensors/imu.urdf.xacro
[0.559s] -- Installing: /home/mert/gokhan_cloudy/src/install/robolaunch_cloudy_description/share/robolaunch_cloudy_description/sensors/laser.urdf.xacro
[0.559s] -- Installing: /home/mert/gokhan_cloudy/src/install/robolaunch_cloudy_description/share/robolaunch_cloudy_description/launch
[0.559s] -- Installing: /home/mert/gokhan_cloudy/src/install/robolaunch_cloudy_description/share/robolaunch_cloudy_description/launch/arcelik_description.launch.py
[0.559s] -- Installing: /home/mert/gokhan_cloudy/src/install/robolaunch_cloudy_description/share/robolaunch_cloudy_description/launch/description.launch.py
[0.559s] -- Installing: /home/mert/gokhan_cloudy/src/install/robolaunch_cloudy_description/share/ament_index/resource_index/package_run_dependencies/robolaunch_cloudy_description
[0.559s] -- Installing: /home/mert/gokhan_cloudy/src/install/robolaunch_cloudy_description/share/ament_index/resource_index/parent_prefix_path/robolaunch_cloudy_description
[0.559s] -- Installing: /home/mert/gokhan_cloudy/src/install/robolaunch_cloudy_description/share/robolaunch_cloudy_description/environment/ament_prefix_path.sh
[0.559s] -- Installing: /home/mert/gokhan_cloudy/src/install/robolaunch_cloudy_description/share/robolaunch_cloudy_description/environment/ament_prefix_path.dsv
[0.560s] -- Installing: /home/mert/gokhan_cloudy/src/install/robolaunch_cloudy_description/share/robolaunch_cloudy_description/environment/path.sh
[0.560s] -- Installing: /home/mert/gokhan_cloudy/src/install/robolaunch_cloudy_description/share/robolaunch_cloudy_description/environment/path.dsv
[0.560s] -- Installing: /home/mert/gokhan_cloudy/src/install/robolaunch_cloudy_description/share/robolaunch_cloudy_description/local_setup.bash
[0.560s] -- Installing: /home/mert/gokhan_cloudy/src/install/robolaunch_cloudy_description/share/robolaunch_cloudy_description/local_setup.sh
[0.560s] -- Installing: /home/mert/gokhan_cloudy/src/install/robolaunch_cloudy_description/share/robolaunch_cloudy_description/local_setup.zsh
[0.560s] -- Installing: /home/mert/gokhan_cloudy/src/install/robolaunch_cloudy_description/share/robolaunch_cloudy_description/local_setup.dsv
[0.560s] -- Installing: /home/mert/gokhan_cloudy/src/install/robolaunch_cloudy_description/share/robolaunch_cloudy_description/package.dsv
[0.560s] -- Installing: /home/mert/gokhan_cloudy/src/install/robolaunch_cloudy_description/share/ament_index/resource_index/packages/robolaunch_cloudy_description
[0.560s] -- Installing: /home/mert/gokhan_cloudy/src/install/robolaunch_cloudy_description/share/robolaunch_cloudy_description/cmake/robolaunch_cloudy_descriptionConfig.cmake
[0.560s] -- Installing: /home/mert/gokhan_cloudy/src/install/robolaunch_cloudy_description/share/robolaunch_cloudy_description/cmake/robolaunch_cloudy_descriptionConfig-version.cmake
[0.560s] -- Installing: /home/mert/gokhan_cloudy/src/install/robolaunch_cloudy_description/share/robolaunch_cloudy_description/package.xml
[0.562s] Invoked command in '/home/mert/gokhan_cloudy/src/build/robolaunch_cloudy_description' returned '0': CMAKE_PREFIX_PATH=${CMAKE_PREFIX_PATH}:/home/mert/gokhan_cloudy/install/mecanum_control:/opt/ros/humble /usr/bin/cmake --install /home/mert/gokhan_cloudy/src/build/robolaunch_cloudy_description
