[0.007s] Invoking command in '/home/mert/cloudy_ws/src/build/robolaunch_cloudy_bringup': AMENT_PREFIX_PATH=/home/mert/cloudy_ws/src/install/robolaunch_cloudy_hardware:/home/mert/cloudy_ws/src/install/robolaunch_cloudy_description:${AMENT_PREFIX_PATH} CMAKE_PREFIX_PATH=/home/mert/cloudy_ws/src/install/robolaunch_cloudy_hardware:/home/mert/cloudy_ws/src/install/robolaunch_cloudy_description:/home/mert/cloudy_ws/install/robolaunch_cloudy_simulator:/home/mert/cloudy_ws/install/robolaunch_cloudy_navigation:/home/mert/cloudy_ws/install/robolaunch_cloudy_bringup:/home/mert/cloudy_ws/install/robolaunch_cloudy_hardware:/home/mert/cloudy_ws/install/robolaunch_cloudy_description:/home/mert/cloudy_ws/install/rf2o_laser_odometry:/opt/ros/humble LD_LIBRARY_PATH=/home/mert/cloudy_ws/src/install/robolaunch_cloudy_hardware/lib:${LD_LIBRARY_PATH} /usr/bin/cmake /home/mert/cloudy_ws/src/robolaunch_cloudy_bringup -DCMAKE_INSTALL_PREFIX=/home/mert/cloudy_ws/src/install/robolaunch_cloudy_bringup
[0.040s] -- The C compiler identification is GNU 11.3.0
[0.074s] -- The CXX compiler identification is GNU 11.3.0
[0.079s] -- Detecting C compiler ABI info
[0.121s] -- Detecting C compiler ABI info - done
[0.127s] -- Check for working C compiler: /usr/bin/cc - skipped
[0.127s] -- Detecting C compile features
[0.127s] -- Detecting C compile features - done
[0.129s] -- Detecting CXX compiler ABI info
[0.178s] -- Detecting CXX compiler ABI info - done
[0.184s] -- Check for working CXX compiler: /usr/bin/c++ - skipped
[0.184s] -- Detecting CXX compile features
[0.184s] -- Detecting CXX compile features - done
[0.186s] -- Found ament_cmake: 1.3.3 (/opt/ros/humble/share/ament_cmake/cmake)
[0.305s] -- Found Python3: /usr/bin/python3.10 (found version "3.10.6") found components: Interpreter 
[0.412s] -- Configuring done
[0.413s] -- Generating done
[0.414s] -- Build files have been written to: /home/mert/cloudy_ws/src/build/robolaunch_cloudy_bringup
[0.417s] Invoked command in '/home/mert/cloudy_ws/src/build/robolaunch_cloudy_bringup' returned '0': AMENT_PREFIX_PATH=/home/mert/cloudy_ws/src/install/robolaunch_cloudy_hardware:/home/mert/cloudy_ws/src/install/robolaunch_cloudy_description:${AMENT_PREFIX_PATH} CMAKE_PREFIX_PATH=/home/mert/cloudy_ws/src/install/robolaunch_cloudy_hardware:/home/mert/cloudy_ws/src/install/robolaunch_cloudy_description:/home/mert/cloudy_ws/install/robolaunch_cloudy_simulator:/home/mert/cloudy_ws/install/robolaunch_cloudy_navigation:/home/mert/cloudy_ws/install/robolaunch_cloudy_bringup:/home/mert/cloudy_ws/install/robolaunch_cloudy_hardware:/home/mert/cloudy_ws/install/robolaunch_cloudy_description:/home/mert/cloudy_ws/install/rf2o_laser_odometry:/opt/ros/humble LD_LIBRARY_PATH=/home/mert/cloudy_ws/src/install/robolaunch_cloudy_hardware/lib:${LD_LIBRARY_PATH} /usr/bin/cmake /home/mert/cloudy_ws/src/robolaunch_cloudy_bringup -DCMAKE_INSTALL_PREFIX=/home/mert/cloudy_ws/src/install/robolaunch_cloudy_bringup
[0.418s] Invoking command in '/home/mert/cloudy_ws/src/build/robolaunch_cloudy_bringup': AMENT_PREFIX_PATH=/home/mert/cloudy_ws/src/install/robolaunch_cloudy_hardware:/home/mert/cloudy_ws/src/install/robolaunch_cloudy_description:${AMENT_PREFIX_PATH} CMAKE_PREFIX_PATH=/home/mert/cloudy_ws/src/install/robolaunch_cloudy_hardware:/home/mert/cloudy_ws/src/install/robolaunch_cloudy_description:/home/mert/cloudy_ws/install/robolaunch_cloudy_simulator:/home/mert/cloudy_ws/install/robolaunch_cloudy_navigation:/home/mert/cloudy_ws/install/robolaunch_cloudy_bringup:/home/mert/cloudy_ws/install/robolaunch_cloudy_hardware:/home/mert/cloudy_ws/install/robolaunch_cloudy_description:/home/mert/cloudy_ws/install/rf2o_laser_odometry:/opt/ros/humble LD_LIBRARY_PATH=/home/mert/cloudy_ws/src/install/robolaunch_cloudy_hardware/lib:${LD_LIBRARY_PATH} /usr/bin/cmake --build /home/mert/cloudy_ws/src/build/robolaunch_cloudy_bringup -- -j16 -l16
[0.441s] Invoked command in '/home/mert/cloudy_ws/src/build/robolaunch_cloudy_bringup' returned '0': AMENT_PREFIX_PATH=/home/mert/cloudy_ws/src/install/robolaunch_cloudy_hardware:/home/mert/cloudy_ws/src/install/robolaunch_cloudy_description:${AMENT_PREFIX_PATH} CMAKE_PREFIX_PATH=/home/mert/cloudy_ws/src/install/robolaunch_cloudy_hardware:/home/mert/cloudy_ws/src/install/robolaunch_cloudy_description:/home/mert/cloudy_ws/install/robolaunch_cloudy_simulator:/home/mert/cloudy_ws/install/robolaunch_cloudy_navigation:/home/mert/cloudy_ws/install/robolaunch_cloudy_bringup:/home/mert/cloudy_ws/install/robolaunch_cloudy_hardware:/home/mert/cloudy_ws/install/robolaunch_cloudy_description:/home/mert/cloudy_ws/install/rf2o_laser_odometry:/opt/ros/humble LD_LIBRARY_PATH=/home/mert/cloudy_ws/src/install/robolaunch_cloudy_hardware/lib:${LD_LIBRARY_PATH} /usr/bin/cmake --build /home/mert/cloudy_ws/src/build/robolaunch_cloudy_bringup -- -j16 -l16
[0.454s] Invoking command in '/home/mert/cloudy_ws/src/build/robolaunch_cloudy_bringup': AMENT_PREFIX_PATH=/home/mert/cloudy_ws/src/install/robolaunch_cloudy_hardware:/home/mert/cloudy_ws/src/install/robolaunch_cloudy_description:${AMENT_PREFIX_PATH} CMAKE_PREFIX_PATH=/home/mert/cloudy_ws/src/install/robolaunch_cloudy_hardware:/home/mert/cloudy_ws/src/install/robolaunch_cloudy_description:/home/mert/cloudy_ws/install/robolaunch_cloudy_simulator:/home/mert/cloudy_ws/install/robolaunch_cloudy_navigation:/home/mert/cloudy_ws/install/robolaunch_cloudy_bringup:/home/mert/cloudy_ws/install/robolaunch_cloudy_hardware:/home/mert/cloudy_ws/install/robolaunch_cloudy_description:/home/mert/cloudy_ws/install/rf2o_laser_odometry:/opt/ros/humble LD_LIBRARY_PATH=/home/mert/cloudy_ws/src/install/robolaunch_cloudy_hardware/lib:${LD_LIBRARY_PATH} /usr/bin/cmake --install /home/mert/cloudy_ws/src/build/robolaunch_cloudy_bringup
[0.458s] -- Install configuration: ""
[0.458s] -- Installing: /home/mert/cloudy_ws/src/install/robolaunch_cloudy_bringup/share/robolaunch_cloudy_bringup/config
[0.458s] -- Installing: /home/mert/cloudy_ws/src/install/robolaunch_cloudy_bringup/share/robolaunch_cloudy_bringup/config/diffbot_diff_drive_controller.yaml
[0.458s] -- Installing: /home/mert/cloudy_ws/src/install/robolaunch_cloudy_bringup/share/robolaunch_cloudy_bringup/launch
[0.458s] -- Installing: /home/mert/cloudy_ws/src/install/robolaunch_cloudy_bringup/share/robolaunch_cloudy_bringup/launch/diffbot_system.launch.py
[0.459s] -- Installing: /home/mert/cloudy_ws/src/install/robolaunch_cloudy_bringup/share/robolaunch_cloudy_bringup/launch/view_robot.launch.py
[0.459s] -- Installing: /home/mert/cloudy_ws/src/install/robolaunch_cloudy_bringup/share/ament_index/resource_index/package_run_dependencies/robolaunch_cloudy_bringup
[0.459s] -- Installing: /home/mert/cloudy_ws/src/install/robolaunch_cloudy_bringup/share/ament_index/resource_index/parent_prefix_path/robolaunch_cloudy_bringup
[0.459s] -- Installing: /home/mert/cloudy_ws/src/install/robolaunch_cloudy_bringup/share/robolaunch_cloudy_bringup/environment/ament_prefix_path.sh
[0.459s] -- Installing: /home/mert/cloudy_ws/src/install/robolaunch_cloudy_bringup/share/robolaunch_cloudy_bringup/environment/ament_prefix_path.dsv
[0.459s] -- Installing: /home/mert/cloudy_ws/src/install/robolaunch_cloudy_bringup/share/robolaunch_cloudy_bringup/environment/path.sh
[0.459s] -- Installing: /home/mert/cloudy_ws/src/install/robolaunch_cloudy_bringup/share/robolaunch_cloudy_bringup/environment/path.dsv
[0.459s] -- Installing: /home/mert/cloudy_ws/src/install/robolaunch_cloudy_bringup/share/robolaunch_cloudy_bringup/local_setup.bash
[0.459s] -- Installing: /home/mert/cloudy_ws/src/install/robolaunch_cloudy_bringup/share/robolaunch_cloudy_bringup/local_setup.sh
[0.459s] -- Installing: /home/mert/cloudy_ws/src/install/robolaunch_cloudy_bringup/share/robolaunch_cloudy_bringup/local_setup.zsh
[0.459s] -- Installing: /home/mert/cloudy_ws/src/install/robolaunch_cloudy_bringup/share/robolaunch_cloudy_bringup/local_setup.dsv
[0.459s] -- Installing: /home/mert/cloudy_ws/src/install/robolaunch_cloudy_bringup/share/robolaunch_cloudy_bringup/package.dsv
[0.459s] -- Installing: /home/mert/cloudy_ws/src/install/robolaunch_cloudy_bringup/share/ament_index/resource_index/packages/robolaunch_cloudy_bringup
[0.460s] -- Installing: /home/mert/cloudy_ws/src/install/robolaunch_cloudy_bringup/share/robolaunch_cloudy_bringup/cmake/robolaunch_cloudy_bringupConfig.cmake
[0.460s] -- Installing: /home/mert/cloudy_ws/src/install/robolaunch_cloudy_bringup/share/robolaunch_cloudy_bringup/cmake/robolaunch_cloudy_bringupConfig-version.cmake
[0.460s] -- Installing: /home/mert/cloudy_ws/src/install/robolaunch_cloudy_bringup/share/robolaunch_cloudy_bringup/package.xml
[0.461s] Invoked command in '/home/mert/cloudy_ws/src/build/robolaunch_cloudy_bringup' returned '0': AMENT_PREFIX_PATH=/home/mert/cloudy_ws/src/install/robolaunch_cloudy_hardware:/home/mert/cloudy_ws/src/install/robolaunch_cloudy_description:${AMENT_PREFIX_PATH} CMAKE_PREFIX_PATH=/home/mert/cloudy_ws/src/install/robolaunch_cloudy_hardware:/home/mert/cloudy_ws/src/install/robolaunch_cloudy_description:/home/mert/cloudy_ws/install/robolaunch_cloudy_simulator:/home/mert/cloudy_ws/install/robolaunch_cloudy_navigation:/home/mert/cloudy_ws/install/robolaunch_cloudy_bringup:/home/mert/cloudy_ws/install/robolaunch_cloudy_hardware:/home/mert/cloudy_ws/install/robolaunch_cloudy_description:/home/mert/cloudy_ws/install/rf2o_laser_odometry:/opt/ros/humble LD_LIBRARY_PATH=/home/mert/cloudy_ws/src/install/robolaunch_cloudy_hardware/lib:${LD_LIBRARY_PATH} /usr/bin/cmake --install /home/mert/cloudy_ws/src/build/robolaunch_cloudy_bringup
