[0.245s] Invoking command in '/home/mert/gokhan_cloudy/src/build/robolaunch_cloudy_simulator': CMAKE_PREFIX_PATH=${CMAKE_PREFIX_PATH}:/home/mert/gokhan_cloudy/install/mecanum_control:/opt/ros/humble /usr/bin/cmake /home/mert/gokhan_cloudy/src/robolaunch_cloudy_simulator -DCMAKE_INSTALL_PREFIX=/home/mert/gokhan_cloudy/src/install/robolaunch_cloudy_simulator
[0.278s] -- The C compiler identification is GNU 11.3.0
[0.317s] -- The CXX compiler identification is GNU 11.3.0
[0.322s] -- Detecting C compiler ABI info
[0.366s] -- Detecting C compiler ABI info - done
[0.373s] -- Check for working C compiler: /usr/bin/cc - skipped
[0.373s] -- Detecting C compile features
[0.374s] -- Detecting C compile features - done
[0.376s] -- Detecting CXX compiler ABI info
[0.428s] -- Detecting CXX compiler ABI info - done
[0.438s] -- Check for working CXX compiler: /usr/bin/c++ - skipped
[0.438s] -- Detecting CXX compile features
[0.438s] -- Detecting CXX compile features - done
[0.441s] -- Found ament_cmake: 1.3.3 (/opt/ros/humble/share/ament_cmake/cmake)
[0.582s] -- Found Python3: /usr/bin/python3.10 (found version "3.10.6") found components: Interpreter 
[0.668s] -- Found ament_lint_auto: 0.12.5 (/opt/ros/humble/share/ament_lint_auto/cmake)
[0.729s] -- Added test 'copyright' to check source files copyright and LICENSE
[0.730s] -- Added test 'flake8' to check Python code syntax and style conventions
[0.731s] -- Added test 'lint_cmake' to check CMake code style
[0.731s] -- Added test 'pep257' to check Python code against some of the docstring style conventions in PEP 257
[0.732s] -- Added test 'xmllint' to check XML markup files
[0.733s] -- Configuring done
[0.734s] -- Generating done
[0.735s] -- Build files have been written to: /home/mert/gokhan_cloudy/src/build/robolaunch_cloudy_simulator
[0.738s] Invoked command in '/home/mert/gokhan_cloudy/src/build/robolaunch_cloudy_simulator' returned '0': CMAKE_PREFIX_PATH=${CMAKE_PREFIX_PATH}:/home/mert/gokhan_cloudy/install/mecanum_control:/opt/ros/humble /usr/bin/cmake /home/mert/gokhan_cloudy/src/robolaunch_cloudy_simulator -DCMAKE_INSTALL_PREFIX=/home/mert/gokhan_cloudy/src/install/robolaunch_cloudy_simulator
[0.740s] Invoking command in '/home/mert/gokhan_cloudy/src/build/robolaunch_cloudy_simulator': CMAKE_PREFIX_PATH=${CMAKE_PREFIX_PATH}:/home/mert/gokhan_cloudy/install/mecanum_control:/opt/ros/humble /usr/bin/cmake --build /home/mert/gokhan_cloudy/src/build/robolaunch_cloudy_simulator -- -j16 -l16
[0.763s] Invoked command in '/home/mert/gokhan_cloudy/src/build/robolaunch_cloudy_simulator' returned '0': CMAKE_PREFIX_PATH=${CMAKE_PREFIX_PATH}:/home/mert/gokhan_cloudy/install/mecanum_control:/opt/ros/humble /usr/bin/cmake --build /home/mert/gokhan_cloudy/src/build/robolaunch_cloudy_simulator -- -j16 -l16
[0.773s] Invoking command in '/home/mert/gokhan_cloudy/src/build/robolaunch_cloudy_simulator': CMAKE_PREFIX_PATH=${CMAKE_PREFIX_PATH}:/home/mert/gokhan_cloudy/install/mecanum_control:/opt/ros/humble /usr/bin/cmake --install /home/mert/gokhan_cloudy/src/build/robolaunch_cloudy_simulator
[0.778s] -- Install configuration: ""
[0.778s] -- Installing: /home/mert/gokhan_cloudy/src/install/robolaunch_cloudy_simulator/share/robolaunch_cloudy_simulator/description
[0.778s] -- Installing: /home/mert/gokhan_cloudy/src/install/robolaunch_cloudy_simulator/share/robolaunch_cloudy_simulator/description/inertial_macros.xacro
[0.778s] -- Installing: /home/mert/gokhan_cloudy/src/install/robolaunch_cloudy_simulator/share/robolaunch_cloudy_simulator/launch
[0.778s] -- Installing: /home/mert/gokhan_cloudy/src/install/robolaunch_cloudy_simulator/share/robolaunch_cloudy_simulator/launch/gazebo.launch.py
[0.778s] -- Installing: /home/mert/gokhan_cloudy/src/install/robolaunch_cloudy_simulator/share/robolaunch_cloudy_simulator/worlds
[0.779s] -- Installing: /home/mert/gokhan_cloudy/src/install/robolaunch_cloudy_simulator/share/robolaunch_cloudy_simulator/worlds/playground.world
[0.779s] -- Installing: /home/mert/gokhan_cloudy/src/install/robolaunch_cloudy_simulator/share/robolaunch_cloudy_simulator/worlds/empty.world
[0.779s] -- Installing: /home/mert/gokhan_cloudy/src/install/robolaunch_cloudy_simulator/share/robolaunch_cloudy_simulator/worlds/industrial-warehouse.sdf
[0.779s] -- Installing: /home/mert/gokhan_cloudy/src/install/robolaunch_cloudy_simulator/share/ament_index/resource_index/package_run_dependencies/robolaunch_cloudy_simulator
[0.779s] -- Installing: /home/mert/gokhan_cloudy/src/install/robolaunch_cloudy_simulator/share/ament_index/resource_index/parent_prefix_path/robolaunch_cloudy_simulator
[0.779s] -- Installing: /home/mert/gokhan_cloudy/src/install/robolaunch_cloudy_simulator/share/robolaunch_cloudy_simulator/environment/ament_prefix_path.sh
[0.779s] -- Installing: /home/mert/gokhan_cloudy/src/install/robolaunch_cloudy_simulator/share/robolaunch_cloudy_simulator/environment/ament_prefix_path.dsv
[0.779s] -- Installing: /home/mert/gokhan_cloudy/src/install/robolaunch_cloudy_simulator/share/robolaunch_cloudy_simulator/environment/path.sh
[0.779s] -- Installing: /home/mert/gokhan_cloudy/src/install/robolaunch_cloudy_simulator/share/robolaunch_cloudy_simulator/environment/path.dsv
[0.779s] -- Installing: /home/mert/gokhan_cloudy/src/install/robolaunch_cloudy_simulator/share/robolaunch_cloudy_simulator/local_setup.bash
[0.779s] -- Installing: /home/mert/gokhan_cloudy/src/install/robolaunch_cloudy_simulator/share/robolaunch_cloudy_simulator/local_setup.sh
[0.779s] -- Installing: /home/mert/gokhan_cloudy/src/install/robolaunch_cloudy_simulator/share/robolaunch_cloudy_simulator/local_setup.zsh
[0.779s] -- Installing: /home/mert/gokhan_cloudy/src/install/robolaunch_cloudy_simulator/share/robolaunch_cloudy_simulator/local_setup.dsv
[0.779s] -- Installing: /home/mert/gokhan_cloudy/src/install/robolaunch_cloudy_simulator/share/robolaunch_cloudy_simulator/package.dsv
[0.779s] -- Installing: /home/mert/gokhan_cloudy/src/install/robolaunch_cloudy_simulator/share/ament_index/resource_index/packages/robolaunch_cloudy_simulator
[0.780s] -- Installing: /home/mert/gokhan_cloudy/src/install/robolaunch_cloudy_simulator/share/robolaunch_cloudy_simulator/cmake/robolaunch_cloudy_simulatorConfig.cmake
[0.780s] -- Installing: /home/mert/gokhan_cloudy/src/install/robolaunch_cloudy_simulator/share/robolaunch_cloudy_simulator/cmake/robolaunch_cloudy_simulatorConfig-version.cmake
[0.780s] -- Installing: /home/mert/gokhan_cloudy/src/install/robolaunch_cloudy_simulator/share/robolaunch_cloudy_simulator/package.xml
[0.781s] Invoked command in '/home/mert/gokhan_cloudy/src/build/robolaunch_cloudy_simulator' returned '0': CMAKE_PREFIX_PATH=${CMAKE_PREFIX_PATH}:/home/mert/gokhan_cloudy/install/mecanum_control:/opt/ros/humble /usr/bin/cmake --install /home/mert/gokhan_cloudy/src/build/robolaunch_cloudy_simulator
