[0.013s] Invoking command in '/home/mert/cloudy_ws/src/build/robolaunch_cloudy_simulator': CMAKE_PREFIX_PATH=${CMAKE_PREFIX_PATH}:/opt/ros/humble /usr/bin/cmake /home/mert/cloudy_ws/src/robolaunch_cloudy_simulator -DCMAKE_INSTALL_PREFIX=/home/mert/cloudy_ws/src/install/robolaunch_cloudy_simulator
[0.075s] -- The C compiler identification is GNU 11.3.0
[0.112s] -- The CXX compiler identification is GNU 11.3.0
[0.117s] -- Detecting C compiler ABI info
[0.158s] -- Detecting C compiler ABI info - done
[0.163s] -- Check for working C compiler: /usr/bin/cc - skipped
[0.164s] -- Detecting C compile features
[0.164s] -- Detecting C compile features - done
[0.166s] -- Detecting CXX compiler ABI info
[0.215s] -- Detecting CXX compiler ABI info - done
[0.221s] -- Check for working CXX compiler: /usr/bin/c++ - skipped
[0.221s] -- Detecting CXX compile features
[0.221s] -- Detecting CXX compile features - done
[0.223s] -- Found ament_cmake: 1.3.3 (/opt/ros/humble/share/ament_cmake/cmake)
[0.341s] -- Found Python3: /usr/bin/python3.10 (found version "3.10.6") found components: Interpreter 
[0.405s] -- Found ament_lint_auto: 0.12.4 (/opt/ros/humble/share/ament_lint_auto/cmake)
[0.474s] -- Added test 'copyright' to check source files copyright and LICENSE
[0.475s] -- Added test 'flake8' to check Python code syntax and style conventions
[0.476s] -- Added test 'lint_cmake' to check CMake code style
[0.476s] -- Added test 'pep257' to check Python code against some of the docstring style conventions in PEP 257
[0.477s] -- Added test 'xmllint' to check XML markup files
[0.478s] -- Configuring done
[0.480s] -- Generating done
[0.480s] -- Build files have been written to: /home/mert/cloudy_ws/src/build/robolaunch_cloudy_simulator
[0.485s] Invoked command in '/home/mert/cloudy_ws/src/build/robolaunch_cloudy_simulator' returned '0': CMAKE_PREFIX_PATH=${CMAKE_PREFIX_PATH}:/opt/ros/humble /usr/bin/cmake /home/mert/cloudy_ws/src/robolaunch_cloudy_simulator -DCMAKE_INSTALL_PREFIX=/home/mert/cloudy_ws/src/install/robolaunch_cloudy_simulator
[0.486s] Invoking command in '/home/mert/cloudy_ws/src/build/robolaunch_cloudy_simulator': CMAKE_PREFIX_PATH=${CMAKE_PREFIX_PATH}:/opt/ros/humble /usr/bin/cmake --build /home/mert/cloudy_ws/src/build/robolaunch_cloudy_simulator -- -j16 -l16
[0.509s] Invoked command in '/home/mert/cloudy_ws/src/build/robolaunch_cloudy_simulator' returned '0': CMAKE_PREFIX_PATH=${CMAKE_PREFIX_PATH}:/opt/ros/humble /usr/bin/cmake --build /home/mert/cloudy_ws/src/build/robolaunch_cloudy_simulator -- -j16 -l16
[0.532s] Invoking command in '/home/mert/cloudy_ws/src/build/robolaunch_cloudy_simulator': CMAKE_PREFIX_PATH=${CMAKE_PREFIX_PATH}:/opt/ros/humble /usr/bin/cmake --install /home/mert/cloudy_ws/src/build/robolaunch_cloudy_simulator
[0.535s] -- Install configuration: ""
[0.535s] -- Installing: /home/mert/cloudy_ws/src/install/robolaunch_cloudy_simulator/share/robolaunch_cloudy_simulator/description
[0.535s] -- Installing: /home/mert/cloudy_ws/src/install/robolaunch_cloudy_simulator/share/robolaunch_cloudy_simulator/description/inertial_macros.xacro
[0.535s] -- Installing: /home/mert/cloudy_ws/src/install/robolaunch_cloudy_simulator/share/robolaunch_cloudy_simulator/launch
[0.536s] -- Installing: /home/mert/cloudy_ws/src/install/robolaunch_cloudy_simulator/share/robolaunch_cloudy_simulator/launch/gazebo.launch.py
[0.536s] -- Installing: /home/mert/cloudy_ws/src/install/robolaunch_cloudy_simulator/share/robolaunch_cloudy_simulator/worlds
[0.536s] -- Installing: /home/mert/cloudy_ws/src/install/robolaunch_cloudy_simulator/share/robolaunch_cloudy_simulator/worlds/playground.world
[0.536s] -- Installing: /home/mert/cloudy_ws/src/install/robolaunch_cloudy_simulator/share/robolaunch_cloudy_simulator/worlds/empty.world
[0.536s] -- Installing: /home/mert/cloudy_ws/src/install/robolaunch_cloudy_simulator/share/ament_index/resource_index/package_run_dependencies/robolaunch_cloudy_simulator
[0.536s] -- Installing: /home/mert/cloudy_ws/src/install/robolaunch_cloudy_simulator/share/ament_index/resource_index/parent_prefix_path/robolaunch_cloudy_simulator
[0.536s] -- Installing: /home/mert/cloudy_ws/src/install/robolaunch_cloudy_simulator/share/robolaunch_cloudy_simulator/environment/ament_prefix_path.sh
[0.536s] -- Installing: /home/mert/cloudy_ws/src/install/robolaunch_cloudy_simulator/share/robolaunch_cloudy_simulator/environment/ament_prefix_path.dsv
[0.536s] -- Installing: /home/mert/cloudy_ws/src/install/robolaunch_cloudy_simulator/share/robolaunch_cloudy_simulator/environment/path.sh
[0.536s] -- Installing: /home/mert/cloudy_ws/src/install/robolaunch_cloudy_simulator/share/robolaunch_cloudy_simulator/environment/path.dsv
[0.536s] -- Installing: /home/mert/cloudy_ws/src/install/robolaunch_cloudy_simulator/share/robolaunch_cloudy_simulator/local_setup.bash
[0.536s] -- Installing: /home/mert/cloudy_ws/src/install/robolaunch_cloudy_simulator/share/robolaunch_cloudy_simulator/local_setup.sh
[0.537s] -- Installing: /home/mert/cloudy_ws/src/install/robolaunch_cloudy_simulator/share/robolaunch_cloudy_simulator/local_setup.zsh
[0.537s] -- Installing: /home/mert/cloudy_ws/src/install/robolaunch_cloudy_simulator/share/robolaunch_cloudy_simulator/local_setup.dsv
[0.537s] -- Installing: /home/mert/cloudy_ws/src/install/robolaunch_cloudy_simulator/share/robolaunch_cloudy_simulator/package.dsv
[0.537s] -- Installing: /home/mert/cloudy_ws/src/install/robolaunch_cloudy_simulator/share/ament_index/resource_index/packages/robolaunch_cloudy_simulator
[0.537s] -- Installing: /home/mert/cloudy_ws/src/install/robolaunch_cloudy_simulator/share/robolaunch_cloudy_simulator/cmake/robolaunch_cloudy_simulatorConfig.cmake
[0.537s] -- Installing: /home/mert/cloudy_ws/src/install/robolaunch_cloudy_simulator/share/robolaunch_cloudy_simulator/cmake/robolaunch_cloudy_simulatorConfig-version.cmake
[0.537s] -- Installing: /home/mert/cloudy_ws/src/install/robolaunch_cloudy_simulator/share/robolaunch_cloudy_simulator/package.xml
[0.538s] Invoked command in '/home/mert/cloudy_ws/src/build/robolaunch_cloudy_simulator' returned '0': CMAKE_PREFIX_PATH=${CMAKE_PREFIX_PATH}:/opt/ros/humble /usr/bin/cmake --install /home/mert/cloudy_ws/src/build/robolaunch_cloudy_simulator
