[ 14%] Built target sllidar_client
[100%] Built target sllidar_node
-- Install configuration: ""
-- Up-to-date: /home/mert/gokhan_cloudy/src/install/sllidar_ros2/share/sllidar_ros2/launch
-- Up-to-date: /home/mert/gokhan_cloudy/src/install/sllidar_ros2/share/sllidar_ros2/launch/view_sllidar_t1_launch.py
-- Up-to-date: /home/mert/gokhan_cloudy/src/install/sllidar_ros2/share/sllidar_ros2/launch/view_sllidar_launch.py
-- Up-to-date: /home/mert/gokhan_cloudy/src/install/sllidar_ros2/share/sllidar_ros2/launch/sllidar_s1_tcp_launch.py
-- Up-to-date: /home/mert/gokhan_cloudy/src/install/sllidar_ros2/share/sllidar_ros2/launch/view_sllidar_s1_tcp_launch.py
-- Up-to-date: /home/mert/gokhan_cloudy/src/install/sllidar_ros2/share/sllidar_ros2/launch/sllidar_t1_launch.py
-- Up-to-date: /home/mert/gokhan_cloudy/src/install/sllidar_ros2/share/sllidar_ros2/launch/sllidar_launch.py
-- Up-to-date: /home/mert/gokhan_cloudy/src/install/sllidar_ros2/share/sllidar_ros2/launch/view_sllidar_a3_launch.py
-- Up-to-date: /home/mert/gokhan_cloudy/src/install/sllidar_ros2/share/sllidar_ros2/launch/view_sllidar_s2_launch.py
-- Up-to-date: /home/mert/gokhan_cloudy/src/install/sllidar_ros2/share/sllidar_ros2/launch/sllidar_s1_launch.py
-- Up-to-date: /home/mert/gokhan_cloudy/src/install/sllidar_ros2/share/sllidar_ros2/launch/sllidar_a3_launch.py
-- Up-to-date: /home/mert/gokhan_cloudy/src/install/sllidar_ros2/share/sllidar_ros2/launch/sllidar_s2e_launch.py
-- Up-to-date: /home/mert/gokhan_cloudy/src/install/sllidar_ros2/share/sllidar_ros2/launch/sllidar_s2_launch.py
-- Up-to-date: /home/mert/gokhan_cloudy/src/install/sllidar_ros2/share/sllidar_ros2/launch/view_sllidar_s2e_launch.py
-- Up-to-date: /home/mert/gokhan_cloudy/src/install/sllidar_ros2/share/sllidar_ros2/launch/view_sllidar_s1_launch.py
-- Up-to-date: /home/mert/gokhan_cloudy/src/install/sllidar_ros2/share/sllidar_ros2/rviz
-- Up-to-date: /home/mert/gokhan_cloudy/src/install/sllidar_ros2/share/sllidar_ros2/rviz/sllidar_ros2.rviz
-- Up-to-date: /home/mert/gokhan_cloudy/src/install/sllidar_ros2/lib/sllidar_ros2/sllidar_node
-- Up-to-date: /home/mert/gokhan_cloudy/src/install/sllidar_ros2/lib/sllidar_ros2/sllidar_client
-- Up-to-date: /home/mert/gokhan_cloudy/src/install/sllidar_ros2/share/ament_index/resource_index/package_run_dependencies/sllidar_ros2
-- Up-to-date: /home/mert/gokhan_cloudy/src/install/sllidar_ros2/share/ament_index/resource_index/parent_prefix_path/sllidar_ros2
-- Up-to-date: /home/mert/gokhan_cloudy/src/install/sllidar_ros2/share/sllidar_ros2/environment/ament_prefix_path.sh
-- Up-to-date: /home/mert/gokhan_cloudy/src/install/sllidar_ros2/share/sllidar_ros2/environment/ament_prefix_path.dsv
-- Up-to-date: /home/mert/gokhan_cloudy/src/install/sllidar_ros2/share/sllidar_ros2/environment/path.sh
-- Up-to-date: /home/mert/gokhan_cloudy/src/install/sllidar_ros2/share/sllidar_ros2/environment/path.dsv
-- Up-to-date: /home/mert/gokhan_cloudy/src/install/sllidar_ros2/share/sllidar_ros2/local_setup.bash
-- Up-to-date: /home/mert/gokhan_cloudy/src/install/sllidar_ros2/share/sllidar_ros2/local_setup.sh
-- Up-to-date: /home/mert/gokhan_cloudy/src/install/sllidar_ros2/share/sllidar_ros2/local_setup.zsh
-- Up-to-date: /home/mert/gokhan_cloudy/src/install/sllidar_ros2/share/sllidar_ros2/local_setup.dsv
-- Installing: /home/mert/gokhan_cloudy/src/install/sllidar_ros2/share/sllidar_ros2/package.dsv
-- Up-to-date: /home/mert/gokhan_cloudy/src/install/sllidar_ros2/share/ament_index/resource_index/packages/sllidar_ros2
-- Up-to-date: /home/mert/gokhan_cloudy/src/install/sllidar_ros2/share/sllidar_ros2/cmake/ament_cmake_export_dependencies-extras.cmake
-- Up-to-date: /home/mert/gokhan_cloudy/src/install/sllidar_ros2/share/sllidar_ros2/cmake/ament_cmake_export_include_directories-extras.cmake
-- Up-to-date: /home/mert/gokhan_cloudy/src/install/sllidar_ros2/share/sllidar_ros2/cmake/sllidar_ros2Config.cmake
-- Up-to-date: /home/mert/gokhan_cloudy/src/install/sllidar_ros2/share/sllidar_ros2/cmake/sllidar_ros2Config-version.cmake
-- Up-to-date: /home/mert/gokhan_cloudy/src/install/sllidar_ros2/share/sllidar_ros2/package.xml
