[100%] Built target rf2o_laser_odometry
[100%] Built target rf2o_laser_odometry_node
-- Install configuration: ""
-- Up-to-date: /home/mert/gokhan_cloudy/src/install/rf2o_laser_odometry/lib/rf2o_laser_odometry/rf2o_laser_odometry_node
-- Up-to-date: /home/mert/gokhan_cloudy/src/install/rf2o_laser_odometry/share/rf2o_laser_odometry/launch
-- Up-to-date: /home/mert/gokhan_cloudy/src/install/rf2o_laser_odometry/share/rf2o_laser_odometry/launch/rf2o_laser_odometry.launch.py
-- Up-to-date: /home/mert/gokhan_cloudy/src/install/rf2o_laser_odometry/share/ament_index/resource_index/package_run_dependencies/rf2o_laser_odometry
-- Up-to-date: /home/mert/gokhan_cloudy/src/install/rf2o_laser_odometry/share/ament_index/resource_index/parent_prefix_path/rf2o_laser_odometry
-- Up-to-date: /home/mert/gokhan_cloudy/src/install/rf2o_laser_odometry/share/rf2o_laser_odometry/environment/ament_prefix_path.sh
-- Up-to-date: /home/mert/gokhan_cloudy/src/install/rf2o_laser_odometry/share/rf2o_laser_odometry/environment/ament_prefix_path.dsv
-- Up-to-date: /home/mert/gokhan_cloudy/src/install/rf2o_laser_odometry/share/rf2o_laser_odometry/environment/path.sh
-- Up-to-date: /home/mert/gokhan_cloudy/src/install/rf2o_laser_odometry/share/rf2o_laser_odometry/environment/path.dsv
-- Up-to-date: /home/mert/gokhan_cloudy/src/install/rf2o_laser_odometry/share/rf2o_laser_odometry/local_setup.bash
-- Up-to-date: /home/mert/gokhan_cloudy/src/install/rf2o_laser_odometry/share/rf2o_laser_odometry/local_setup.sh
-- Up-to-date: /home/mert/gokhan_cloudy/src/install/rf2o_laser_odometry/share/rf2o_laser_odometry/local_setup.zsh
-- Up-to-date: /home/mert/gokhan_cloudy/src/install/rf2o_laser_odometry/share/rf2o_laser_odometry/local_setup.dsv
-- Installing: /home/mert/gokhan_cloudy/src/install/rf2o_laser_odometry/share/rf2o_laser_odometry/package.dsv
-- Up-to-date: /home/mert/gokhan_cloudy/src/install/rf2o_laser_odometry/share/ament_index/resource_index/packages/rf2o_laser_odometry
-- Up-to-date: /home/mert/gokhan_cloudy/src/install/rf2o_laser_odometry/share/rf2o_laser_odometry/cmake/rf2o_laser_odometryConfig.cmake
-- Up-to-date: /home/mert/gokhan_cloudy/src/install/rf2o_laser_odometry/share/rf2o_laser_odometry/cmake/rf2o_laser_odometryConfig-version.cmake
-- Up-to-date: /home/mert/gokhan_cloudy/src/install/rf2o_laser_odometry/share/rf2o_laser_odometry/package.xml
