[0.043s] Invoking command in '/home/mert/gokhan_cloudy/src/build/rf2o_laser_odometry': CMAKE_PREFIX_PATH=${CMAKE_PREFIX_PATH}:/home/mert/gokhan_cloudy/src/install/mecanum_control:/home/mert/gokhan_cloudy/install/mecanum_control:/opt/ros/humble /usr/bin/cmake --build /home/mert/gokhan_cloudy/src/build/rf2o_laser_odometry -- -j16 -l16
[0.270s] [100%] Built target rf2o_laser_odometry
[0.270s] [100%] Built target rf2o_laser_odometry_node
[0.273s] Invoked command in '/home/mert/gokhan_cloudy/src/build/rf2o_laser_odometry' returned '0': CMAKE_PREFIX_PATH=${CMAKE_PREFIX_PATH}:/home/mert/gokhan_cloudy/src/install/mecanum_control:/home/mert/gokhan_cloudy/install/mecanum_control:/opt/ros/humble /usr/bin/cmake --build /home/mert/gokhan_cloudy/src/build/rf2o_laser_odometry -- -j16 -l16
[0.309s] Invoking command in '/home/mert/gokhan_cloudy/src/build/rf2o_laser_odometry': CMAKE_PREFIX_PATH=${CMAKE_PREFIX_PATH}:/home/mert/gokhan_cloudy/src/install/mecanum_control:/home/mert/gokhan_cloudy/install/mecanum_control:/opt/ros/humble /usr/bin/cmake --install /home/mert/gokhan_cloudy/src/build/rf2o_laser_odometry
[0.320s] -- Install configuration: ""
[0.328s] -- Up-to-date: /home/mert/gokhan_cloudy/src/install/rf2o_laser_odometry/lib/rf2o_laser_odometry/rf2o_laser_odometry_node
[0.328s] -- Up-to-date: /home/mert/gokhan_cloudy/src/install/rf2o_laser_odometry/share/rf2o_laser_odometry/launch
[0.328s] -- Up-to-date: /home/mert/gokhan_cloudy/src/install/rf2o_laser_odometry/share/rf2o_laser_odometry/launch/rf2o_laser_odometry.launch.py
[0.328s] -- Up-to-date: /home/mert/gokhan_cloudy/src/install/rf2o_laser_odometry/share/ament_index/resource_index/package_run_dependencies/rf2o_laser_odometry
[0.328s] -- Up-to-date: /home/mert/gokhan_cloudy/src/install/rf2o_laser_odometry/share/ament_index/resource_index/parent_prefix_path/rf2o_laser_odometry
[0.328s] -- Up-to-date: /home/mert/gokhan_cloudy/src/install/rf2o_laser_odometry/share/rf2o_laser_odometry/environment/ament_prefix_path.sh
[0.328s] -- Up-to-date: /home/mert/gokhan_cloudy/src/install/rf2o_laser_odometry/share/rf2o_laser_odometry/environment/ament_prefix_path.dsv
[0.328s] -- Up-to-date: /home/mert/gokhan_cloudy/src/install/rf2o_laser_odometry/share/rf2o_laser_odometry/environment/path.sh
[0.328s] -- Up-to-date: /home/mert/gokhan_cloudy/src/install/rf2o_laser_odometry/share/rf2o_laser_odometry/environment/path.dsv
[0.329s] -- Up-to-date: /home/mert/gokhan_cloudy/src/install/rf2o_laser_odometry/share/rf2o_laser_odometry/local_setup.bash
[0.329s] -- Up-to-date: /home/mert/gokhan_cloudy/src/install/rf2o_laser_odometry/share/rf2o_laser_odometry/local_setup.sh
[0.329s] -- Up-to-date: /home/mert/gokhan_cloudy/src/install/rf2o_laser_odometry/share/rf2o_laser_odometry/local_setup.zsh
[0.329s] -- Up-to-date: /home/mert/gokhan_cloudy/src/install/rf2o_laser_odometry/share/rf2o_laser_odometry/local_setup.dsv
[0.329s] -- Installing: /home/mert/gokhan_cloudy/src/install/rf2o_laser_odometry/share/rf2o_laser_odometry/package.dsv
[0.329s] -- Up-to-date: /home/mert/gokhan_cloudy/src/install/rf2o_laser_odometry/share/ament_index/resource_index/packages/rf2o_laser_odometry
[0.329s] -- Up-to-date: /home/mert/gokhan_cloudy/src/install/rf2o_laser_odometry/share/rf2o_laser_odometry/cmake/rf2o_laser_odometryConfig.cmake
[0.329s] -- Up-to-date: /home/mert/gokhan_cloudy/src/install/rf2o_laser_odometry/share/rf2o_laser_odometry/cmake/rf2o_laser_odometryConfig-version.cmake
[0.329s] -- Up-to-date: /home/mert/gokhan_cloudy/src/install/rf2o_laser_odometry/share/rf2o_laser_odometry/package.xml
[0.353s] Invoked command in '/home/mert/gokhan_cloudy/src/build/rf2o_laser_odometry' returned '0': CMAKE_PREFIX_PATH=${CMAKE_PREFIX_PATH}:/home/mert/gokhan_cloudy/src/install/mecanum_control:/home/mert/gokhan_cloudy/install/mecanum_control:/opt/ros/humble /usr/bin/cmake --install /home/mert/gokhan_cloudy/src/build/rf2o_laser_odometry
