[0.623s] Invoking command in '/home/mert/gokhan_cloudy/src/mecanum_control': PYTHONPATH=/home/mert/gokhan_cloudy/src/build/mecanum_control/prefix_override:/home/mert/gokhan_cloudy/src/install/mecanum_control/lib/python3.10/site-packages:${PYTHONPATH} /usr/bin/python3 setup.py egg_info --egg-base ../build/mecanum_control build --build-base /home/mert/gokhan_cloudy/src/build/mecanum_control/build install --record /home/mert/gokhan_cloudy/src/build/mecanum_control/install.log --install-scripts $base/lib/mecanum_control --single-version-externally-managed
[0.819s] /usr/lib/python3/dist-packages/setuptools/dist.py:723: UserWarning: Usage of dash-separated 'script-dir' will not be supported in future versions. Please use the underscore name 'script_dir' instead
[0.819s]   warnings.warn(
[0.827s] running egg_info
[0.827s] writing ../build/mecanum_control/mecanum_control.egg-info/PKG-INFO
[0.827s] writing dependency_links to ../build/mecanum_control/mecanum_control.egg-info/dependency_links.txt
[0.827s] writing entry points to ../build/mecanum_control/mecanum_control.egg-info/entry_points.txt
[0.827s] writing requirements to ../build/mecanum_control/mecanum_control.egg-info/requires.txt
[0.827s] writing top-level names to ../build/mecanum_control/mecanum_control.egg-info/top_level.txt
[0.829s] reading manifest file '../build/mecanum_control/mecanum_control.egg-info/SOURCES.txt'
[0.830s] writing manifest file '../build/mecanum_control/mecanum_control.egg-info/SOURCES.txt'
[0.830s] running build
[0.830s] running build_py
[0.830s] /usr/lib/python3/dist-packages/setuptools/command/install.py:34: SetuptoolsDeprecationWarning: setup.py install is deprecated. Use build and pip and other standards-based tools.
[0.830s]   warnings.warn(
[0.830s] running install
[0.830s] running install_lib
[0.833s] running install_data
[0.834s] running install_egg_info
[0.834s] removing '/home/mert/gokhan_cloudy/src/install/mecanum_control/lib/python3.10/site-packages/mecanum_control-0.0.0-py3.10.egg-info' (and everything under it)
[0.834s] Copying ../build/mecanum_control/mecanum_control.egg-info to /home/mert/gokhan_cloudy/src/install/mecanum_control/lib/python3.10/site-packages/mecanum_control-0.0.0-py3.10.egg-info
[0.834s] running install_scripts
[0.849s] Installing mecanum_control script to /home/mert/gokhan_cloudy/src/install/mecanum_control/lib/mecanum_control
[0.849s] Installing serial_com script to /home/mert/gokhan_cloudy/src/install/mecanum_control/lib/mecanum_control
[0.849s] writing list of installed files to '/home/mert/gokhan_cloudy/src/build/mecanum_control/install.log'
[0.874s] Invoked command in '/home/mert/gokhan_cloudy/src/mecanum_control' returned '0': PYTHONPATH=/home/mert/gokhan_cloudy/src/build/mecanum_control/prefix_override:/home/mert/gokhan_cloudy/src/install/mecanum_control/lib/python3.10/site-packages:${PYTHONPATH} /usr/bin/python3 setup.py egg_info --egg-base ../build/mecanum_control build --build-base /home/mert/gokhan_cloudy/src/build/mecanum_control/build install --record /home/mert/gokhan_cloudy/src/build/mecanum_control/install.log --install-scripts $base/lib/mecanum_control --single-version-externally-managed
