/home/mert/gokhan_cloudy/src/install/mecanum_control/lib/python3.10/site-packages/mecanum_control/mecanum_control.py
/home/mert/gokhan_cloudy/src/install/mecanum_control/lib/python3.10/site-packages/mecanum_control/serial_com.py
/home/mert/gokhan_cloudy/src/install/mecanum_control/lib/python3.10/site-packages/mecanum_control/__init__.py
/home/mert/gokhan_cloudy/src/install/mecanum_control/lib/python3.10/site-packages/mecanum_control/MecanumControllib/__init__.py
/home/mert/gokhan_cloudy/src/install/mecanum_control/lib/python3.10/site-packages/mecanum_control/MecanumControllib/MecanumControllib.py
/home/mert/gokhan_cloudy/src/install/mecanum_control/lib/python3.10/site-packages/mecanum_control/__pycache__/mecanum_control.cpython-310.pyc
/home/mert/gokhan_cloudy/src/install/mecanum_control/lib/python3.10/site-packages/mecanum_control/__pycache__/serial_com.cpython-310.pyc
/home/mert/gokhan_cloudy/src/install/mecanum_control/lib/python3.10/site-packages/mecanum_control/__pycache__/__init__.cpython-310.pyc
/home/mert/gokhan_cloudy/src/install/mecanum_control/lib/python3.10/site-packages/mecanum_control/MecanumControllib/__pycache__/__init__.cpython-310.pyc
/home/mert/gokhan_cloudy/src/install/mecanum_control/lib/python3.10/site-packages/mecanum_control/MecanumControllib/__pycache__/MecanumControllib.cpython-310.pyc
/home/mert/gokhan_cloudy/src/install/mecanum_control/share/ament_index/resource_index/packages/mecanum_control
/home/mert/gokhan_cloudy/src/install/mecanum_control/share/mecanum_control/package.xml
/home/mert/gokhan_cloudy/src/install/mecanum_control/lib/python3.10/site-packages/mecanum_control-0.0.0-py3.10.egg-info/dependency_links.txt
/home/mert/gokhan_cloudy/src/install/mecanum_control/lib/python3.10/site-packages/mecanum_control-0.0.0-py3.10.egg-info/entry_points.txt
/home/mert/gokhan_cloudy/src/install/mecanum_control/lib/python3.10/site-packages/mecanum_control-0.0.0-py3.10.egg-info/top_level.txt
/home/mert/gokhan_cloudy/src/install/mecanum_control/lib/python3.10/site-packages/mecanum_control-0.0.0-py3.10.egg-info/requires.txt
/home/mert/gokhan_cloudy/src/install/mecanum_control/lib/python3.10/site-packages/mecanum_control-0.0.0-py3.10.egg-info/PKG-INFO
/home/mert/gokhan_cloudy/src/install/mecanum_control/lib/python3.10/site-packages/mecanum_control-0.0.0-py3.10.egg-info/zip-safe
/home/mert/gokhan_cloudy/src/install/mecanum_control/lib/python3.10/site-packages/mecanum_control-0.0.0-py3.10.egg-info/SOURCES.txt
/home/mert/gokhan_cloudy/src/install/mecanum_control/lib/mecanum_control/mecanum_control
/home/mert/gokhan_cloudy/src/install/mecanum_control/lib/mecanum_control/serial_com
