[0.248s] Invoking command in '/home/mert/gokhan_cloudy/src/build/sllidar_ros2': CMAKE_PREFIX_PATH=${CMAKE_PREFIX_PATH}:/home/mert/gokhan_cloudy/src/install/mecanum_control:/home/mert/gokhan_cloudy/install/mecanum_control:/opt/ros/humble /usr/bin/cmake --build /home/mert/gokhan_cloudy/src/build/sllidar_ros2 -- -j16 -l16
[0.291s] [ 14%] Built target sllidar_client
[0.291s] [100%] Built target sllidar_node
[0.316s] Invoked command in '/home/mert/gokhan_cloudy/src/build/sllidar_ros2' returned '0': CMAKE_PREFIX_PATH=${CMAKE_PREFIX_PATH}:/home/mert/gokhan_cloudy/src/install/mecanum_control:/home/mert/gokhan_cloudy/install/mecanum_control:/opt/ros/humble /usr/bin/cmake --build /home/mert/gokhan_cloudy/src/build/sllidar_ros2 -- -j16 -l16
[0.378s] Invoking command in '/home/mert/gokhan_cloudy/src/build/sllidar_ros2': CMAKE_PREFIX_PATH=${CMAKE_PREFIX_PATH}:/home/mert/gokhan_cloudy/src/install/mecanum_control:/home/mert/gokhan_cloudy/install/mecanum_control:/opt/ros/humble /usr/bin/cmake --install /home/mert/gokhan_cloudy/src/build/sllidar_ros2
[0.389s] -- Install configuration: ""
[0.389s] -- Up-to-date: /home/mert/gokhan_cloudy/src/install/sllidar_ros2/share/sllidar_ros2/launch
[0.390s] -- Up-to-date: /home/mert/gokhan_cloudy/src/install/sllidar_ros2/share/sllidar_ros2/launch/view_sllidar_t1_launch.py
[0.390s] -- Up-to-date: /home/mert/gokhan_cloudy/src/install/sllidar_ros2/share/sllidar_ros2/launch/view_sllidar_launch.py
[0.390s] -- Up-to-date: /home/mert/gokhan_cloudy/src/install/sllidar_ros2/share/sllidar_ros2/launch/sllidar_s1_tcp_launch.py
[0.390s] -- Up-to-date: /home/mert/gokhan_cloudy/src/install/sllidar_ros2/share/sllidar_ros2/launch/view_sllidar_s1_tcp_launch.py
[0.390s] -- Up-to-date: /home/mert/gokhan_cloudy/src/install/sllidar_ros2/share/sllidar_ros2/launch/sllidar_t1_launch.py
[0.390s] -- Up-to-date: /home/mert/gokhan_cloudy/src/install/sllidar_ros2/share/sllidar_ros2/launch/sllidar_launch.py
[0.390s] -- Up-to-date: /home/mert/gokhan_cloudy/src/install/sllidar_ros2/share/sllidar_ros2/launch/view_sllidar_a3_launch.py
[0.390s] -- Up-to-date: /home/mert/gokhan_cloudy/src/install/sllidar_ros2/share/sllidar_ros2/launch/view_sllidar_s2_launch.py
[0.390s] -- Up-to-date: /home/mert/gokhan_cloudy/src/install/sllidar_ros2/share/sllidar_ros2/launch/sllidar_s1_launch.py
[0.390s] -- Up-to-date: /home/mert/gokhan_cloudy/src/install/sllidar_ros2/share/sllidar_ros2/launch/sllidar_a3_launch.py
[0.390s] -- Up-to-date: /home/mert/gokhan_cloudy/src/install/sllidar_ros2/share/sllidar_ros2/launch/sllidar_s2e_launch.py
[0.390s] -- Up-to-date: /home/mert/gokhan_cloudy/src/install/sllidar_ros2/share/sllidar_ros2/launch/sllidar_s2_launch.py
[0.390s] -- Up-to-date: /home/mert/gokhan_cloudy/src/install/sllidar_ros2/share/sllidar_ros2/launch/view_sllidar_s2e_launch.py
[0.390s] -- Up-to-date: /home/mert/gokhan_cloudy/src/install/sllidar_ros2/share/sllidar_ros2/launch/view_sllidar_s1_launch.py
[0.390s] -- Up-to-date: /home/mert/gokhan_cloudy/src/install/sllidar_ros2/share/sllidar_ros2/rviz
[0.390s] -- Up-to-date: /home/mert/gokhan_cloudy/src/install/sllidar_ros2/share/sllidar_ros2/rviz/sllidar_ros2.rviz
[0.391s] -- Up-to-date: /home/mert/gokhan_cloudy/src/install/sllidar_ros2/lib/sllidar_ros2/sllidar_node
[0.391s] -- Up-to-date: /home/mert/gokhan_cloudy/src/install/sllidar_ros2/lib/sllidar_ros2/sllidar_client
[0.391s] -- Up-to-date: /home/mert/gokhan_cloudy/src/install/sllidar_ros2/share/ament_index/resource_index/package_run_dependencies/sllidar_ros2
[0.391s] -- Up-to-date: /home/mert/gokhan_cloudy/src/install/sllidar_ros2/share/ament_index/resource_index/parent_prefix_path/sllidar_ros2
[0.391s] -- Up-to-date: /home/mert/gokhan_cloudy/src/install/sllidar_ros2/share/sllidar_ros2/environment/ament_prefix_path.sh
[0.391s] -- Up-to-date: /home/mert/gokhan_cloudy/src/install/sllidar_ros2/share/sllidar_ros2/environment/ament_prefix_path.dsv
[0.391s] -- Up-to-date: /home/mert/gokhan_cloudy/src/install/sllidar_ros2/share/sllidar_ros2/environment/path.sh
[0.391s] -- Up-to-date: /home/mert/gokhan_cloudy/src/install/sllidar_ros2/share/sllidar_ros2/environment/path.dsv
[0.391s] -- Up-to-date: /home/mert/gokhan_cloudy/src/install/sllidar_ros2/share/sllidar_ros2/local_setup.bash
[0.391s] -- Up-to-date: /home/mert/gokhan_cloudy/src/install/sllidar_ros2/share/sllidar_ros2/local_setup.sh
[0.391s] -- Up-to-date: /home/mert/gokhan_cloudy/src/install/sllidar_ros2/share/sllidar_ros2/local_setup.zsh
[0.391s] -- Up-to-date: /home/mert/gokhan_cloudy/src/install/sllidar_ros2/share/sllidar_ros2/local_setup.dsv
[0.391s] -- Installing: /home/mert/gokhan_cloudy/src/install/sllidar_ros2/share/sllidar_ros2/package.dsv
[0.391s] -- Up-to-date: /home/mert/gokhan_cloudy/src/install/sllidar_ros2/share/ament_index/resource_index/packages/sllidar_ros2
[0.391s] -- Up-to-date: /home/mert/gokhan_cloudy/src/install/sllidar_ros2/share/sllidar_ros2/cmake/ament_cmake_export_dependencies-extras.cmake
[0.391s] -- Up-to-date: /home/mert/gokhan_cloudy/src/install/sllidar_ros2/share/sllidar_ros2/cmake/ament_cmake_export_include_directories-extras.cmake
[0.392s] -- Up-to-date: /home/mert/gokhan_cloudy/src/install/sllidar_ros2/share/sllidar_ros2/cmake/sllidar_ros2Config.cmake
[0.392s] -- Up-to-date: /home/mert/gokhan_cloudy/src/install/sllidar_ros2/share/sllidar_ros2/cmake/sllidar_ros2Config-version.cmake
[0.392s] -- Up-to-date: /home/mert/gokhan_cloudy/src/install/sllidar_ros2/share/sllidar_ros2/package.xml
[0.398s] Invoked command in '/home/mert/gokhan_cloudy/src/build/sllidar_ros2' returned '0': CMAKE_PREFIX_PATH=${CMAKE_PREFIX_PATH}:/home/mert/gokhan_cloudy/src/install/mecanum_control:/home/mert/gokhan_cloudy/install/mecanum_control:/opt/ros/humble /usr/bin/cmake --install /home/mert/gokhan_cloudy/src/build/sllidar_ros2
